[{"Plan": {"Node Type": "Aggregate", "Strategy": "Plain", "Partial Mode": "Simple", "Parallel Aware": false, "Startup Cost": 854199.44, "Total Cost": 854199.45, "Plan Rows": 1, "Plan Width": 64, "Actual Startup Time": 14499.462, "Actual Total Time": 14499.48, "Actual Rows": 1, "Actual Loops": 1, "Output": ["min(chn.name)", "min(t.title)"], "Plans": [{"Node Type": "Nested Loop", "Parent Relationship": "Outer", "Parallel Aware": false, "Join Type": "Inner", "Startup Cost": 57874.68, "Total Cost": 854199.41, "Plan Rows": 5, "Plan Width": 33, "Actual Startup Time": 10350.549, "Actual Total Time": 14499.237, "Actual Rows": 104, "Actual Loops": 1, "Output": ["chn.name", "t.title"], "Inner Unique": true, "Plans": [{"Node Type": "Nested Loop", "Parent Relationship": "Outer", "Parallel Aware": false, "Join Type": "Inner", "Startup Cost": 57874.55, "Total Cost": 854198.68, "Plan Rows": 5, "Plan Width": 37, "Actual Startup Time": 10350.537, "Actual Total Time": 14498.71, "Actual Rows": 104, "Actual Loops": 1, "Output": ["chn.name", "mc.company_type_id", "t.title"], "Inner Unique": true, "Plans": [{"Node Type": "Nested Loop", "Parent Relationship": "Outer", "Parallel Aware": false, "Join Type": "Inner", "Startup Cost": 57874.12, "Total Cost": 854142.41, "Plan Rows": 11, "Plan Width": 25, "Actual Startup Time": 10350.501, "Actual Total Time": 14496.897, "Actual Rows": 112, "Actual Loops": 1, "Output": ["ci.person_role_id", "mc.company_type_id", "t.title"], "Inner Unique": true, "Plans": [{"Node Type": "Hash Join", "Parent Relationship": "Outer", "Parallel Aware": false, "Join Type": "Inner", "Startup Cost": 57873.69, "Total Cost": 854128.49, "Plan Rows": 27, "Plan Width": 16, "Actual Startup Time": 10332.845, "Actual Total Time": 14465.804, "Actual Rows": 275, "Actual Loops": 1, "Output": ["ci.movie_id", "ci.person_role_id", "mc.movie_id", "mc.company_type_id"], "Inner Unique": true, "Hash Cond": "(ci.role_id = rt.id)", "Plans": [{"Node Type": "Hash Join", "Parent Relationship": "Outer", "Parallel Aware": false, "Join Type": "Inner", "Startup Cost": 57872.53, "Total Cost": 854126.18, "Plan Rows": 321, "Plan Width": 20, "Actual Startup Time": 5021.27, "Actual Total Time": 14465.262, "Actual Rows": 377, "Actual Loops": 1, "Output": ["ci.movie_id", "ci.person_role_id", "ci.role_id", "mc.movie_id", "mc.company_type_id"], "Inner Unique": false, "Hash Cond": "(ci.movie_id = mc.movie_id)", "Plans": [{"Node Type": "Seq Scan", "Parent Relationship": "Outer", "Parallel Aware": false, "Relation Name": "cast_info", "Schema": "public", "Alias": "ci", "Startup Cost": 0.0, "Total Cost": 796168.98, "Plan Rows": 21724, "Plan Width": 12, "Actual Startup Time": 0.386, "Actual Total Time": 9508.79, "Actual Rows": 32288, "Actual Loops": 1, "Output": ["ci.id", "ci.person_id", "ci.movie_id", "ci.person_role_id", "ci.note", "ci.nr_order", "ci.role_id"], "Filter": "((ci.note ~~ '%(voice)%'::text) AND (ci.note ~~ '%(uncredited)%'::text))", "Rows Removed by Filter": 36212056}, {"Node Type": "Hash", "Parent Relationship": "Inner", "Parallel Aware": false, "Startup Cost": 57680.16, "Total Cost": 57680.16, "Plan Rows": 15389, "Plan Width": 8, "Actual Startup Time": 4906.183, "Actual Total Time": 4906.188, "Actual Rows": 8790, "Actual Loops": 1, "Output": ["mc.movie_id", "mc.company_type_id"], "Hash Buckets": 16384, "Original Hash Buckets": 16384, "Hash Batches": 1, "Original Hash Batches": 1, "Peak Memory Usage": 472, "Plans": [{"Node Type": "Hash Join", "Parent Relationship": "Outer", "Parallel Aware": false, "Join Type": "Inner", "Startup Cost": 5949.79, "Total Cost": 57680.16, "Plan Rows": 15389, "Plan Width": 8, "Actual Startup Time": 73.009, "Actual Total Time": 4899.86, "Actual Rows": 8790, "Actual Loops": 1, "Output": ["mc.movie_id", "mc.company_type_id"], "Inner Unique": true, "Hash Cond": "(mc.company_id = cn.id)", "Plans": [{"Node Type": "Seq Scan", "Parent Relationship": "Outer", "Parallel Aware": false, "Relation Name": "movie_companies", "Schema": "public", "Alias": "mc", "Startup Cost": 0.0, "Total Cost": 44881.29, "Plan Rows": 2609129, "Plan Width": 12, "Actual Startup Time": 0.006, "Actual Total Time": 2320.202, "Actual Rows": 2609129, "Actual Loops": 1, "Output": ["mc.id", "mc.movie_id", "mc.company_id", "mc.company_type_id", "mc.note"]}, {"Node Type": "Hash", "Parent Relationship": "Inner", "Parallel Aware": false, "Startup Cost": 5932.46, "Total Cost": 5932.46, "Plan Rows": 1386, "Plan Width": 4, "Actual Startup Time": 71.762, "Actual Total Time": 71.764, "Actual Rows": 1361, "Actual Loops": 1, "Output": ["cn.id"], "Hash Buckets": 2048, "Original Hash Buckets": 2048, "Hash Batches": 1, "Original Hash Batches": 1, "Peak Memory Usage": 64, "Plans": [{"Node Type": "Seq Scan", "Parent Relationship": "Outer", "Parallel Aware": false, "Relation Name": "company_name", "Schema": "public", "Alias": "cn", "Startup Cost": 0.0, "Total Cost": 5932.46, "Plan Rows": 1386, "Plan Width": 4, "Actual Startup Time": 0.017, "Actual Total Time": 70.609, "Actual Rows": 1361, "Actual Loops": 1, "Output": ["cn.id"], "Filter": "((cn.country_code)::text = '[ru]'::text)", "Rows Removed by Filter": 233636}]}]}]}]}, {"Node Type": "Hash", "Parent Relationship": "Inner", "Parallel Aware": false, "Startup Cost": 1.15, "Total Cost": 1.15, "Plan Rows": 1, "Plan Width": 4, "Actual Startup Time": 0.021, "Actual Total Time": 0.023, "Actual Rows": 1, "Actual Loops": 1, "Output": ["rt.id"], "Hash Buckets": 1024, "Original Hash Buckets": 1024, "Hash Batches": 1, "Original Hash Batches": 1, "Peak Memory Usage": 9, "Plans": [{"Node Type": "Seq Scan", "Parent Relationship": "Outer", "Parallel Aware": false, "Relation Name": "role_type", "Schema": "public", "Alias": "rt", "Startup Cost": 0.0, "Total Cost": 1.15, "Plan Rows": 1, "Plan Width": 4, "Actual Startup Time": 0.016, "Actual Total Time": 0.018, "Actual Rows": 1, "Actual Loops": 1, "Output": ["rt.id"], "Filter": "((rt.role)::text = 'actor'::text)", "Rows Removed by Filter": 11}]}]}, {"Node Type": "Index Scan", "Parent Relationship": "Inner", "Parallel Aware": false, "Scan Direction": "Forward", "Index Name": "title_pkey", "Relation Name": "title", "Schema": "public", "Alias": "t", "Startup Cost": 0.43, "Total Cost": 0.52, "Plan Rows": 1, "Plan Width": 21, "Actual Startup Time": 0.11, "Actual Total Time": 0.11, "Actual Rows": 0, "Actual Loops": 275, "Output": ["t.id", "t.title", "t.imdb_index", "t.kind_id", "t.production_year", "t.imdb_id", "t.phonetic_code", "t.episode_of_id", "t.season_nr", "t.episode_nr", "t.series_years", "t.md5sum"], "Index Cond": "(t.id = mc.movie_id)", "Rows Removed by Index Recheck": 0, "Filter": "(t.production_year > 2005)", "Rows Removed by Filter": 1}]}, {"Node Type": "Index Scan", "Parent Relationship": "Inner", "Parallel Aware": false, "Scan Direction": "Forward", "Index Name": "char_name_pkey", "Relation Name": "char_name", "Schema": "public", "Alias": "chn", "Startup Cost": 0.43, "Total Cost": 5.12, "Plan Rows": 1, "Plan Width": 20, "Actual Startup Time": 0.013, "Actual Total Time": 0.013, "Actual Rows": 1, "Actual Loops": 112, "Output": ["chn.id", "chn.name", "chn.imdb_index", "chn.imdb_id", "chn.name_pcode_nf", "chn.surname_pcode", "chn.md5sum"], "Index Cond": "(chn.id = ci.person_role_id)", "Rows Removed by Index Recheck": 0}]}, {"Node Type": "Index Only Scan", "Parent Relationship": "Inner", "Parallel Aware": false, "Scan Direction": "Forward", "Index Name": "company_type_pkey", "Relation Name": "company_type", "Schema": "public", "Alias": "ct", "Startup Cost": 0.13, "Total Cost": 0.15, "Plan Rows": 1, "Plan Width": 4, "Actual Startup Time": 0.002, "Actual Total Time": 0.002, "Actual Rows": 1, "Actual Loops": 104, "Output": ["ct.id"], "Index Cond": "(ct.id = mc.company_type_id)", "Rows Removed by Index Recheck": 0, "Heap Fetches": 0}]}]}, "Planning Time": 2.422, "Triggers": [], "Execution Time": 14499.576}]