[{"Plan": {"Node Type": "Aggregate", "Strategy": "Plain", "Partial Mode": "Simple", "Parallel Aware": false, "Startup Cost": 770278.76, "Total Cost": 770278.77, "Plan Rows": 1, "Plan Width": 64, "Actual Startup Time": 16796.981, "Actual Total Time": 16796.998, "Actual Rows": 1, "Actual Loops": 1, "Output": ["min(chn.name)", "min(t.title)"], "Plans": [{"Node Type": "Hash Join", "Parent Relationship": "Outer", "Parallel Aware": false, "Join Type": "Inner", "Startup Cost": 57875.64, "Total Cost": 770278.09, "Plan Rows": 133, "Plan Width": 33, "Actual Startup Time": 16796.976, "Actual Total Time": 16796.992, "Actual Rows": 0, "Actual Loops": 1, "Output": ["chn.name", "t.title"], "Inner Unique": true, "Hash Cond": "(mc.company_type_id = ct.id)", "Plans": [{"Node Type": "Nested Loop", "Parent Relationship": "Outer", "Parallel Aware": false, "Join Type": "Inner", "Startup Cost": 57874.55, "Total Cost": 770276.29, "Plan Rows": 133, "Plan Width": 37, "Actual Startup Time": 16796.947, "Actual Total Time": 16796.96, "Actual Rows": 0, "Actual Loops": 1, "Output": ["chn.name", "mc.company_type_id", "t.title"], "Inner Unique": true, "Plans": [{"Node Type": "Nested Loop", "Parent Relationship": "Outer", "Parallel Aware": false, "Join Type": "Inner", "Startup Cost": 57874.12, "Total Cost": 770117.35, "Plan Rows": 279, "Plan Width": 25, "Actual Startup Time": 16796.946, "Actual Total Time": 16796.958, "Actual Rows": 0, "Actual Loops": 1, "Output": ["ci.person_role_id", "mc.company_type_id", "t.title"], "Inner Unique": true, "Plans": [{"Node Type": "Hash Join", "Parent Relationship": "Outer", "Parallel Aware": false, "Join Type": "Inner", "Startup Cost": 57873.69, "Total Cost": 769181.65, "Plan Rows": 1814, "Plan Width": 16, "Actual Startup Time": 16796.945, "Actual Total Time": 16796.955, "Actual Rows": 0, "Actual Loops": 1, "Output": ["ci.movie_id", "ci.person_role_id", "mc.movie_id", "mc.company_type_id"], "Inner Unique": false, "Hash Cond": "(ci.movie_id = mc.movie_id)", "Plans": [{"Node Type": "Hash Join", "Parent Relationship": "Outer", "Parallel Aware": false, "Join Type": "Inner", "Startup Cost": 1.16, "Total Cost": 710829.96, "Plan Rows": 122936, "Plan Width": 8, "Actual Startup Time": 8671.166, "Actual Total Time": 11860.236, "Actual Rows": 13, "Actual Loops": 1, "Output": ["ci.movie_id", "ci.person_role_id"], "Inner Unique": true, "Hash Cond": "(ci.role_id = rt.id)", "Plans": [{"Node Type": "Seq Scan", "Parent Relationship": "Outer", "Parallel Aware": false, "Relation Name": "cast_info", "Schema": "public", "Alias": "ci", "Startup Cost": 0.0, "Total Cost": 705588.65, "Plan Rows": 1475233, "Plan Width": 12, "Actual Startup Time": 438.89, "Actual Total Time": 10534.45, "Actual Rows": 1435439, "Actual Loops": 1, "Output": ["ci.id", "ci.person_id", "ci.movie_id", "ci.person_role_id", "ci.note", "ci.nr_order", "ci.role_id"], "Filter": "(ci.note ~~ '%(producer)%'::text)", "Rows Removed by Filter": 34808905}, {"Node Type": "Hash", "Parent Relationship": "Inner", "Parallel Aware": false, "Startup Cost": 1.15, "Total Cost": 1.15, "Plan Rows": 1, "Plan Width": 4, "Actual Startup Time": 0.015, "Actual Total Time": 0.017, "Actual Rows": 1, "Actual Loops": 1, "Output": ["rt.id"], "Hash Buckets": 1024, "Original Hash Buckets": 1024, "Hash Batches": 1, "Original Hash Batches": 1, "Peak Memory Usage": 9, "Plans": [{"Node Type": "Seq Scan", "Parent Relationship": "Outer", "Parallel Aware": false, "Relation Name": "role_type", "Schema": "public", "Alias": "rt", "Startup Cost": 0.0, "Total Cost": 1.15, "Plan Rows": 1, "Plan Width": 4, "Actual Startup Time": 0.01, "Actual Total Time": 0.012, "Actual Rows": 1, "Actual Loops": 1, "Output": ["rt.id"], "Filter": "((rt.role)::text = 'actor'::text)", "Rows Removed by Filter": 11}]}]}, {"Node Type": "Hash", "Parent Relationship": "Inner", "Parallel Aware": false, "Startup Cost": 57680.16, "Total Cost": 57680.16, "Plan Rows": 15389, "Plan Width": 8, "Actual Startup Time": 4936.656, "Actual Total Time": 4936.661, "Actual Rows": 8790, "Actual Loops": 1, "Output": ["mc.movie_id", "mc.company_type_id"], "Hash Buckets": 16384, "Original Hash Buckets": 16384, "Hash Batches": 1, "Original Hash Batches": 1, "Peak Memory Usage": 472, "Plans": [{"Node Type": "Hash Join", "Parent Relationship": "Outer", "Parallel Aware": false, "Join Type": "Inner", "Startup Cost": 5949.79, "Total Cost": 57680.16, "Plan Rows": 15389, "Plan Width": 8, "Actual Startup Time": 52.56, "Actual Total Time": 4930.104, "Actual Rows": 8790, "Actual Loops": 1, "Output": ["mc.movie_id", "mc.company_type_id"], "Inner Unique": true, "Hash Cond": "(mc.company_id = cn.id)", "Plans": [{"Node Type": "Seq Scan", "Parent Relationship": "Outer", "Parallel Aware": false, "Relation Name": "movie_companies", "Schema": "public", "Alias": "mc", "Startup Cost": 0.0, "Total Cost": 44881.29, "Plan Rows": 2609129, "Plan Width": 12, "Actual Startup Time": 0.01, "Actual Total Time": 2486.741, "Actual Rows": 2609129, "Actual Loops": 1, "Output": ["mc.id", "mc.movie_id", "mc.company_id", "mc.company_type_id", "mc.note"]}, {"Node Type": "Hash", "Parent Relationship": "Inner", "Parallel Aware": false, "Startup Cost": 5932.46, "Total Cost": 5932.46, "Plan Rows": 1386, "Plan Width": 4, "Actual Startup Time": 51.257, "Actual Total Time": 51.259, "Actual Rows": 1361, "Actual Loops": 1, "Output": ["cn.id"], "Hash Buckets": 2048, "Original Hash Buckets": 2048, "Hash Batches": 1, "Original Hash Batches": 1, "Peak Memory Usage": 64, "Plans": [{"Node Type": "Seq Scan", "Parent Relationship": "Outer", "Parallel Aware": false, "Relation Name": "company_name", "Schema": "public", "Alias": "cn", "Startup Cost": 0.0, "Total Cost": 5932.46, "Plan Rows": 1386, "Plan Width": 4, "Actual Startup Time": 0.013, "Actual Total Time": 48.111, "Actual Rows": 1361, "Actual Loops": 1, "Output": ["cn.id"], "Filter": "((cn.country_code)::text = '[ru]'::text)", "Rows Removed by Filter": 233636}]}]}]}]}, {"Node Type": "Index Scan", "Parent Relationship": "Inner", "Parallel Aware": false, "Scan Direction": "Forward", "Index Name": "title_pkey", "Relation Name": "title", "Schema": "public", "Alias": "t", "Startup Cost": 0.43, "Total Cost": 0.52, "Plan Rows": 1, "Plan Width": 21, "Actual Startup Time": 0.0, "Actual Total Time": 0.0, "Actual Rows": 0, "Actual Loops": 0, "Output": ["t.id", "t.title", "t.imdb_index", "t.kind_id", "t.production_year", "t.imdb_id", "t.phonetic_code", "t.episode_of_id", "t.season_nr", "t.episode_nr", "t.series_years", "t.md5sum"], "Index Cond": "(t.id = mc.movie_id)", "Rows Removed by Index Recheck": 0, "Filter": "(t.production_year > 2010)", "Rows Removed by Filter": 0}]}, {"Node Type": "Index Scan", "Parent Relationship": "Inner", "Parallel Aware": false, "Scan Direction": "Forward", "Index Name": "char_name_pkey", "Relation Name": "char_name", "Schema": "public", "Alias": "chn", "Startup Cost": 0.43, "Total Cost": 0.57, "Plan Rows": 1, "Plan Width": 20, "Actual Startup Time": 0.0, "Actual Total Time": 0.0, "Actual Rows": 0, "Actual Loops": 0, "Output": ["chn.id", "chn.name", "chn.imdb_index", "chn.imdb_id", "chn.name_pcode_nf", "chn.surname_pcode", "chn.md5sum"], "Index Cond": "(chn.id = ci.person_role_id)", "Rows Removed by Index Recheck": 0}]}, {"Node Type": "Hash", "Parent Relationship": "Inner", "Parallel Aware": false, "Startup Cost": 1.04, "Total Cost": 1.04, "Plan Rows": 4, "Plan Width": 4, "Actual Startup Time": 0.023, "Actual Total Time": 0.025, "Actual Rows": 4, "Actual Loops": 1, "Output": ["ct.id"], "Hash Buckets": 1024, "Original Hash Buckets": 1024, "Hash Batches": 1, "Original Hash Batches": 1, "Peak Memory Usage": 9, "Plans": [{"Node Type": "Seq Scan", "Parent Relationship": "Outer", "Parallel Aware": false, "Relation Name": "company_type", "Schema": "public", "Alias": "ct", "Startup Cost": 0.0, "Total Cost": 1.04, "Plan Rows": 4, "Plan Width": 4, "Actual Startup Time": 0.016, "Actual Total Time": 0.019, "Actual Rows": 4, "Actual Loops": 1, "Output": ["ct.id"]}]}]}]}, "Planning Time": 1.174, "Triggers": [], "Execution Time": 16797.07}]