[{"Plan": {"Node Type": "Aggregate", "Strategy": "Plain", "Partial Mode": "Simple", "Parallel Aware": false, "Startup Cost": 1110779.46, "Total Cost": 1110779.47, "Plan Rows": 1, "Plan Width": 64, "Actual Startup Time": 23788.945, "Actual Total Time": 23788.967, "Actual Rows": 1, "Actual Loops": 1, "Output": ["min(chn.name)", "min(t.title)"], "Plans": [{"Node Type": "Hash Join", "Parent Relationship": "Outer", "Parallel Aware": false, "Join Type": "Inner", "Startup Cost": 325537.14, "Total Cost": 1108588.14, "Plan Rows": 438265, "Plan Width": 33, "Actual Startup Time": 23710.63, "Actual Total Time": 23788.943, "Actual Rows": 10, "Actual Loops": 1, "Output": ["chn.name", "t.title"], "Inner Unique": true, "Hash Cond": "(ci.role_id = rt.id)", "Plans": [{"Node Type": "Hash Join", "Parent Relationship": "Outer", "Parallel Aware": false, "Join Type": "Inner", "Startup Cost": 325535.87, "Total Cost": 1107030.12, "Plan Rows": 438265, "Plan Width": 37, "Actual Startup Time": 23710.6, "Actual Total Time": 23788.897, "Actual Rows": 10, "Actual Loops": 1, "Output": ["chn.name", "ci.role_id", "t.title"], "Inner Unique": true, "Hash Cond": "(mc.company_type_id = ct.id)", "Plans": [{"Node Type": "Hash Join", "Parent Relationship": "Outer", "Parallel Aware": false, "Join Type": "Inner", "Startup Cost": 325534.78, "Total Cost": 1104659.66, "Plan Rows": 438265, "Plan Width": 41, "Actual Startup Time": 23710.583, "Actual Total Time": 23788.863, "Actual Rows": 10, "Actual Loops": 1, "Output": ["chn.name", "ci.role_id", "mc.company_type_id", "t.title"], "Inner Unique": false, "Hash Cond": "(t.id = mc.movie_id)", "Plans": [{"Node Type": "Hash Join", "Parent Relationship": "Outer", "Parallel Aware": false, "Join Type": "Inner", "Startup Cost": 225316.81, "Total Cost": 987956.35, "Plan Rows": 488043, "Plan Width": 45, "Actual Startup Time": 13205.623, "Actual Total Time": 17899.85, "Actual Rows": 12, "Actual Loops": 1, "Output": ["chn.name", "ci.movie_id", "ci.role_id", "t.title", "t.id"], "Inner Unique": true, "Hash Cond": "(ci.movie_id = t.id)", "Plans": [{"Node Type": "Hash Join", "Parent Relationship": "Outer", "Parallel Aware": false, "Join Type": "Inner", "Startup Cost": 125503.29, "Total Cost": 867772.42, "Plan Rows": 703391, "Plan Width": 24, "Actual Startup Time": 7896.96, "Actual Total Time": 14487.91, "Actual Rows": 15, "Actual Loops": 1, "Output": ["chn.name", "ci.movie_id", "ci.role_id"], "Inner Unique": true, "Hash Cond": "(ci.person_role_id = chn.id)", "Plans": [{"Node Type": "Seq Scan", "Parent Relationship": "Outer", "Parallel Aware": false, "Relation Name": "cast_info", "Schema": "public", "Alias": "ci", "Startup Cost": 0.0, "Total Cost": 705588.65, "Plan Rows": 1475233, "Plan Width": 12, "Actual Startup Time": 2842.813, "Actual Total Time": 8540.799, "Actual Rows": 1435439, "Actual Loops": 1, "Output": ["ci.movie_id", "ci.person_role_id", "ci.role_id"], "Filter": "(ci.note ~~ '%(producer)%'::text)", "Rows Removed by Filter": 34808905}, {"Node Type": "Hash", "Parent Relationship": "Inner", "Parallel Aware": false, "Startup Cost": 67850.35, "Total Cost": 67850.35, "Plan Rows": 3140235, "Plan Width": 20, "Actual Startup Time": 5053.789, "Actual Total Time": 5053.791, "Actual Rows": 3140339, "Actual Loops": 1, "Output": ["chn.name", "chn.id"], "Hash Buckets": 65536, "Original Hash Buckets": 65536, "Hash Batches": 64, "Original Hash Batches": 64, "Peak Memory Usage": 3098, "Plans": [{"Node Type": "Seq Scan", "Parent Relationship": "Outer", "Parallel Aware": false, "Relation Name": "char_name", "Schema": "public", "Alias": "chn", "Startup Cost": 0.0, "Total Cost": 67850.35, "Plan Rows": 3140235, "Plan Width": 20, "Actual Startup Time": 0.092, "Actual Total Time": 2341.851, "Actual Rows": 3140339, "Actual Loops": 1, "Output": ["chn.name", "chn.id"]}]}]}, {"Node Type": "Hash", "Parent Relationship": "Inner", "Parallel Aware": false, "Startup Cost": 67603.96, "Total Cost": 67603.96, "Plan Rows": 1754365, "Plan Width": 21, "Actual Startup Time": 3299.535, "Actual Total Time": 3299.537, "Actual Rows": 1749032, "Actual Loops": 1, "Output": ["t.title", "t.id"], "Hash Buckets": 65536, "Original Hash Buckets": 65536, "Hash Batches": 32, "Original Hash Batches": 32, "Peak Memory Usage": 3446, "Plans": [{"Node Type": "Seq Scan", "Parent Relationship": "Outer", "Parallel Aware": false, "Relation Name": "title", "Schema": "public", "Alias": "t", "Startup Cost": 0.0, "Total Cost": 67603.96, "Plan Rows": 1754365, "Plan Width": 21, "Actual Startup Time": 0.118, "Actual Total Time": 1771.306, "Actual Rows": 1749032, "Actual Loops": 1, "Output": ["t.title", "t.id"], "Filter": "(t.production_year > 1990)", "Rows Removed by Filter": 779280}]}]}, {"Node Type": "Hash", "Parent Relationship": "Inner", "Parallel Aware": false, "Startup Cost": 84856.9, "Total Cost": 84856.9, "Plan Rows": 936245, "Plan Width": 8, "Actual Startup Time": 5790.278, "Actual Total Time": 5790.283, "Actual Rows": 1153798, "Actual Loops": 1, "Output": ["mc.movie_id", "mc.company_type_id"], "Hash Buckets": 131072, "Original Hash Buckets": 131072, "Hash Batches": 16, "Original Hash Batches": 16, "Peak Memory Usage": 3826, "Plans": [{"Node Type": "Hash Join", "Parent Relationship": "Outer", "Parallel Aware": false, "Join Type": "Inner", "Startup Cost": 7316.52, "Total Cost": 84856.9, "Plan Rows": 936245, "Plan Width": 8, "Actual Startup Time": 161.364, "Actual Total Time": 4932.872, "Actual Rows": 1153798, "Actual Loops": 1, "Output": ["mc.movie_id", "mc.company_type_id"], "Inner Unique": true, "Hash Cond": "(mc.company_id = cn.id)", "Plans": [{"Node Type": "Seq Scan", "Parent Relationship": "Outer", "Parallel Aware": false, "Relation Name": "movie_companies", "Schema": "public", "Alias": "mc", "Startup Cost": 0.0, "Total Cost": 44881.29, "Plan Rows": 2609129, "Plan Width": 12, "Actual Startup Time": 0.029, "Actual Total Time": 1779.626, "Actual Rows": 2609129, "Actual Loops": 1, "Output": ["mc.movie_id", "mc.company_id", "mc.company_type_id"]}, {"Node Type": "Hash", "Parent Relationship": "Inner", "Parallel Aware": false, "Startup Cost": 5932.46, "Total Cost": 5932.46, "Plan Rows": 84325, "Plan Width": 4, "Actual Startup Time": 161.105, "Actual Total Time": 161.107, "Actual Rows": 84843, "Actual Loops": 1, "Output": ["cn.id"], "Hash Buckets": 131072, "Original Hash Buckets": 131072, "Hash Batches": 2, "Original Hash Batches": 2, "Peak Memory Usage": 2525, "Plans": [{"Node Type": "Seq Scan", "Parent Relationship": "Outer", "Parallel Aware": false, "Relation Name": "company_name", "Schema": "public", "Alias": "cn", "Startup Cost": 0.0, "Total Cost": 5932.46, "Plan Rows": 84325, "Plan Width": 4, "Actual Startup Time": 0.008, "Actual Total Time": 91.463, "Actual Rows": 84843, "Actual Loops": 1, "Output": ["cn.id"], "Filter": "((cn.country_code)::text = '[us]'::text)", "Rows Removed by Filter": 150154}]}]}]}]}, {"Node Type": "Hash", "Parent Relationship": "Inner", "Parallel Aware": false, "Startup Cost": 1.04, "Total Cost": 1.04, "Plan Rows": 4, "Plan Width": 4, "Actual Startup Time": 0.01, "Actual Total Time": 0.011, "Actual Rows": 4, "Actual Loops": 1, "Output": ["ct.id"], "Hash Buckets": 1024, "Original Hash Buckets": 1024, "Hash Batches": 1, "Original Hash Batches": 1, "Peak Memory Usage": 9, "Plans": [{"Node Type": "Seq Scan", "Parent Relationship": "Outer", "Parallel Aware": false, "Relation Name": "company_type", "Schema": "public", "Alias": "ct", "Startup Cost": 0.0, "Total Cost": 1.04, "Plan Rows": 4, "Plan Width": 4, "Actual Startup Time": 0.004, "Actual Total Time": 0.007, "Actual Rows": 4, "Actual Loops": 1, "Output": ["ct.id"]}]}]}, {"Node Type": "Hash", "Parent Relationship": "Inner", "Parallel Aware": false, "Startup Cost": 1.12, "Total Cost": 1.12, "Plan Rows": 12, "Plan Width": 4, "Actual Startup Time": 0.023, "Actual Total Time": 0.025, "Actual Rows": 12, "Actual Loops": 1, "Output": ["rt.id"], "Hash Buckets": 1024, "Original Hash Buckets": 1024, "Hash Batches": 1, "Original Hash Batches": 1, "Peak Memory Usage": 9, "Plans": [{"Node Type": "Seq Scan", "Parent Relationship": "Outer", "Parallel Aware": false, "Relation Name": "role_type", "Schema": "public", "Alias": "rt", "Startup Cost": 0.0, "Total Cost": 1.12, "Plan Rows": 12, "Plan Width": 4, "Actual Startup Time": 0.008, "Actual Total Time": 0.014, "Actual Rows": 12, "Actual Loops": 1, "Output": ["rt.id"]}]}]}]}, "Planning Time": 1.203, "Triggers": [], "Execution Time": 23789.071}]