[{"Plan": {"Node Type": "Aggregate", "Strategy": "Plain", "Partial Mode": "Simple", "Parallel Aware": false, "Startup Cost": 127158.59, "Total Cost": 127158.6, "Plan Rows": 1, "Plan Width": 96, "Actual Startup Time": 103894.679, "Actual Total Time": 103894.701, "Actual Rows": 1, "Actual Loops": 1, "Output": ["min(cn.name)", "min((lt.link)::text)", "min(t.title)"], "Plans": [{"Node Type": "Nested Loop", "Parent Relationship": "Outer", "Parallel Aware": false, "Join Type": "Inner", "Startup Cost": 77494.95, "Total Cost": 127158.59, "Plan Rows": 1, "Plan Width": 48, "Actual Startup Time": 102345.875, "Actual Total Time": 103894.676, "Actual Rows": 14, "Actual Loops": 1, "Output": ["cn.name", "lt.link", "t.title"], "Inner Unique": true, "Plans": [{"Node Type": "Nested Loop", "Parent Relationship": "Outer", "Parallel Aware": false, "Join Type": "Inner", "Startup Cost": 77494.53, "Total Cost": 127158.12, "Plan Rows": 1, "Plan Width": 52, "Actual Startup Time": 102345.835, "Actual Total Time": 103894.401, "Actual Rows": 56, "Actual Loops": 1, "Output": ["cn.name", "mk.keyword_id", "lt.link", "t.title"], "Inner Unique": true, "Plans": [{"Node Type": "Nested Loop", "Parent Relationship": "Outer", "Parallel Aware": false, "Join Type": "Inner", "Startup Cost": 77494.4, "Total Cost": 127157.95, "Plan Rows": 1, "Plan Width": 56, "Actual Startup Time": 102345.811, "Actual Total Time": 103894.196, "Actual Rows": 56, "Actual Loops": 1, "Output": ["cn.name", "mc.company_type_id", "mk.keyword_id", "lt.link", "t.title"], "Inner Unique": true, "Plans": [{"Node Type": "Hash Join", "Parent Relationship": "Outer", "Parallel Aware": false, "Join Type": "Inner", "Startup Cost": 77493.98, "Total Cost": 127157.5, "Plan Rows": 1, "Plan Width": 41, "Actual Startup Time": 102345.607, "Actual Total Time": 103893.678, "Actual Rows": 84, "Actual Loops": 1, "Output": ["lt.link", "mc.company_type_id", "mc.company_id", "mk.keyword_id", "t.title"], "Inner Unique": false, "Hash Cond": "(mc.movie_id = ml.movie_id)", "Plans": [{"Node Type": "Seq Scan", "Parent Relationship": "Outer", "Parallel Aware": false, "Relation Name": "movie_companies", "Schema": "public", "Alias": "mc", "Startup Cost": 0.0, "Total Cost": 44881.29, "Plan Rows": 1275255, "Plan Width": 12, "Actual Startup Time": 0.025, "Actual Total Time": 1091.477, "Actual Rows": 1271989, "Actual Loops": 1, "Output": ["mc.id", "mc.movie_id", "mc.company_id", "mc.company_type_id", "mc.note"], "Filter": "(mc.note IS NULL)", "Rows Removed by Filter": 1337140}, {"Node Type": "Hash", "Parent Relationship": "Inner", "Parallel Aware": false, "Startup Cost": 77493.97, "Total Cost": 77493.97, "Plan Rows": 1, "Plan Width": 45, "Actual Startup Time": 102043.827, "Actual Total Time": 102043.839, "Actual Rows": 28, "Actual Loops": 1, "Output": ["lt.link", "ml.movie_id", "mk.movie_id", "mk.keyword_id", "t.title", "t.id"], "Hash Buckets": 1024, "Original Hash Buckets": 1024, "Hash Batches": 1, "Original Hash Batches": 1, "Peak Memory Usage": 10, "Plans": [{"Node Type": "Merge Join", "Parent Relationship": "Outer", "Parallel Aware": false, "Join Type": "Inner", "Startup Cost": 651.07, "Total Cost": 77493.97, "Plan Rows": 1, "Plan Width": 45, "Actual Startup Time": 8732.863, "Actual Total Time": 102043.818, "Actual Rows": 28, "Actual Loops": 1, "Output": ["lt.link", "ml.movie_id", "mk.movie_id", "mk.keyword_id", "t.title", "t.id"], "Inner Unique": false, "Merge Cond": "(t.id = ml.movie_id)", "Plans": [{"Node Type": "Nested Loop", "Parent Relationship": "Outer", "Parallel Aware": false, "Join Type": "Inner", "Startup Cost": 0.43, "Total Cost": 537842.38, "Plan Rows": 7, "Plan Width": 29, "Actual Startup Time": 8696.614, "Actual Total Time": 102007.272, "Actual Rows": 5, "Actual Loops": 1, "Output": ["mk.movie_id", "mk.keyword_id", "t.title", "t.id"], "Inner Unique": false, "Join Filter": "(mk.movie_id = t.id)", "Rows Removed by Join Filter": 71350716, "Plans": [{"Node Type": "Index Scan", "Parent Relationship": "Outer", "Parallel Aware": false, "Scan Direction": "Forward", "Index Name": "title_pkey", "Relation Name": "title", "Schema": "public", "Alias": "t", "Startup Cost": 0.43, "Total Cost": 114715.45, "Plan Rows": 4, "Plan Width": 21, "Actual Startup Time": 170.66, "Actual Total Time": 1154.857, "Actual Rows": 16, "Actual Loops": 1, "Output": ["t.id", "t.title", "t.imdb_index", "t.kind_id", "t.production_year", "t.imdb_id", "t.phonetic_code", "t.episode_of_id", "t.season_nr", "t.episode_nr", "t.series_years", "t.md5sum"], "Filter": "((t.title ~~ '%Money%'::text) AND (t.production_year = 1998))", "Rows Removed by Filter": 1191935}, {"Node Type": "Materialize", "Parent Relationship": "Inner", "Parallel Aware": false, "Startup Cost": 0.0, "Total Cost": 109984.95, "Plan Rows": 4523930, "Plan Width": 8, "Actual Startup Time": 0.011, "Actual Total Time": 3478.497, "Actual Rows": 4459420, "Actual Loops": 16, "Output": ["mk.movie_id", "mk.keyword_id"], "Plans": [{"Node Type": "Seq Scan", "Parent Relationship": "Outer", "Parallel Aware": false, "Relation Name": "movie_keyword", "Schema": "public", "Alias": "mk", "Startup Cost": 0.0, "Total Cost": 69693.3, "Plan Rows": 4523930, "Plan Width": 8, "Actual Startup Time": 0.019, "Actual Total Time": 3302.347, "Actual Rows": 4523930, "Actual Loops": 1, "Output": ["mk.movie_id", "mk.keyword_id"]}]}]}, {"Node Type": "Sort", "Parent Relationship": "Inner", "Parallel Aware": false, "Startup Cost": 650.63, "Total Cost": 654.8, "Plan Rows": 1666, "Plan Width": 16, "Actual Startup Time": 35.539, "Actual Total Time": 36.017, "Actual Rows": 1179, "Actual Loops": 1, "Output": ["lt.link", "ml.movie_id"], "Sort Key": ["ml.movie_id"], "Sort Method": "quicksort", "Sort Space Used": 103, "Sort Space Type": "Memory", "Plans": [{"Node Type": "Hash Join", "Parent Relationship": "Outer", "Parallel Aware": false, "Join Type": "Inner", "Startup Cost": 1.24, "Total Cost": 561.48, "Plan Rows": 1666, "Plan Width": 16, "Actual Startup Time": 0.103, "Actual Total Time": 34.891, "Actual Rows": 1158, "Actual Loops": 1, "Output": ["lt.link", "ml.movie_id"], "Inner Unique": true, "Hash Cond": "(ml.link_type_id = lt.id)", "Plans": [{"Node Type": "Seq Scan", "Parent Relationship": "Outer", "Parallel Aware": false, "Relation Name": "movie_link", "Schema": "public", "Alias": "ml", "Startup Cost": 0.0, "Total Cost": 462.97, "Plan Rows": 29997, "Plan Width": 8, "Actual Startup Time": 0.01, "Actual Total Time": 20.445, "Actual Rows": 29997, "Actual Loops": 1, "Output": ["ml.id", "ml.movie_id", "ml.linked_movie_id", "ml.link_type_id"]}, {"Node Type": "Hash", "Parent Relationship": "Inner", "Parallel Aware": false, "Startup Cost": 1.23, "Total Cost": 1.23, "Plan Rows": 1, "Plan Width": 16, "Actual Startup Time": 0.016, "Actual Total Time": 0.017, "Actual Rows": 1, "Actual Loops": 1, "Output": ["lt.link", "lt.id"], "Hash Buckets": 1024, "Original Hash Buckets": 1024, "Hash Batches": 1, "Original Hash Batches": 1, "Peak Memory Usage": 9, "Plans": [{"Node Type": "Seq Scan", "Parent Relationship": "Outer", "Parallel Aware": false, "Relation Name": "link_type", "Schema": "public", "Alias": "lt", "Startup Cost": 0.0, "Total Cost": 1.23, "Plan Rows": 1, "Plan Width": 16, "Actual Startup Time": 0.008, "Actual Total Time": 0.012, "Actual Rows": 1, "Actual Loops": 1, "Output": ["lt.link", "lt.id"], "Filter": "((lt.link)::text ~~ '%follows%'::text)", "Rows Removed by Filter": 17}]}]}]}]}]}]}, {"Node Type": "Index Scan", "Parent Relationship": "Inner", "Parallel Aware": false, "Scan Direction": "Forward", "Index Name": "company_name_pkey", "Relation Name": "company_name", "Schema": "public", "Alias": "cn", "Startup Cost": 0.42, "Total Cost": 0.46, "Plan Rows": 1, "Plan Width": 23, "Actual Startup Time": 0.005, "Actual Total Time": 0.005, "Actual Rows": 1, "Actual Loops": 84, "Output": ["cn.id", "cn.name", "cn.country_code", "cn.imdb_id", "cn.name_pcode_nf", "cn.name_pcode_sf", "cn.md5sum"], "Index Cond": "(cn.id = mc.company_id)", "Rows Removed by Index Recheck": 0, "Filter": "(((cn.country_code)::text <> '[pl]'::text) AND ((cn.name ~~ '%Film%'::text) OR (cn.name ~~ '%Warner%'::text)))", "Rows Removed by Filter": 0}]}, {"Node Type": "Index Scan", "Parent Relationship": "Inner", "Parallel Aware": false, "Scan Direction": "Forward", "Index Name": "company_type_pkey", "Relation Name": "company_type", "Schema": "public", "Alias": "ct", "Startup Cost": 0.13, "Total Cost": 0.15, "Plan Rows": 1, "Plan Width": 4, "Actual Startup Time": 0.002, "Actual Total Time": 0.002, "Actual Rows": 1, "Actual Loops": 56, "Output": ["ct.id", "ct.kind"], "Index Cond": "(ct.id = mc.company_type_id)", "Rows Removed by Index Recheck": 0, "Filter": "((ct.kind)::text = 'production companies'::text)", "Rows Removed by Filter": 0}]}, {"Node Type": "Index Scan", "Parent Relationship": "Inner", "Parallel Aware": false, "Scan Direction": "Forward", "Index Name": "keyword_pkey", "Relation Name": "keyword", "Schema": "public", "Alias": "k", "Startup Cost": 0.42, "Total Cost": 0.44, "Plan Rows": 1, "Plan Width": 4, "Actual Startup Time": 0.004, "Actual Total Time": 0.004, "Actual Rows": 0, "Actual Loops": 56, "Output": ["k.id", "k.keyword", "k.phonetic_code"], "Index Cond": "(k.id = mk.keyword_id)", "Rows Removed by Index Recheck": 0, "Filter": "(k.keyword = 'sequel'::text)", "Rows Removed by Filter": 1}]}]}, "Planning Time": 2.328, "Triggers": [], "Execution Time": 103904.849}]