[{"Plan": {"Node Type": "Aggregate", "Strategy": "Plain", "Partial Mode": "Simple", "Parallel Aware": false, "Startup Cost": 428317.62, "Total Cost": 428317.63, "Plan Rows": 1, "Plan Width": 96, "Actual Startup Time": 8740.453, "Actual Total Time": 8740.477, "Actual Rows": 1, "Actual Loops": 1, "Output": ["min(cn.name)", "min(mi_idx.info)", "min(t.title)"], "Plans": [{"Node Type": "Nested Loop", "Parent Relationship": "Outer", "Parallel Aware": false, "Join Type": "Inner", "Startup Cost": 80060.07, "Total Cost": 428317.61, "Plan Rows": 1, "Plan Width": 42, "Actual Startup Time": 4445.078, "Actual Total Time": 8739.931, "Actual Rows": 397, "Actual Loops": 1, "Output": ["cn.name", "mi_idx.info", "t.title"], "Inner Unique": true, "Join Filter": "(mi.movie_id = t.id)", "Rows Removed by Join Filter": 0, "Plans": [{"Node Type": "Nested Loop", "Parent Relationship": "Outer", "Parallel Aware": false, "Join Type": "Inner", "Startup Cost": 80059.64, "Total Cost": 428317.08, "Plan Rows": 1, "Plan Width": 37, "Actual Startup Time": 4432.396, "Actual Total Time": 8721.878, "Actual Rows": 1311, "Actual Loops": 1, "Output": ["cn.name", "mc.movie_id", "mi.movie_id", "mi_idx.info", "mi_idx.movie_id"], "Inner Unique": true, "Plans": [{"Node Type": "Hash Join", "Parent Relationship": "Outer", "Parallel Aware": false, "Join Type": "Inner", "Startup Cost": 80059.22, "Total Cost": 428315.74, "Plan Rows": 3, "Plan Width": 22, "Actual Startup Time": 4432.325, "Actual Total Time": 8690.371, "Actual Rows": 2518, "Actual Loops": 1, "Output": ["mc.movie_id", "mc.company_id", "mi.movie_id", "mi_idx.info", "mi_idx.movie_id"], "Inner Unique": true, "Hash Cond": "(mi.info_type_id = it1.id)", "Plans": [{"Node Type": "Hash Join", "Parent Relationship": "Outer", "Parallel Aware": false, "Join Type": "Inner", "Startup Cost": 80056.8, "Total Cost": 428312.28, "Plan Rows": 382, "Plan Width": 26, "Actual Startup Time": 4432.279, "Actual Total Time": 8687.264, "Actual Rows": 2931, "Actual Loops": 1, "Output": ["mc.movie_id", "mc.company_id", "mi.movie_id", "mi.info_type_id", "mi_idx.info", "mi_idx.movie_id"], "Inner Unique": false, "Hash Cond": "(mi.movie_id = mi_idx.movie_id)", "Plans": [{"Node Type": "Seq Scan", "Parent Relationship": "Outer", "Parallel Aware": false, "Relation Name": "movie_info", "Schema": "public", "Alias": "mi", "Startup Cost": 0.0, "Total Cost": 347122.38, "Plan Rows": 301144, "Plan Width": 8, "Actual Startup Time": 42.405, "Actual Total Time": 4074.227, "Actual Rows": 274644, "Actual Loops": 1, "Output": ["mi.id", "mi.movie_id", "mi.info_type_id", "mi.info", "mi.note"], "Filter": "(mi.info = ANY ('{Drama,Horror}'::text[]))", "Rows Removed by Filter": 14561076}, {"Node Type": "Hash", "Parent Relationship": "Inner", "Parallel Aware": false, "Startup Cost": 80049.12, "Total Cost": 80049.12, "Plan Rows": 614, "Plan Width": 18, "Actual Startup Time": 4389.629, "Actual Total Time": 4389.642, "Actual Rows": 24233, "Actual Loops": 1, "Output": ["mc.movie_id", "mc.company_id", "mi_idx.info", "mi_idx.movie_id"], "Hash Buckets": 32768, "Original Hash Buckets": 1024, "Hash Batches": 1, "Original Hash Batches": 1, "Peak Memory Usage": 1392, "Plans": [{"Node Type": "Hash Join", "Parent Relationship": "Outer", "Parallel Aware": false, "Join Type": "Inner", "Startup Cost": 25345.7, "Total Cost": 80049.12, "Plan Rows": 614, "Plan Width": 18, "Actual Startup Time": 2311.52, "Actual Total Time": 4370.726, "Actual Rows": 24233, "Actual Loops": 1, "Output": ["mc.movie_id", "mc.company_id", "mi_idx.info", "mi_idx.movie_id"], "Inner Unique": true, "Hash Cond": "(mc.company_type_id = ct.id)", "Plans": [{"Node Type": "Hash Join", "Parent Relationship": "Outer", "Parallel Aware": false, "Join Type": "Inner", "Startup Cost": 25344.64, "Total Cost": 80034.76, "Plan Rows": 2460, "Plan Width": 22, "Actual Startup Time": 492.777, "Actual Total Time": 4321.454, "Actual Rows": 64707, "Actual Loops": 1, "Output": ["mi_idx.info", "mi_idx.movie_id", "mc.movie_id", "mc.company_type_id", "mc.company_id"], "Inner Unique": false, "Hash Cond": "(mc.movie_id = mi_idx.movie_id)", "Plans": [{"Node Type": "Seq Scan", "Parent Relationship": "Outer", "Parallel Aware": false, "Relation Name": "movie_companies", "Schema": "public", "Alias": "mc", "Startup Cost": 0.0, "Total Cost": 44881.29, "Plan Rows": 2609129, "Plan Width": 12, "Actual Startup Time": 0.011, "Actual Total Time": 1808.846, "Actual Rows": 2609129, "Actual Loops": 1, "Output": ["mc.id", "mc.movie_id", "mc.company_id", "mc.company_type_id", "mc.note"]}, {"Node Type": "Hash", "Parent Relationship": "Inner", "Parallel Aware": false, "Startup Cost": 25338.51, "Total Cost": 25338.51, "Plan Rows": 490, "Plan Width": 10, "Actual Startup Time": 492.649, "Actual Total Time": 492.655, "Actual Rows": 15849, "Actual Loops": 1, "Output": ["mi_idx.info", "mi_idx.movie_id"], "Hash Buckets": 16384, "Original Hash Buckets": 1024, "Hash Batches": 1, "Original Hash Batches": 1, "Peak Memory Usage": 748, "Plans": [{"Node Type": "Hash Join", "Parent Relationship": "Outer", "Parallel Aware": false, "Join Type": "Inner", "Startup Cost": 2.43, "Total Cost": 25338.51, "Plan Rows": 490, "Plan Width": 10, "Actual Startup Time": 0.176, "Actual Total Time": 483.506, "Actual Rows": 15849, "Actual Loops": 1, "Output": ["mi_idx.info", "mi_idx.movie_id"], "Inner Unique": true, "Hash Cond": "(mi_idx.info_type_id = it2.id)", "Plans": [{"Node Type": "Seq Scan", "Parent Relationship": "Outer", "Parallel Aware": false, "Relation Name": "movie_info_idx", "Schema": "public", "Alias": "mi_idx", "Startup Cost": 0.0, "Total Cost": 25185.44, "Plan Rows": 55314, "Plan Width": 14, "Actual Startup Time": 0.025, "Actual Total Time": 438.769, "Actual Rows": 52629, "Actual Loops": 1, "Output": ["mi_idx.id", "mi_idx.movie_id", "mi_idx.info_type_id", "mi_idx.info", "mi_idx.note"], "Filter": "(mi_idx.info > '8.0'::text)", "Rows Removed by Filter": 1327406}, {"Node Type": "Hash", "Parent Relationship": "Inner", "Parallel Aware": false, "Startup Cost": 2.41, "Total Cost": 2.41, "Plan Rows": 1, "Plan Width": 4, "Actual Startup Time": 0.015, "Actual Total Time": 0.017, "Actual Rows": 1, "Actual Loops": 1, "Output": ["it2.id"], "Hash Buckets": 1024, "Original Hash Buckets": 1024, "Hash Batches": 1, "Original Hash Batches": 1, "Peak Memory Usage": 9, "Plans": [{"Node Type": "Seq Scan", "Parent Relationship": "Outer", "Parallel Aware": false, "Relation Name": "info_type", "Schema": "public", "Alias": "it2", "Startup Cost": 0.0, "Total Cost": 2.41, "Plan Rows": 1, "Plan Width": 4, "Actual Startup Time": 0.011, "Actual Total Time": 0.013, "Actual Rows": 1, "Actual Loops": 1, "Output": ["it2.id"], "Filter": "((it2.info)::text = 'rating'::text)", "Rows Removed by Filter": 112}]}]}]}]}, {"Node Type": "Hash", "Parent Relationship": "Inner", "Parallel Aware": false, "Startup Cost": 1.05, "Total Cost": 1.05, "Plan Rows": 1, "Plan Width": 4, "Actual Startup Time": 0.012, "Actual Total Time": 0.014, "Actual Rows": 1, "Actual Loops": 1, "Output": ["ct.id"], "Hash Buckets": 1024, "Original Hash Buckets": 1024, "Hash Batches": 1, "Original Hash Batches": 1, "Peak Memory Usage": 9, "Plans": [{"Node Type": "Seq Scan", "Parent Relationship": "Outer", "Parallel Aware": false, "Relation Name": "company_type", "Schema": "public", "Alias": "ct", "Startup Cost": 0.0, "Total Cost": 1.05, "Plan Rows": 1, "Plan Width": 4, "Actual Startup Time": 0.007, "Actual Total Time": 0.009, "Actual Rows": 1, "Actual Loops": 1, "Output": ["ct.id"], "Filter": "((ct.kind)::text = 'production companies'::text)", "Rows Removed by Filter": 3}]}]}]}]}, {"Node Type": "Hash", "Parent Relationship": "Inner", "Parallel Aware": false, "Startup Cost": 2.41, "Total Cost": 2.41, "Plan Rows": 1, "Plan Width": 4, "Actual Startup Time": 0.039, "Actual Total Time": 0.04, "Actual Rows": 1, "Actual Loops": 1, "Output": ["it1.id"], "Hash Buckets": 1024, "Original Hash Buckets": 1024, "Hash Batches": 1, "Original Hash Batches": 1, "Peak Memory Usage": 9, "Plans": [{"Node Type": "Seq Scan", "Parent Relationship": "Outer", "Parallel Aware": false, "Relation Name": "info_type", "Schema": "public", "Alias": "it1", "Startup Cost": 0.0, "Total Cost": 2.41, "Plan Rows": 1, "Plan Width": 4, "Actual Startup Time": 0.027, "Actual Total Time": 0.035, "Actual Rows": 1, "Actual Loops": 1, "Output": ["it1.id"], "Filter": "((it1.info)::text = 'genres'::text)", "Rows Removed by Filter": 112}]}]}, {"Node Type": "Index Scan", "Parent Relationship": "Inner", "Parallel Aware": false, "Scan Direction": "Forward", "Index Name": "company_name_pkey", "Relation Name": "company_name", "Schema": "public", "Alias": "cn", "Startup Cost": 0.42, "Total Cost": 0.45, "Plan Rows": 1, "Plan Width": 23, "Actual Startup Time": 0.011, "Actual Total Time": 0.011, "Actual Rows": 1, "Actual Loops": 2518, "Output": ["cn.id", "cn.name", "cn.country_code", "cn.imdb_id", "cn.name_pcode_nf", "cn.name_pcode_sf", "cn.md5sum"], "Index Cond": "(cn.id = mc.company_id)", "Rows Removed by Index Recheck": 0, "Filter": "((cn.country_code)::text = '[us]'::text)", "Rows Removed by Filter": 0}]}, {"Node Type": "Index Scan", "Parent Relationship": "Inner", "Parallel Aware": false, "Scan Direction": "Forward", "Index Name": "title_pkey", "Relation Name": "title", "Schema": "public", "Alias": "t", "Startup Cost": 0.43, "Total Cost": 0.52, "Plan Rows": 1, "Plan Width": 21, "Actual Startup Time": 0.012, "Actual Total Time": 0.012, "Actual Rows": 0, "Actual Loops": 1311, "Output": ["t.id", "t.title", "t.imdb_index", "t.kind_id", "t.production_year", "t.imdb_id", "t.phonetic_code", "t.episode_of_id", "t.season_nr", "t.episode_nr", "t.series_years", "t.md5sum"], "Index Cond": "(t.id = mc.movie_id)", "Rows Removed by Index Recheck": 0, "Filter": "((t.production_year >= 2005) AND (t.production_year <= 2008))", "Rows Removed by Filter": 1}]}]}, "Planning Time": 3.93, "Triggers": [], "Execution Time": 8740.566}]