[{"Plan": {"Node Type": "Aggregate", "Strategy": "Plain", "Partial Mode": "Simple", "Parallel Aware": false, "Startup Cost": 434350.6, "Total Cost": 434350.61, "Plan Rows": 1, "Plan Width": 96, "Actual Startup Time": 50176.921, "Actual Total Time": 50176.948, "Actual Rows": 1, "Actual Loops": 1, "Output": ["min(cn.name)", "min(miidx.info)", "min(t.title)"], "Plans": [{"Node Type": "Nested Loop", "Parent Relationship": "Outer", "Parallel Aware": false, "Join Type": "Inner", "Startup Cost": 81454.96, "Total Cost": 434350.59, "Plan Rows": 1, "Plan Width": 42, "Actual Startup Time": 27177.716, "Actual Total Time": 50176.877, "Actual Rows": 53, "Actual Loops": 1, "Output": ["cn.name", "miidx.info", "t.title"], "Inner Unique": true, "Plans": [{"Node Type": "Nested Loop", "Parent Relationship": "Outer", "Parallel Aware": false, "Join Type": "Inner", "Startup Cost": 81454.83, "Total Cost": 434350.37, "Plan Rows": 1, "Plan Width": 46, "Actual Startup Time": 19209.958, "Actual Total Time": 50176.583, "Actual Rows": 78, "Actual Loops": 1, "Output": ["cn.name", "miidx.info", "t.title", "t.kind_id"], "Inner Unique": true, "Plans": [{"Node Type": "Nested Loop", "Parent Relationship": "Outer", "Parallel Aware": false, "Join Type": "Inner", "Startup Cost": 81454.41, "Total Cost": 434349.92, "Plan Rows": 1, "Plan Width": 31, "Actual Startup Time": 19209.932, "Actual Total Time": 50175.031, "Actual Rows": 200, "Actual Loops": 1, "Output": ["mc.company_id", "miidx.info", "t.title", "t.kind_id"], "Inner Unique": true, "Plans": [{"Node Type": "Hash Join", "Parent Relationship": "Outer", "Parallel Aware": false, "Join Type": "Inner", "Startup Cost": 81453.98, "Total Cost": 432415.89, "Plan Rows": 4145, "Plan Width": 22, "Actual Startup Time": 19120.429, "Actual Total Time": 38327.438, "Actual Rows": 2504990, "Actual Loops": 1, "Output": ["mc.movie_id", "mc.company_id", "mi.movie_id", "miidx.info", "miidx.movie_id"], "Inner Unique": false, "Hash Cond": "(mi.movie_id = mc.movie_id)", "Plans": [{"Node Type": "Hash Join", "Parent Relationship": "Outer", "Parallel Aware": false, "Join Type": "Inner", "Startup Cost": 2.43, "Total Cost": 350434.19, "Plan Rows": 131065, "Plan Width": 4, "Actual Startup Time": 8726.329, "Actual Total Time": 22601.321, "Actual Rows": 3036719, "Actual Loops": 1, "Output": ["mi.movie_id"], "Inner Unique": true, "Hash Cond": "(mi.info_type_id = it2.id)", "Plans": [{"Node Type": "Seq Scan", "Parent Relationship": "Outer", "Parallel Aware": false, "Relation Name": "movie_info", "Schema": "public", "Alias": "mi", "Startup Cost": 0.0, "Total Cost": 310096.5, "Plan Rows": 14810350, "Plan Width": 8, "Actual Startup Time": 0.018, "Actual Total Time": 10551.729, "Actual Rows": 14835720, "Actual Loops": 1, "Output": ["mi.id", "mi.movie_id", "mi.info_type_id", "mi.info", "mi.note"]}, {"Node Type": "Hash", "Parent Relationship": "Inner", "Parallel Aware": false, "Startup Cost": 2.41, "Total Cost": 2.41, "Plan Rows": 1, "Plan Width": 4, "Actual Startup Time": 0.023, "Actual Total Time": 0.025, "Actual Rows": 1, "Actual Loops": 1, "Output": ["it2.id"], "Hash Buckets": 1024, "Original Hash Buckets": 1024, "Hash Batches": 1, "Original Hash Batches": 1, "Peak Memory Usage": 9, "Plans": [{"Node Type": "Seq Scan", "Parent Relationship": "Outer", "Parallel Aware": false, "Relation Name": "info_type", "Schema": "public", "Alias": "it2", "Startup Cost": 0.0, "Total Cost": 2.41, "Plan Rows": 1, "Plan Width": 4, "Actual Startup Time": 0.014, "Actual Total Time": 0.021, "Actual Rows": 1, "Actual Loops": 1, "Output": ["it2.id"], "Filter": "((it2.info)::text = 'release dates'::text)", "Rows Removed by Filter": 112}]}]}, {"Node Type": "Hash", "Parent Relationship": "Inner", "Parallel Aware": false, "Startup Cost": 81259.98, "Total Cost": 81259.98, "Plan Rows": 15326, "Plan Width": 18, "Actual Startup Time": 10393.992, "Actual Total Time": 10394.005, "Actual Rows": 584222, "Actual Loops": 1, "Output": ["mc.movie_id", "mc.company_id", "miidx.info", "miidx.movie_id"], "Hash Buckets": 131072, "Original Hash Buckets": 16384, "Hash Batches": 2, "Original Hash Batches": 1, "Peak Memory Usage": 14700, "Plans": [{"Node Type": "Hash Join", "Parent Relationship": "Outer", "Parallel Aware": false, "Join Type": "Inner", "Startup Cost": 25649.96, "Total Cost": 81259.98, "Plan Rows": 15326, "Plan Width": 18, "Actual Startup Time": 4818.196, "Actual Total Time": 9921.839, "Actual Rows": 584222, "Actual Loops": 1, "Output": ["mc.movie_id", "mc.company_id", "miidx.info", "miidx.movie_id"], "Inner Unique": true, "Hash Cond": "(mc.company_type_id = ct.id)", "Plans": [{"Node Type": "Hash Join", "Parent Relationship": "Outer", "Parallel Aware": false, "Join Type": "Inner", "Startup Cost": 25648.9, "Total Cost": 80927.48, "Plan Rows": 61306, "Plan Width": 22, "Actual Startup Time": 2620.213, "Actual Total Time": 8627.278, "Actual Rows": 1354883, "Actual Loops": 1, "Output": ["miidx.info", "miidx.movie_id", "mc.movie_id", "mc.company_id", "mc.company_type_id"], "Inner Unique": false, "Hash Cond": "(mc.movie_id = miidx.movie_id)", "Plans": [{"Node Type": "Seq Scan", "Parent Relationship": "Outer", "Parallel Aware": false, "Relation Name": "movie_companies", "Schema": "public", "Alias": "mc", "Startup Cost": 0.0, "Total Cost": 44881.29, "Plan Rows": 2609129, "Plan Width": 12, "Actual Startup Time": 0.013, "Actual Total Time": 1868.58, "Actual Rows": 2609129, "Actual Loops": 1, "Output": ["mc.id", "mc.movie_id", "mc.company_id", "mc.company_type_id", "mc.note"]}, {"Node Type": "Hash", "Parent Relationship": "Inner", "Parallel Aware": false, "Startup Cost": 25496.24, "Total Cost": 25496.24, "Plan Rows": 12213, "Plan Width": 10, "Actual Startup Time": 2620.07, "Actual Total Time": 2620.076, "Actual Rows": 459925, "Actual Loops": 1, "Output": ["miidx.info", "miidx.movie_id"], "Hash Buckets": 131072, "Original Hash Buckets": 16384, "Hash Batches": 8, "Original Hash Batches": 1, "Peak Memory Usage": 3275, "Plans": [{"Node Type": "Hash Join", "Parent Relationship": "Outer", "Parallel Aware": false, "Join Type": "Inner", "Startup Cost": 2.43, "Total Cost": 25496.24, "Plan Rows": 12213, "Plan Width": 10, "Actual Startup Time": 0.041, "Actual Total Time": 2267.673, "Actual Rows": 459925, "Actual Loops": 1, "Output": ["miidx.info", "miidx.movie_id"], "Inner Unique": true, "Hash Cond": "(miidx.info_type_id = it.id)", "Plans": [{"Node Type": "Seq Scan", "Parent Relationship": "Outer", "Parallel Aware": false, "Relation Name": "movie_info_idx", "Schema": "public", "Alias": "miidx", "Startup Cost": 0.0, "Total Cost": 21735.35, "Plan Rows": 1380035, "Plan Width": 14, "Actual Startup Time": 0.013, "Actual Total Time": 932.826, "Actual Rows": 1380035, "Actual Loops": 1, "Output": ["miidx.id", "miidx.movie_id", "miidx.info_type_id", "miidx.info", "miidx.note"]}, {"Node Type": "Hash", "Parent Relationship": "Inner", "Parallel Aware": false, "Startup Cost": 2.41, "Total Cost": 2.41, "Plan Rows": 1, "Plan Width": 4, "Actual Startup Time": 0.017, "Actual Total Time": 0.019, "Actual Rows": 1, "Actual Loops": 1, "Output": ["it.id"], "Hash Buckets": 1024, "Original Hash Buckets": 1024, "Hash Batches": 1, "Original Hash Batches": 1, "Peak Memory Usage": 9, "Plans": [{"Node Type": "Seq Scan", "Parent Relationship": "Outer", "Parallel Aware": false, "Relation Name": "info_type", "Schema": "public", "Alias": "it", "Startup Cost": 0.0, "Total Cost": 2.41, "Plan Rows": 1, "Plan Width": 4, "Actual Startup Time": 0.014, "Actual Total Time": 0.015, "Actual Rows": 1, "Actual Loops": 1, "Output": ["it.id"], "Filter": "((it.info)::text = 'rating'::text)", "Rows Removed by Filter": 112}]}]}]}]}, {"Node Type": "Hash", "Parent Relationship": "Inner", "Parallel Aware": false, "Startup Cost": 1.05, "Total Cost": 1.05, "Plan Rows": 1, "Plan Width": 4, "Actual Startup Time": 4.15, "Actual Total Time": 4.152, "Actual Rows": 1, "Actual Loops": 1, "Output": ["ct.id"], "Hash Buckets": 1024, "Original Hash Buckets": 1024, "Hash Batches": 1, "Original Hash Batches": 1, "Peak Memory Usage": 9, "Plans": [{"Node Type": "Seq Scan", "Parent Relationship": "Outer", "Parallel Aware": false, "Relation Name": "company_type", "Schema": "public", "Alias": "ct", "Startup Cost": 0.0, "Total Cost": 1.05, "Plan Rows": 1, "Plan Width": 4, "Actual Startup Time": 4.144, "Actual Total Time": 4.145, "Actual Rows": 1, "Actual Loops": 1, "Output": ["ct.id"], "Filter": "((ct.kind)::text = 'production companies'::text)", "Rows Removed by Filter": 3}]}]}]}]}, {"Node Type": "Index Scan", "Parent Relationship": "Inner", "Parallel Aware": false, "Scan Direction": "Forward", "Index Name": "title_pkey", "Relation Name": "title", "Schema": "public", "Alias": "t", "Startup Cost": 0.43, "Total Cost": 0.47, "Plan Rows": 1, "Plan Width": 25, "Actual Startup Time": 0.003, "Actual Total Time": 0.003, "Actual Rows": 0, "Actual Loops": 2504990, "Output": ["t.id", "t.title", "t.imdb_index", "t.kind_id", "t.production_year", "t.imdb_id", "t.phonetic_code", "t.episode_of_id", "t.season_nr", "t.episode_nr", "t.series_years", "t.md5sum"], "Index Cond": "(t.id = mi.movie_id)", "Rows Removed by Index Recheck": 0, "Filter": "((t.title <> ''::text) AND ((t.title ~~ 'Champion%'::text) OR (t.title ~~ 'Loser%'::text)))", "Rows Removed by Filter": 1}]}, {"Node Type": "Index Scan", "Parent Relationship": "Inner", "Parallel Aware": false, "Scan Direction": "Forward", "Index Name": "company_name_pkey", "Relation Name": "company_name", "Schema": "public", "Alias": "cn", "Startup Cost": 0.42, "Total Cost": 0.45, "Plan Rows": 1, "Plan Width": 23, "Actual Startup Time": 0.006, "Actual Total Time": 0.006, "Actual Rows": 0, "Actual Loops": 200, "Output": ["cn.id", "cn.name", "cn.country_code", "cn.imdb_id", "cn.name_pcode_nf", "cn.name_pcode_sf", "cn.md5sum"], "Index Cond": "(cn.id = mc.company_id)", "Rows Removed by Index Recheck": 0, "Filter": "((cn.country_code)::text = '[us]'::text)", "Rows Removed by Filter": 1}]}, {"Node Type": "Index Scan", "Parent Relationship": "Inner", "Parallel Aware": false, "Scan Direction": "Forward", "Index Name": "kind_type_pkey", "Relation Name": "kind_type", "Schema": "public", "Alias": "kt", "Startup Cost": 0.13, "Total Cost": 0.18, "Plan Rows": 1, "Plan Width": 4, "Actual Startup Time": 0.002, "Actual Total Time": 0.002, "Actual Rows": 1, "Actual Loops": 78, "Output": ["kt.id", "kt.kind"], "Index Cond": "(kt.id = t.kind_id)", "Rows Removed by Index Recheck": 0, "Filter": "((kt.kind)::text = 'movie'::text)", "Rows Removed by Filter": 0}]}]}, "Planning Time": 3.816, "Triggers": [], "Execution Time": 50177.105}]