[{"Plan": {"Node Type": "Aggregate", "Strategy": "Plain", "Partial Mode": "Simple", "Parallel Aware": false, "Startup Cost": 610904.54, "Total Cost": 610904.55, "Plan Rows": 1, "Plan Width": 64, "Actual Startup Time": 4863458.172, "Actual Total Time": 4863458.196, "Actual Rows": 1, "Actual Loops": 1, "Output": ["min(mi_idx.info)", "min(t.title)"], "Plans": [{"Node Type": "Nested Loop", "Parent Relationship": "Outer", "Parallel Aware": false, "Join Type": "Inner", "Startup Cost": 2967.98, "Total Cost": 610904.54, "Plan Rows": 1, "Plan Width": 23, "Actual Startup Time": 7873.939, "Actual Total Time": 4863456.062, "Actual Rows": 761, "Actual Loops": 1, "Output": ["mi_idx.info", "t.title"], "Inner Unique": false, "Join Filter": "(mi_idx.movie_id = t.id)", "Rows Removed by Join Filter": 581867869, "Plans": [{"Node Type": "Nested Loop", "Parent Relationship": "Outer", "Parallel Aware": false, "Join Type": "Inner", "Startup Cost": 2965.56, "Total Cost": 581935.46, "Plan Rows": 1, "Plan Width": 29, "Actual Startup Time": 6571.053, "Actual Total Time": 1510297.085, "Actual Rows": 1281, "Actual Loops": 1, "Output": ["mi.movie_id", "mk.movie_id", "t.title", "t.id"], "Inner Unique": false, "Join Filter": "(mi.movie_id = t.id)", "Rows Removed by Join Filter": 1207616185, "Plans": [{"Node Type": "Hash Join", "Parent Relationship": "Outer", "Parallel Aware": false, "Join Type": "Inner", "Startup Cost": 2.43, "Total Cost": 497068.69, "Plan Rows": 5980, "Plan Width": 4, "Actual Startup Time": 0.051, "Actual Total Time": 9161.899, "Actual Rows": 614251, "Actual Loops": 1, "Output": ["mi.movie_id"], "Inner Unique": true, "Hash Cond": "(mi.info_type_id = it1.id)", "Plans": [{"Node Type": "Seq Scan", "Parent Relationship": "Outer", "Parallel Aware": false, "Relation Name": "movie_info", "Schema": "public", "Alias": "mi", "Startup Cost": 0.0, "Total Cost": 495225.88, "Plan Rows": 675759, "Plan Width": 8, "Actual Startup Time": 0.02, "Actual Total Time": 7914.726, "Actual Rows": 706674, "Actual Loops": 1, "Output": ["mi.id", "mi.movie_id", "mi.info_type_id", "mi.info", "mi.note"], "Filter": "(mi.info = ANY ('{Sweden,Norway,Germany,Denmark,Swedish,Denish,Norwegian,German,USA,American}'::text[]))", "Rows Removed by Filter": 14129046}, {"Node Type": "Hash", "Parent Relationship": "Inner", "Parallel Aware": false, "Startup Cost": 2.41, "Total Cost": 2.41, "Plan Rows": 1, "Plan Width": 4, "Actual Startup Time": 0.022, "Actual Total Time": 0.025, "Actual Rows": 1, "Actual Loops": 1, "Output": ["it1.id"], "Hash Buckets": 1024, "Original Hash Buckets": 1024, "Hash Batches": 1, "Original Hash Batches": 1, "Peak Memory Usage": 9, "Plans": [{"Node Type": "Seq Scan", "Parent Relationship": "Outer", "Parallel Aware": false, "Relation Name": "info_type", "Schema": "public", "Alias": "it1", "Startup Cost": 0.0, "Total Cost": 2.41, "Plan Rows": 1, "Plan Width": 4, "Actual Startup Time": 0.012, "Actual Total Time": 0.019, "Actual Rows": 1, "Actual Loops": 1, "Output": ["it1.id"], "Filter": "((it1.info)::text = 'countries'::text)", "Rows Removed by Filter": 112}]}]}, {"Node Type": "Materialize", "Parent Relationship": "Inner", "Parallel Aware": false, "Startup Cost": 2963.13, "Total Cost": 84597.67, "Plan Rows": 3, "Plan Width": 25, "Actual Startup Time": 0.001, "Actual Total Time": 1.172, "Actual Rows": 1966, "Actual Loops": 614251, "Output": ["mk.movie_id", "t.title", "t.id"], "Plans": [{"Node Type": "Hash Join", "Parent Relationship": "Outer", "Parallel Aware": false, "Join Type": "Inner", "Startup Cost": 2963.13, "Total Cost": 84597.66, "Plan Rows": 3, "Plan Width": 25, "Actual Startup Time": 68.613, "Actual Total Time": 6365.306, "Actual Rows": 1966, "Actual Loops": 1, "Output": ["mk.movie_id", "t.title", "t.id"], "Inner Unique": true, "Hash Cond": "(t.kind_id = kt.id)", "Plans": [{"Node Type": "Nested Loop", "Parent Relationship": "Outer", "Parallel Aware": false, "Join Type": "Inner", "Startup Cost": 2962.03, "Total Cost": 84596.47, "Plan Rows": 21, "Plan Width": 29, "Actual Startup Time": 68.592, "Actual Total Time": 6362.511, "Actual Rows": 2582, "Actual Loops": 1, "Output": ["mk.movie_id", "t.title", "t.kind_id", "t.id"], "Inner Unique": true, "Plans": [{"Node Type": "Hash Join", "Parent Relationship": "Outer", "Parallel Aware": false, "Join Type": "Inner", "Startup Cost": 2961.6, "Total Cost": 84530.59, "Plan Rows": 135, "Plan Width": 4, "Actual Startup Time": 42.523, "Actual Total Time": 6043.694, "Actual Rows": 37091, "Actual Loops": 1, "Output": ["mk.movie_id"], "Inner Unique": true, "Hash Cond": "(mk.keyword_id = k.id)", "Plans": [{"Node Type": "Seq Scan", "Parent Relationship": "Outer", "Parallel Aware": false, "Relation Name": "movie_keyword", "Schema": "public", "Alias": "mk", "Startup Cost": 0.0, "Total Cost": 69693.3, "Plan Rows": 4523930, "Plan Width": 8, "Actual Startup Time": 0.011, "Actual Total Time": 2937.699, "Actual Rows": 4523930, "Actual Loops": 1, "Output": ["mk.id", "mk.movie_id", "mk.keyword_id"]}, {"Node Type": "Hash", "Parent Relationship": "Inner", "Parallel Aware": false, "Startup Cost": 2961.55, "Total Cost": 2961.55, "Plan Rows": 4, "Plan Width": 4, "Actual Startup Time": 42.481, "Actual Total Time": 42.483, "Actual Rows": 3, "Actual Loops": 1, "Output": ["k.id"], "Hash Buckets": 1024, "Original Hash Buckets": 1024, "Hash Batches": 1, "Original Hash Batches": 1, "Peak Memory Usage": 9, "Plans": [{"Node Type": "Seq Scan", "Parent Relationship": "Outer", "Parallel Aware": false, "Relation Name": "keyword", "Schema": "public", "Alias": "k", "Startup Cost": 0.0, "Total Cost": 2961.55, "Plan Rows": 4, "Plan Width": 4, "Actual Startup Time": 1.099, "Actual Total Time": 42.476, "Actual Rows": 3, "Actual Loops": 1, "Output": ["k.id"], "Filter": "(k.keyword = ANY ('{murder,murder-in-title,blood,violence}'::text[]))", "Rows Removed by Filter": 134167}]}]}, {"Node Type": "Index Scan", "Parent Relationship": "Inner", "Parallel Aware": false, "Scan Direction": "Forward", "Index Name": "title_pkey", "Relation Name": "title", "Schema": "public", "Alias": "t", "Startup Cost": 0.43, "Total Cost": 0.49, "Plan Rows": 1, "Plan Width": 25, "Actual Startup Time": 0.006, "Actual Total Time": 0.006, "Actual Rows": 0, "Actual Loops": 37091, "Output": ["t.id", "t.title", "t.imdb_index", "t.kind_id", "t.production_year", "t.imdb_id", "t.phonetic_code", "t.episode_of_id", "t.season_nr", "t.episode_nr", "t.series_years", "t.md5sum"], "Index Cond": "(t.id = mk.movie_id)", "Rows Removed by Index Recheck": 0, "Filter": "(t.production_year > 2010)", "Rows Removed by Filter": 1}]}, {"Node Type": "Hash", "Parent Relationship": "Inner", "Parallel Aware": false, "Startup Cost": 1.09, "Total Cost": 1.09, "Plan Rows": 1, "Plan Width": 4, "Actual Startup Time": 0.013, "Actual Total Time": 0.015, "Actual Rows": 1, "Actual Loops": 1, "Output": ["kt.id"], "Hash Buckets": 1024, "Original Hash Buckets": 1024, "Hash Batches": 1, "Original Hash Batches": 1, "Peak Memory Usage": 9, "Plans": [{"Node Type": "Seq Scan", "Parent Relationship": "Outer", "Parallel Aware": false, "Relation Name": "kind_type", "Schema": "public", "Alias": "kt", "Startup Cost": 0.0, "Total Cost": 1.09, "Plan Rows": 1, "Plan Width": 4, "Actual Startup Time": 0.01, "Actual Total Time": 0.011, "Actual Rows": 1, "Actual Loops": 1, "Output": ["kt.id"], "Filter": "((kt.kind)::text = 'movie'::text)", "Rows Removed by Filter": 6}]}]}]}]}, {"Node Type": "Hash Join", "Parent Relationship": "Inner", "Parallel Aware": false, "Join Type": "Inner", "Startup Cost": 2.43, "Total Cost": 28821.49, "Plan Rows": 11807, "Plan Width": 10, "Actual Startup Time": 0.017, "Actual Total Time": 2340.531, "Actual Rows": 454230, "Actual Loops": 1281, "Output": ["mi_idx.info", "mi_idx.movie_id"], "Inner Unique": true, "Hash Cond": "(mi_idx.info_type_id = it2.id)", "Plans": [{"Node Type": "Seq Scan", "Parent Relationship": "Outer", "Parallel Aware": false, "Relation Name": "movie_info_idx", "Schema": "public", "Alias": "mi_idx", "Startup Cost": 0.0, "Total Cost": 25185.44, "Plan Rows": 1334199, "Plan Width": 14, "Actual Startup Time": 0.013, "Actual Total Time": 1150.028, "Actual Rows": 1337634, "Actual Loops": 1281, "Output": ["mi_idx.id", "mi_idx.movie_id", "mi_idx.info_type_id", "mi_idx.info", "mi_idx.note"], "Filter": "(mi_idx.info < '8.5'::text)", "Rows Removed by Filter": 42401}, {"Node Type": "Hash", "Parent Relationship": "Inner", "Parallel Aware": false, "Startup Cost": 2.41, "Total Cost": 2.41, "Plan Rows": 1, "Plan Width": 4, "Actual Startup Time": 0.027, "Actual Total Time": 0.029, "Actual Rows": 1, "Actual Loops": 1, "Output": ["it2.id"], "Hash Buckets": 1024, "Original Hash Buckets": 1024, "Hash Batches": 1, "Original Hash Batches": 1, "Peak Memory Usage": 9, "Plans": [{"Node Type": "Seq Scan", "Parent Relationship": "Outer", "Parallel Aware": false, "Relation Name": "info_type", "Schema": "public", "Alias": "it2", "Startup Cost": 0.0, "Total Cost": 2.41, "Plan Rows": 1, "Plan Width": 4, "Actual Startup Time": 0.022, "Actual Total Time": 0.024, "Actual Rows": 1, "Actual Loops": 1, "Output": ["it2.id"], "Filter": "((it2.info)::text = 'rating'::text)", "Rows Removed by Filter": 112}]}]}]}]}, "Planning Time": 2.209, "Triggers": [], "Execution Time": 4863458.297}]