[{"Plan": {"Node Type": "Aggregate", "Strategy": "Plain", "Partial Mode": "Simple", "Parallel Aware": false, "Startup Cost": 607643.5, "Total Cost": 607643.51, "Plan Rows": 1, "Plan Width": 64, "Actual Startup Time": 42217.726, "Actual Total Time": 42217.75, "Actual Rows": 1, "Actual Loops": 1, "Output": ["min(mi_idx.info)", "min(t.title)"], "Plans": [{"Node Type": "Nested Loop", "Parent Relationship": "Outer", "Parallel Aware": false, "Join Type": "Inner", "Startup Cost": 2631.56, "Total Cost": 607643.49, "Plan Rows": 1, "Plan Width": 23, "Actual Startup Time": 16212.056, "Actual Total Time": 42217.739, "Actual Rows": 1, "Actual Loops": 1, "Output": ["mi_idx.info", "t.title"], "Inner Unique": true, "Plans": [{"Node Type": "Nested Loop", "Parent Relationship": "Outer", "Parallel Aware": false, "Join Type": "Inner", "Startup Cost": 2631.43, "Total Cost": 607643.1, "Plan Rows": 1, "Plan Width": 27, "Actual Startup Time": 16212.029, "Actual Total Time": 42217.69, "Actual Rows": 2, "Actual Loops": 1, "Output": ["mi_idx.info", "t.title", "t.kind_id"], "Inner Unique": false, "Join Filter": "(mi.movie_id = t.id)", "Rows Removed by Join Filter": 1228500, "Plans": [{"Node Type": "Nested Loop", "Parent Relationship": "Outer", "Parallel Aware": false, "Join Type": "Inner", "Startup Cost": 2629.01, "Total Cost": 110499.66, "Plan Rows": 1, "Plan Width": 39, "Actual Startup Time": 7817.165, "Actual Total Time": 24506.674, "Actual Rows": 2, "Actual Loops": 1, "Output": ["mi_idx.info", "mi_idx.movie_id", "mk.movie_id", "t.title", "t.kind_id", "t.id"], "Inner Unique": false, "Join Filter": "(mi_idx.movie_id = t.id)", "Rows Removed by Join Filter": 3897718, "Plans": [{"Node Type": "Nested Loop", "Parent Relationship": "Outer", "Parallel Aware": false, "Join Type": "Inner", "Startup Cost": 2626.58, "Total Cost": 84228.34, "Plan Rows": 1, "Plan Width": 29, "Actual Startup Time": 996.236, "Actual Total Time": 6483.423, "Actual Rows": 15, "Actual Loops": 1, "Output": ["mk.movie_id", "t.title", "t.kind_id", "t.id"], "Inner Unique": true, "Plans": [{"Node Type": "Hash Join", "Parent Relationship": "Outer", "Parallel Aware": false, "Join Type": "Inner", "Startup Cost": 2626.15, "Total Cost": 84195.14, "Plan Rows": 67, "Plan Width": 4, "Actual Startup Time": 44.417, "Actual Total Time": 6234.485, "Actual Rows": 19528, "Actual Loops": 1, "Output": ["mk.movie_id"], "Inner Unique": true, "Hash Cond": "(mk.keyword_id = k.id)", "Plans": [{"Node Type": "Seq Scan", "Parent Relationship": "Outer", "Parallel Aware": false, "Relation Name": "movie_keyword", "Schema": "public", "Alias": "mk", "Startup Cost": 0.0, "Total Cost": 69693.3, "Plan Rows": 4523930, "Plan Width": 8, "Actual Startup Time": 0.01, "Actual Total Time": 3028.077, "Actual Rows": 4523930, "Actual Loops": 1, "Output": ["mk.id", "mk.movie_id", "mk.keyword_id"]}, {"Node Type": "Hash", "Parent Relationship": "Inner", "Parallel Aware": false, "Startup Cost": 2626.12, "Total Cost": 2626.12, "Plan Rows": 2, "Plan Width": 4, "Actual Startup Time": 44.316, "Actual Total Time": 44.321, "Actual Rows": 1, "Actual Loops": 1, "Output": ["k.id"], "Hash Buckets": 1024, "Original Hash Buckets": 1024, "Hash Batches": 1, "Original Hash Batches": 1, "Peak Memory Usage": 9, "Plans": [{"Node Type": "Seq Scan", "Parent Relationship": "Outer", "Parallel Aware": false, "Relation Name": "keyword", "Schema": "public", "Alias": "k", "Startup Cost": 0.0, "Total Cost": 2626.12, "Plan Rows": 2, "Plan Width": 4, "Actual Startup Time": 1.253, "Actual Total Time": 44.312, "Actual Rows": 1, "Actual Loops": 1, "Output": ["k.id"], "Filter": "(k.keyword = ANY ('{murder,murder-in-title}'::text[]))", "Rows Removed by Filter": 134169}]}]}, {"Node Type": "Index Scan", "Parent Relationship": "Inner", "Parallel Aware": false, "Scan Direction": "Forward", "Index Name": "title_pkey", "Relation Name": "title", "Schema": "public", "Alias": "t", "Startup Cost": 0.43, "Total Cost": 0.5, "Plan Rows": 1, "Plan Width": 25, "Actual Startup Time": 0.011, "Actual Total Time": 0.011, "Actual Rows": 0, "Actual Loops": 19528, "Output": ["t.id", "t.title", "t.imdb_index", "t.kind_id", "t.production_year", "t.imdb_id", "t.phonetic_code", "t.episode_of_id", "t.season_nr", "t.episode_nr", "t.series_years", "t.md5sum"], "Index Cond": "(t.id = mk.movie_id)", "Rows Removed by Index Recheck": 0, "Filter": "((t.production_year > 2010) AND ((t.title ~~ '%murder%'::text) OR (t.title ~~ '%Murder%'::text) OR (t.title ~~ '%Mord%'::text)))", "Rows Removed by Filter": 1}]}, {"Node Type": "Hash Join", "Parent Relationship": "Inner", "Parallel Aware": false, "Join Type": "Inner", "Startup Cost": 2.43, "Total Cost": 26229.03, "Plan Rows": 3383, "Plan Width": 10, "Actual Startup Time": 0.011, "Actual Total Time": 1041.186, "Actual Rows": 259848, "Actual Loops": 15, "Output": ["mi_idx.info", "mi_idx.movie_id"], "Inner Unique": true, "Hash Cond": "(mi_idx.info_type_id = it2.id)", "Plans": [{"Node Type": "Seq Scan", "Parent Relationship": "Outer", "Parallel Aware": false, "Relation Name": "movie_info_idx", "Schema": "public", "Alias": "mi_idx", "Startup Cost": 0.0, "Total Cost": 25185.44, "Plan Rows": 382297, "Plan Width": 14, "Actual Startup Time": 0.007, "Actual Total Time": 604.863, "Actual Rows": 373409, "Actual Loops": 15, "Output": ["mi_idx.id", "mi_idx.movie_id", "mi_idx.info_type_id", "mi_idx.info", "mi_idx.note"], "Filter": "(mi_idx.info > '6.0'::text)", "Rows Removed by Filter": 1006626}, {"Node Type": "Hash", "Parent Relationship": "Inner", "Parallel Aware": false, "Startup Cost": 2.41, "Total Cost": 2.41, "Plan Rows": 1, "Plan Width": 4, "Actual Startup Time": 0.019, "Actual Total Time": 0.021, "Actual Rows": 1, "Actual Loops": 1, "Output": ["it2.id"], "Hash Buckets": 1024, "Original Hash Buckets": 1024, "Hash Batches": 1, "Original Hash Batches": 1, "Peak Memory Usage": 9, "Plans": [{"Node Type": "Seq Scan", "Parent Relationship": "Outer", "Parallel Aware": false, "Relation Name": "info_type", "Schema": "public", "Alias": "it2", "Startup Cost": 0.0, "Total Cost": 2.41, "Plan Rows": 1, "Plan Width": 4, "Actual Startup Time": 0.014, "Actual Total Time": 0.016, "Actual Rows": 1, "Actual Loops": 1, "Output": ["it2.id"], "Filter": "((it2.info)::text = 'rating'::text)", "Rows Removed by Filter": 112}]}]}]}, {"Node Type": "Hash Join", "Parent Relationship": "Inner", "Parallel Aware": false, "Join Type": "Inner", "Startup Cost": 2.43, "Total Cost": 497068.69, "Plan Rows": 5980, "Plan Width": 4, "Actual Startup Time": 0.036, "Actual Total Time": 8459.964, "Actual Rows": 614251, "Actual Loops": 2, "Output": ["mi.movie_id"], "Inner Unique": true, "Hash Cond": "(mi.info_type_id = it1.id)", "Plans": [{"Node Type": "Seq Scan", "Parent Relationship": "Outer", "Parallel Aware": false, "Relation Name": "movie_info", "Schema": "public", "Alias": "mi", "Startup Cost": 0.0, "Total Cost": 495225.88, "Plan Rows": 675759, "Plan Width": 8, "Actual Startup Time": 0.019, "Actual Total Time": 7581.624, "Actual Rows": 706674, "Actual Loops": 2, "Output": ["mi.id", "mi.movie_id", "mi.info_type_id", "mi.info", "mi.note"], "Filter": "(mi.info = ANY ('{Sweden,Norway,Germany,Denmark,Swedish,Denish,Norwegian,German,USA,American}'::text[]))", "Rows Removed by Filter": 14129046}, {"Node Type": "Hash", "Parent Relationship": "Inner", "Parallel Aware": false, "Startup Cost": 2.41, "Total Cost": 2.41, "Plan Rows": 1, "Plan Width": 4, "Actual Startup Time": 0.02, "Actual Total Time": 0.022, "Actual Rows": 1, "Actual Loops": 1, "Output": ["it1.id"], "Hash Buckets": 1024, "Original Hash Buckets": 1024, "Hash Batches": 1, "Original Hash Batches": 1, "Peak Memory Usage": 9, "Plans": [{"Node Type": "Seq Scan", "Parent Relationship": "Outer", "Parallel Aware": false, "Relation Name": "info_type", "Schema": "public", "Alias": "it1", "Startup Cost": 0.0, "Total Cost": 2.41, "Plan Rows": 1, "Plan Width": 4, "Actual Startup Time": 0.009, "Actual Total Time": 0.017, "Actual Rows": 1, "Actual Loops": 1, "Output": ["it1.id"], "Filter": "((it1.info)::text = 'countries'::text)", "Rows Removed by Filter": 112}]}]}]}, {"Node Type": "Index Scan", "Parent Relationship": "Inner", "Parallel Aware": false, "Scan Direction": "Forward", "Index Name": "kind_type_pkey", "Relation Name": "kind_type", "Schema": "public", "Alias": "kt", "Startup Cost": 0.13, "Total Cost": 0.26, "Plan Rows": 1, "Plan Width": 4, "Actual Startup Time": 0.018, "Actual Total Time": 0.018, "Actual Rows": 0, "Actual Loops": 2, "Output": ["kt.id", "kt.kind"], "Index Cond": "(kt.id = t.kind_id)", "Rows Removed by Index Recheck": 0, "Filter": "((kt.kind)::text = 'movie'::text)", "Rows Removed by Filter": 0}]}]}, "Planning Time": 2.563, "Triggers": [], "Execution Time": 42217.836}]