[{"Plan": {"Node Type": "Aggregate", "Strategy": "Plain", "Partial Mode": "Simple", "Parallel Aware": false, "Startup Cost": 540186.93, "Total Cost": 540186.94, "Plan Rows": 1, "Plan Width": 64, "Actual Startup Time": 7046.344, "Actual Total Time": 7046.372, "Actual Rows": 1, "Actual Loops": 1, "Output": ["min(mi.info)", "min(t.title)"], "Plans": [{"Node Type": "Nested Loop", "Parent Relationship": "Outer", "Parallel Aware": false, "Join Type": "Inner", "Startup Cost": 453500.63, "Total Cost": 540186.85, "Plan Rows": 17, "Plan Width": 59, "Actual Startup Time": 3273.265, "Actual Total Time": 7046.072, "Actual Rows": 328, "Actual Loops": 1, "Output": ["mi.info", "t.title"], "Inner Unique": true, "Plans": [{"Node Type": "Hash Join", "Parent Relationship": "Outer", "Parallel Aware": false, "Join Type": "Inner", "Startup Cost": 453500.21, "Total Cost": 540179.41, "Plan Rows": 17, "Plan Width": 63, "Actual Startup Time": 3273.243, "Actual Total Time": 7044.128, "Actual Rows": 328, "Actual Loops": 1, "Output": ["mi.info", "mk.keyword_id", "t.title"], "Inner Unique": true, "Hash Cond": "(mc.company_type_id = ct.id)", "Plans": [{"Node Type": "Nested Loop", "Parent Relationship": "Outer", "Parallel Aware": false, "Join Type": "Inner", "Startup Cost": 453499.12, "Total Cost": 540178.23, "Plan Rows": 17, "Plan Width": 67, "Actual Startup Time": 3273.21, "Actual Total Time": 7043.744, "Actual Rows": 328, "Actual Loops": 1, "Output": ["mc.company_type_id", "mi.info", "mk.keyword_id", "t.title"], "Inner Unique": true, "Plans": [{"Node Type": "Hash Join", "Parent Relationship": "Outer", "Parallel Aware": false, "Join Type": "Inner", "Startup Cost": 453498.7, "Total Cost": 540157.24, "Plan Rows": 17, "Plan Width": 71, "Actual Startup Time": 3273.171, "Actual Total Time": 7041.906, "Actual Rows": 354, "Actual Loops": 1, "Output": ["mc.company_id", "mc.company_type_id", "mi.info", "mk.keyword_id", "t.title"], "Inner Unique": false, "Hash Cond": "(t.id = mc.movie_id)", "Plans": [{"Node Type": "Hash Join", "Parent Relationship": "Outer", "Parallel Aware": false, "Join Type": "Inner", "Startup Cost": 395342.47, "Total Cost": 482000.54, "Plan Rows": 52, "Plan Width": 79, "Actual Startup Time": 2738.942, "Actual Total Time": 6527.794, "Actual Rows": 1024, "Actual Loops": 1, "Output": ["at.movie_id", "mi.info", "mi.movie_id", "mk.movie_id", "mk.keyword_id", "t.title", "t.id"], "Inner Unique": false, "Hash Cond": "(mk.movie_id = t.id)", "Plans": [{"Node Type": "Seq Scan", "Parent Relationship": "Outer", "Parallel Aware": false, "Relation Name": "movie_keyword", "Schema": "public", "Alias": "mk", "Startup Cost": 0.0, "Total Cost": 69693.3, "Plan Rows": 4523930, "Plan Width": 8, "Actual Startup Time": 0.011, "Actual Total Time": 2015.808, "Actual Rows": 4523930, "Actual Loops": 1, "Output": ["mk.id", "mk.movie_id", "mk.keyword_id"]}, {"Node Type": "Hash", "Parent Relationship": "Inner", "Parallel Aware": false, "Startup Cost": 395342.44, "Total Cost": 395342.44, "Plan Rows": 2, "Plan Width": 71, "Actual Startup Time": 2462.685, "Actual Total Time": 2462.7, "Actual Rows": 111, "Actual Loops": 1, "Output": ["at.movie_id", "mi.info", "mi.movie_id", "t.title", "t.id"], "Hash Buckets": 1024, "Original Hash Buckets": 1024, "Hash Batches": 1, "Original Hash Batches": 1, "Peak Memory Usage": 18, "Plans": [{"Node Type": "Hash Join", "Parent Relationship": "Outer", "Parallel Aware": false, "Join Type": "Inner", "Startup Cost": 384180.19, "Total Cost": 395342.44, "Plan Rows": 2, "Plan Width": 71, "Actual Startup Time": 2071.251, "Actual Total Time": 2462.511, "Actual Rows": 111, "Actual Loops": 1, "Output": ["at.movie_id", "mi.info", "mi.movie_id", "t.title", "t.id"], "Inner Unique": false, "Hash Cond": "(at.movie_id = t.id)", "Plans": [{"Node Type": "Seq Scan", "Parent Relationship": "Outer", "Parallel Aware": false, "Relation Name": "aka_title", "Schema": "public", "Alias": "at", "Startup Cost": 0.0, "Total Cost": 9806.72, "Plan Rows": 361472, "Plan Width": 4, "Actual Startup Time": 0.164, "Actual Total Time": 203.129, "Actual Rows": 361472, "Actual Loops": 1, "Output": ["at.id", "at.movie_id", "at.title", "at.imdb_index", "at.kind_id", "at.production_year", "at.phonetic_code", "at.episode_of_id", "at.season_nr", "at.episode_nr", "at.note", "at.md5sum"]}, {"Node Type": "Hash", "Parent Relationship": "Inner", "Parallel Aware": false, "Startup Cost": 384180.17, "Total Cost": 384180.17, "Plan Rows": 2, "Plan Width": 67, "Actual Startup Time": 2070.583, "Actual Total Time": 2070.589, "Actual Rows": 1749, "Actual Loops": 1, "Output": ["mi.info", "mi.movie_id", "t.title", "t.id"], "Hash Buckets": 2048, "Original Hash Buckets": 1024, "Hash Batches": 1, "Original Hash Batches": 1, "Peak Memory Usage": 155, "Plans": [{"Node Type": "Nested Loop", "Parent Relationship": "Outer", "Parallel Aware": false, "Join Type": "Inner", "Startup Cost": 0.43, "Total Cost": 384180.17, "Plan Rows": 2, "Plan Width": 67, "Actual Startup Time": 780.327, "Actual Total Time": 2068.541, "Actual Rows": 1749, "Actual Loops": 1, "Output": ["mi.info", "mi.movie_id", "t.title", "t.id"], "Inner Unique": true, "Plans": [{"Node Type": "Nested Loop", "Parent Relationship": "Outer", "Parallel Aware": false, "Join Type": "Inner", "Startup Cost": 0.0, "Total Cost": 384155.15, "Plan Rows": 3, "Plan Width": 46, "Actual Startup Time": 780.28, "Actual Total Time": 2044.893, "Actual Rows": 1771, "Actual Loops": 1, "Output": ["mi.info", "mi.movie_id"], "Inner Unique": false, "Join Filter": "(it1.id = mi.info_type_id)", "Rows Removed by Join Filter": 0, "Plans": [{"Node Type": "Seq Scan", "Parent Relationship": "Outer", "Parallel Aware": false, "Relation Name": "info_type", "Schema": "public", "Alias": "it1", "Startup Cost": 0.0, "Total Cost": 2.41, "Plan Rows": 1, "Plan Width": 4, "Actual Startup Time": 0.019, "Actual Total Time": 0.031, "Actual Rows": 1, "Actual Loops": 1, "Output": ["it1.id", "it1.info"], "Filter": "((it1.info)::text = 'release dates'::text)", "Rows Removed by Filter": 112}, {"Node Type": "Seq Scan", "Parent Relationship": "Inner", "Parallel Aware": false, "Relation Name": "movie_info", "Schema": "public", "Alias": "mi", "Startup Cost": 0.0, "Total Cost": 384148.25, "Plan Rows": 359, "Plan Width": 50, "Actual Startup Time": 780.255, "Actual Total Time": 2042.898, "Actual Rows": 1771, "Actual Loops": 1, "Output": ["mi.id", "mi.movie_id", "mi.info_type_id", "mi.info", "mi.note"], "Filter": "((mi.note ~~ '%internet%'::text) AND (mi.info ~~ 'USA:% 200%'::text))", "Rows Removed by Filter": 14833949}]}, {"Node Type": "Index Scan", "Parent Relationship": "Inner", "Parallel Aware": false, "Scan Direction": "Forward", "Index Name": "title_pkey", "Relation Name": "title", "Schema": "public", "Alias": "t", "Startup Cost": 0.43, "Total Cost": 8.34, "Plan Rows": 1, "Plan Width": 21, "Actual Startup Time": 0.011, "Actual Total Time": 0.011, "Actual Rows": 1, "Actual Loops": 1771, "Output": ["t.id", "t.title", "t.imdb_index", "t.kind_id", "t.production_year", "t.imdb_id", "t.phonetic_code", "t.episode_of_id", "t.season_nr", "t.episode_nr", "t.series_years", "t.md5sum"], "Index Cond": "(t.id = mi.movie_id)", "Rows Removed by Index Recheck": 0, "Filter": "(t.production_year > 2000)", "Rows Removed by Filter": 0}]}]}]}]}]}, {"Node Type": "Hash", "Parent Relationship": "Inner", "Parallel Aware": false, "Startup Cost": 57926.93, "Total Cost": 57926.93, "Plan Rows": 18344, "Plan Width": 12, "Actual Startup Time": 513.237, "Actual Total Time": 513.239, "Actual Rows": 61664, "Actual Loops": 1, "Output": ["mc.movie_id", "mc.company_id", "mc.company_type_id"], "Hash Buckets": 65536, "Original Hash Buckets": 32768, "Hash Batches": 1, "Original Hash Batches": 1, "Peak Memory Usage": 3162, "Plans": [{"Node Type": "Seq Scan", "Parent Relationship": "Outer", "Parallel Aware": false, "Relation Name": "movie_companies", "Schema": "public", "Alias": "mc", "Startup Cost": 0.0, "Total Cost": 57926.93, "Plan Rows": 18344, "Plan Width": 12, "Actual Startup Time": 0.017, "Actual Total Time": 474.86, "Actual Rows": 61664, "Actual Loops": 1, "Output": ["mc.movie_id", "mc.company_id", "mc.company_type_id"], "Filter": "((mc.note ~~ '%(200%)%'::text) AND (mc.note ~~ '%(worldwide)%'::text))", "Rows Removed by Filter": 2547465}]}]}, {"Node Type": "Index Scan", "Parent Relationship": "Inner", "Parallel Aware": false, "Scan Direction": "Forward", "Index Name": "company_name_pkey", "Relation Name": "company_name", "Schema": "public", "Alias": "cn", "Startup Cost": 0.42, "Total Cost": 1.23, "Plan Rows": 1, "Plan Width": 4, "Actual Startup Time": 0.003, "Actual Total Time": 0.003, "Actual Rows": 1, "Actual Loops": 354, "Output": ["cn.id", "cn.name", "cn.country_code", "cn.imdb_id", "cn.name_pcode_nf", "cn.name_pcode_sf", "cn.md5sum"], "Index Cond": "(cn.id = mc.company_id)", "Rows Removed by Index Recheck": 0, "Filter": "((cn.country_code)::text = '[us]'::text)", "Rows Removed by Filter": 0}]}, {"Node Type": "Hash", "Parent Relationship": "Inner", "Parallel Aware": false, "Startup Cost": 1.04, "Total Cost": 1.04, "Plan Rows": 4, "Plan Width": 4, "Actual Startup Time": 0.023, "Actual Total Time": 0.024, "Actual Rows": 4, "Actual Loops": 1, "Output": ["ct.id"], "Hash Buckets": 1024, "Original Hash Buckets": 1024, "Hash Batches": 1, "Original Hash Batches": 1, "Peak Memory Usage": 9, "Plans": [{"Node Type": "Seq Scan", "Parent Relationship": "Outer", "Parallel Aware": false, "Relation Name": "company_type", "Schema": "public", "Alias": "ct", "Startup Cost": 0.0, "Total Cost": 1.04, "Plan Rows": 4, "Plan Width": 4, "Actual Startup Time": 0.015, "Actual Total Time": 0.018, "Actual Rows": 4, "Actual Loops": 1, "Output": ["ct.id"]}]}]}, {"Node Type": "Index Only Scan", "Parent Relationship": "Inner", "Parallel Aware": false, "Scan Direction": "Forward", "Index Name": "keyword_pkey", "Relation Name": "keyword", "Schema": "public", "Alias": "k", "Startup Cost": 0.42, "Total Cost": 0.44, "Plan Rows": 1, "Plan Width": 4, "Actual Startup Time": 0.004, "Actual Total Time": 0.004, "Actual Rows": 1, "Actual Loops": 328, "Output": ["k.id"], "Index Cond": "(k.id = mk.keyword_id)", "Rows Removed by Index Recheck": 0, "Heap Fetches": 0}]}]}, "Planning Time": 6.11, "Triggers": [], "Execution Time": 7046.524}]