[{"Plan": {"Node Type": "Aggregate", "Strategy": "Plain", "Partial Mode": "Simple", "Parallel Aware": false, "Startup Cost": 549844.81, "Total Cost": 549844.82, "Plan Rows": 1, "Plan Width": 64, "Actual Startup Time": 907528.269, "Actual Total Time": 907528.289, "Actual Rows": 1, "Actual Loops": 1, "Output": ["min(mi.info)", "min(t.title)"], "Plans": [{"Node Type": "Nested Loop", "Parent Relationship": "Outer", "Parallel Aware": false, "Join Type": "Inner", "Startup Cost": 64678.14, "Total Cost": 549844.77, "Plan Rows": 9, "Plan Width": 59, "Actual Startup Time": 647471.791, "Actual Total Time": 907528.235, "Actual Rows": 37, "Actual Loops": 1, "Output": ["mi.info", "t.title"], "Inner Unique": false, "Join Filter": "(t.id = mk.movie_id)", "Rows Removed by Join Filter": 45281, "Plans": [{"Node Type": "Nested Loop", "Parent Relationship": "Outer", "Parallel Aware": false, "Join Type": "Inner", "Startup Cost": 0.43, "Total Cost": 398505.29, "Plan Rows": 1, "Plan Width": 71, "Actual Startup Time": 1776.326, "Actual Total Time": 539988.605, "Actual Rows": 91, "Actual Loops": 1, "Output": ["at.movie_id", "mi.info", "mi.movie_id", "t.title", "t.id"], "Inner Unique": false, "Join Filter": "(t.id = at.movie_id)", "Rows Removed by Join Filter": 574740389, "Plans": [{"Node Type": "Nested Loop", "Parent Relationship": "Outer", "Parallel Aware": false, "Join Type": "Inner", "Startup Cost": 0.43, "Total Cost": 384180.17, "Plan Rows": 1, "Plan Width": 67, "Actual Startup Time": 754.995, "Actual Total Time": 2090.854, "Actual Rows": 1590, "Actual Loops": 1, "Output": ["mi.info", "mi.movie_id", "t.title", "t.id"], "Inner Unique": true, "Plans": [{"Node Type": "Nested Loop", "Parent Relationship": "Outer", "Parallel Aware": false, "Join Type": "Inner", "Startup Cost": 0.0, "Total Cost": 384155.15, "Plan Rows": 3, "Plan Width": 46, "Actual Startup Time": 754.97, "Actual Total Time": 2046.804, "Actual Rows": 1771, "Actual Loops": 1, "Output": ["mi.info", "mi.movie_id"], "Inner Unique": false, "Join Filter": "(it1.id = mi.info_type_id)", "Rows Removed by Join Filter": 0, "Plans": [{"Node Type": "Seq Scan", "Parent Relationship": "Outer", "Parallel Aware": false, "Relation Name": "info_type", "Schema": "public", "Alias": "it1", "Startup Cost": 0.0, "Total Cost": 2.41, "Plan Rows": 1, "Plan Width": 4, "Actual Startup Time": 0.012, "Actual Total Time": 0.026, "Actual Rows": 1, "Actual Loops": 1, "Output": ["it1.id", "it1.info"], "Filter": "((it1.info)::text = 'release dates'::text)", "Rows Removed by Filter": 112}, {"Node Type": "Seq Scan", "Parent Relationship": "Inner", "Parallel Aware": false, "Relation Name": "movie_info", "Schema": "public", "Alias": "mi", "Startup Cost": 0.0, "Total Cost": 384148.25, "Plan Rows": 359, "Plan Width": 50, "Actual Startup Time": 754.954, "Actual Total Time": 2043.061, "Actual Rows": 1771, "Actual Loops": 1, "Output": ["mi.id", "mi.movie_id", "mi.info_type_id", "mi.info", "mi.note"], "Filter": "((mi.note ~~ '%internet%'::text) AND (mi.info ~~ 'USA:% 200%'::text))", "Rows Removed by Filter": 14833949}]}, {"Node Type": "Index Scan", "Parent Relationship": "Inner", "Parallel Aware": false, "Scan Direction": "Forward", "Index Name": "title_pkey", "Relation Name": "title", "Schema": "public", "Alias": "t", "Startup Cost": 0.43, "Total Cost": 8.34, "Plan Rows": 1, "Plan Width": 21, "Actual Startup Time": 0.019, "Actual Total Time": 0.019, "Actual Rows": 1, "Actual Loops": 1771, "Output": ["t.id", "t.title", "t.imdb_index", "t.kind_id", "t.production_year", "t.imdb_id", "t.phonetic_code", "t.episode_of_id", "t.season_nr", "t.episode_nr", "t.series_years", "t.md5sum"], "Index Cond": "(t.id = mi.movie_id)", "Rows Removed by Index Recheck": 0, "Filter": "((t.production_year >= 2005) AND (t.production_year <= 2010))", "Rows Removed by Filter": 0}]}, {"Node Type": "Seq Scan", "Parent Relationship": "Inner", "Parallel Aware": false, "Relation Name": "aka_title", "Schema": "public", "Alias": "at", "Startup Cost": 0.0, "Total Cost": 9806.72, "Plan Rows": 361472, "Plan Width": 4, "Actual Startup Time": 0.008, "Actual Total Time": 182.303, "Actual Rows": 361472, "Actual Loops": 1590, "Output": ["at.id", "at.movie_id", "at.title", "at.imdb_index", "at.kind_id", "at.production_year", "at.phonetic_code", "at.episode_of_id", "at.season_nr", "at.episode_nr", "at.note", "at.md5sum"]}]}, {"Node Type": "Nested Loop", "Parent Relationship": "Inner", "Parallel Aware": false, "Join Type": "Inner", "Startup Cost": 64677.71, "Total Cost": 151339.36, "Plan Rows": 9, "Plan Width": 8, "Actual Startup Time": 107.463, "Actual Total Time": 4038.657, "Actual Rows": 498, "Actual Loops": 91, "Output": ["mc.movie_id", "mk.movie_id"], "Inner Unique": true, "Plans": [{"Node Type": "Hash Join", "Parent Relationship": "Outer", "Parallel Aware": false, "Join Type": "Inner", "Startup Cost": 64677.29, "Total Cost": 151335.42, "Plan Rows": 9, "Plan Width": 12, "Actual Startup Time": 107.442, "Actual Total Time": 4035.393, "Actual Rows": 498, "Actual Loops": 91, "Output": ["mc.movie_id", "mk.movie_id", "mk.keyword_id"], "Inner Unique": false, "Hash Cond": "(mk.movie_id = mc.movie_id)", "Plans": [{"Node Type": "Seq Scan", "Parent Relationship": "Outer", "Parallel Aware": false, "Relation Name": "movie_keyword", "Schema": "public", "Alias": "mk", "Startup Cost": 0.0, "Total Cost": 69693.3, "Plan Rows": 4523930, "Plan Width": 8, "Actual Startup Time": 0.004, "Actual Total Time": 1985.25, "Actual Rows": 4523930, "Actual Loops": 91, "Output": ["mk.id", "mk.movie_id", "mk.keyword_id"]}, {"Node Type": "Hash", "Parent Relationship": "Inner", "Parallel Aware": false, "Startup Cost": 64677.28, "Total Cost": 64677.28, "Plan Rows": 1, "Plan Width": 4, "Actual Startup Time": 539.633, "Actual Total Time": 539.639, "Actual Rows": 278, "Actual Loops": 1, "Output": ["mc.movie_id"], "Hash Buckets": 1024, "Original Hash Buckets": 1024, "Hash Batches": 1, "Original Hash Batches": 1, "Peak Memory Usage": 18, "Plans": [{"Node Type": "Nested Loop", "Parent Relationship": "Outer", "Parallel Aware": false, "Join Type": "Inner", "Startup Cost": 0.0, "Total Cost": 64677.28, "Plan Rows": 1, "Plan Width": 4, "Actual Startup Time": 10.765, "Actual Total Time": 539.316, "Actual Rows": 278, "Actual Loops": 1, "Output": ["mc.movie_id"], "Inner Unique": true, "Join Filter": "(mc.company_type_id = ct.id)", "Rows Removed by Join Filter": 0, "Plans": [{"Node Type": "Nested Loop", "Parent Relationship": "Outer", "Parallel Aware": false, "Join Type": "Inner", "Startup Cost": 0.0, "Total Cost": 64676.19, "Plan Rows": 1, "Plan Width": 8, "Actual Startup Time": 10.752, "Actual Total Time": 537.717, "Actual Rows": 278, "Actual Loops": 1, "Output": ["mc.movie_id", "mc.company_type_id"], "Inner Unique": false, "Join Filter": "(cn.id = mc.company_id)", "Rows Removed by Join Filter": 61386, "Plans": [{"Node Type": "Seq Scan", "Parent Relationship": "Outer", "Parallel Aware": false, "Relation Name": "company_name", "Schema": "public", "Alias": "cn", "Startup Cost": 0.0, "Total Cost": 6519.95, "Plan Rows": 1, "Plan Width": 4, "Actual Startup Time": 8.855, "Actual Total Time": 45.102, "Actual Rows": 1, "Actual Loops": 1, "Output": ["cn.id", "cn.name", "cn.country_code", "cn.imdb_id", "cn.name_pcode_nf", "cn.name_pcode_sf", "cn.md5sum"], "Filter": "(((cn.country_code)::text = '[us]'::text) AND (cn.name = 'YouTube'::text))", "Rows Removed by Filter": 234996}, {"Node Type": "Seq Scan", "Parent Relationship": "Inner", "Parallel Aware": false, "Relation Name": "movie_companies", "Schema": "public", "Alias": "mc", "Startup Cost": 0.0, "Total Cost": 57926.93, "Plan Rows": 18344, "Plan Width": 12, "Actual Startup Time": 0.016, "Actual Total Time": 465.888, "Actual Rows": 61664, "Actual Loops": 1, "Output": ["mc.id", "mc.movie_id", "mc.company_id", "mc.company_type_id", "mc.note"], "Filter": "((mc.note ~~ '%(200%)%'::text) AND (mc.note ~~ '%(worldwide)%'::text))", "Rows Removed by Filter": 2547465}]}, {"Node Type": "Seq Scan", "Parent Relationship": "Inner", "Parallel Aware": false, "Relation Name": "company_type", "Schema": "public", "Alias": "ct", "Startup Cost": 0.0, "Total Cost": 1.04, "Plan Rows": 4, "Plan Width": 4, "Actual Startup Time": 0.001, "Actual Total Time": 0.001, "Actual Rows": 1, "Actual Loops": 278, "Output": ["ct.id", "ct.kind"]}]}]}]}, {"Node Type": "Index Only Scan", "Parent Relationship": "Inner", "Parallel Aware": false, "Scan Direction": "Forward", "Index Name": "keyword_pkey", "Relation Name": "keyword", "Schema": "public", "Alias": "k", "Startup Cost": 0.42, "Total Cost": 0.44, "Plan Rows": 1, "Plan Width": 4, "Actual Startup Time": 0.005, "Actual Total Time": 0.005, "Actual Rows": 1, "Actual Loops": 45318, "Output": ["k.id"], "Index Cond": "(k.id = mk.keyword_id)", "Rows Removed by Index Recheck": 0, "Heap Fetches": 0}]}]}]}, "Planning Time": 5.627, "Triggers": [], "Execution Time": 907528.353}]