[{"Plan": {"Node Type": "Aggregate", "Strategy": "Plain", "Partial Mode": "Simple", "Parallel Aware": false, "Startup Cost": 573776.24, "Total Cost": 573776.25, "Plan Rows": 1, "Plan Width": 64, "Actual Startup Time": 8929.838, "Actual Total Time": 8929.865, "Actual Rows": 1, "Actual Loops": 1, "Output": ["min(mi.info)", "min(t.title)"], "Plans": [{"Node Type": "Nested Loop", "Parent Relationship": "Outer", "Parallel Aware": false, "Join Type": "Inner", "Startup Cost": 487049.9, "Total Cost": 573775.47, "Plan Rows": 155, "Plan Width": 59, "Actual Startup Time": 5028.603, "Actual Total Time": 8928.236, "Actual Rows": 2271, "Actual Loops": 1, "Output": ["mi.info", "t.title"], "Inner Unique": true, "Plans": [{"Node Type": "Hash Join", "Parent Relationship": "Outer", "Parallel Aware": false, "Join Type": "Inner", "Startup Cost": 487049.48, "Total Cost": 573707.61, "Plan Rows": 155, "Plan Width": 63, "Actual Startup Time": 5028.578, "Actual Total Time": 8878.949, "Actual Rows": 2271, "Actual Loops": 1, "Output": ["mi.info", "mk.keyword_id", "t.title"], "Inner Unique": false, "Hash Cond": "(mk.movie_id = t.id)", "Plans": [{"Node Type": "Seq Scan", "Parent Relationship": "Outer", "Parallel Aware": false, "Relation Name": "movie_keyword", "Schema": "public", "Alias": "mk", "Startup Cost": 0.0, "Total Cost": 69693.3, "Plan Rows": 4523930, "Plan Width": 8, "Actual Startup Time": 0.084, "Actual Total Time": 1983.473, "Actual Rows": 4523930, "Actual Loops": 1, "Output": ["mk.id", "mk.movie_id", "mk.keyword_id"]}, {"Node Type": "Hash", "Parent Relationship": "Inner", "Parallel Aware": false, "Startup Cost": 487049.42, "Total Cost": 487049.42, "Plan Rows": 5, "Plan Width": 75, "Actual Startup Time": 4851.703, "Actual Total Time": 4851.724, "Actual Rows": 284, "Actual Loops": 1, "Output": ["at.movie_id", "mc.movie_id", "mi.info", "mi.movie_id", "t.title", "t.id"], "Hash Buckets": 1024, "Original Hash Buckets": 1024, "Hash Batches": 1, "Original Hash Batches": 1, "Peak Memory Usage": 34, "Plans": [{"Node Type": "Nested Loop", "Parent Relationship": "Outer", "Parallel Aware": false, "Join Type": "Inner", "Startup Cost": 432377.89, "Total Cost": 487049.42, "Plan Rows": 5, "Plan Width": 75, "Actual Startup Time": 2466.77, "Actual Total Time": 4851.408, "Actual Rows": 284, "Actual Loops": 1, "Output": ["at.movie_id", "mc.movie_id", "mi.info", "mi.movie_id", "t.title", "t.id"], "Inner Unique": true, "Plans": [{"Node Type": "Nested Loop", "Parent Relationship": "Outer", "Parallel Aware": false, "Join Type": "Inner", "Startup Cost": 432377.76, "Total Cost": 487048.68, "Plan Rows": 5, "Plan Width": 79, "Actual Startup Time": 2466.755, "Actual Total Time": 4850.484, "Actual Rows": 284, "Actual Loops": 1, "Output": ["at.movie_id", "mc.movie_id", "mc.company_type_id", "mi.info", "mi.movie_id", "t.title", "t.id"], "Inner Unique": true, "Plans": [{"Node Type": "Hash Join", "Parent Relationship": "Outer", "Parallel Aware": false, "Join Type": "Inner", "Startup Cost": 432377.34, "Total Cost": 487042.89, "Plan Rows": 13, "Plan Width": 83, "Actual Startup Time": 2466.73, "Actual Total Time": 4846.758, "Actual Rows": 400, "Actual Loops": 1, "Output": ["at.movie_id", "mc.movie_id", "mc.company_id", "mc.company_type_id", "mi.info", "mi.movie_id", "t.title", "t.id"], "Inner Unique": false, "Hash Cond": "(mc.movie_id = t.id)", "Plans": [{"Node Type": "Seq Scan", "Parent Relationship": "Outer", "Parallel Aware": false, "Relation Name": "movie_companies", "Schema": "public", "Alias": "mc", "Startup Cost": 0.0, "Total Cost": 44881.29, "Plan Rows": 2609129, "Plan Width": 12, "Actual Startup Time": 0.012, "Actual Total Time": 1191.538, "Actual Rows": 2609129, "Actual Loops": 1, "Output": ["mc.id", "mc.movie_id", "mc.company_id", "mc.company_type_id", "mc.note"]}, {"Node Type": "Hash", "Parent Relationship": "Inner", "Parallel Aware": false, "Startup Cost": 432377.3, "Total Cost": 432377.3, "Plan Rows": 3, "Plan Width": 71, "Actual Startup Time": 2462.51, "Actual Total Time": 2462.522, "Actual Rows": 120, "Actual Loops": 1, "Output": ["at.movie_id", "mi.info", "mi.movie_id", "t.title", "t.id"], "Hash Buckets": 1024, "Original Hash Buckets": 1024, "Hash Batches": 1, "Original Hash Batches": 1, "Peak Memory Usage": 19, "Plans": [{"Node Type": "Hash Join", "Parent Relationship": "Outer", "Parallel Aware": false, "Join Type": "Inner", "Startup Cost": 421215.05, "Total Cost": 432377.3, "Plan Rows": 3, "Plan Width": 71, "Actual Startup Time": 2102.4, "Actual Total Time": 2462.37, "Actual Rows": 120, "Actual Loops": 1, "Output": ["at.movie_id", "mi.info", "mi.movie_id", "t.title", "t.id"], "Inner Unique": false, "Hash Cond": "(at.movie_id = t.id)", "Plans": [{"Node Type": "Seq Scan", "Parent Relationship": "Outer", "Parallel Aware": false, "Relation Name": "aka_title", "Schema": "public", "Alias": "at", "Startup Cost": 0.0, "Total Cost": 9806.72, "Plan Rows": 361472, "Plan Width": 4, "Actual Startup Time": 0.011, "Actual Total Time": 182.64, "Actual Rows": 361472, "Actual Loops": 1, "Output": ["at.id", "at.movie_id", "at.title", "at.imdb_index", "at.kind_id", "at.production_year", "at.phonetic_code", "at.episode_of_id", "at.season_nr", "at.episode_nr", "at.note", "at.md5sum"]}, {"Node Type": "Hash", "Parent Relationship": "Inner", "Parallel Aware": false, "Startup Cost": 421215.01, "Total Cost": 421215.01, "Plan Rows": 3, "Plan Width": 67, "Actual Startup Time": 2101.792, "Actual Total Time": 2101.801, "Actual Rows": 1782, "Actual Loops": 1, "Output": ["mi.info", "mi.movie_id", "t.title", "t.id"], "Hash Buckets": 2048, "Original Hash Buckets": 1024, "Hash Batches": 1, "Original Hash Batches": 1, "Peak Memory Usage": 158, "Plans": [{"Node Type": "Nested Loop", "Parent Relationship": "Outer", "Parallel Aware": false, "Join Type": "Inner", "Startup Cost": 0.43, "Total Cost": 421215.01, "Plan Rows": 3, "Plan Width": 67, "Actual Startup Time": 859.968, "Actual Total Time": 2099.965, "Actual Rows": 1782, "Actual Loops": 1, "Output": ["mi.info", "mi.movie_id", "t.title", "t.id"], "Inner Unique": true, "Plans": [{"Node Type": "Nested Loop", "Parent Relationship": "Outer", "Parallel Aware": false, "Join Type": "Inner", "Startup Cost": 0.0, "Total Cost": 421181.75, "Plan Rows": 4, "Plan Width": 46, "Actual Startup Time": 859.942, "Actual Total Time": 2086.576, "Actual Rows": 1783, "Actual Loops": 1, "Output": ["mi.info", "mi.movie_id"], "Inner Unique": false, "Join Filter": "(it1.id = mi.info_type_id)", "Rows Removed by Join Filter": 0, "Plans": [{"Node Type": "Seq Scan", "Parent Relationship": "Outer", "Parallel Aware": false, "Relation Name": "info_type", "Schema": "public", "Alias": "it1", "Startup Cost": 0.0, "Total Cost": 2.41, "Plan Rows": 1, "Plan Width": 4, "Actual Startup Time": 0.008, "Actual Total Time": 0.019, "Actual Rows": 1, "Actual Loops": 1, "Output": ["it1.id", "it1.info"], "Filter": "((it1.info)::text = 'release dates'::text)", "Rows Removed by Filter": 112}, {"Node Type": "Seq Scan", "Parent Relationship": "Inner", "Parallel Aware": false, "Relation Name": "movie_info", "Schema": "public", "Alias": "mi", "Startup Cost": 0.0, "Total Cost": 421174.12, "Plan Rows": 417, "Plan Width": 50, "Actual Startup Time": 859.929, "Actual Total Time": 2084.686, "Actual Rows": 1783, "Actual Loops": 1, "Output": ["mi.id", "mi.movie_id", "mi.info_type_id", "mi.info", "mi.note"], "Filter": "((mi.info IS NOT NULL) AND (mi.note ~~ '%internet%'::text) AND ((mi.info ~~ 'USA:% 199%'::text) OR (mi.info ~~ 'USA:% 200%'::text)))", "Rows Removed by Filter": 14833937}]}, {"Node Type": "Index Scan", "Parent Relationship": "Inner", "Parallel Aware": false, "Scan Direction": "Forward", "Index Name": "title_pkey", "Relation Name": "title", "Schema": "public", "Alias": "t", "Startup Cost": 0.43, "Total Cost": 8.32, "Plan Rows": 1, "Plan Width": 21, "Actual Startup Time": 0.005, "Actual Total Time": 0.005, "Actual Rows": 1, "Actual Loops": 1783, "Output": ["t.id", "t.title", "t.imdb_index", "t.kind_id", "t.production_year", "t.imdb_id", "t.phonetic_code", "t.episode_of_id", "t.season_nr", "t.episode_nr", "t.series_years", "t.md5sum"], "Index Cond": "(t.id = mi.movie_id)", "Rows Removed by Index Recheck": 0, "Filter": "(t.production_year > 1990)", "Rows Removed by Filter": 0}]}]}]}]}]}, {"Node Type": "Index Scan", "Parent Relationship": "Inner", "Parallel Aware": false, "Scan Direction": "Forward", "Index Name": "company_name_pkey", "Relation Name": "company_name", "Schema": "public", "Alias": "cn", "Startup Cost": 0.42, "Total Cost": 0.45, "Plan Rows": 1, "Plan Width": 4, "Actual Startup Time": 0.007, "Actual Total Time": 0.007, "Actual Rows": 1, "Actual Loops": 400, "Output": ["cn.id", "cn.name", "cn.country_code", "cn.imdb_id", "cn.name_pcode_nf", "cn.name_pcode_sf", "cn.md5sum"], "Index Cond": "(cn.id = mc.company_id)", "Rows Removed by Index Recheck": 0, "Filter": "((cn.country_code)::text = '[us]'::text)", "Rows Removed by Filter": 0}]}, {"Node Type": "Index Only Scan", "Parent Relationship": "Inner", "Parallel Aware": false, "Scan Direction": "Forward", "Index Name": "company_type_pkey", "Relation Name": "company_type", "Schema": "public", "Alias": "ct", "Startup Cost": 0.13, "Total Cost": 0.15, "Plan Rows": 1, "Plan Width": 4, "Actual Startup Time": 0.001, "Actual Total Time": 0.001, "Actual Rows": 1, "Actual Loops": 284, "Output": ["ct.id"], "Index Cond": "(ct.id = mc.company_type_id)", "Rows Removed by Index Recheck": 0, "Heap Fetches": 0}]}]}]}, {"Node Type": "Index Only Scan", "Parent Relationship": "Inner", "Parallel Aware": false, "Scan Direction": "Forward", "Index Name": "keyword_pkey", "Relation Name": "keyword", "Schema": "public", "Alias": "k", "Startup Cost": 0.42, "Total Cost": 0.44, "Plan Rows": 1, "Plan Width": 4, "Actual Startup Time": 0.02, "Actual Total Time": 0.02, "Actual Rows": 1, "Actual Loops": 2271, "Output": ["k.id"], "Index Cond": "(k.id = mk.keyword_id)", "Rows Removed by Index Recheck": 0, "Heap Fetches": 0}]}]}, "Planning Time": 5.546, "Triggers": [], "Execution Time": 8929.943}]