[{"Plan": {"Node Type": "Aggregate", "Strategy": "Plain", "Partial Mode": "Simple", "Parallel Aware": false, "Startup Cost": 502390.18, "Total Cost": 502390.19, "Plan Rows": 1, "Plan Width": 64, "Actual Startup Time": 9096.038, "Actual Total Time": 9096.063, "Actual Rows": 1, "Actual Loops": 1, "Output": ["min(at.title)", "min(t.title)"], "Plans": [{"Node Type": "Nested Loop", "Parent Relationship": "Outer", "Parallel Aware": false, "Join Type": "Inner", "Startup Cost": 413879.21, "Total Cost": 502369.28, "Plan Rows": 4180, "Plan Width": 38, "Actual Startup Time": 4886.213, "Actual Total Time": 9089.164, "Actual Rows": 11347, "Actual Loops": 1, "Output": ["at.title", "t.title"], "Inner Unique": true, "Plans": [{"Node Type": "Hash Join", "Parent Relationship": "Outer", "Parallel Aware": false, "Join Type": "Inner", "Startup Cost": 413878.79, "Total Cost": 500539.16, "Plan Rows": 4180, "Plan Width": 42, "Actual Startup Time": 4886.193, "Actual Total Time": 8948.349, "Actual Rows": 11347, "Actual Loops": 1, "Output": ["at.title", "mk.keyword_id", "t.title"], "Inner Unique": false, "Hash Cond": "(mk.movie_id = t.id)", "Plans": [{"Node Type": "Seq Scan", "Parent Relationship": "Outer", "Parallel Aware": false, "Relation Name": "movie_keyword", "Schema": "public", "Alias": "mk", "Startup Cost": 0.0, "Total Cost": 69693.3, "Plan Rows": 4523930, "Plan Width": 8, "Actual Startup Time": 0.018, "Actual Total Time": 1998.105, "Actual Rows": 4523930, "Actual Loops": 1, "Output": ["mk.id", "mk.movie_id", "mk.keyword_id"]}, {"Node Type": "Hash", "Parent Relationship": "Inner", "Parallel Aware": false, "Startup Cost": 413877.17, "Total Cost": 413877.17, "Plan Rows": 130, "Plan Width": 54, "Actual Startup Time": 4877.51, "Actual Total Time": 4877.529, "Actual Rows": 875, "Actual Loops": 1, "Output": ["at.title", "at.movie_id", "mc.movie_id", "mi.movie_id", "t.title", "t.id"], "Hash Buckets": 1024, "Original Hash Buckets": 1024, "Hash Batches": 1, "Original Hash Batches": 1, "Peak Memory Usage": 90, "Plans": [{"Node Type": "Hash Join", "Parent Relationship": "Outer", "Parallel Aware": false, "Join Type": "Inner", "Startup Cost": 359048.88, "Total Cost": 413877.17, "Plan Rows": 130, "Plan Width": 54, "Actual Startup Time": 2467.381, "Actual Total Time": 4876.73, "Actual Rows": 875, "Actual Loops": 1, "Output": ["at.title", "at.movie_id", "mc.movie_id", "mi.movie_id", "t.title", "t.id"], "Inner Unique": true, "Hash Cond": "(mc.company_type_id = ct.id)", "Plans": [{"Node Type": "Nested Loop", "Parent Relationship": "Outer", "Parallel Aware": false, "Join Type": "Inner", "Startup Cost": 359047.79, "Total Cost": 413875.38, "Plan Rows": 130, "Plan Width": 58, "Actual Startup Time": 2467.362, "Actual Total Time": 4875.702, "Actual Rows": 875, "Actual Loops": 1, "Output": ["at.title", "at.movie_id", "mc.movie_id", "mc.company_type_id", "mi.movie_id", "t.title", "t.id"], "Inner Unique": true, "Plans": [{"Node Type": "Hash Join", "Parent Relationship": "Outer", "Parallel Aware": false, "Join Type": "Inner", "Startup Cost": 359047.37, "Total Cost": 413713.63, "Plan Rows": 363, "Plan Width": 62, "Actual Startup Time": 2467.337, "Actual Total Time": 4859.874, "Actual Rows": 2099, "Actual Loops": 1, "Output": ["at.title", "at.movie_id", "mc.movie_id", "mc.company_id", "mc.company_type_id", "mi.movie_id", "t.title", "t.id"], "Inner Unique": false, "Hash Cond": "(mc.movie_id = t.id)", "Plans": [{"Node Type": "Seq Scan", "Parent Relationship": "Outer", "Parallel Aware": false, "Relation Name": "movie_companies", "Schema": "public", "Alias": "mc", "Startup Cost": 0.0, "Total Cost": 44881.29, "Plan Rows": 2609129, "Plan Width": 12, "Actual Startup Time": 0.011, "Actual Total Time": 1179.883, "Actual Rows": 2609129, "Actual Loops": 1, "Output": ["mc.id", "mc.movie_id", "mc.company_id", "mc.company_type_id", "mc.note"]}, {"Node Type": "Hash", "Parent Relationship": "Inner", "Parallel Aware": false, "Startup Cost": 359046.47, "Total Cost": 359046.47, "Plan Rows": 72, "Plan Width": 50, "Actual Startup Time": 2463.213, "Actual Total Time": 2463.223, "Actual Rows": 584, "Actual Loops": 1, "Output": ["at.title", "at.movie_id", "mi.movie_id", "t.title", "t.id"], "Hash Buckets": 1024, "Original Hash Buckets": 1024, "Hash Batches": 1, "Original Hash Batches": 1, "Peak Memory Usage": 60, "Plans": [{"Node Type": "Hash Join", "Parent Relationship": "Outer", "Parallel Aware": false, "Join Type": "Inner", "Startup Cost": 347884.13, "Total Cost": 359046.47, "Plan Rows": 72, "Plan Width": 50, "Actual Startup Time": 2092.109, "Actual Total Time": 2462.588, "Actual Rows": 584, "Actual Loops": 1, "Output": ["at.title", "at.movie_id", "mi.movie_id", "t.title", "t.id"], "Inner Unique": false, "Hash Cond": "(at.movie_id = t.id)", "Plans": [{"Node Type": "Seq Scan", "Parent Relationship": "Outer", "Parallel Aware": false, "Relation Name": "aka_title", "Schema": "public", "Alias": "at", "Startup Cost": 0.0, "Total Cost": 9806.72, "Plan Rows": 361472, "Plan Width": 25, "Actual Startup Time": 0.01, "Actual Total Time": 184.4, "Actual Rows": 361472, "Actual Loops": 1, "Output": ["at.id", "at.movie_id", "at.title", "at.imdb_index", "at.kind_id", "at.production_year", "at.phonetic_code", "at.episode_of_id", "at.season_nr", "at.episode_nr", "at.note", "at.md5sum"]}, {"Node Type": "Hash", "Parent Relationship": "Inner", "Parallel Aware": false, "Startup Cost": 347883.25, "Total Cost": 347883.25, "Plan Rows": 70, "Plan Width": 25, "Actual Startup Time": 2092.062, "Actual Total Time": 2092.069, "Actual Rows": 10662, "Actual Loops": 1, "Output": ["mi.movie_id", "t.title", "t.id"], "Hash Buckets": 16384, "Original Hash Buckets": 1024, "Hash Batches": 1, "Original Hash Batches": 1, "Peak Memory Usage": 755, "Plans": [{"Node Type": "Nested Loop", "Parent Relationship": "Outer", "Parallel Aware": false, "Join Type": "Inner", "Startup Cost": 0.43, "Total Cost": 347883.25, "Plan Rows": 70, "Plan Width": 25, "Actual Startup Time": 750.297, "Actual Total Time": 2081.978, "Actual Rows": 10662, "Actual Loops": 1, "Output": ["mi.movie_id", "t.title", "t.id"], "Inner Unique": true, "Plans": [{"Node Type": "Nested Loop", "Parent Relationship": "Outer", "Parallel Aware": false, "Join Type": "Inner", "Startup Cost": 0.0, "Total Cost": 347267.77, "Plan Rows": 101, "Plan Width": 4, "Actual Startup Time": 750.183, "Actual Total Time": 1962.672, "Actual Rows": 10679, "Actual Loops": 1, "Output": ["mi.movie_id"], "Inner Unique": false, "Join Filter": "(it1.id = mi.info_type_id)", "Rows Removed by Join Filter": 131, "Plans": [{"Node Type": "Seq Scan", "Parent Relationship": "Outer", "Parallel Aware": false, "Relation Name": "info_type", "Schema": "public", "Alias": "it1", "Startup Cost": 0.0, "Total Cost": 2.41, "Plan Rows": 1, "Plan Width": 4, "Actual Startup Time": 0.008, "Actual Total Time": 0.018, "Actual Rows": 1, "Actual Loops": 1, "Output": ["it1.id", "it1.info"], "Filter": "((it1.info)::text = 'release dates'::text)", "Rows Removed by Filter": 112}, {"Node Type": "Seq Scan", "Parent Relationship": "Inner", "Parallel Aware": false, "Relation Name": "movie_info", "Schema": "public", "Alias": "mi", "Startup Cost": 0.0, "Total Cost": 347122.38, "Plan Rows": 11439, "Plan Width": 8, "Actual Startup Time": 246.596, "Actual Total Time": 1952.208, "Actual Rows": 10810, "Actual Loops": 1, "Output": ["mi.id", "mi.movie_id", "mi.info_type_id", "mi.info", "mi.note"], "Filter": "(mi.note ~~ '%internet%'::text)", "Rows Removed by Filter": 14824910}]}, {"Node Type": "Index Scan", "Parent Relationship": "Inner", "Parallel Aware": false, "Scan Direction": "Forward", "Index Name": "title_pkey", "Relation Name": "title", "Schema": "public", "Alias": "t", "Startup Cost": 0.43, "Total Cost": 6.09, "Plan Rows": 1, "Plan Width": 21, "Actual Startup Time": 0.009, "Actual Total Time": 0.009, "Actual Rows": 1, "Actual Loops": 10679, "Output": ["t.id", "t.title", "t.imdb_index", "t.kind_id", "t.production_year", "t.imdb_id", "t.phonetic_code", "t.episode_of_id", "t.season_nr", "t.episode_nr", "t.series_years", "t.md5sum"], "Index Cond": "(t.id = mi.movie_id)", "Rows Removed by Index Recheck": 0, "Filter": "(t.production_year > 1990)", "Rows Removed by Filter": 0}]}]}]}]}]}, {"Node Type": "Index Scan", "Parent Relationship": "Inner", "Parallel Aware": false, "Scan Direction": "Forward", "Index Name": "company_name_pkey", "Relation Name": "company_name", "Schema": "public", "Alias": "cn", "Startup Cost": 0.42, "Total Cost": 0.45, "Plan Rows": 1, "Plan Width": 4, "Actual Startup Time": 0.006, "Actual Total Time": 0.006, "Actual Rows": 0, "Actual Loops": 2099, "Output": ["cn.id", "cn.name", "cn.country_code", "cn.imdb_id", "cn.name_pcode_nf", "cn.name_pcode_sf", "cn.md5sum"], "Index Cond": "(cn.id = mc.company_id)", "Rows Removed by Index Recheck": 0, "Filter": "((cn.country_code)::text = '[us]'::text)", "Rows Removed by Filter": 1}]}, {"Node Type": "Hash", "Parent Relationship": "Inner", "Parallel Aware": false, "Startup Cost": 1.04, "Total Cost": 1.04, "Plan Rows": 4, "Plan Width": 4, "Actual Startup Time": 0.013, "Actual Total Time": 0.014, "Actual Rows": 4, "Actual Loops": 1, "Output": ["ct.id"], "Hash Buckets": 1024, "Original Hash Buckets": 1024, "Hash Batches": 1, "Original Hash Batches": 1, "Peak Memory Usage": 9, "Plans": [{"Node Type": "Seq Scan", "Parent Relationship": "Outer", "Parallel Aware": false, "Relation Name": "company_type", "Schema": "public", "Alias": "ct", "Startup Cost": 0.0, "Total Cost": 1.04, "Plan Rows": 4, "Plan Width": 4, "Actual Startup Time": 0.006, "Actual Total Time": 0.008, "Actual Rows": 4, "Actual Loops": 1, "Output": ["ct.id"]}]}]}]}]}, {"Node Type": "Index Only Scan", "Parent Relationship": "Inner", "Parallel Aware": false, "Scan Direction": "Forward", "Index Name": "keyword_pkey", "Relation Name": "keyword", "Schema": "public", "Alias": "k", "Startup Cost": 0.42, "Total Cost": 0.44, "Plan Rows": 1, "Plan Width": 4, "Actual Startup Time": 0.011, "Actual Total Time": 0.011, "Actual Rows": 1, "Actual Loops": 11347, "Output": ["k.id"], "Index Cond": "(k.id = mk.keyword_id)", "Rows Removed by Index Recheck": 0, "Heap Fetches": 0}]}]}, "Planning Time": 5.375, "Triggers": [], "Execution Time": 9096.149}]