[{"Plan": {"Node Type": "Aggregate", "Strategy": "Plain", "Partial Mode": "Simple", "Parallel Aware": false, "Startup Cost": 913651.67, "Total Cost": 913651.68, "Plan Rows": 1, "Plan Width": 64, "Actual Startup Time": 41417.002, "Actual Total Time": 41417.025, "Actual Rows": 1, "Actual Loops": 1, "Output": ["min(an.name)", "min(t.title)"], "Plans": [{"Node Type": "Nested Loop", "Parent Relationship": "Outer", "Parallel Aware": false, "Join Type": "Inner", "Startup Cost": 858896.93, "Total Cost": 913651.32, "Plan Rows": 70, "Plan Width": 33, "Actual Startup Time": 39042.132, "Actual Total Time": 41416.744, "Actual Rows": 385, "Actual Loops": 1, "Output": ["an.name", "t.title"], "Inner Unique": true, "Plans": [{"Node Type": "Hash Join", "Parent Relationship": "Outer", "Parallel Aware": false, "Join Type": "Inner", "Startup Cost": 858896.51, "Total Cost": 913563.98, "Plan Rows": 196, "Plan Width": 37, "Actual Startup Time": 39041.766, "Actual Total Time": 41413.234, "Actual Rows": 898, "Actual Loops": 1, "Output": ["an.name", "mc.company_id", "t.title"], "Inner Unique": false, "Hash Cond": "(mc.movie_id = ci.movie_id)", "Plans": [{"Node Type": "Seq Scan", "Parent Relationship": "Outer", "Parallel Aware": false, "Relation Name": "movie_companies", "Schema": "public", "Alias": "mc", "Startup Cost": 0.0, "Total Cost": 44881.29, "Plan Rows": 2609129, "Plan Width": 8, "Actual Startup Time": 0.019, "Actual Total Time": 1176.495, "Actual Rows": 2609129, "Actual Loops": 1, "Output": ["mc.id", "mc.movie_id", "mc.company_id", "mc.company_type_id", "mc.note"]}, {"Node Type": "Hash", "Parent Relationship": "Inner", "Parallel Aware": false, "Startup Cost": 858895.53, "Total Cost": 858895.53, "Plan Rows": 78, "Plan Width": 45, "Actual Startup Time": 39018.117, "Actual Total Time": 39018.135, "Actual Rows": 933, "Actual Loops": 1, "Output": ["an.name", "ci.movie_id", "mk.movie_id", "t.title", "t.id"], "Hash Buckets": 1024, "Original Hash Buckets": 1024, "Hash Batches": 1, "Original Hash Batches": 1, "Peak Memory Usage": 100, "Plans": [{"Node Type": "Hash Join", "Parent Relationship": "Outer", "Parallel Aware": false, "Join Type": "Inner", "Startup Cost": 835106.0, "Total Cost": 858895.53, "Plan Rows": 78, "Plan Width": 45, "Actual Startup Time": 38155.003, "Actual Total Time": 39017.35, "Actual Rows": 933, "Actual Loops": 1, "Output": ["an.name", "ci.movie_id", "mk.movie_id", "t.title", "t.id"], "Inner Unique": false, "Hash Cond": "(an.person_id = n.id)", "Plans": [{"Node Type": "Seq Scan", "Parent Relationship": "Outer", "Parallel Aware": false, "Relation Name": "aka_name", "Schema": "public", "Alias": "an", "Startup Cost": 0.0, "Total Cost": 20409.43, "Plan Rows": 901343, "Plan Width": 20, "Actual Startup Time": 0.017, "Actual Total Time": 438.345, "Actual Rows": 901343, "Actual Loops": 1, "Output": ["an.id", "an.person_id", "an.name", "an.imdb_index", "an.name_pcode_cf", "an.name_pcode_nf", "an.surname_pcode", "an.md5sum"]}, {"Node Type": "Hash", "Parent Relationship": "Inner", "Parallel Aware": false, "Startup Cost": 835105.58, "Total Cost": 835105.58, "Plan Rows": 33, "Plan Width": 37, "Actual Startup Time": 38153.976, "Actual Total Time": 38153.99, "Actual Rows": 1173, "Actual Loops": 1, "Output": ["ci.person_id", "ci.movie_id", "mk.movie_id", "n.id", "t.title", "t.id"], "Hash Buckets": 2048, "Original Hash Buckets": 1024, "Hash Batches": 1, "Original Hash Batches": 1, "Peak Memory Usage": 114, "Plans": [{"Node Type": "Nested Loop", "Parent Relationship": "Outer", "Parallel Aware": false, "Join Type": "Inner", "Startup Cost": 84212.25, "Total Cost": 835105.58, "Plan Rows": 33, "Plan Width": 37, "Actual Startup Time": 4403.028, "Actual Total Time": 38152.085, "Actual Rows": 1173, "Actual Loops": 1, "Output": ["ci.person_id", "ci.movie_id", "mk.movie_id", "n.id", "t.title", "t.id"], "Inner Unique": true, "Plans": [{"Node Type": "Hash Join", "Parent Relationship": "Outer", "Parallel Aware": false, "Join Type": "Inner", "Startup Cost": 84211.82, "Total Cost": 835090.78, "Plan Rows": 33, "Plan Width": 33, "Actual Startup Time": 4402.986, "Actual Total Time": 37181.624, "Actual Rows": 1173, "Actual Loops": 1, "Output": ["ci.person_id", "ci.movie_id", "mk.movie_id", "t.title", "t.id"], "Inner Unique": false, "Hash Cond": "(ci.movie_id = t.id)", "Plans": [{"Node Type": "Seq Scan", "Parent Relationship": "Outer", "Parallel Aware": false, "Relation Name": "cast_info", "Schema": "public", "Alias": "ci", "Startup Cost": 0.0, "Total Cost": 615008.32, "Plan Rows": 36232132, "Plan Width": 8, "Actual Startup Time": 0.006, "Actual Total Time": 16147.632, "Actual Rows": 36244344, "Actual Loops": 1, "Output": ["ci.id", "ci.person_id", "ci.movie_id", "ci.person_role_id", "ci.note", "ci.nr_order", "ci.role_id"]}, {"Node Type": "Hash", "Parent Relationship": "Inner", "Parallel Aware": false, "Startup Cost": 84211.81, "Total Cost": 84211.81, "Plan Rows": 1, "Plan Width": 25, "Actual Startup Time": 4389.856, "Actual Total Time": 4389.864, "Actual Rows": 146, "Actual Loops": 1, "Output": ["mk.movie_id", "t.title", "t.id"], "Hash Buckets": 1024, "Original Hash Buckets": 1024, "Hash Batches": 1, "Original Hash Batches": 1, "Peak Memory Usage": 19, "Plans": [{"Node Type": "Nested Loop", "Parent Relationship": "Outer", "Parallel Aware": false, "Join Type": "Inner", "Startup Cost": 2626.57, "Total Cost": 84211.81, "Plan Rows": 1, "Plan Width": 25, "Actual Startup Time": 2608.821, "Actual Total Time": 4389.692, "Actual Rows": 146, "Actual Loops": 1, "Output": ["mk.movie_id", "t.title", "t.id"], "Inner Unique": true, "Plans": [{"Node Type": "Hash Join", "Parent Relationship": "Outer", "Parallel Aware": false, "Join Type": "Inner", "Startup Cost": 2626.14, "Total Cost": 84195.13, "Plan Rows": 34, "Plan Width": 4, "Actual Startup Time": 18.045, "Actual Total Time": 4069.206, "Actual Rows": 41840, "Actual Loops": 1, "Output": ["mk.movie_id"], "Inner Unique": true, "Hash Cond": "(mk.keyword_id = k.id)", "Plans": [{"Node Type": "Seq Scan", "Parent Relationship": "Outer", "Parallel Aware": false, "Relation Name": "movie_keyword", "Schema": "public", "Alias": "mk", "Startup Cost": 0.0, "Total Cost": 69693.3, "Plan Rows": 4523930, "Plan Width": 8, "Actual Startup Time": 0.011, "Actual Total Time": 1978.124, "Actual Rows": 4523930, "Actual Loops": 1, "Output": ["mk.id", "mk.movie_id", "mk.keyword_id"]}, {"Node Type": "Hash", "Parent Relationship": "Inner", "Parallel Aware": false, "Startup Cost": 2626.12, "Total Cost": 2626.12, "Plan Rows": 1, "Plan Width": 4, "Actual Startup Time": 16.393, "Actual Total Time": 16.395, "Actual Rows": 1, "Actual Loops": 1, "Output": ["k.id"], "Hash Buckets": 1024, "Original Hash Buckets": 1024, "Hash Batches": 1, "Original Hash Batches": 1, "Peak Memory Usage": 9, "Plans": [{"Node Type": "Seq Scan", "Parent Relationship": "Outer", "Parallel Aware": false, "Relation Name": "keyword", "Schema": "public", "Alias": "k", "Startup Cost": 0.0, "Total Cost": 2626.12, "Plan Rows": 1, "Plan Width": 4, "Actual Startup Time": 0.672, "Actual Total Time": 16.388, "Actual Rows": 1, "Actual Loops": 1, "Output": ["k.id"], "Filter": "(k.keyword = 'character-name-in-title'::text)", "Rows Removed by Filter": 134169}]}]}, {"Node Type": "Index Scan", "Parent Relationship": "Inner", "Parallel Aware": false, "Scan Direction": "Forward", "Index Name": "title_pkey", "Relation Name": "title", "Schema": "public", "Alias": "t", "Startup Cost": 0.43, "Total Cost": 0.49, "Plan Rows": 1, "Plan Width": 21, "Actual Startup Time": 0.006, "Actual Total Time": 0.006, "Actual Rows": 0, "Actual Loops": 41840, "Output": ["t.id", "t.title", "t.imdb_index", "t.kind_id", "t.production_year", "t.imdb_id", "t.phonetic_code", "t.episode_of_id", "t.season_nr", "t.episode_nr", "t.series_years", "t.md5sum"], "Index Cond": "(t.id = mk.movie_id)", "Rows Removed by Index Recheck": 0, "Filter": "((t.episode_nr >= 50) AND (t.episode_nr < 100))", "Rows Removed by Filter": 1}]}]}]}, {"Node Type": "Index Only Scan", "Parent Relationship": "Inner", "Parallel Aware": false, "Scan Direction": "Forward", "Index Name": "name_pkey", "Relation Name": "name", "Schema": "public", "Alias": "n", "Startup Cost": 0.43, "Total Cost": 0.45, "Plan Rows": 1, "Plan Width": 4, "Actual Startup Time": 0.824, "Actual Total Time": 0.824, "Actual Rows": 1, "Actual Loops": 1173, "Output": ["n.id"], "Index Cond": "(n.id = ci.person_id)", "Rows Removed by Index Recheck": 0, "Heap Fetches": 0}]}]}]}]}]}, {"Node Type": "Index Scan", "Parent Relationship": "Inner", "Parallel Aware": false, "Scan Direction": "Forward", "Index Name": "company_name_pkey", "Relation Name": "company_name", "Schema": "public", "Alias": "cn", "Startup Cost": 0.42, "Total Cost": 0.45, "Plan Rows": 1, "Plan Width": 4, "Actual Startup Time": 0.003, "Actual Total Time": 0.003, "Actual Rows": 0, "Actual Loops": 898, "Output": ["cn.id", "cn.name", "cn.country_code", "cn.imdb_id", "cn.name_pcode_nf", "cn.name_pcode_sf", "cn.md5sum"], "Index Cond": "(cn.id = mc.company_id)", "Rows Removed by Index Recheck": 0, "Filter": "((cn.country_code)::text = '[us]'::text)", "Rows Removed by Filter": 1}]}]}, "Planning Time": 38.128, "Triggers": [], "Execution Time": 41417.108}]