[{"Plan": {"Node Type": "Aggregate", "Strategy": "Plain", "Partial Mode": "Simple", "Parallel Aware": false, "Startup Cost": 917351.74, "Total Cost": 917351.75, "Plan Rows": 1, "Plan Width": 64, "Actual Startup Time": 85962.781, "Actual Total Time": 85962.804, "Actual Rows": 1, "Actual Loops": 1, "Output": ["min(an.name)", "min(t.title)"], "Plans": [{"Node Type": "Nested Loop", "Parent Relationship": "Outer", "Parallel Aware": false, "Join Type": "Inner", "Startup Cost": 859463.95, "Total Cost": 917339.1, "Plan Rows": 2528, "Plan Width": 33, "Actual Startup Time": 49506.688, "Actual Total Time": 83768.682, "Actual Rows": 3710592, "Actual Loops": 1, "Output": ["an.name", "t.title"], "Inner Unique": true, "Plans": [{"Node Type": "Hash Join", "Parent Relationship": "Outer", "Parallel Aware": false, "Join Type": "Inner", "Startup Cost": 859463.53, "Total Cost": 914199.5, "Plan Rows": 7046, "Plan Width": 37, "Actual Startup Time": 49506.641, "Actual Total Time": 58091.426, "Actual Rows": 8847894, "Actual Loops": 1, "Output": ["an.name", "mc.company_id", "t.title"], "Inner Unique": false, "Hash Cond": "(mc.movie_id = ci.movie_id)", "Plans": [{"Node Type": "Seq Scan", "Parent Relationship": "Outer", "Parallel Aware": false, "Relation Name": "movie_companies", "Schema": "public", "Alias": "mc", "Startup Cost": 0.0, "Total Cost": 44881.29, "Plan Rows": 2609129, "Plan Width": 8, "Actual Startup Time": 0.016, "Actual Total Time": 1190.295, "Actual Rows": 2609129, "Actual Loops": 1, "Output": ["mc.id", "mc.movie_id", "mc.company_id", "mc.company_type_id", "mc.note"]}, {"Node Type": "Hash", "Parent Relationship": "Inner", "Parallel Aware": false, "Startup Cost": 859428.34, "Total Cost": 859428.34, "Plan Rows": 2815, "Plan Width": 45, "Actual Startup Time": 49500.809, "Actual Total Time": 49500.827, "Actual Rows": 1294886, "Actual Loops": 1, "Output": ["an.name", "ci.movie_id", "mk.movie_id", "t.title", "t.id"], "Hash Buckets": 65536, "Original Hash Buckets": 4096, "Hash Batches": 64, "Original Hash Batches": 1, "Peak Memory Usage": 4089, "Plans": [{"Node Type": "Hash Join", "Parent Relationship": "Outer", "Parallel Aware": false, "Join Type": "Inner", "Startup Cost": 835636.35, "Total Cost": 859428.34, "Plan Rows": 2815, "Plan Width": 45, "Actual Startup Time": 46514.078, "Actual Total Time": 48673.495, "Actual Rows": 1294886, "Actual Loops": 1, "Output": ["an.name", "ci.movie_id", "mk.movie_id", "t.title", "t.id"], "Inner Unique": false, "Hash Cond": "(an.person_id = n.id)", "Plans": [{"Node Type": "Seq Scan", "Parent Relationship": "Outer", "Parallel Aware": false, "Relation Name": "aka_name", "Schema": "public", "Alias": "an", "Startup Cost": 0.0, "Total Cost": 20409.43, "Plan Rows": 901343, "Plan Width": 20, "Actual Startup Time": 0.011, "Actual Total Time": 442.392, "Actual Rows": 901343, "Actual Loops": 1, "Output": ["an.id", "an.person_id", "an.name", "an.imdb_index", "an.name_pcode_cf", "an.name_pcode_nf", "an.surname_pcode", "an.md5sum"]}, {"Node Type": "Hash", "Parent Relationship": "Inner", "Parallel Aware": false, "Startup Cost": 835621.7, "Total Cost": 835621.7, "Plan Rows": 1172, "Plan Width": 37, "Actual Startup Time": 46512.85, "Actual Total Time": 46512.864, "Actual Rows": 1038393, "Actual Loops": 1, "Output": ["ci.person_id", "ci.movie_id", "mk.movie_id", "n.id", "t.title", "t.id"], "Hash Buckets": 65536, "Original Hash Buckets": 2048, "Hash Batches": 32, "Original Hash Batches": 1, "Peak Memory Usage": 3585, "Plans": [{"Node Type": "Nested Loop", "Parent Relationship": "Outer", "Parallel Aware": false, "Join Type": "Inner", "Startup Cost": 84212.49, "Total Cost": 835621.7, "Plan Rows": 1172, "Plan Width": 37, "Actual Startup Time": 4504.039, "Actual Total Time": 45702.527, "Actual Rows": 1038393, "Actual Loops": 1, "Output": ["ci.person_id", "ci.movie_id", "mk.movie_id", "n.id", "t.title", "t.id"], "Inner Unique": true, "Plans": [{"Node Type": "Hash Join", "Parent Relationship": "Outer", "Parallel Aware": false, "Join Type": "Inner", "Startup Cost": 84212.06, "Total Cost": 835095.75, "Plan Rows": 1172, "Plan Width": 33, "Actual Startup Time": 4504.009, "Actual Total Time": 41406.234, "Actual Rows": 1038393, "Actual Loops": 1, "Output": ["ci.person_id", "ci.movie_id", "mk.movie_id", "t.title", "t.id"], "Inner Unique": false, "Hash Cond": "(ci.movie_id = t.id)", "Plans": [{"Node Type": "Seq Scan", "Parent Relationship": "Outer", "Parallel Aware": false, "Relation Name": "cast_info", "Schema": "public", "Alias": "ci", "Startup Cost": 0.0, "Total Cost": 615008.32, "Plan Rows": 36232132, "Plan Width": 8, "Actual Startup Time": 0.005, "Actual Total Time": 16397.06, "Actual Rows": 36244344, "Actual Loops": 1, "Output": ["ci.id", "ci.person_id", "ci.movie_id", "ci.person_role_id", "ci.note", "ci.nr_order", "ci.role_id"]}, {"Node Type": "Hash", "Parent Relationship": "Inner", "Parallel Aware": false, "Startup Cost": 84211.64, "Total Cost": 84211.64, "Plan Rows": 34, "Plan Width": 25, "Actual Startup Time": 4503.925, "Actual Total Time": 4503.934, "Actual Rows": 41840, "Actual Loops": 1, "Output": ["mk.movie_id", "t.title", "t.id"], "Hash Buckets": 65536, "Original Hash Buckets": 1024, "Hash Batches": 1, "Original Hash Batches": 1, "Peak Memory Usage": 3156, "Plans": [{"Node Type": "Nested Loop", "Parent Relationship": "Outer", "Parallel Aware": false, "Join Type": "Inner", "Startup Cost": 2626.57, "Total Cost": 84211.64, "Plan Rows": 34, "Plan Width": 25, "Actual Startup Time": 16.477, "Actual Total Time": 4467.39, "Actual Rows": 41840, "Actual Loops": 1, "Output": ["mk.movie_id", "t.title", "t.id"], "Inner Unique": true, "Plans": [{"Node Type": "Hash Join", "Parent Relationship": "Outer", "Parallel Aware": false, "Join Type": "Inner", "Startup Cost": 2626.14, "Total Cost": 84195.13, "Plan Rows": 34, "Plan Width": 4, "Actual Startup Time": 16.462, "Actual Total Time": 4117.83, "Actual Rows": 41840, "Actual Loops": 1, "Output": ["mk.movie_id"], "Inner Unique": true, "Hash Cond": "(mk.keyword_id = k.id)", "Plans": [{"Node Type": "Seq Scan", "Parent Relationship": "Outer", "Parallel Aware": false, "Relation Name": "movie_keyword", "Schema": "public", "Alias": "mk", "Startup Cost": 0.0, "Total Cost": 69693.3, "Plan Rows": 4523930, "Plan Width": 8, "Actual Startup Time": 0.01, "Actual Total Time": 2015.022, "Actual Rows": 4523930, "Actual Loops": 1, "Output": ["mk.id", "mk.movie_id", "mk.keyword_id"]}, {"Node Type": "Hash", "Parent Relationship": "Inner", "Parallel Aware": false, "Startup Cost": 2626.12, "Total Cost": 2626.12, "Plan Rows": 1, "Plan Width": 4, "Actual Startup Time": 14.834, "Actual Total Time": 14.836, "Actual Rows": 1, "Actual Loops": 1, "Output": ["k.id"], "Hash Buckets": 1024, "Original Hash Buckets": 1024, "Hash Batches": 1, "Original Hash Batches": 1, "Peak Memory Usage": 9, "Plans": [{"Node Type": "Seq Scan", "Parent Relationship": "Outer", "Parallel Aware": false, "Relation Name": "keyword", "Schema": "public", "Alias": "k", "Startup Cost": 0.0, "Total Cost": 2626.12, "Plan Rows": 1, "Plan Width": 4, "Actual Startup Time": 0.611, "Actual Total Time": 14.83, "Actual Rows": 1, "Actual Loops": 1, "Output": ["k.id"], "Filter": "(k.keyword = 'character-name-in-title'::text)", "Rows Removed by Filter": 134169}]}]}, {"Node Type": "Index Scan", "Parent Relationship": "Inner", "Parallel Aware": false, "Scan Direction": "Forward", "Index Name": "title_pkey", "Relation Name": "title", "Schema": "public", "Alias": "t", "Startup Cost": 0.43, "Total Cost": 0.49, "Plan Rows": 1, "Plan Width": 21, "Actual Startup Time": 0.006, "Actual Total Time": 0.006, "Actual Rows": 1, "Actual Loops": 41840, "Output": ["t.id", "t.title", "t.imdb_index", "t.kind_id", "t.production_year", "t.imdb_id", "t.phonetic_code", "t.episode_of_id", "t.season_nr", "t.episode_nr", "t.series_years", "t.md5sum"], "Index Cond": "(t.id = mk.movie_id)", "Rows Removed by Index Recheck": 0}]}]}]}, {"Node Type": "Index Only Scan", "Parent Relationship": "Inner", "Parallel Aware": false, "Scan Direction": "Forward", "Index Name": "name_pkey", "Relation Name": "name", "Schema": "public", "Alias": "n", "Startup Cost": 0.43, "Total Cost": 0.45, "Plan Rows": 1, "Plan Width": 4, "Actual Startup Time": 0.003, "Actual Total Time": 0.003, "Actual Rows": 1, "Actual Loops": 1038393, "Output": ["n.id"], "Index Cond": "(n.id = ci.person_id)", "Rows Removed by Index Recheck": 0, "Heap Fetches": 0}]}]}]}]}]}, {"Node Type": "Index Scan", "Parent Relationship": "Inner", "Parallel Aware": false, "Scan Direction": "Forward", "Index Name": "company_name_pkey", "Relation Name": "company_name", "Schema": "public", "Alias": "cn", "Startup Cost": 0.42, "Total Cost": 0.45, "Plan Rows": 1, "Plan Width": 4, "Actual Startup Time": 0.002, "Actual Total Time": 0.002, "Actual Rows": 0, "Actual Loops": 8847894, "Output": ["cn.id", "cn.name", "cn.country_code", "cn.imdb_id", "cn.name_pcode_nf", "cn.name_pcode_sf", "cn.md5sum"], "Index Cond": "(cn.id = mc.company_id)", "Rows Removed by Index Recheck": 0, "Filter": "((cn.country_code)::text = '[us]'::text)", "Rows Removed by Filter": 1}]}]}, "Planning Time": 2.523, "Triggers": [], "Execution Time": 85962.92}]