[{"Plan": {"Node Type": "Aggregate", "Strategy": "Plain", "Partial Mode": "Simple", "Parallel Aware": false, "Startup Cost": 914585.86, "Total Cost": 914585.87, "Plan Rows": 1, "Plan Width": 64, "Actual Startup Time": 44663.509, "Actual Total Time": 44663.532, "Actual Rows": 1, "Actual Loops": 1, "Output": ["min(an.name)", "min(t.title)"], "Plans": [{"Node Type": "Nested Loop", "Parent Relationship": "Outer", "Parallel Aware": false, "Join Type": "Inner", "Startup Cost": 859039.83, "Total Cost": 914582.4, "Plan Rows": 691, "Plan Width": 33, "Actual Startup Time": 40410.328, "Actual Total Time": 44518.774, "Actual Rows": 249455, "Actual Loops": 1, "Output": ["an.name", "t.title"], "Inner Unique": true, "Plans": [{"Node Type": "Hash Join", "Parent Relationship": "Outer", "Parallel Aware": false, "Join Type": "Inner", "Startup Cost": 859039.41, "Total Cost": 913724.2, "Plan Rows": 1926, "Plan Width": 37, "Actual Startup Time": 40410.282, "Actual Total Time": 43560.173, "Actual Rows": 317940, "Actual Loops": 1, "Output": ["an.name", "mc.company_id", "t.title"], "Inner Unique": false, "Hash Cond": "(mc.movie_id = ci.movie_id)", "Plans": [{"Node Type": "Seq Scan", "Parent Relationship": "Outer", "Parallel Aware": false, "Relation Name": "movie_companies", "Schema": "public", "Alias": "mc", "Startup Cost": 0.0, "Total Cost": 44881.29, "Plan Rows": 2609129, "Plan Width": 8, "Actual Startup Time": 0.018, "Actual Total Time": 1176.281, "Actual Rows": 2609129, "Actual Loops": 1, "Output": ["mc.id", "mc.movie_id", "mc.company_id", "mc.company_type_id", "mc.note"]}, {"Node Type": "Hash", "Parent Relationship": "Inner", "Parallel Aware": false, "Startup Cost": 859029.79, "Total Cost": 859029.79, "Plan Rows": 770, "Plan Width": 45, "Actual Startup Time": 40405.274, "Actual Total Time": 40405.291, "Actual Rows": 137156, "Actual Loops": 1, "Output": ["an.name", "ci.movie_id", "mk.movie_id", "t.title", "t.id"], "Hash Buckets": 65536, "Original Hash Buckets": 1024, "Hash Batches": 4, "Original Hash Batches": 1, "Peak Memory Usage": 3585, "Plans": [{"Node Type": "Hash Join", "Parent Relationship": "Outer", "Parallel Aware": false, "Join Type": "Inner", "Startup Cost": 835239.63, "Total Cost": 859029.79, "Plan Rows": 770, "Plan Width": 45, "Actual Startup Time": 39081.184, "Actual Total Time": 40315.02, "Actual Rows": 137156, "Actual Loops": 1, "Output": ["an.name", "ci.movie_id", "mk.movie_id", "t.title", "t.id"], "Inner Unique": false, "Hash Cond": "(an.person_id = n.id)", "Plans": [{"Node Type": "Seq Scan", "Parent Relationship": "Outer", "Parallel Aware": false, "Relation Name": "aka_name", "Schema": "public", "Alias": "an", "Startup Cost": 0.0, "Total Cost": 20409.43, "Plan Rows": 901343, "Plan Width": 20, "Actual Startup Time": 0.011, "Actual Total Time": 438.195, "Actual Rows": 901343, "Actual Loops": 1, "Output": ["an.id", "an.person_id", "an.name", "an.imdb_index", "an.name_pcode_cf", "an.name_pcode_nf", "an.surname_pcode", "an.md5sum"]}, {"Node Type": "Hash", "Parent Relationship": "Inner", "Parallel Aware": false, "Startup Cost": 835235.63, "Total Cost": 835235.63, "Plan Rows": 320, "Plan Width": 37, "Actual Startup Time": 39080.978, "Actual Total Time": 39080.991, "Actual Rows": 99159, "Actual Loops": 1, "Output": ["ci.person_id", "ci.movie_id", "mk.movie_id", "n.id", "t.title", "t.id"], "Hash Buckets": 65536, "Original Hash Buckets": 1024, "Hash Batches": 4, "Original Hash Batches": 1, "Peak Memory Usage": 3585, "Plans": [{"Node Type": "Nested Loop", "Parent Relationship": "Outer", "Parallel Aware": false, "Join Type": "Inner", "Startup Cost": 84212.35, "Total Cost": 835235.63, "Plan Rows": 320, "Plan Width": 37, "Actual Startup Time": 4426.769, "Actual Total Time": 38993.233, "Actual Rows": 99159, "Actual Loops": 1, "Output": ["ci.person_id", "ci.movie_id", "mk.movie_id", "n.id", "t.title", "t.id"], "Inner Unique": true, "Plans": [{"Node Type": "Hash Join", "Parent Relationship": "Outer", "Parallel Aware": false, "Join Type": "Inner", "Startup Cost": 84211.92, "Total Cost": 835092.03, "Plan Rows": 320, "Plan Width": 33, "Actual Startup Time": 4426.73, "Actual Total Time": 38521.044, "Actual Rows": 99159, "Actual Loops": 1, "Output": ["ci.person_id", "ci.movie_id", "mk.movie_id", "t.title", "t.id"], "Inner Unique": false, "Hash Cond": "(ci.movie_id = t.id)", "Plans": [{"Node Type": "Seq Scan", "Parent Relationship": "Outer", "Parallel Aware": false, "Relation Name": "cast_info", "Schema": "public", "Alias": "ci", "Startup Cost": 0.0, "Total Cost": 615008.32, "Plan Rows": 36232132, "Plan Width": 8, "Actual Startup Time": 0.005, "Actual Total Time": 16190.287, "Actual Rows": 36244344, "Actual Loops": 1, "Output": ["ci.id", "ci.person_id", "ci.movie_id", "ci.person_role_id", "ci.note", "ci.nr_order", "ci.role_id"]}, {"Node Type": "Hash", "Parent Relationship": "Inner", "Parallel Aware": false, "Startup Cost": 84211.81, "Total Cost": 84211.81, "Plan Rows": 9, "Plan Width": 25, "Actual Startup Time": 4426.328, "Actual Total Time": 4426.337, "Actual Rows": 5385, "Actual Loops": 1, "Output": ["mk.movie_id", "t.title", "t.id"], "Hash Buckets": 8192, "Original Hash Buckets": 1024, "Hash Batches": 1, "Original Hash Batches": 1, "Peak Memory Usage": 402, "Plans": [{"Node Type": "Nested Loop", "Parent Relationship": "Outer", "Parallel Aware": false, "Join Type": "Inner", "Startup Cost": 2626.57, "Total Cost": 84211.81, "Plan Rows": 9, "Plan Width": 25, "Actual Startup Time": 2603.272, "Actual Total Time": 4421.265, "Actual Rows": 5385, "Actual Loops": 1, "Output": ["mk.movie_id", "t.title", "t.id"], "Inner Unique": true, "Plans": [{"Node Type": "Hash Join", "Parent Relationship": "Outer", "Parallel Aware": false, "Join Type": "Inner", "Startup Cost": 2626.14, "Total Cost": 84195.13, "Plan Rows": 34, "Plan Width": 4, "Actual Startup Time": 16.567, "Actual Total Time": 4072.845, "Actual Rows": 41840, "Actual Loops": 1, "Output": ["mk.movie_id"], "Inner Unique": true, "Hash Cond": "(mk.keyword_id = k.id)", "Plans": [{"Node Type": "Seq Scan", "Parent Relationship": "Outer", "Parallel Aware": false, "Relation Name": "movie_keyword", "Schema": "public", "Alias": "mk", "Startup Cost": 0.0, "Total Cost": 69693.3, "Plan Rows": 4523930, "Plan Width": 8, "Actual Startup Time": 0.011, "Actual Total Time": 1982.713, "Actual Rows": 4523930, "Actual Loops": 1, "Output": ["mk.id", "mk.movie_id", "mk.keyword_id"]}, {"Node Type": "Hash", "Parent Relationship": "Inner", "Parallel Aware": false, "Startup Cost": 2626.12, "Total Cost": 2626.12, "Plan Rows": 1, "Plan Width": 4, "Actual Startup Time": 14.93, "Actual Total Time": 14.932, "Actual Rows": 1, "Actual Loops": 1, "Output": ["k.id"], "Hash Buckets": 1024, "Original Hash Buckets": 1024, "Hash Batches": 1, "Original Hash Batches": 1, "Peak Memory Usage": 9, "Plans": [{"Node Type": "Seq Scan", "Parent Relationship": "Outer", "Parallel Aware": false, "Relation Name": "keyword", "Schema": "public", "Alias": "k", "Startup Cost": 0.0, "Total Cost": 2626.12, "Plan Rows": 1, "Plan Width": 4, "Actual Startup Time": 0.645, "Actual Total Time": 14.926, "Actual Rows": 1, "Actual Loops": 1, "Output": ["k.id"], "Filter": "(k.keyword = 'character-name-in-title'::text)", "Rows Removed by Filter": 134169}]}]}, {"Node Type": "Index Scan", "Parent Relationship": "Inner", "Parallel Aware": false, "Scan Direction": "Forward", "Index Name": "title_pkey", "Relation Name": "title", "Schema": "public", "Alias": "t", "Startup Cost": 0.43, "Total Cost": 0.49, "Plan Rows": 1, "Plan Width": 21, "Actual Startup Time": 0.007, "Actual Total Time": 0.007, "Actual Rows": 0, "Actual Loops": 41840, "Output": ["t.id", "t.title", "t.imdb_index", "t.kind_id", "t.production_year", "t.imdb_id", "t.phonetic_code", "t.episode_of_id", "t.season_nr", "t.episode_nr", "t.series_years", "t.md5sum"], "Index Cond": "(t.id = mk.movie_id)", "Rows Removed by Index Recheck": 0, "Filter": "((t.episode_nr >= 5) AND (t.episode_nr < 100))", "Rows Removed by Filter": 1}]}]}]}, {"Node Type": "Index Only Scan", "Parent Relationship": "Inner", "Parallel Aware": false, "Scan Direction": "Forward", "Index Name": "name_pkey", "Relation Name": "name", "Schema": "public", "Alias": "n", "Startup Cost": 0.43, "Total Cost": 0.45, "Plan Rows": 1, "Plan Width": 4, "Actual Startup Time": 0.003, "Actual Total Time": 0.003, "Actual Rows": 1, "Actual Loops": 99159, "Output": ["n.id"], "Index Cond": "(n.id = ci.person_id)", "Rows Removed by Index Recheck": 0, "Heap Fetches": 0}]}]}]}]}]}, {"Node Type": "Index Scan", "Parent Relationship": "Inner", "Parallel Aware": false, "Scan Direction": "Forward", "Index Name": "company_name_pkey", "Relation Name": "company_name", "Schema": "public", "Alias": "cn", "Startup Cost": 0.42, "Total Cost": 0.45, "Plan Rows": 1, "Plan Width": 4, "Actual Startup Time": 0.002, "Actual Total Time": 0.002, "Actual Rows": 1, "Actual Loops": 317940, "Output": ["cn.id", "cn.name", "cn.country_code", "cn.imdb_id", "cn.name_pcode_nf", "cn.name_pcode_sf", "cn.md5sum"], "Index Cond": "(cn.id = mc.company_id)", "Rows Removed by Index Recheck": 0, "Filter": "((cn.country_code)::text = '[us]'::text)", "Rows Removed by Filter": 0}]}]}, "Planning Time": 2.597, "Triggers": [], "Execution Time": 44663.646}]