[{"Plan": {"Node Type": "Aggregate", "Strategy": "Plain", "Partial Mode": "Simple", "Parallel Aware": false, "Startup Cost": 891123.85, "Total Cost": 891123.86, "Plan Rows": 1, "Plan Width": 64, "Actual Startup Time": 81043.912, "Actual Total Time": 81043.931, "Actual Rows": 1, "Actual Loops": 1, "Output": ["min(n.name)", "min(n.name)"], "Plans": [{"Node Type": "Nested Loop", "Parent Relationship": "Outer", "Parallel Aware": false, "Join Type": "Inner", "Startup Cost": 138879.84, "Total Cost": 891123.85, "Plan Rows": 1, "Plan Width": 15, "Actual Startup Time": 14235.504, "Actual Total Time": 81042.444, "Actual Rows": 1918, "Actual Loops": 1, "Output": ["n.name"], "Inner Unique": true, "Plans": [{"Node Type": "Nested Loop", "Parent Relationship": "Outer", "Parallel Aware": false, "Join Type": "Inner", "Startup Cost": 138879.42, "Total Cost": 891123.41, "Plan Rows": 1, "Plan Width": 19, "Actual Startup Time": 14235.473, "Actual Total Time": 81030.343, "Actual Rows": 1918, "Actual Loops": 1, "Output": ["mc.company_id", "n.name"], "Inner Unique": true, "Plans": [{"Node Type": "Hash Join", "Parent Relationship": "Outer", "Parallel Aware": false, "Join Type": "Inner", "Startup Cost": 138878.99, "Total Cost": 889782.31, "Plan Rows": 2932, "Plan Width": 8, "Actual Startup Time": 7050.672, "Actual Total Time": 55280.235, "Actual Rows": 7796926, "Actual Loops": 1, "Output": ["ci.person_id", "mc.company_id"], "Inner Unique": false, "Hash Cond": "(ci.movie_id = t.id)", "Plans": [{"Node Type": "Seq Scan", "Parent Relationship": "Outer", "Parallel Aware": false, "Relation Name": "cast_info", "Schema": "public", "Alias": "ci", "Startup Cost": 0.0, "Total Cost": 615008.32, "Plan Rows": 36232132, "Plan Width": 8, "Actual Startup Time": 0.009, "Actual Total Time": 16467.881, "Actual Rows": 36244344, "Actual Loops": 1, "Output": ["ci.id", "ci.person_id", "ci.movie_id", "ci.person_role_id", "ci.note", "ci.nr_order", "ci.role_id"]}, {"Node Type": "Hash", "Parent Relationship": "Inner", "Parallel Aware": false, "Startup Cost": 138876.85, "Total Cost": 138876.85, "Plan Rows": 171, "Plan Width": 16, "Actual Startup Time": 7050.39, "Actual Total Time": 7050.402, "Actual Rows": 148552, "Actual Loops": 1, "Output": ["mk.movie_id", "mc.movie_id", "mc.company_id", "t.id"], "Hash Buckets": 131072, "Original Hash Buckets": 1024, "Hash Batches": 4, "Original Hash Batches": 1, "Peak Memory Usage": 3073, "Plans": [{"Node Type": "Hash Join", "Parent Relationship": "Outer", "Parallel Aware": false, "Join Type": "Inner", "Startup Cost": 84210.98, "Total Cost": 138876.85, "Plan Rows": 171, "Plan Width": 16, "Actual Startup Time": 4361.492, "Actual Total Time": 6960.242, "Actual Rows": 148552, "Actual Loops": 1, "Output": ["mk.movie_id", "mc.movie_id", "mc.company_id", "t.id"], "Inner Unique": false, "Hash Cond": "(mc.movie_id = t.id)", "Plans": [{"Node Type": "Seq Scan", "Parent Relationship": "Outer", "Parallel Aware": false, "Relation Name": "movie_companies", "Schema": "public", "Alias": "mc", "Startup Cost": 0.0, "Total Cost": 44881.29, "Plan Rows": 2609129, "Plan Width": 8, "Actual Startup Time": 0.013, "Actual Total Time": 1180.085, "Actual Rows": 2609129, "Actual Loops": 1, "Output": ["mc.id", "mc.movie_id", "mc.company_id", "mc.company_type_id", "mc.note"]}, {"Node Type": "Hash", "Parent Relationship": "Inner", "Parallel Aware": false, "Startup Cost": 84210.56, "Total Cost": 84210.56, "Plan Rows": 34, "Plan Width": 8, "Actual Startup Time": 4361.073, "Actual Total Time": 4361.081, "Actual Rows": 41840, "Actual Loops": 1, "Output": ["mk.movie_id", "t.id"], "Hash Buckets": 65536, "Original Hash Buckets": 1024, "Hash Batches": 1, "Original Hash Batches": 1, "Peak Memory Usage": 2147, "Plans": [{"Node Type": "Nested Loop", "Parent Relationship": "Outer", "Parallel Aware": false, "Join Type": "Inner", "Startup Cost": 2626.57, "Total Cost": 84210.56, "Plan Rows": 34, "Plan Width": 8, "Actual Startup Time": 15.267, "Actual Total Time": 4334.109, "Actual Rows": 41840, "Actual Loops": 1, "Output": ["mk.movie_id", "t.id"], "Inner Unique": true, "Plans": [{"Node Type": "Hash Join", "Parent Relationship": "Outer", "Parallel Aware": false, "Join Type": "Inner", "Startup Cost": 2626.14, "Total Cost": 84195.13, "Plan Rows": 34, "Plan Width": 4, "Actual Startup Time": 15.245, "Actual Total Time": 4144.958, "Actual Rows": 41840, "Actual Loops": 1, "Output": ["mk.movie_id"], "Inner Unique": true, "Hash Cond": "(mk.keyword_id = k.id)", "Plans": [{"Node Type": "Seq Scan", "Parent Relationship": "Outer", "Parallel Aware": false, "Relation Name": "movie_keyword", "Schema": "public", "Alias": "mk", "Startup Cost": 0.0, "Total Cost": 69693.3, "Plan Rows": 4523930, "Plan Width": 8, "Actual Startup Time": 0.012, "Actual Total Time": 2025.156, "Actual Rows": 4523930, "Actual Loops": 1, "Output": ["mk.id", "mk.movie_id", "mk.keyword_id"]}, {"Node Type": "Hash", "Parent Relationship": "Inner", "Parallel Aware": false, "Startup Cost": 2626.12, "Total Cost": 2626.12, "Plan Rows": 1, "Plan Width": 4, "Actual Startup Time": 14.934, "Actual Total Time": 14.936, "Actual Rows": 1, "Actual Loops": 1, "Output": ["k.id"], "Hash Buckets": 1024, "Original Hash Buckets": 1024, "Hash Batches": 1, "Original Hash Batches": 1, "Peak Memory Usage": 9, "Plans": [{"Node Type": "Seq Scan", "Parent Relationship": "Outer", "Parallel Aware": false, "Relation Name": "keyword", "Schema": "public", "Alias": "k", "Startup Cost": 0.0, "Total Cost": 2626.12, "Plan Rows": 1, "Plan Width": 4, "Actual Startup Time": 0.607, "Actual Total Time": 14.931, "Actual Rows": 1, "Actual Loops": 1, "Output": ["k.id"], "Filter": "(k.keyword = 'character-name-in-title'::text)", "Rows Removed by Filter": 134169}]}]}, {"Node Type": "Index Only Scan", "Parent Relationship": "Inner", "Parallel Aware": false, "Scan Direction": "Forward", "Index Name": "title_pkey", "Relation Name": "title", "Schema": "public", "Alias": "t", "Startup Cost": 0.43, "Total Cost": 0.45, "Plan Rows": 1, "Plan Width": 4, "Actual Startup Time": 0.003, "Actual Total Time": 0.003, "Actual Rows": 1, "Actual Loops": 41840, "Output": ["t.id"], "Index Cond": "(t.id = mk.movie_id)", "Rows Removed by Index Recheck": 0, "Heap Fetches": 0}]}]}]}]}]}, {"Node Type": "Index Scan", "Parent Relationship": "Inner", "Parallel Aware": false, "Scan Direction": "Forward", "Index Name": "name_pkey", "Relation Name": "name", "Schema": "public", "Alias": "n", "Startup Cost": 0.43, "Total Cost": 0.46, "Plan Rows": 1, "Plan Width": 19, "Actual Startup Time": 0.002, "Actual Total Time": 0.002, "Actual Rows": 0, "Actual Loops": 7796926, "Output": ["n.id", "n.name", "n.imdb_index", "n.imdb_id", "n.gender", "n.name_pcode_cf", "n.name_pcode_nf", "n.surname_pcode", "n.md5sum"], "Index Cond": "(n.id = ci.person_id)", "Rows Removed by Index Recheck": 0, "Filter": "(n.name ~~ 'X%'::text)", "Rows Removed by Filter": 1}]}, {"Node Type": "Index Only Scan", "Parent Relationship": "Inner", "Parallel Aware": false, "Scan Direction": "Forward", "Index Name": "company_name_pkey", "Relation Name": "company_name", "Schema": "public", "Alias": "cn", "Startup Cost": 0.42, "Total Cost": 0.44, "Plan Rows": 1, "Plan Width": 4, "Actual Startup Time": 0.005, "Actual Total Time": 0.005, "Actual Rows": 1, "Actual Loops": 1918, "Output": ["cn.id"], "Index Cond": "(cn.id = mc.company_id)", "Rows Removed by Index Recheck": 0, "Heap Fetches": 0}]}]}, "Planning Time": 1.597, "Triggers": [], "Execution Time": 81044.021}]