[{"Plan": {"Node Type": "Aggregate", "Strategy": "Plain", "Partial Mode": "Simple", "Parallel Aware": false, "Startup Cost": 1095786.45, "Total Cost": 1095786.46, "Plan Rows": 1, "Plan Width": 96, "Actual Startup Time": 23686.539, "Actual Total Time": 23686.559, "Actual Rows": 1, "Actual Loops": 1, "Output": ["min(mi.info)", "min(mi_idx.info)", "min(t.title)"], "Plans": [{"Node Type": "Nested Loop", "Parent Relationship": "Outer", "Parallel Aware": false, "Join Type": "Inner", "Startup Cost": 376649.76, "Total Cost": 1095786.21, "Plan Rows": 32, "Plan Width": 65, "Actual Startup Time": 16416.959, "Actual Total Time": 23685.777, "Actual Rows": 410, "Actual Loops": 1, "Output": ["mi.info", "mi_idx.info", "t.title"], "Inner Unique": true, "Plans": [{"Node Type": "Nested Loop", "Parent Relationship": "Outer", "Parallel Aware": false, "Join Type": "Inner", "Startup Cost": 376649.33, "Total Cost": 1095771.52, "Plan Rows": 32, "Plan Width": 60, "Actual Startup Time": 16416.927, "Actual Total Time": 23677.446, "Actual Rows": 410, "Actual Loops": 1, "Output": ["ci.movie_id", "mi.info", "mi.movie_id", "mi_idx.info", "mi_idx.movie_id"], "Inner Unique": true, "Plans": [{"Node Type": "Hash Join", "Parent Relationship": "Outer", "Parallel Aware": false, "Join Type": "Inner", "Startup Cost": 376648.9, "Total Cost": 1091326.43, "Plan Rows": 7615, "Plan Width": 64, "Actual Startup Time": 16411.847, "Actual Total Time": 23073.044, "Actual Rows": 107339, "Actual Loops": 1, "Output": ["ci.movie_id", "ci.person_id", "mi.info", "mi.movie_id", "mi_idx.info", "mi_idx.movie_id"], "Inner Unique": false, "Hash Cond": "(ci.movie_id = mi.movie_id)", "Plans": [{"Node Type": "Seq Scan", "Parent Relationship": "Outer", "Parallel Aware": false, "Relation Name": "cast_info", "Schema": "public", "Alias": "ci", "Startup Cost": 0.0, "Total Cost": 705588.65, "Plan Rows": 2403398, "Plan Width": 8, "Actual Startup Time": 322.671, "Actual Total Time": 5585.176, "Actual Rows": 2379271, "Actual Loops": 1, "Output": ["ci.id", "ci.person_id", "ci.movie_id", "ci.person_role_id", "ci.note", "ci.nr_order", "ci.role_id"], "Filter": "(ci.note = ANY ('{(producer),\"(executive producer)\"}'::text[]))", "Rows Removed by Filter": 33865073}, {"Node Type": "Hash", "Parent Relationship": "Inner", "Parallel Aware": false, "Startup Cost": 376607.61, "Total Cost": 376607.61, "Plan Rows": 3303, "Plan Width": 56, "Actual Startup Time": 16089.116, "Actual Total Time": 16089.128, "Actual Rows": 45431, "Actual Loops": 1, "Output": ["mi.info", "mi.movie_id", "mi_idx.info", "mi_idx.movie_id"], "Hash Buckets": 65536, "Original Hash Buckets": 4096, "Hash Batches": 1, "Original Hash Batches": 1, "Peak Memory Usage": 2992, "Plans": [{"Node Type": "Hash Join", "Parent Relationship": "Outer", "Parallel Aware": false, "Join Type": "Inner", "Startup Cost": 25651.32, "Total Cost": 376607.61, "Plan Rows": 3303, "Plan Width": 56, "Actual Startup Time": 12536.258, "Actual Total Time": 16061.282, "Actual Rows": 45431, "Actual Loops": 1, "Output": ["mi.info", "mi.movie_id", "mi_idx.info", "mi_idx.movie_id"], "Inner Unique": false, "Hash Cond": "(mi.movie_id = mi_idx.movie_id)", "Plans": [{"Node Type": "Hash Join", "Parent Relationship": "Outer", "Parallel Aware": false, "Join Type": "Inner", "Startup Cost": 2.43, "Total Cost": 350434.19, "Plan Rows": 131065, "Plan Width": 46, "Actual Startup Time": 10781.916, "Actual Total Time": 14147.488, "Actual Rows": 121863, "Actual Loops": 1, "Output": ["mi.info", "mi.movie_id"], "Inner Unique": true, "Hash Cond": "(mi.info_type_id = it1.id)", "Plans": [{"Node Type": "Seq Scan", "Parent Relationship": "Outer", "Parallel Aware": false, "Relation Name": "movie_info", "Schema": "public", "Alias": "mi", "Startup Cost": 0.0, "Total Cost": 310096.5, "Plan Rows": 14810350, "Plan Width": 50, "Actual Startup Time": 0.018, "Actual Total Time": 7265.876, "Actual Rows": 14835720, "Actual Loops": 1, "Output": ["mi.id", "mi.movie_id", "mi.info_type_id", "mi.info", "mi.note"]}, {"Node Type": "Hash", "Parent Relationship": "Inner", "Parallel Aware": false, "Startup Cost": 2.41, "Total Cost": 2.41, "Plan Rows": 1, "Plan Width": 4, "Actual Startup Time": 0.041, "Actual Total Time": 0.043, "Actual Rows": 1, "Actual Loops": 1, "Output": ["it1.id"], "Hash Buckets": 1024, "Original Hash Buckets": 1024, "Hash Batches": 1, "Original Hash Batches": 1, "Peak Memory Usage": 9, "Plans": [{"Node Type": "Seq Scan", "Parent Relationship": "Outer", "Parallel Aware": false, "Relation Name": "info_type", "Schema": "public", "Alias": "it1", "Startup Cost": 0.0, "Total Cost": 2.41, "Plan Rows": 1, "Plan Width": 4, "Actual Startup Time": 0.02, "Actual Total Time": 0.023, "Actual Rows": 1, "Actual Loops": 1, "Output": ["it1.id"], "Filter": "((it1.info)::text = 'budget'::text)", "Rows Removed by Filter": 112}]}]}, {"Node Type": "Hash", "Parent Relationship": "Inner", "Parallel Aware": false, "Startup Cost": 25496.24, "Total Cost": 25496.24, "Plan Rows": 12213, "Plan Width": 10, "Actual Startup Time": 1748.014, "Actual Total Time": 1748.019, "Actual Rows": 459925, "Actual Loops": 1, "Output": ["mi_idx.info", "mi_idx.movie_id"], "Hash Buckets": 131072, "Original Hash Buckets": 16384, "Hash Batches": 8, "Original Hash Batches": 1, "Peak Memory Usage": 3285, "Plans": [{"Node Type": "Hash Join", "Parent Relationship": "Outer", "Parallel Aware": false, "Join Type": "Inner", "Startup Cost": 2.43, "Total Cost": 25496.24, "Plan Rows": 12213, "Plan Width": 10, "Actual Startup Time": 0.136, "Actual Total Time": 1484.262, "Actual Rows": 459925, "Actual Loops": 1, "Output": ["mi_idx.info", "mi_idx.movie_id"], "Inner Unique": true, "Hash Cond": "(mi_idx.info_type_id = it2.id)", "Plans": [{"Node Type": "Seq Scan", "Parent Relationship": "Outer", "Parallel Aware": false, "Relation Name": "movie_info_idx", "Schema": "public", "Alias": "mi_idx", "Startup Cost": 0.0, "Total Cost": 21735.35, "Plan Rows": 1380035, "Plan Width": 14, "Actual Startup Time": 0.106, "Actual Total Time": 625.83, "Actual Rows": 1380035, "Actual Loops": 1, "Output": ["mi_idx.id", "mi_idx.movie_id", "mi_idx.info_type_id", "mi_idx.info", "mi_idx.note"]}, {"Node Type": "Hash", "Parent Relationship": "Inner", "Parallel Aware": false, "Startup Cost": 2.41, "Total Cost": 2.41, "Plan Rows": 1, "Plan Width": 4, "Actual Startup Time": 0.021, "Actual Total Time": 0.023, "Actual Rows": 1, "Actual Loops": 1, "Output": ["it2.id"], "Hash Buckets": 1024, "Original Hash Buckets": 1024, "Hash Batches": 1, "Original Hash Batches": 1, "Peak Memory Usage": 9, "Plans": [{"Node Type": "Seq Scan", "Parent Relationship": "Outer", "Parallel Aware": false, "Relation Name": "info_type", "Schema": "public", "Alias": "it2", "Startup Cost": 0.0, "Total Cost": 2.41, "Plan Rows": 1, "Plan Width": 4, "Actual Startup Time": 0.015, "Actual Total Time": 0.018, "Actual Rows": 1, "Actual Loops": 1, "Output": ["it2.id"], "Filter": "((it2.info)::text = 'votes'::text)", "Rows Removed by Filter": 112}]}]}]}]}]}]}, {"Node Type": "Index Scan", "Parent Relationship": "Inner", "Parallel Aware": false, "Scan Direction": "Forward", "Index Name": "name_pkey", "Relation Name": "name", "Schema": "public", "Alias": "n", "Startup Cost": 0.43, "Total Cost": 0.58, "Plan Rows": 1, "Plan Width": 4, "Actual Startup Time": 0.005, "Actual Total Time": 0.005, "Actual Rows": 0, "Actual Loops": 107339, "Output": ["n.id", "n.name", "n.imdb_index", "n.imdb_id", "n.gender", "n.name_pcode_cf", "n.name_pcode_nf", "n.surname_pcode", "n.md5sum"], "Index Cond": "(n.id = ci.person_id)", "Rows Removed by Index Recheck": 0, "Filter": "((n.name ~~ '%Tim%'::text) AND ((n.gender)::text = 'm'::text))", "Rows Removed by Filter": 1}]}, {"Node Type": "Index Scan", "Parent Relationship": "Inner", "Parallel Aware": false, "Scan Direction": "Forward", "Index Name": "title_pkey", "Relation Name": "title", "Schema": "public", "Alias": "t", "Startup Cost": 0.43, "Total Cost": 0.46, "Plan Rows": 1, "Plan Width": 21, "Actual Startup Time": 0.018, "Actual Total Time": 0.018, "Actual Rows": 1, "Actual Loops": 410, "Output": ["t.id", "t.title", "t.imdb_index", "t.kind_id", "t.production_year", "t.imdb_id", "t.phonetic_code", "t.episode_of_id", "t.season_nr", "t.episode_nr", "t.series_years", "t.md5sum"], "Index Cond": "(t.id = mi.movie_id)", "Rows Removed by Index Recheck": 0}]}]}, "Planning Time": 1.884, "Triggers": [], "Execution Time": 23686.662}]