[{"Plan": {"Node Type": "Aggregate", "Strategy": "Plain", "Partial Mode": "Simple", "Parallel Aware": false, "Startup Cost": 1290286.28, "Total Cost": 1290286.29, "Plan Rows": 1, "Plan Width": 64, "Actual Startup Time": 391788.952, "Actual Total Time": 391789.002, "Actual Rows": 1, "Actual Loops": 1, "Output": ["min(n.name)", "min(t.title)"], "Plans": [{"Node Type": "Nested Loop", "Parent Relationship": "Outer", "Parallel Aware": false, "Join Type": "Inner", "Startup Cost": 385692.71, "Total Cost": 1290286.28, "Plan Rows": 1, "Plan Width": 32, "Actual Startup Time": 58966.038, "Actual Total Time": 391788.556, "Actual Rows": 184, "Actual Loops": 1, "Output": ["n.name", "t.title"], "Inner Unique": true, "Join Filter": "(mi.movie_id = t.id)", "Rows Removed by Join Filter": 0, "Plans": [{"Node Type": "Nested Loop", "Parent Relationship": "Outer", "Parallel Aware": false, "Join Type": "Inner", "Startup Cost": 385692.28, "Total Cost": 1290284.87, "Plan Rows": 1, "Plan Width": 27, "Actual Startup Time": 32307.453, "Actual Total Time": 391784.681, "Actual Rows": 311, "Actual Loops": 1, "Output": ["ci.movie_id", "mc.movie_id", "mi.movie_id", "n.name"], "Inner Unique": true, "Plans": [{"Node Type": "Nested Loop", "Parent Relationship": "Outer", "Parallel Aware": false, "Join Type": "Inner", "Startup Cost": 385691.86, "Total Cost": 1290283.67, "Plan Rows": 1, "Plan Width": 31, "Actual Startup Time": 32307.422, "Actual Total Time": 391778.774, "Actual Rows": 321, "Actual Loops": 1, "Output": ["ci.movie_id", "mc.movie_id", "mc.company_id", "mi.movie_id", "n.name"], "Inner Unique": false, "Join Filter": "(mi.movie_id = mc.movie_id)", "Rows Removed by Join Filter": 121153449, "Plans": [{"Node Type": "Nested Loop", "Parent Relationship": "Outer", "Parallel Aware": false, "Join Type": "Inner", "Startup Cost": 385691.86, "Total Cost": 1228457.84, "Plan Rows": 1, "Plan Width": 23, "Actual Startup Time": 8493.289, "Actual Total Time": 190858.266, "Actual Rows": 205, "Actual Loops": 1, "Output": ["ci.movie_id", "mi.movie_id", "n.name"], "Inner Unique": true, "Plans": [{"Node Type": "Nested Loop", "Parent Relationship": "Outer", "Parallel Aware": false, "Join Type": "Inner", "Startup Cost": 385691.43, "Total Cost": 1228456.95, "Plan Rows": 1, "Plan Width": 27, "Actual Startup Time": 8493.241, "Actual Total Time": 190852.471, "Actual Rows": 224, "Actual Loops": 1, "Output": ["ci.movie_id", "ci.person_role_id", "mi.movie_id", "n.name"], "Inner Unique": false, "Join Filter": "(n.id = an.person_id)", "Rows Removed by Join Filter": 198295236, "Plans": [{"Node Type": "Nested Loop", "Parent Relationship": "Outer", "Parallel Aware": false, "Join Type": "Inner", "Startup Cost": 385691.43, "Total Cost": 1196780.73, "Plan Rows": 1, "Plan Width": 35, "Actual Startup Time": 6827.889, "Actual Total Time": 10715.12, "Actual Rows": 220, "Actual Loops": 1, "Output": ["ci.movie_id", "ci.person_id", "ci.person_role_id", "mi.movie_id", "n.name", "n.id"], "Inner Unique": true, "Plans": [{"Node Type": "Hash Join", "Parent Relationship": "Outer", "Parallel Aware": false, "Join Type": "Inner", "Startup Cost": 385691.0, "Total Cost": 1196263.39, "Plan Rows": 338, "Plan Width": 16, "Actual Startup Time": 6793.988, "Actual Total Time": 10134.741, "Actual Rows": 147136, "Actual Loops": 1, "Output": ["ci.movie_id", "ci.person_id", "ci.person_role_id", "mi.movie_id"], "Inner Unique": false, "Hash Cond": "(ci.movie_id = mi.movie_id)", "Plans": [{"Node Type": "Nested Loop", "Parent Relationship": "Outer", "Parallel Aware": false, "Join Type": "Inner", "Startup Cost": 0.0, "Total Cost": 807175.64, "Plan Rows": 73370, "Plan Width": 12, "Actual Startup Time": 2901.701, "Actual Total Time": 5893.947, "Actual Rows": 276166, "Actual Loops": 1, "Output": ["ci.movie_id", "ci.person_id", "ci.person_role_id"], "Inner Unique": false, "Join Filter": "(ci.role_id = rt.id)", "Rows Removed by Join Filter": 591311, "Plans": [{"Node Type": "Seq Scan", "Parent Relationship": "Outer", "Parallel Aware": false, "Relation Name": "role_type", "Schema": "public", "Alias": "rt", "Startup Cost": 0.0, "Total Cost": 1.15, "Plan Rows": 1, "Plan Width": 4, "Actual Startup Time": 0.017, "Actual Total Time": 0.021, "Actual Rows": 1, "Actual Loops": 1, "Output": ["rt.id", "rt.role"], "Filter": "((rt.role)::text = 'actress'::text)", "Rows Removed by Filter": 11}, {"Node Type": "Seq Scan", "Parent Relationship": "Inner", "Parallel Aware": false, "Relation Name": "cast_info", "Schema": "public", "Alias": "ci", "Startup Cost": 0.0, "Total Cost": 796168.98, "Plan Rows": 880441, "Plan Width": 16, "Actual Startup Time": 10.712, "Actual Total Time": 5392.447, "Actual Rows": 867477, "Actual Loops": 1, "Output": ["ci.id", "ci.person_id", "ci.movie_id", "ci.person_role_id", "ci.note", "ci.nr_order", "ci.role_id"], "Filter": "(ci.note = ANY ('{(voice),\"(voice: Japanese version)\",\"(voice) (uncredited)\",\"(voice: English version)\"}'::text[]))", "Rows Removed by Filter": 35376867}]}, {"Node Type": "Hash", "Parent Relationship": "Inner", "Parallel Aware": false, "Startup Cost": 385630.88, "Total Cost": 385630.88, "Plan Rows": 4810, "Plan Width": 4, "Actual Startup Time": 3891.464, "Actual Total Time": 3891.477, "Actual Rows": 451039, "Actual Loops": 1, "Output": ["mi.movie_id"], "Hash Buckets": 131072, "Original Hash Buckets": 8192, "Hash Batches": 8, "Original Hash Batches": 1, "Peak Memory Usage": 3073, "Plans": [{"Node Type": "Hash Join", "Parent Relationship": "Outer", "Parallel Aware": false, "Join Type": "Inner", "Startup Cost": 2.43, "Total Cost": 385630.88, "Plan Rows": 4810, "Plan Width": 4, "Actual Startup Time": 1256.84, "Actual Total Time": 3642.023, "Actual Rows": 451039, "Actual Loops": 1, "Output": ["mi.movie_id"], "Inner Unique": true, "Hash Cond": "(mi.info_type_id = it.id)", "Plans": [{"Node Type": "Seq Scan", "Parent Relationship": "Outer", "Parallel Aware": false, "Relation Name": "movie_info", "Schema": "public", "Alias": "mi", "Startup Cost": 0.0, "Total Cost": 384148.25, "Plan Rows": 543501, "Plan Width": 8, "Actual Startup Time": 786.453, "Actual Total Time": 3236.87, "Actual Rows": 451104, "Actual Loops": 1, "Output": ["mi.id", "mi.movie_id", "mi.info_type_id", "mi.info", "mi.note"], "Filter": "((mi.info IS NOT NULL) AND ((mi.info ~~ 'Japan:%200%'::text) OR (mi.info ~~ 'USA:%200%'::text)))", "Rows Removed by Filter": 14384616}, {"Node Type": "Hash", "Parent Relationship": "Inner", "Parallel Aware": false, "Startup Cost": 2.41, "Total Cost": 2.41, "Plan Rows": 1, "Plan Width": 4, "Actual Startup Time": 0.242, "Actual Total Time": 0.244, "Actual Rows": 1, "Actual Loops": 1, "Output": ["it.id"], "Hash Buckets": 1024, "Original Hash Buckets": 1024, "Hash Batches": 1, "Original Hash Batches": 1, "Peak Memory Usage": 9, "Plans": [{"Node Type": "Seq Scan", "Parent Relationship": "Outer", "Parallel Aware": false, "Relation Name": "info_type", "Schema": "public", "Alias": "it", "Startup Cost": 0.0, "Total Cost": 2.41, "Plan Rows": 1, "Plan Width": 4, "Actual Startup Time": 0.229, "Actual Total Time": 0.236, "Actual Rows": 1, "Actual Loops": 1, "Output": ["it.id"], "Filter": "((it.info)::text = 'release dates'::text)", "Rows Removed by Filter": 112}]}]}]}]}, {"Node Type": "Index Scan", "Parent Relationship": "Inner", "Parallel Aware": false, "Scan Direction": "Forward", "Index Name": "name_pkey", "Relation Name": "name", "Schema": "public", "Alias": "n", "Startup Cost": 0.43, "Total Cost": 1.53, "Plan Rows": 1, "Plan Width": 19, "Actual Startup Time": 0.003, "Actual Total Time": 0.003, "Actual Rows": 0, "Actual Loops": 147136, "Output": ["n.id", "n.name", "n.imdb_index", "n.imdb_id", "n.gender", "n.name_pcode_cf", "n.name_pcode_nf", "n.surname_pcode", "n.md5sum"], "Index Cond": "(n.id = ci.person_id)", "Rows Removed by Index Recheck": 0, "Filter": "((n.name ~~ '%Ang%'::text) AND ((n.gender)::text = 'f'::text))", "Rows Removed by Filter": 1}]}, {"Node Type": "Seq Scan", "Parent Relationship": "Inner", "Parallel Aware": false, "Relation Name": "aka_name", "Schema": "public", "Alias": "an", "Startup Cost": 0.0, "Total Cost": 20409.43, "Plan Rows": 901343, "Plan Width": 4, "Actual Startup Time": 0.008, "Actual Total Time": 431.241, "Actual Rows": 901343, "Actual Loops": 220, "Output": ["an.id", "an.person_id", "an.name", "an.imdb_index", "an.name_pcode_cf", "an.name_pcode_nf", "an.surname_pcode", "an.md5sum"]}]}, {"Node Type": "Index Only Scan", "Parent Relationship": "Inner", "Parallel Aware": false, "Scan Direction": "Forward", "Index Name": "char_name_pkey", "Relation Name": "char_name", "Schema": "public", "Alias": "chn", "Startup Cost": 0.43, "Total Cost": 0.89, "Plan Rows": 1, "Plan Width": 4, "Actual Startup Time": 0.019, "Actual Total Time": 0.019, "Actual Rows": 1, "Actual Loops": 224, "Output": ["chn.id"], "Index Cond": "(chn.id = ci.person_role_id)", "Rows Removed by Index Recheck": 0, "Heap Fetches": 0}]}, {"Node Type": "Seq Scan", "Parent Relationship": "Inner", "Parallel Aware": false, "Relation Name": "movie_companies", "Schema": "public", "Alias": "mc", "Startup Cost": 0.0, "Total Cost": 57926.93, "Plan Rows": 311912, "Plan Width": 8, "Actual Startup Time": 0.011, "Actual Total Time": 737.577, "Actual Rows": 590994, "Actual Loops": 205, "Output": ["mc.id", "mc.movie_id", "mc.company_id", "mc.company_type_id", "mc.note"], "Filter": "((mc.note IS NOT NULL) AND ((mc.note ~~ '%(USA)%'::text) OR (mc.note ~~ '%(worldwide)%'::text)))", "Rows Removed by Filter": 2018135}]}, {"Node Type": "Index Scan", "Parent Relationship": "Inner", "Parallel Aware": false, "Scan Direction": "Forward", "Index Name": "company_name_pkey", "Relation Name": "company_name", "Schema": "public", "Alias": "cn", "Startup Cost": 0.42, "Total Cost": 1.2, "Plan Rows": 1, "Plan Width": 4, "Actual Startup Time": 0.014, "Actual Total Time": 0.014, "Actual Rows": 1, "Actual Loops": 321, "Output": ["cn.id", "cn.name", "cn.country_code", "cn.imdb_id", "cn.name_pcode_nf", "cn.name_pcode_sf", "cn.md5sum"], "Index Cond": "(cn.id = mc.company_id)", "Rows Removed by Index Recheck": 0, "Filter": "((cn.country_code)::text = '[us]'::text)", "Rows Removed by Filter": 0}]}, {"Node Type": "Index Scan", "Parent Relationship": "Inner", "Parallel Aware": false, "Scan Direction": "Forward", "Index Name": "title_pkey", "Relation Name": "title", "Schema": "public", "Alias": "t", "Startup Cost": 0.43, "Total Cost": 1.4, "Plan Rows": 1, "Plan Width": 21, "Actual Startup Time": 0.01, "Actual Total Time": 0.01, "Actual Rows": 1, "Actual Loops": 311, "Output": ["t.id", "t.title", "t.imdb_index", "t.kind_id", "t.production_year", "t.imdb_id", "t.phonetic_code", "t.episode_of_id", "t.season_nr", "t.episode_nr", "t.series_years", "t.md5sum"], "Index Cond": "(t.id = ci.movie_id)", "Rows Removed by Index Recheck": 0, "Filter": "((t.production_year >= 2005) AND (t.production_year <= 2009))", "Rows Removed by Filter": 0}]}]}, "Planning Time": 8.626, "Triggers": [], "Execution Time": 391789.096}]