[{"Plan": {"Node Type": "Aggregate", "Strategy": "Plain", "Partial Mode": "Simple", "Parallel Aware": false, "Startup Cost": 1203509.97, "Total Cost": 1203509.98, "Plan Rows": 1, "Plan Width": 64, "Actual Startup Time": 77583.525, "Actual Total Time": 77583.55, "Actual Rows": 1, "Actual Loops": 1, "Output": ["min(n.name)", "min(t.title)"], "Plans": [{"Node Type": "Nested Loop", "Parent Relationship": "Outer", "Parallel Aware": false, "Join Type": "Inner", "Startup Cost": 1.29, "Total Cost": 1203509.96, "Plan Rows": 1, "Plan Width": 32, "Actual Startup Time": 30006.033, "Actual Total Time": 77583.509, "Actual Rows": 15, "Actual Loops": 1, "Output": ["n.name", "t.title"], "Inner Unique": true, "Plans": [{"Node Type": "Nested Loop", "Parent Relationship": "Outer", "Parallel Aware": false, "Join Type": "Inner", "Startup Cost": 0.86, "Total Cost": 1203509.07, "Plan Rows": 1, "Plan Width": 36, "Actual Startup Time": 30005.978, "Actual Total Time": 77583.328, "Actual Rows": 15, "Actual Loops": 1, "Output": ["ci.person_role_id", "n.name", "t.title"], "Inner Unique": false, "Join Filter": "(n.id = an.person_id)", "Rows Removed by Join Filter": 2704014, "Plans": [{"Node Type": "Nested Loop", "Parent Relationship": "Outer", "Parallel Aware": false, "Join Type": "Inner", "Startup Cost": 0.86, "Total Cost": 1171832.85, "Plan Rows": 1, "Plan Width": 44, "Actual Startup Time": 29729.422, "Actual Total Time": 75137.478, "Actual Rows": 3, "Actual Loops": 1, "Output": ["ci.person_id", "ci.person_role_id", "n.name", "n.id", "t.title"], "Inner Unique": true, "Join Filter": "(ci.role_id = rt.id)", "Rows Removed by Join Filter": 0, "Plans": [{"Node Type": "Nested Loop", "Parent Relationship": "Outer", "Parallel Aware": false, "Join Type": "Inner", "Startup Cost": 0.86, "Total Cost": 1171831.69, "Plan Rows": 1, "Plan Width": 48, "Actual Startup Time": 29729.402, "Actual Total Time": 75137.434, "Actual Rows": 3, "Actual Loops": 1, "Output": ["ci.person_id", "ci.role_id", "ci.person_role_id", "n.name", "n.id", "t.title"], "Inner Unique": true, "Join Filter": "(mc.company_id = cn.id)", "Rows Removed by Join Filter": 43620, "Plans": [{"Node Type": "Nested Loop", "Parent Relationship": "Outer", "Parallel Aware": false, "Join Type": "Inner", "Startup Cost": 0.86, "Total Cost": 1164845.16, "Plan Rows": 1, "Plan Width": 52, "Actual Startup Time": 29713.944, "Actual Total Time": 75084.819, "Actual Rows": 3, "Actual Loops": 1, "Output": ["ci.person_id", "ci.role_id", "ci.person_role_id", "mc.company_id", "n.name", "n.id", "t.title"], "Inner Unique": true, "Plans": [{"Node Type": "Nested Loop", "Parent Relationship": "Outer", "Parallel Aware": false, "Join Type": "Inner", "Startup Cost": 0.43, "Total Cost": 1164843.57, "Plan Rows": 1, "Plan Width": 33, "Actual Startup Time": 15913.517, "Actual Total Time": 75079.663, "Actual Rows": 100, "Actual Loops": 1, "Output": ["ci.person_id", "ci.role_id", "ci.person_role_id", "mc.company_id", "t.title"], "Inner Unique": false, "Join Filter": "(t.id = mc.movie_id)", "Rows Removed by Join Filter": 13697711, "Plans": [{"Node Type": "Nested Loop", "Parent Relationship": "Outer", "Parallel Aware": false, "Join Type": "Inner", "Startup Cost": 0.43, "Total Cost": 1099094.89, "Plan Rows": 1, "Plan Width": 41, "Actual Startup Time": 15607.05, "Actual Total Time": 30956.822, "Actual Rows": 69, "Actual Loops": 1, "Output": ["ci.movie_id", "ci.person_id", "ci.role_id", "ci.person_role_id", "mi.movie_id", "t.title", "t.id"], "Inner Unique": false, "Join Filter": "(t.id = ci.movie_id)", "Rows Removed by Join Filter": 4282899, "Plans": [{"Node Type": "Nested Loop", "Parent Relationship": "Outer", "Parallel Aware": false, "Join Type": "Inner", "Startup Cost": 0.43, "Total Cost": 384282.14, "Plan Rows": 1, "Plan Width": 25, "Actual Startup Time": 1385.284, "Actual Total Time": 3755.352, "Actual Rows": 6, "Actual Loops": 1, "Output": ["mi.movie_id", "t.title", "t.id"], "Inner Unique": true, "Plans": [{"Node Type": "Nested Loop", "Parent Relationship": "Outer", "Parallel Aware": false, "Join Type": "Inner", "Startup Cost": 0.0, "Total Cost": 384169.85, "Plan Rows": 14, "Plan Width": 4, "Actual Startup Time": 1294.126, "Actual Total Time": 3226.243, "Actual Rows": 69478, "Actual Loops": 1, "Output": ["mi.movie_id"], "Inner Unique": false, "Join Filter": "(it.id = mi.info_type_id)", "Rows Removed by Join Filter": 0, "Plans": [{"Node Type": "Seq Scan", "Parent Relationship": "Outer", "Parallel Aware": false, "Relation Name": "info_type", "Schema": "public", "Alias": "it", "Startup Cost": 0.0, "Total Cost": 2.41, "Plan Rows": 1, "Plan Width": 4, "Actual Startup Time": 0.02, "Actual Total Time": 0.034, "Actual Rows": 1, "Actual Loops": 1, "Output": ["it.id", "it.info"], "Filter": "((it.info)::text = 'release dates'::text)", "Rows Removed by Filter": 112}, {"Node Type": "Seq Scan", "Parent Relationship": "Inner", "Parallel Aware": false, "Relation Name": "movie_info", "Schema": "public", "Alias": "mi", "Startup Cost": 0.0, "Total Cost": 384148.25, "Plan Rows": 1535, "Plan Width": 8, "Actual Startup Time": 1294.1, "Actual Total Time": 3164.223, "Actual Rows": 69478, "Actual Loops": 1, "Output": ["mi.id", "mi.movie_id", "mi.info_type_id", "mi.info", "mi.note"], "Filter": "((mi.info IS NOT NULL) AND ((mi.info ~~ 'Japan:%2007%'::text) OR (mi.info ~~ 'USA:%2008%'::text)))", "Rows Removed by Filter": 14766242}]}, {"Node Type": "Index Scan", "Parent Relationship": "Inner", "Parallel Aware": false, "Scan Direction": "Forward", "Index Name": "title_pkey", "Relation Name": "title", "Schema": "public", "Alias": "t", "Startup Cost": 0.43, "Total Cost": 7.98, "Plan Rows": 1, "Plan Width": 21, "Actual Startup Time": 0.006, "Actual Total Time": 0.006, "Actual Rows": 0, "Actual Loops": 69478, "Output": ["t.id", "t.title", "t.imdb_index", "t.kind_id", "t.production_year", "t.imdb_id", "t.phonetic_code", "t.episode_of_id", "t.season_nr", "t.episode_nr", "t.series_years", "t.md5sum"], "Index Cond": "(t.id = mi.movie_id)", "Rows Removed by Index Recheck": 0, "Filter": "((t.production_year >= 2007) AND (t.production_year <= 2008) AND (t.title ~~ '%Kung%Fu%Panda%'::text))", "Rows Removed by Filter": 1}]}, {"Node Type": "Seq Scan", "Parent Relationship": "Inner", "Parallel Aware": false, "Relation Name": "cast_info", "Schema": "public", "Alias": "ci", "Startup Cost": 0.0, "Total Cost": 705588.65, "Plan Rows": 737928, "Plan Width": 16, "Actual Startup Time": 0.009, "Actual Total Time": 4233.959, "Actual Rows": 713828, "Actual Loops": 6, "Output": ["ci.id", "ci.person_id", "ci.movie_id", "ci.person_role_id", "ci.note", "ci.nr_order", "ci.role_id"], "Filter": "(ci.note = '(voice)'::text)", "Rows Removed by Filter": 35530516}]}, {"Node Type": "Seq Scan", "Parent Relationship": "Inner", "Parallel Aware": false, "Relation Name": "movie_companies", "Schema": "public", "Alias": "mc", "Startup Cost": 0.0, "Total Cost": 64449.76, "Plan Rows": 103914, "Plan Width": 8, "Actual Startup Time": 0.01, "Actual Total Time": 557.157, "Actual Rows": 198519, "Actual Loops": 69, "Output": ["mc.id", "mc.movie_id", "mc.company_id", "mc.company_type_id", "mc.note"], "Filter": "((mc.note ~~ '%(200%)%'::text) AND ((mc.note ~~ '%(USA)%'::text) OR (mc.note ~~ '%(worldwide)%'::text)))", "Rows Removed by Filter": 2410610}]}, {"Node Type": "Index Scan", "Parent Relationship": "Inner", "Parallel Aware": false, "Scan Direction": "Forward", "Index Name": "name_pkey", "Relation Name": "name", "Schema": "public", "Alias": "n", "Startup Cost": 0.43, "Total Cost": 1.57, "Plan Rows": 1, "Plan Width": 19, "Actual Startup Time": 0.048, "Actual Total Time": 0.048, "Actual Rows": 0, "Actual Loops": 100, "Output": ["n.id", "n.name", "n.imdb_index", "n.imdb_id", "n.gender", "n.name_pcode_cf", "n.name_pcode_nf", "n.surname_pcode", "n.md5sum"], "Index Cond": "(n.id = ci.person_id)", "Rows Removed by Index Recheck": 0, "Filter": "((n.name ~~ '%Angel%'::text) AND ((n.gender)::text = 'f'::text))", "Rows Removed by Filter": 1}]}, {"Node Type": "Seq Scan", "Parent Relationship": "Inner", "Parallel Aware": false, "Relation Name": "company_name", "Schema": "public", "Alias": "cn", "Startup Cost": 0.0, "Total Cost": 5932.46, "Plan Rows": 84325, "Plan Width": 4, "Actual Startup Time": 0.007, "Actual Total Time": 11.571, "Actual Rows": 14541, "Actual Loops": 3, "Output": ["cn.id", "cn.name", "cn.country_code", "cn.imdb_id", "cn.name_pcode_nf", "cn.name_pcode_sf", "cn.md5sum"], "Filter": "((cn.country_code)::text = '[us]'::text)", "Rows Removed by Filter": 25235}]}, {"Node Type": "Seq Scan", "Parent Relationship": "Inner", "Parallel Aware": false, "Relation Name": "role_type", "Schema": "public", "Alias": "rt", "Startup Cost": 0.0, "Total Cost": 1.15, "Plan Rows": 1, "Plan Width": 4, "Actual Startup Time": 0.007, "Actual Total Time": 0.007, "Actual Rows": 1, "Actual Loops": 3, "Output": ["rt.id", "rt.role"], "Filter": "((rt.role)::text = 'actress'::text)", "Rows Removed by Filter": 1}]}, {"Node Type": "Seq Scan", "Parent Relationship": "Inner", "Parallel Aware": false, "Relation Name": "aka_name", "Schema": "public", "Alias": "an", "Startup Cost": 0.0, "Total Cost": 20409.43, "Plan Rows": 901343, "Plan Width": 4, "Actual Startup Time": 0.011, "Actual Total Time": 427.833, "Actual Rows": 901343, "Actual Loops": 3, "Output": ["an.id", "an.person_id", "an.name", "an.imdb_index", "an.name_pcode_cf", "an.name_pcode_nf", "an.surname_pcode", "an.md5sum"]}]}, {"Node Type": "Index Only Scan", "Parent Relationship": "Inner", "Parallel Aware": false, "Scan Direction": "Forward", "Index Name": "char_name_pkey", "Relation Name": "char_name", "Schema": "public", "Alias": "chn", "Startup Cost": 0.43, "Total Cost": 0.89, "Plan Rows": 1, "Plan Width": 4, "Actual Startup Time": 0.009, "Actual Total Time": 0.009, "Actual Rows": 1, "Actual Loops": 15, "Output": ["chn.id"], "Index Cond": "(chn.id = ci.person_role_id)", "Rows Removed by Index Recheck": 0, "Heap Fetches": 0}]}]}, "Planning Time": 9.302, "Triggers": [], "Execution Time": 77583.632}]