[{"Plan": {"Node Type": "Aggregate", "Strategy": "Plain", "Partial Mode": "Simple", "Parallel Aware": false, "Startup Cost": 1280332.71, "Total Cost": 1280332.72, "Plan Rows": 1, "Plan Width": 64, "Actual Startup Time": 2178962.632, "Actual Total Time": 2178962.674, "Actual Rows": 1, "Actual Loops": 1, "Output": ["min(n.name)", "min(t.title)"], "Plans": [{"Node Type": "Nested Loop", "Parent Relationship": "Outer", "Parallel Aware": false, "Join Type": "Inner", "Startup Cost": 447669.99, "Total Cost": 1280332.69, "Plan Rows": 3, "Plan Width": 32, "Actual Startup Time": 16772.922, "Actual Total Time": 2178951.38, "Actual Rows": 3575, "Actual Loops": 1, "Output": ["n.name", "t.title"], "Inner Unique": false, "Join Filter": "(n.id = an.person_id)", "Rows Removed by Join Filter": 2372331201, "Plans": [{"Node Type": "Nested Loop", "Parent Relationship": "Outer", "Parallel Aware": false, "Join Type": "Inner", "Startup Cost": 447669.99, "Total Cost": 1248656.47, "Plan Rows": 1, "Plan Width": 40, "Actual Startup Time": 13492.076, "Actual Total Time": 19267.154, "Actual Rows": 2632, "Actual Loops": 1, "Output": ["ci.person_id", "n.name", "n.id", "t.title"], "Inner Unique": true, "Plans": [{"Node Type": "Nested Loop", "Parent Relationship": "Outer", "Parallel Aware": false, "Join Type": "Inner", "Startup Cost": 447669.57, "Total Cost": 1248652.98, "Plan Rows": 3, "Plan Width": 44, "Actual Startup Time": 13491.8, "Actual Total Time": 19165.778, "Actual Rows": 8585, "Actual Loops": 1, "Output": ["ci.person_id", "mc.company_id", "n.name", "n.id", "t.title"], "Inner Unique": true, "Plans": [{"Node Type": "Nested Loop", "Parent Relationship": "Outer", "Parallel Aware": false, "Join Type": "Inner", "Startup Cost": 447669.14, "Total Cost": 1248646.77, "Plan Rows": 7, "Plan Width": 48, "Actual Startup Time": 13471.207, "Actual Total Time": 19102.503, "Actual Rows": 9487, "Actual Loops": 1, "Output": ["ci.person_id", "ci.person_role_id", "mc.company_id", "n.name", "n.id", "t.title"], "Inner Unique": true, "Plans": [{"Node Type": "Hash Join", "Parent Relationship": "Outer", "Parallel Aware": false, "Join Type": "Inner", "Startup Cost": 447668.71, "Total Cost": 1247224.9, "Plan Rows": 929, "Plan Width": 29, "Actual Startup Time": 13450.277, "Actual Total Time": 17778.162, "Actual Rows": 391872, "Actual Loops": 1, "Output": ["ci.person_id", "ci.person_role_id", "mc.company_id", "t.title"], "Inner Unique": true, "Hash Cond": "(ci.role_id = rt.id)", "Plans": [{"Node Type": "Hash Join", "Parent Relationship": "Outer", "Parallel Aware": false, "Join Type": "Inner", "Startup Cost": 447667.55, "Total Cost": 1247184.14, "Plan Rows": 11145, "Plan Width": 33, "Actual Startup Time": 10117.611, "Actual Total Time": 17049.354, "Actual Rows": 1213469, "Actual Loops": 1, "Output": ["ci.person_id", "ci.role_id", "ci.person_role_id", "mc.company_id", "t.title"], "Inner Unique": false, "Hash Cond": "(ci.movie_id = t.id)", "Plans": [{"Node Type": "Seq Scan", "Parent Relationship": "Outer", "Parallel Aware": false, "Relation Name": "cast_info", "Schema": "public", "Alias": "ci", "Startup Cost": 0.0, "Total Cost": 796168.98, "Plan Rows": 880441, "Plan Width": 16, "Actual Startup Time": 11.947, "Actual Total Time": 5419.456, "Actual Rows": 867477, "Actual Loops": 1, "Output": ["ci.id", "ci.person_id", "ci.movie_id", "ci.person_role_id", "ci.note", "ci.nr_order", "ci.role_id"], "Filter": "(ci.note = ANY ('{(voice),\"(voice: Japanese version)\",\"(voice) (uncredited)\",\"(voice: English version)\"}'::text[]))", "Rows Removed by Filter": 35376867}, {"Node Type": "Hash", "Parent Relationship": "Inner", "Parallel Aware": false, "Startup Cost": 447502.57, "Total Cost": 447502.57, "Plan Rows": 13198, "Plan Width": 33, "Actual Startup Time": 10029.691, "Actual Total Time": 10029.717, "Actual Rows": 804282, "Actual Loops": 1, "Output": ["mi.movie_id", "mc.movie_id", "mc.company_id", "t.title", "t.id"], "Hash Buckets": 65536, "Original Hash Buckets": 16384, "Hash Batches": 2, "Original Hash Batches": 1, "Peak Memory Usage": 27234, "Plans": [{"Node Type": "Hash Join", "Parent Relationship": "Outer", "Parallel Aware": false, "Join Type": "Inner", "Startup Cost": 392809.92, "Total Cost": 447502.57, "Plan Rows": 13198, "Plan Width": 33, "Actual Startup Time": 5927.753, "Actual Total Time": 9551.859, "Actual Rows": 804282, "Actual Loops": 1, "Output": ["mi.movie_id", "mc.movie_id", "mc.company_id", "t.title", "t.id"], "Inner Unique": false, "Hash Cond": "(mc.movie_id = t.id)", "Plans": [{"Node Type": "Seq Scan", "Parent Relationship": "Outer", "Parallel Aware": false, "Relation Name": "movie_companies", "Schema": "public", "Alias": "mc", "Startup Cost": 0.0, "Total Cost": 44881.29, "Plan Rows": 2609129, "Plan Width": 8, "Actual Startup Time": 0.015, "Actual Total Time": 1184.767, "Actual Rows": 2609129, "Actual Loops": 1, "Output": ["mc.id", "mc.movie_id", "mc.company_id", "mc.company_type_id", "mc.note"]}, {"Node Type": "Hash", "Parent Relationship": "Inner", "Parallel Aware": false, "Startup Cost": 392777.06, "Total Cost": 392777.06, "Plan Rows": 2629, "Plan Width": 25, "Actual Startup Time": 5927.389, "Actual Total Time": 5927.407, "Actual Rows": 424568, "Actual Loops": 1, "Output": ["mi.movie_id", "t.title", "t.id"], "Hash Buckets": 65536, "Original Hash Buckets": 4096, "Hash Batches": 8, "Original Hash Batches": 1, "Peak Memory Usage": 3613, "Plans": [{"Node Type": "Nested Loop", "Parent Relationship": "Outer", "Parallel Aware": false, "Join Type": "Inner", "Startup Cost": 2.86, "Total Cost": 392777.06, "Plan Rows": 2629, "Plan Width": 25, "Actual Startup Time": 1255.163, "Actual Total Time": 5626.318, "Actual Rows": 424568, "Actual Loops": 1, "Output": ["mi.movie_id", "t.title", "t.id"], "Inner Unique": true, "Plans": [{"Node Type": "Hash Join", "Parent Relationship": "Outer", "Parallel Aware": false, "Join Type": "Inner", "Startup Cost": 2.43, "Total Cost": 385630.88, "Plan Rows": 4810, "Plan Width": 4, "Actual Startup Time": 1255.053, "Actual Total Time": 3669.976, "Actual Rows": 451039, "Actual Loops": 1, "Output": ["mi.movie_id"], "Inner Unique": true, "Hash Cond": "(mi.info_type_id = it.id)", "Plans": [{"Node Type": "Seq Scan", "Parent Relationship": "Outer", "Parallel Aware": false, "Relation Name": "movie_info", "Schema": "public", "Alias": "mi", "Startup Cost": 0.0, "Total Cost": 384148.25, "Plan Rows": 543501, "Plan Width": 8, "Actual Startup Time": 788.868, "Actual Total Time": 3246.825, "Actual Rows": 451104, "Actual Loops": 1, "Output": ["mi.id", "mi.movie_id", "mi.info_type_id", "mi.info", "mi.note"], "Filter": "((mi.info IS NOT NULL) AND ((mi.info ~~ 'Japan:%200%'::text) OR (mi.info ~~ 'USA:%200%'::text)))", "Rows Removed by Filter": 14384616}, {"Node Type": "Hash", "Parent Relationship": "Inner", "Parallel Aware": false, "Startup Cost": 2.41, "Total Cost": 2.41, "Plan Rows": 1, "Plan Width": 4, "Actual Startup Time": 0.024, "Actual Total Time": 0.026, "Actual Rows": 1, "Actual Loops": 1, "Output": ["it.id"], "Hash Buckets": 1024, "Original Hash Buckets": 1024, "Hash Batches": 1, "Original Hash Batches": 1, "Peak Memory Usage": 9, "Plans": [{"Node Type": "Seq Scan", "Parent Relationship": "Outer", "Parallel Aware": false, "Relation Name": "info_type", "Schema": "public", "Alias": "it", "Startup Cost": 0.0, "Total Cost": 2.41, "Plan Rows": 1, "Plan Width": 4, "Actual Startup Time": 0.014, "Actual Total Time": 0.021, "Actual Rows": 1, "Actual Loops": 1, "Output": ["it.id"], "Filter": "((it.info)::text = 'release dates'::text)", "Rows Removed by Filter": 112}]}]}, {"Node Type": "Index Scan", "Parent Relationship": "Inner", "Parallel Aware": false, "Scan Direction": "Forward", "Index Name": "title_pkey", "Relation Name": "title", "Schema": "public", "Alias": "t", "Startup Cost": 0.43, "Total Cost": 1.49, "Plan Rows": 1, "Plan Width": 21, "Actual Startup Time": 0.003, "Actual Total Time": 0.003, "Actual Rows": 1, "Actual Loops": 451039, "Output": ["t.id", "t.title", "t.imdb_index", "t.kind_id", "t.production_year", "t.imdb_id", "t.phonetic_code", "t.episode_of_id", "t.season_nr", "t.episode_nr", "t.series_years", "t.md5sum"], "Index Cond": "(t.id = mi.movie_id)", "Rows Removed by Index Recheck": 0, "Filter": "(t.production_year > 2000)", "Rows Removed by Filter": 0}]}]}]}]}]}, {"Node Type": "Hash", "Parent Relationship": "Inner", "Parallel Aware": false, "Startup Cost": 1.15, "Total Cost": 1.15, "Plan Rows": 1, "Plan Width": 4, "Actual Startup Time": 0.016, "Actual Total Time": 0.017, "Actual Rows": 1, "Actual Loops": 1, "Output": ["rt.id"], "Hash Buckets": 1024, "Original Hash Buckets": 1024, "Hash Batches": 1, "Original Hash Batches": 1, "Peak Memory Usage": 9, "Plans": [{"Node Type": "Seq Scan", "Parent Relationship": "Outer", "Parallel Aware": false, "Relation Name": "role_type", "Schema": "public", "Alias": "rt", "Startup Cost": 0.0, "Total Cost": 1.15, "Plan Rows": 1, "Plan Width": 4, "Actual Startup Time": 0.01, "Actual Total Time": 0.013, "Actual Rows": 1, "Actual Loops": 1, "Output": ["rt.id"], "Filter": "((rt.role)::text = 'actress'::text)", "Rows Removed by Filter": 11}]}]}, {"Node Type": "Index Scan", "Parent Relationship": "Inner", "Parallel Aware": false, "Scan Direction": "Forward", "Index Name": "name_pkey", "Relation Name": "name", "Schema": "public", "Alias": "n", "Startup Cost": 0.43, "Total Cost": 1.53, "Plan Rows": 1, "Plan Width": 19, "Actual Startup Time": 0.002, "Actual Total Time": 0.002, "Actual Rows": 0, "Actual Loops": 391872, "Output": ["n.id", "n.name", "n.imdb_index", "n.imdb_id", "n.gender", "n.name_pcode_cf", "n.name_pcode_nf", "n.surname_pcode", "n.md5sum"], "Index Cond": "(n.id = ci.person_id)", "Rows Removed by Index Recheck": 0, "Filter": "((n.name ~~ '%An%'::text) AND ((n.gender)::text = 'f'::text))", "Rows Removed by Filter": 1}]}, {"Node Type": "Index Only Scan", "Parent Relationship": "Inner", "Parallel Aware": false, "Scan Direction": "Forward", "Index Name": "char_name_pkey", "Relation Name": "char_name", "Schema": "public", "Alias": "chn", "Startup Cost": 0.43, "Total Cost": 0.89, "Plan Rows": 1, "Plan Width": 4, "Actual Startup Time": 0.005, "Actual Total Time": 0.005, "Actual Rows": 1, "Actual Loops": 9487, "Output": ["chn.id"], "Index Cond": "(chn.id = ci.person_role_id)", "Rows Removed by Index Recheck": 0, "Heap Fetches": 0}]}, {"Node Type": "Index Scan", "Parent Relationship": "Inner", "Parallel Aware": false, "Scan Direction": "Forward", "Index Name": "company_name_pkey", "Relation Name": "company_name", "Schema": "public", "Alias": "cn", "Startup Cost": 0.42, "Total Cost": 1.16, "Plan Rows": 1, "Plan Width": 4, "Actual Startup Time": 0.01, "Actual Total Time": 0.01, "Actual Rows": 0, "Actual Loops": 8585, "Output": ["cn.id", "cn.name", "cn.country_code", "cn.imdb_id", "cn.name_pcode_nf", "cn.name_pcode_sf", "cn.md5sum"], "Index Cond": "(cn.id = mc.company_id)", "Rows Removed by Index Recheck": 0, "Filter": "((cn.country_code)::text = '[us]'::text)", "Rows Removed by Filter": 1}]}, {"Node Type": "Seq Scan", "Parent Relationship": "Inner", "Parallel Aware": false, "Relation Name": "aka_name", "Schema": "public", "Alias": "an", "Startup Cost": 0.0, "Total Cost": 20409.43, "Plan Rows": 901343, "Plan Width": 4, "Actual Startup Time": 0.008, "Actual Total Time": 431.719, "Actual Rows": 901343, "Actual Loops": 2632, "Output": ["an.id", "an.person_id", "an.name", "an.imdb_index", "an.name_pcode_cf", "an.name_pcode_nf", "an.surname_pcode", "an.md5sum"]}]}]}, "Planning Time": 8.732, "Triggers": [], "Execution Time": 2178962.968}]