[{"Plan": {"Node Type": "Aggregate", "Strategy": "Plain", "Partial Mode": "Simple", "Parallel Aware": false, "Startup Cost": 1266961.42, "Total Cost": 1266961.43, "Plan Rows": 1, "Plan Width": 64, "Actual Startup Time": 44405.364, "Actual Total Time": 44405.393, "Actual Rows": 1, "Actual Loops": 1, "Output": ["min(n.name)", "min(t.title)"], "Plans": [{"Node Type": "Hash Join", "Parent Relationship": "Outer", "Parallel Aware": false, "Join Type": "Inner", "Startup Cost": 1211815.99, "Total Cost": 1266949.25, "Plan Rows": 2434, "Plan Width": 32, "Actual Startup Time": 33113.474, "Actual Total Time": 43415.471, "Actual Rows": 1760645, "Actual Loops": 1, "Output": ["n.name", "t.title"], "Inner Unique": true, "Hash Cond": "(mc.company_id = cn.id)", "Plans": [{"Node Type": "Hash Join", "Parent Relationship": "Outer", "Parallel Aware": false, "Join Type": "Inner", "Startup Cost": 1204499.46, "Total Cost": 1259178.93, "Plan Rows": 6782, "Plan Width": 36, "Actual Startup Time": 32989.066, "Actual Total Time": 39151.544, "Actual Rows": 6023690, "Actual Loops": 1, "Output": ["mc.company_id", "n.name", "t.title"], "Inner Unique": false, "Hash Cond": "(mc.movie_id = t.id)", "Plans": [{"Node Type": "Seq Scan", "Parent Relationship": "Outer", "Parallel Aware": false, "Relation Name": "movie_companies", "Schema": "public", "Alias": "mc", "Startup Cost": 0.0, "Total Cost": 44881.29, "Plan Rows": 2609129, "Plan Width": 8, "Actual Startup Time": 0.025, "Actual Total Time": 1200.352, "Actual Rows": 2609129, "Actual Loops": 1, "Output": ["mc.id", "mc.movie_id", "mc.company_id", "mc.company_type_id", "mc.note"]}, {"Node Type": "Hash", "Parent Relationship": "Inner", "Parallel Aware": false, "Startup Cost": 1204482.58, "Total Cost": 1204482.58, "Plan Rows": 1351, "Plan Width": 44, "Actual Startup Time": 32975.697, "Actual Total Time": 32975.719, "Actual Rows": 702993, "Actual Loops": 1, "Output": ["ci.movie_id", "mi.movie_id", "n.name", "t.title", "t.id"], "Hash Buckets": 65536, "Original Hash Buckets": 2048, "Hash Batches": 32, "Original Hash Batches": 1, "Peak Memory Usage": 3585, "Plans": [{"Node Type": "Hash Join", "Parent Relationship": "Outer", "Parallel Aware": false, "Join Type": "Inner", "Startup Cost": 1180691.89, "Total Cost": 1204482.58, "Plan Rows": 1351, "Plan Width": 44, "Actual Startup Time": 30747.714, "Actual Total Time": 32530.619, "Actual Rows": 702993, "Actual Loops": 1, "Output": ["ci.movie_id", "mi.movie_id", "n.name", "t.title", "t.id"], "Inner Unique": false, "Hash Cond": "(an.person_id = n.id)", "Plans": [{"Node Type": "Seq Scan", "Parent Relationship": "Outer", "Parallel Aware": false, "Relation Name": "aka_name", "Schema": "public", "Alias": "an", "Startup Cost": 0.0, "Total Cost": 20409.43, "Plan Rows": 901343, "Plan Width": 4, "Actual Startup Time": 0.018, "Actual Total Time": 439.212, "Actual Rows": 901343, "Actual Loops": 1, "Output": ["an.id", "an.person_id", "an.name", "an.imdb_index", "an.name_pcode_cf", "an.name_pcode_nf", "an.surname_pcode", "an.md5sum"]}, {"Node Type": "Hash", "Parent Relationship": "Inner", "Parallel Aware": false, "Startup Cost": 1180684.86, "Total Cost": 1180684.86, "Plan Rows": 562, "Plan Width": 52, "Actual Startup Time": 30743.173, "Actual Total Time": 30743.191, "Actual Rows": 341836, "Actual Loops": 1, "Output": ["ci.movie_id", "ci.person_id", "mi.movie_id", "n.name", "n.id", "t.title", "t.id"], "Hash Buckets": 65536, "Original Hash Buckets": 1024, "Hash Batches": 16, "Original Hash Batches": 1, "Peak Memory Usage": 3892, "Plans": [{"Node Type": "Nested Loop", "Parent Relationship": "Outer", "Parallel Aware": false, "Join Type": "Inner", "Startup Cost": 352585.79, "Total Cost": 1180684.86, "Plan Rows": 562, "Plan Width": 52, "Actual Startup Time": 20395.872, "Actual Total Time": 30469.023, "Actual Rows": 341836, "Actual Loops": 1, "Output": ["ci.movie_id", "ci.person_id", "mi.movie_id", "n.name", "n.id", "t.title", "t.id"], "Inner Unique": true, "Plans": [{"Node Type": "Nested Loop", "Parent Relationship": "Outer", "Parallel Aware": false, "Join Type": "Inner", "Startup Cost": 352585.36, "Total Cost": 1179386.39, "Plan Rows": 1029, "Plan Width": 31, "Actual Startup Time": 20395.749, "Actual Total Time": 27989.014, "Actual Rows": 498048, "Actual Loops": 1, "Output": ["ci.movie_id", "ci.person_id", "mi.movie_id", "n.name", "n.id"], "Inner Unique": true, "Plans": [{"Node Type": "Nested Loop", "Parent Relationship": "Outer", "Parallel Aware": false, "Join Type": "Inner", "Startup Cost": 352584.93, "Total Cost": 1172666.08, "Plan Rows": 4398, "Plan Width": 12, "Actual Startup Time": 20395.727, "Actual Total Time": 25844.857, "Actual Rows": 498436, "Actual Loops": 1, "Output": ["ci.movie_id", "ci.person_id", "mi.movie_id"], "Inner Unique": true, "Plans": [{"Node Type": "Hash Join", "Parent Relationship": "Outer", "Parallel Aware": false, "Join Type": "Inner", "Startup Cost": 352584.5, "Total Cost": 1164475.74, "Plan Rows": 9224, "Plan Width": 16, "Actual Startup Time": 20395.706, "Actual Total Time": 23795.078, "Actual Rows": 547117, "Actual Loops": 1, "Output": ["ci.movie_id", "ci.person_id", "ci.person_role_id", "mi.movie_id"], "Inner Unique": false, "Hash Cond": "(ci.movie_id = mi.movie_id)", "Plans": [{"Node Type": "Nested Loop", "Parent Relationship": "Outer", "Parallel Aware": false, "Join Type": "Inner", "Startup Cost": 0.0, "Total Cost": 807175.64, "Plan Rows": 73370, "Plan Width": 12, "Actual Startup Time": 3487.36, "Actual Total Time": 5886.39, "Actual Rows": 276166, "Actual Loops": 1, "Output": ["ci.movie_id", "ci.person_id", "ci.person_role_id"], "Inner Unique": false, "Join Filter": "(ci.role_id = rt.id)", "Rows Removed by Join Filter": 591311, "Plans": [{"Node Type": "Seq Scan", "Parent Relationship": "Outer", "Parallel Aware": false, "Relation Name": "role_type", "Schema": "public", "Alias": "rt", "Startup Cost": 0.0, "Total Cost": 1.15, "Plan Rows": 1, "Plan Width": 4, "Actual Startup Time": 0.012, "Actual Total Time": 0.016, "Actual Rows": 1, "Actual Loops": 1, "Output": ["rt.id", "rt.role"], "Filter": "((rt.role)::text = 'actress'::text)", "Rows Removed by Filter": 11}, {"Node Type": "Seq Scan", "Parent Relationship": "Inner", "Parallel Aware": false, "Relation Name": "cast_info", "Schema": "public", "Alias": "ci", "Startup Cost": 0.0, "Total Cost": 796168.98, "Plan Rows": 880441, "Plan Width": 16, "Actual Startup Time": 284.751, "Actual Total Time": 5384.399, "Actual Rows": 867477, "Actual Loops": 1, "Output": ["ci.id", "ci.person_id", "ci.movie_id", "ci.person_role_id", "ci.note", "ci.nr_order", "ci.role_id"], "Filter": "(ci.note = ANY ('{(voice),\"(voice: Japanese version)\",\"(voice) (uncredited)\",\"(voice: English version)\"}'::text[]))", "Rows Removed by Filter": 35376867}]}, {"Node Type": "Hash", "Parent Relationship": "Inner", "Parallel Aware": false, "Startup Cost": 350434.19, "Total Cost": 350434.19, "Plan Rows": 131065, "Plan Width": 4, "Actual Startup Time": 16907.099, "Actual Total Time": 16907.105, "Actual Rows": 3036719, "Actual Loops": 1, "Output": ["mi.movie_id"], "Hash Buckets": 131072, "Original Hash Buckets": 131072, "Hash Batches": 64, "Original Hash Batches": 2, "Peak Memory Usage": 3073, "Plans": [{"Node Type": "Hash Join", "Parent Relationship": "Outer", "Parallel Aware": false, "Join Type": "Inner", "Startup Cost": 2.43, "Total Cost": 350434.19, "Plan Rows": 131065, "Plan Width": 4, "Actual Startup Time": 6545.081, "Actual Total Time": 15299.199, "Actual Rows": 3036719, "Actual Loops": 1, "Output": ["mi.movie_id"], "Inner Unique": true, "Hash Cond": "(mi.info_type_id = it.id)", "Plans": [{"Node Type": "Seq Scan", "Parent Relationship": "Outer", "Parallel Aware": false, "Relation Name": "movie_info", "Schema": "public", "Alias": "mi", "Startup Cost": 0.0, "Total Cost": 310096.5, "Plan Rows": 14810350, "Plan Width": 8, "Actual Startup Time": 0.206, "Actual Total Time": 7117.016, "Actual Rows": 14835720, "Actual Loops": 1, "Output": ["mi.id", "mi.movie_id", "mi.info_type_id", "mi.info", "mi.note"]}, {"Node Type": "Hash", "Parent Relationship": "Inner", "Parallel Aware": false, "Startup Cost": 2.41, "Total Cost": 2.41, "Plan Rows": 1, "Plan Width": 4, "Actual Startup Time": 0.025, "Actual Total Time": 0.027, "Actual Rows": 1, "Actual Loops": 1, "Output": ["it.id"], "Hash Buckets": 1024, "Original Hash Buckets": 1024, "Hash Batches": 1, "Original Hash Batches": 1, "Peak Memory Usage": 9, "Plans": [{"Node Type": "Seq Scan", "Parent Relationship": "Outer", "Parallel Aware": false, "Relation Name": "info_type", "Schema": "public", "Alias": "it", "Startup Cost": 0.0, "Total Cost": 2.41, "Plan Rows": 1, "Plan Width": 4, "Actual Startup Time": 0.014, "Actual Total Time": 0.022, "Actual Rows": 1, "Actual Loops": 1, "Output": ["it.id"], "Filter": "((it.info)::text = 'release dates'::text)", "Rows Removed by Filter": 112}]}]}]}]}, {"Node Type": "Index Only Scan", "Parent Relationship": "Inner", "Parallel Aware": false, "Scan Direction": "Forward", "Index Name": "char_name_pkey", "Relation Name": "char_name", "Schema": "public", "Alias": "chn", "Startup Cost": 0.43, "Total Cost": 0.89, "Plan Rows": 1, "Plan Width": 4, "Actual Startup Time": 0.002, "Actual Total Time": 0.002, "Actual Rows": 1, "Actual Loops": 547117, "Output": ["chn.id"], "Index Cond": "(chn.id = ci.person_role_id)", "Rows Removed by Index Recheck": 0, "Heap Fetches": 0}]}, {"Node Type": "Index Scan", "Parent Relationship": "Inner", "Parallel Aware": false, "Scan Direction": "Forward", "Index Name": "name_pkey", "Relation Name": "name", "Schema": "public", "Alias": "n", "Startup Cost": 0.43, "Total Cost": 1.53, "Plan Rows": 1, "Plan Width": 19, "Actual Startup Time": 0.003, "Actual Total Time": 0.003, "Actual Rows": 1, "Actual Loops": 498436, "Output": ["n.id", "n.name", "n.imdb_index", "n.imdb_id", "n.gender", "n.name_pcode_cf", "n.name_pcode_nf", "n.surname_pcode", "n.md5sum"], "Index Cond": "(n.id = ci.person_id)", "Rows Removed by Index Recheck": 0, "Filter": "((n.gender)::text = 'f'::text)", "Rows Removed by Filter": 0}]}, {"Node Type": "Index Scan", "Parent Relationship": "Inner", "Parallel Aware": false, "Scan Direction": "Forward", "Index Name": "title_pkey", "Relation Name": "title", "Schema": "public", "Alias": "t", "Startup Cost": 0.43, "Total Cost": 1.26, "Plan Rows": 1, "Plan Width": 21, "Actual Startup Time": 0.004, "Actual Total Time": 0.004, "Actual Rows": 1, "Actual Loops": 498048, "Output": ["t.id", "t.title", "t.imdb_index", "t.kind_id", "t.production_year", "t.imdb_id", "t.phonetic_code", "t.episode_of_id", "t.season_nr", "t.episode_nr", "t.series_years", "t.md5sum"], "Index Cond": "(t.id = mi.movie_id)", "Rows Removed by Index Recheck": 0, "Filter": "(t.production_year > 2000)", "Rows Removed by Filter": 0}]}]}]}]}]}, {"Node Type": "Hash", "Parent Relationship": "Inner", "Parallel Aware": false, "Startup Cost": 5932.46, "Total Cost": 5932.46, "Plan Rows": 84325, "Plan Width": 4, "Actual Startup Time": 124.142, "Actual Total Time": 124.144, "Actual Rows": 84843, "Actual Loops": 1, "Output": ["cn.id"], "Hash Buckets": 131072, "Original Hash Buckets": 131072, "Hash Batches": 2, "Original Hash Batches": 2, "Peak Memory Usage": 2525, "Plans": [{"Node Type": "Seq Scan", "Parent Relationship": "Outer", "Parallel Aware": false, "Relation Name": "company_name", "Schema": "public", "Alias": "cn", "Startup Cost": 0.0, "Total Cost": 5932.46, "Plan Rows": 84325, "Plan Width": 4, "Actual Startup Time": 0.022, "Actual Total Time": 77.087, "Actual Rows": 84843, "Actual Loops": 1, "Output": ["cn.id"], "Filter": "((cn.country_code)::text = '[us]'::text)", "Rows Removed by Filter": 150154}]}]}]}, "Planning Time": 9.144, "Triggers": [], "Execution Time": 44405.551}]