[{"Plan": {"Node Type": "Aggregate", "Strategy": "Plain", "Partial Mode": "Simple", "Parallel Aware": false, "Startup Cost": 87105.25, "Total Cost": 87105.26, "Plan Rows": 1, "Plan Width": 68, "Actual Startup Time": 2791.883, "Actual Total Time": 2791.898, "Actual Rows": 1, "Actual Loops": 1, "Output": ["min(mc.note)", "min(t.title)", "min(t.production_year)"], "Plans": [{"Node Type": "Nested Loop", "Parent Relationship": "Outer", "Parallel Aware": false, "Join Type": "Inner", "Startup Cost": 25650.39, "Total Cost": 87073.13, "Plan Rows": 4283, "Plan Width": 45, "Actual Startup Time": 2656.928, "Actual Total Time": 2791.876, "Actual Rows": 4, "Actual Loops": 1, "Output": ["mc.note", "t.title", "t.production_year"], "Inner Unique": true, "Plans": [{"Node Type": "Hash Join", "Parent Relationship": "Outer", "Parallel Aware": false, "Join Type": "Inner", "Startup Cost": 25649.96, "Total Cost": 82538.58, "Plan Rows": 7835, "Plan Width": 32, "Actual Startup Time": 2656.904, "Actual Total Time": 2791.801, "Actual Rows": 5, "Actual Loops": 1, "Output": ["mc.note", "mc.movie_id", "mi_idx.movie_id"], "Inner Unique": true, "Hash Cond": "(mc.company_type_id = ct.id)", "Plans": [{"Node Type": "Hash Join", "Parent Relationship": "Outer", "Parallel Aware": false, "Join Type": "Inner", "Startup Cost": 25648.9, "Total Cost": 82368.09, "Plan Rows": 31339, "Plan Width": 36, "Actual Startup Time": 1718.129, "Actual Total Time": 2791.723, "Actual Rows": 100, "Actual Loops": 1, "Output": ["mi_idx.movie_id", "mc.note", "mc.company_type_id", "mc.movie_id"], "Inner Unique": false, "Hash Cond": "(mc.movie_id = mi_idx.movie_id)", "Plans": [{"Node Type": "Seq Scan", "Parent Relationship": "Outer", "Parallel Aware": false, "Relation Name": "movie_companies", "Schema": "public", "Alias": "mc", "Startup Cost": 0.0, "Total Cost": 51404.11, "Plan Rows": 1333783, "Plan Width": 32, "Actual Startup Time": 0.014, "Actual Total Time": 951.514, "Actual Rows": 1337088, "Actual Loops": 1, "Output": ["mc.id", "mc.movie_id", "mc.company_id", "mc.company_type_id", "mc.note"], "Filter": "(mc.note !~~ '%(as Metro-Goldwyn-Mayer Pictures)%'::text)", "Rows Removed by Filter": 1272041}, {"Node Type": "Hash", "Parent Relationship": "Inner", "Parallel Aware": false, "Startup Cost": 25496.24, "Total Cost": 25496.24, "Plan Rows": 12213, "Plan Width": 4, "Actual Startup Time": 1242.353, "Actual Total Time": 1242.359, "Actual Rows": 10, "Actual Loops": 1, "Output": ["mi_idx.movie_id"], "Hash Buckets": 16384, "Original Hash Buckets": 16384, "Hash Batches": 1, "Original Hash Batches": 1, "Peak Memory Usage": 129, "Plans": [{"Node Type": "Hash Join", "Parent Relationship": "Outer", "Parallel Aware": false, "Join Type": "Inner", "Startup Cost": 2.43, "Total Cost": 25496.24, "Plan Rows": 12213, "Plan Width": 4, "Actual Startup Time": 1242.327, "Actual Total Time": 1242.347, "Actual Rows": 10, "Actual Loops": 1, "Output": ["mi_idx.movie_id"], "Inner Unique": true, "Hash Cond": "(mi_idx.info_type_id = it.id)", "Plans": [{"Node Type": "Seq Scan", "Parent Relationship": "Outer", "Parallel Aware": false, "Relation Name": "movie_info_idx", "Schema": "public", "Alias": "mi_idx", "Startup Cost": 0.0, "Total Cost": 21735.35, "Plan Rows": 1380035, "Plan Width": 8, "Actual Startup Time": 0.013, "Actual Total Time": 609.717, "Actual Rows": 1380035, "Actual Loops": 1, "Output": ["mi_idx.id", "mi_idx.movie_id", "mi_idx.info_type_id", "mi_idx.info", "mi_idx.note"]}, {"Node Type": "Hash", "Parent Relationship": "Inner", "Parallel Aware": false, "Startup Cost": 2.41, "Total Cost": 2.41, "Plan Rows": 1, "Plan Width": 4, "Actual Startup Time": 0.015, "Actual Total Time": 0.018, "Actual Rows": 1, "Actual Loops": 1, "Output": ["it.id"], "Hash Buckets": 1024, "Original Hash Buckets": 1024, "Hash Batches": 1, "Original Hash Batches": 1, "Peak Memory Usage": 9, "Plans": [{"Node Type": "Seq Scan", "Parent Relationship": "Outer", "Parallel Aware": false, "Relation Name": "info_type", "Schema": "public", "Alias": "it", "Startup Cost": 0.0, "Total Cost": 2.41, "Plan Rows": 1, "Plan Width": 4, "Actual Startup Time": 0.013, "Actual Total Time": 0.014, "Actual Rows": 1, "Actual Loops": 1, "Output": ["it.id"], "Filter": "((it.info)::text = 'bottom 10 rank'::text)", "Rows Removed by Filter": 112}]}]}]}]}, {"Node Type": "Hash", "Parent Relationship": "Inner", "Parallel Aware": false, "Startup Cost": 1.05, "Total Cost": 1.05, "Plan Rows": 1, "Plan Width": 4, "Actual Startup Time": 0.013, "Actual Total Time": 0.015, "Actual Rows": 1, "Actual Loops": 1, "Output": ["ct.id"], "Hash Buckets": 1024, "Original Hash Buckets": 1024, "Hash Batches": 1, "Original Hash Batches": 1, "Peak Memory Usage": 9, "Plans": [{"Node Type": "Seq Scan", "Parent Relationship": "Outer", "Parallel Aware": false, "Relation Name": "company_type", "Schema": "public", "Alias": "ct", "Startup Cost": 0.0, "Total Cost": 1.05, "Plan Rows": 1, "Plan Width": 4, "Actual Startup Time": 0.009, "Actual Total Time": 0.01, "Actual Rows": 1, "Actual Loops": 1, "Output": ["ct.id"], "Filter": "((ct.kind)::text = 'production companies'::text)", "Rows Removed by Filter": 3}]}]}, {"Node Type": "Index Scan", "Parent Relationship": "Inner", "Parallel Aware": false, "Scan Direction": "Forward", "Index Name": "title_pkey", "Relation Name": "title", "Schema": "public", "Alias": "t", "Startup Cost": 0.43, "Total Cost": 0.58, "Plan Rows": 1, "Plan Width": 25, "Actual Startup Time": 0.01, "Actual Total Time": 0.01, "Actual Rows": 1, "Actual Loops": 5, "Output": ["t.id", "t.title", "t.imdb_index", "t.kind_id", "t.production_year", "t.imdb_id", "t.phonetic_code", "t.episode_of_id", "t.season_nr", "t.episode_nr", "t.series_years", "t.md5sum"], "Index Cond": "(t.id = mc.movie_id)", "Rows Removed by Index Recheck": 0, "Filter": "(t.production_year > 2000)", "Rows Removed by Filter": 0}]}]}, "Planning Time": 1.447, "Triggers": [], "Execution Time": 2791.996}]