[{"Plan": {"Node Type": "Aggregate", "Strategy": "Plain", "Partial Mode": "Simple", "Parallel Aware": false, "Startup Cost": 839880.47, "Total Cost": 839880.48, "Plan Rows": 1, "Plan Width": 32, "Actual Startup Time": 61163.813, "Actual Total Time": 61163.847, "Actual Rows": 1, "Actual Loops": 1, "Output": ["min(t.title)"], "Plans": [{"Node Type": "Nested Loop", "Parent Relationship": "Outer", "Parallel Aware": false, "Join Type": "Inner", "Startup Cost": 85338.8, "Total Cost": 839880.46, "Plan Rows": 1, "Plan Width": 17, "Actual Startup Time": 6133.26, "Actual Total Time": 61163.712, "Actual Rows": 33, "Actual Loops": 1, "Output": ["t.title"], "Inner Unique": true, "Plans": [{"Node Type": "Nested Loop", "Parent Relationship": "Outer", "Parallel Aware": false, "Join Type": "Inner", "Startup Cost": 85338.37, "Total Cost": 839880.02, "Plan Rows": 1, "Plan Width": 21, "Actual Startup Time": 6133.221, "Actual Total Time": 61163.004, "Actual Rows": 33, "Actual Loops": 1, "Output": ["ci.person_id", "t.title"], "Inner Unique": false, "Join Filter": "(cc.movie_id = t.id)", "Rows Removed by Join Filter": 5414250, "Plans": [{"Node Type": "Nested Loop", "Parent Relationship": "Outer", "Parallel Aware": false, "Join Type": "Inner", "Startup Cost": 85336.24, "Total Cost": 836777.6, "Plan Rows": 1, "Plan Width": 33, "Actual Startup Time": 6036.204, "Actual Total Time": 43858.616, "Actual Rows": 63, "Actual Loops": 1, "Output": ["ci.movie_id", "ci.person_id", "mk.movie_id", "t.title", "t.id"], "Inner Unique": true, "Plans": [{"Node Type": "Hash Join", "Parent Relationship": "Outer", "Parallel Aware": false, "Join Type": "Inner", "Startup Cost": 85335.81, "Total Cost": 836219.65, "Plan Rows": 1213, "Plan Width": 37, "Actual Startup Time": 4426.063, "Actual Total Time": 40437.571, "Actual Rows": 985102, "Actual Loops": 1, "Output": ["ci.movie_id", "ci.person_role_id", "ci.person_id", "mk.movie_id", "t.title", "t.id"], "Inner Unique": false, "Hash Cond": "(ci.movie_id = t.id)", "Plans": [{"Node Type": "Seq Scan", "Parent Relationship": "Outer", "Parallel Aware": false, "Relation Name": "cast_info", "Schema": "public", "Alias": "ci", "Startup Cost": 0.0, "Total Cost": 615008.32, "Plan Rows": 36232132, "Plan Width": 12, "Actual Startup Time": 0.01, "Actual Total Time": 16346.592, "Actual Rows": 36244344, "Actual Loops": 1, "Output": ["ci.id", "ci.person_id", "ci.movie_id", "ci.person_role_id", "ci.note", "ci.nr_order", "ci.role_id"]}, {"Node Type": "Hash", "Parent Relationship": "Inner", "Parallel Aware": false, "Startup Cost": 85335.38, "Total Cost": 85335.38, "Plan Rows": 35, "Plan Width": 25, "Actual Startup Time": 4425.974, "Actual Total Time": 4425.992, "Actual Rows": 15994, "Actual Loops": 1, "Output": ["mk.movie_id", "t.title", "t.id"], "Hash Buckets": 16384, "Original Hash Buckets": 1024, "Hash Batches": 1, "Original Hash Batches": 1, "Peak Memory Usage": 1075, "Plans": [{"Node Type": "Hash Join", "Parent Relationship": "Outer", "Parallel Aware": false, "Join Type": "Inner", "Startup Cost": 3634.03, "Total Cost": 85335.38, "Plan Rows": 35, "Plan Width": 25, "Actual Startup Time": 34.933, "Actual Total Time": 4412.682, "Actual Rows": 15994, "Actual Loops": 1, "Output": ["mk.movie_id", "t.title", "t.id"], "Inner Unique": true, "Hash Cond": "(t.kind_id = kt.id)", "Plans": [{"Node Type": "Nested Loop", "Parent Relationship": "Outer", "Parallel Aware": false, "Join Type": "Inner", "Startup Cost": 3632.93, "Total Cost": 85333.24, "Plan Rows": 245, "Plan Width": 29, "Actual Startup Time": 34.768, "Actual Total Time": 4384.166, "Actual Rows": 31607, "Actual Loops": 1, "Output": ["mk.movie_id", "t.title", "t.kind_id", "t.id"], "Inner Unique": true, "Plans": [{"Node Type": "Hash Join", "Parent Relationship": "Outer", "Parallel Aware": false, "Join Type": "Inner", "Startup Cost": 3632.5, "Total Cost": 85201.49, "Plan Rows": 270, "Plan Width": 4, "Actual Startup Time": 34.73, "Actual Total Time": 4106.288, "Actual Rows": 35548, "Actual Loops": 1, "Output": ["mk.movie_id"], "Inner Unique": true, "Hash Cond": "(mk.keyword_id = k.id)", "Plans": [{"Node Type": "Seq Scan", "Parent Relationship": "Outer", "Parallel Aware": false, "Relation Name": "movie_keyword", "Schema": "public", "Alias": "mk", "Startup Cost": 0.0, "Total Cost": 69693.3, "Plan Rows": 4523930, "Plan Width": 8, "Actual Startup Time": 0.013, "Actual Total Time": 1999.704, "Actual Rows": 4523930, "Actual Loops": 1, "Output": ["mk.id", "mk.movie_id", "mk.keyword_id"]}, {"Node Type": "Hash", "Parent Relationship": "Inner", "Parallel Aware": false, "Startup Cost": 3632.4, "Total Cost": 3632.4, "Plan Rows": 8, "Plan Width": 4, "Actual Startup Time": 34.07, "Actual Total Time": 34.072, "Actual Rows": 8, "Actual Loops": 1, "Output": ["k.id"], "Hash Buckets": 1024, "Original Hash Buckets": 1024, "Hash Batches": 1, "Original Hash Batches": 1, "Peak Memory Usage": 9, "Plans": [{"Node Type": "Seq Scan", "Parent Relationship": "Outer", "Parallel Aware": false, "Relation Name": "keyword", "Schema": "public", "Alias": "k", "Startup Cost": 0.0, "Total Cost": 3632.4, "Plan Rows": 8, "Plan Width": 4, "Actual Startup Time": 0.114, "Actual Total Time": 34.06, "Actual Rows": 8, "Actual Loops": 1, "Output": ["k.id"], "Filter": "(k.keyword = ANY ('{superhero,sequel,second-part,marvel-comics,based-on-comic,tv-special,fight,violence}'::text[]))", "Rows Removed by Filter": 134162}]}]}, {"Node Type": "Index Scan", "Parent Relationship": "Inner", "Parallel Aware": false, "Scan Direction": "Forward", "Index Name": "title_pkey", "Relation Name": "title", "Schema": "public", "Alias": "t", "Startup Cost": 0.43, "Total Cost": 0.49, "Plan Rows": 1, "Plan Width": 25, "Actual Startup Time": 0.006, "Actual Total Time": 0.006, "Actual Rows": 1, "Actual Loops": 35548, "Output": ["t.id", "t.title", "t.imdb_index", "t.kind_id", "t.production_year", "t.imdb_id", "t.phonetic_code", "t.episode_of_id", "t.season_nr", "t.episode_nr", "t.series_years", "t.md5sum"], "Index Cond": "(t.id = mk.movie_id)", "Rows Removed by Index Recheck": 0, "Filter": "(t.production_year > 1950)", "Rows Removed by Filter": 0}]}, {"Node Type": "Hash", "Parent Relationship": "Inner", "Parallel Aware": false, "Startup Cost": 1.09, "Total Cost": 1.09, "Plan Rows": 1, "Plan Width": 4, "Actual Startup Time": 0.018, "Actual Total Time": 0.021, "Actual Rows": 1, "Actual Loops": 1, "Output": ["kt.id"], "Hash Buckets": 1024, "Original Hash Buckets": 1024, "Hash Batches": 1, "Original Hash Batches": 1, "Peak Memory Usage": 9, "Plans": [{"Node Type": "Seq Scan", "Parent Relationship": "Outer", "Parallel Aware": false, "Relation Name": "kind_type", "Schema": "public", "Alias": "kt", "Startup Cost": 0.0, "Total Cost": 1.09, "Plan Rows": 1, "Plan Width": 4, "Actual Startup Time": 0.014, "Actual Total Time": 0.016, "Actual Rows": 1, "Actual Loops": 1, "Output": ["kt.id"], "Filter": "((kt.kind)::text = 'movie'::text)", "Rows Removed by Filter": 6}]}]}]}]}, {"Node Type": "Index Scan", "Parent Relationship": "Inner", "Parallel Aware": false, "Scan Direction": "Forward", "Index Name": "char_name_pkey", "Relation Name": "char_name", "Schema": "public", "Alias": "chn", "Startup Cost": 0.43, "Total Cost": 0.46, "Plan Rows": 1, "Plan Width": 4, "Actual Startup Time": 0.002, "Actual Total Time": 0.002, "Actual Rows": 0, "Actual Loops": 985102, "Output": ["chn.id", "chn.name", "chn.imdb_index", "chn.imdb_id", "chn.name_pcode_nf", "chn.surname_pcode", "chn.md5sum"], "Index Cond": "(chn.id = ci.person_role_id)", "Rows Removed by Index Recheck": 0, "Filter": "((chn.name !~~ '%Sherlock%'::text) AND ((chn.name ~~ '%Tony%Stark%'::text) OR (chn.name ~~ '%Iron%Man%'::text)))", "Rows Removed by Filter": 0}]}, {"Node Type": "Hash Join", "Parent Relationship": "Inner", "Parallel Aware": false, "Join Type": "Inner", "Startup Cost": 2.12, "Total Cost": 2996.88, "Plan Rows": 8443, "Plan Width": 4, "Actual Startup Time": 0.009, "Actual Total Time": 239.761, "Actual Rows": 85941, "Actual Loops": 63, "Output": ["cc.movie_id"], "Inner Unique": true, "Hash Cond": "(cc.status_id = cct2.id)", "Plans": [{"Node Type": "Hash Join", "Parent Relationship": "Outer", "Parallel Aware": false, "Join Type": "Inner", "Startup Cost": 1.06, "Total Cost": 2813.24, "Plan Rows": 33772, "Plan Width": 8, "Actual Startup Time": 0.006, "Actual Total Time": 162.751, "Actual Rows": 85941, "Actual Loops": 63, "Output": ["cc.movie_id", "cc.status_id"], "Inner Unique": true, "Hash Cond": "(cc.subject_id = cct1.id)", "Plans": [{"Node Type": "Seq Scan", "Parent Relationship": "Outer", "Parallel Aware": false, "Relation Name": "complete_cast", "Schema": "public", "Alias": "cc", "Startup Cost": 0.0, "Total Cost": 2081.86, "Plan Rows": 135086, "Plan Width": 12, "Actual Startup Time": 0.004, "Actual Total Time": 57.124, "Actual Rows": 135086, "Actual Loops": 63, "Output": ["cc.id", "cc.movie_id", "cc.subject_id", "cc.status_id"]}, {"Node Type": "Hash", "Parent Relationship": "Inner", "Parallel Aware": false, "Startup Cost": 1.05, "Total Cost": 1.05, "Plan Rows": 1, "Plan Width": 4, "Actual Startup Time": 0.008, "Actual Total Time": 0.01, "Actual Rows": 1, "Actual Loops": 1, "Output": ["cct1.id"], "Hash Buckets": 1024, "Original Hash Buckets": 1024, "Hash Batches": 1, "Original Hash Batches": 1, "Peak Memory Usage": 9, "Plans": [{"Node Type": "Seq Scan", "Parent Relationship": "Outer", "Parallel Aware": false, "Relation Name": "comp_cast_type", "Schema": "public", "Alias": "cct1", "Startup Cost": 0.0, "Total Cost": 1.05, "Plan Rows": 1, "Plan Width": 4, "Actual Startup Time": 0.005, "Actual Total Time": 0.007, "Actual Rows": 1, "Actual Loops": 1, "Output": ["cct1.id"], "Filter": "((cct1.kind)::text = 'cast'::text)", "Rows Removed by Filter": 3}]}]}, {"Node Type": "Hash", "Parent Relationship": "Inner", "Parallel Aware": false, "Startup Cost": 1.05, "Total Cost": 1.05, "Plan Rows": 1, "Plan Width": 4, "Actual Startup Time": 0.056, "Actual Total Time": 0.058, "Actual Rows": 2, "Actual Loops": 1, "Output": ["cct2.id"], "Hash Buckets": 1024, "Original Hash Buckets": 1024, "Hash Batches": 1, "Original Hash Batches": 1, "Peak Memory Usage": 9, "Plans": [{"Node Type": "Seq Scan", "Parent Relationship": "Outer", "Parallel Aware": false, "Relation Name": "comp_cast_type", "Schema": "public", "Alias": "cct2", "Startup Cost": 0.0, "Total Cost": 1.05, "Plan Rows": 1, "Plan Width": 4, "Actual Startup Time": 0.05, "Actual Total Time": 0.052, "Actual Rows": 2, "Actual Loops": 1, "Output": ["cct2.id"], "Filter": "((cct2.kind)::text ~~ '%complete%'::text)", "Rows Removed by Filter": 2}]}]}]}, {"Node Type": "Index Only Scan", "Parent Relationship": "Inner", "Parallel Aware": false, "Scan Direction": "Forward", "Index Name": "name_pkey", "Relation Name": "name", "Schema": "public", "Alias": "n", "Startup Cost": 0.43, "Total Cost": 0.45, "Plan Rows": 1, "Plan Width": 4, "Actual Startup Time": 0.014, "Actual Total Time": 0.014, "Actual Rows": 1, "Actual Loops": 33, "Output": ["n.id"], "Index Cond": "(n.id = ci.person_id)", "Rows Removed by Index Recheck": 0, "Heap Fetches": 0}]}]}, "Planning Time": 18.087, "Triggers": [], "Execution Time": 61163.935}]