[{"Plan": {"Node Type": "Aggregate", "Strategy": "Plain", "Partial Mode": "Simple", "Parallel Aware": false, "Startup Cost": 614690.84, "Total Cost": 614690.85, "Plan Rows": 1, "Plan Width": 96, "Actual Startup Time": 10726.65, "Actual Total Time": 10726.679, "Actual Rows": 1, "Actual Loops": 1, "Output": ["min(cn.name)", "min((lt.link)::text)", "min(t.title)"], "Plans": [{"Node Type": "Nested Loop", "Parent Relationship": "Outer", "Parallel Aware": false, "Join Type": "Inner", "Startup Cost": 134447.23, "Total Cost": 614690.83, "Plan Rows": 1, "Plan Width": 48, "Actual Startup Time": 6345.12, "Actual Total Time": 10725.375, "Actual Rows": 1874, "Actual Loops": 1, "Output": ["cn.name", "lt.link", "t.title"], "Inner Unique": true, "Join Filter": "(ml.movie_id = t.id)", "Rows Removed by Join Filter": 0, "Plans": [{"Node Type": "Nested Loop", "Parent Relationship": "Outer", "Parallel Aware": false, "Join Type": "Inner", "Startup Cost": 134446.8, "Total Cost": 614690.33, "Plan Rows": 1, "Plan Width": 47, "Actual Startup Time": 6345.107, "Actual Total Time": 10719.049, "Actual Rows": 1874, "Actual Loops": 1, "Output": ["cn.name", "mc.movie_id", "mi.movie_id", "mk.movie_id", "ml.movie_id", "lt.link"], "Inner Unique": true, "Plans": [{"Node Type": "Hash Join", "Parent Relationship": "Outer", "Parallel Aware": false, "Join Type": "Inner", "Startup Cost": 134446.38, "Total Cost": 614689.87, "Plan Rows": 1, "Plan Width": 32, "Actual Startup Time": 6339.515, "Actual Total Time": 10705.552, "Actual Rows": 4395, "Actual Loops": 1, "Output": ["mc.movie_id", "mc.company_id", "mi.movie_id", "mk.movie_id", "ml.movie_id", "lt.link"], "Inner Unique": false, "Hash Cond": "(mi.movie_id = ml.movie_id)", "Plans": [{"Node Type": "Seq Scan", "Parent Relationship": "Outer", "Parallel Aware": false, "Relation Name": "movie_info", "Schema": "public", "Alias": "mi", "Startup Cost": 0.0, "Total Cost": 476712.94, "Plan Rows": 941474, "Plan Width": 4, "Actual Startup Time": 0.515, "Actual Total Time": 4704.561, "Actual Rows": 936223, "Actual Loops": 1, "Output": ["mi.id", "mi.movie_id", "mi.info_type_id", "mi.info", "mi.note"], "Filter": "(mi.info = ANY ('{Sweden,Norway,Germany,Denmark,Swedish,Denish,Norwegian,German,English}'::text[]))", "Rows Removed by Filter": 13899497}, {"Node Type": "Hash", "Parent Relationship": "Inner", "Parallel Aware": false, "Startup Cost": 134446.37, "Total Cost": 134446.37, "Plan Rows": 1, "Plan Width": 28, "Actual Startup Time": 5587.388, "Actual Total Time": 5587.41, "Actual Rows": 962, "Actual Loops": 1, "Output": ["mc.movie_id", "mc.company_id", "mk.movie_id", "ml.movie_id", "lt.link"], "Hash Buckets": 1024, "Original Hash Buckets": 1024, "Hash Batches": 1, "Original Hash Batches": 1, "Peak Memory Usage": 64, "Plans": [{"Node Type": "Hash Join", "Parent Relationship": "Outer", "Parallel Aware": false, "Join Type": "Inner", "Startup Cost": 84778.93, "Total Cost": 134446.37, "Plan Rows": 1, "Plan Width": 28, "Actual Startup Time": 4392.65, "Actual Total Time": 5586.887, "Actual Rows": 962, "Actual Loops": 1, "Output": ["mc.movie_id", "mc.company_id", "mk.movie_id", "ml.movie_id", "lt.link"], "Inner Unique": false, "Hash Cond": "(mk.movie_id = ml.movie_id)", "Plans": [{"Node Type": "Hash Join", "Parent Relationship": "Outer", "Parallel Aware": false, "Join Type": "Inner", "Startup Cost": 84196.62, "Total Cost": 133861.4, "Plan Rows": 21, "Plan Width": 12, "Actual Startup Time": 4363.682, "Actual Total Time": 5550.869, "Actual Rows": 11915, "Actual Loops": 1, "Output": ["mc.movie_id", "mc.company_id", "mk.movie_id"], "Inner Unique": true, "Hash Cond": "(mc.company_type_id = ct.id)", "Plans": [{"Node Type": "Hash Join", "Parent Relationship": "Outer", "Parallel Aware": false, "Join Type": "Inner", "Startup Cost": 84195.56, "Total Cost": 133859.88, "Plan Rows": 83, "Plan Width": 16, "Actual Startup Time": 4136.57, "Actual Total Time": 5537.786, "Actual Rows": 14331, "Actual Loops": 1, "Output": ["mk.movie_id", "mc.movie_id", "mc.company_type_id", "mc.company_id"], "Inner Unique": false, "Hash Cond": "(mc.movie_id = mk.movie_id)", "Plans": [{"Node Type": "Seq Scan", "Parent Relationship": "Outer", "Parallel Aware": false, "Relation Name": "movie_companies", "Schema": "public", "Alias": "mc", "Startup Cost": 0.0, "Total Cost": 44881.29, "Plan Rows": 1275255, "Plan Width": 12, "Actual Startup Time": 0.031, "Actual Total Time": 782.944, "Actual Rows": 1271989, "Actual Loops": 1, "Output": ["mc.id", "mc.movie_id", "mc.company_id", "mc.company_type_id", "mc.note"], "Filter": "(mc.note IS NULL)", "Rows Removed by Filter": 1337140}, {"Node Type": "Hash", "Parent Relationship": "Inner", "Parallel Aware": false, "Startup Cost": 84195.13, "Total Cost": 84195.13, "Plan Rows": 34, "Plan Width": 4, "Actual Startup Time": 4135.65, "Actual Total Time": 4135.657, "Actual Rows": 10544, "Actual Loops": 1, "Output": ["mk.movie_id"], "Hash Buckets": 16384, "Original Hash Buckets": 1024, "Hash Batches": 1, "Original Hash Batches": 1, "Peak Memory Usage": 499, "Plans": [{"Node Type": "Hash Join", "Parent Relationship": "Outer", "Parallel Aware": false, "Join Type": "Inner", "Startup Cost": 2626.14, "Total Cost": 84195.13, "Plan Rows": 34, "Plan Width": 4, "Actual Startup Time": 11.386, "Actual Total Time": 4127.762, "Actual Rows": 10544, "Actual Loops": 1, "Output": ["mk.movie_id"], "Inner Unique": true, "Hash Cond": "(mk.keyword_id = k.id)", "Plans": [{"Node Type": "Seq Scan", "Parent Relationship": "Outer", "Parallel Aware": false, "Relation Name": "movie_keyword", "Schema": "public", "Alias": "mk", "Startup Cost": 0.0, "Total Cost": 69693.3, "Plan Rows": 4523930, "Plan Width": 8, "Actual Startup Time": 0.007, "Actual Total Time": 2005.39, "Actual Rows": 4523930, "Actual Loops": 1, "Output": ["mk.id", "mk.movie_id", "mk.keyword_id"]}, {"Node Type": "Hash", "Parent Relationship": "Inner", "Parallel Aware": false, "Startup Cost": 2626.12, "Total Cost": 2626.12, "Plan Rows": 1, "Plan Width": 4, "Actual Startup Time": 11.162, "Actual Total Time": 11.164, "Actual Rows": 1, "Actual Loops": 1, "Output": ["k.id"], "Hash Buckets": 1024, "Original Hash Buckets": 1024, "Hash Batches": 1, "Original Hash Batches": 1, "Peak Memory Usage": 9, "Plans": [{"Node Type": "Seq Scan", "Parent Relationship": "Outer", "Parallel Aware": false, "Relation Name": "keyword", "Schema": "public", "Alias": "k", "Startup Cost": 0.0, "Total Cost": 2626.12, "Plan Rows": 1, "Plan Width": 4, "Actual Startup Time": 0.658, "Actual Total Time": 11.159, "Actual Rows": 1, "Actual Loops": 1, "Output": ["k.id"], "Filter": "(k.keyword = 'sequel'::text)", "Rows Removed by Filter": 134169}]}]}]}]}, {"Node Type": "Hash", "Parent Relationship": "Inner", "Parallel Aware": false, "Startup Cost": 1.05, "Total Cost": 1.05, "Plan Rows": 1, "Plan Width": 4, "Actual Startup Time": 0.013, "Actual Total Time": 0.015, "Actual Rows": 1, "Actual Loops": 1, "Output": ["ct.id"], "Hash Buckets": 1024, "Original Hash Buckets": 1024, "Hash Batches": 1, "Original Hash Batches": 1, "Peak Memory Usage": 9, "Plans": [{"Node Type": "Seq Scan", "Parent Relationship": "Outer", "Parallel Aware": false, "Relation Name": "company_type", "Schema": "public", "Alias": "ct", "Startup Cost": 0.0, "Total Cost": 1.05, "Plan Rows": 1, "Plan Width": 4, "Actual Startup Time": 0.009, "Actual Total Time": 0.011, "Actual Rows": 1, "Actual Loops": 1, "Output": ["ct.id"], "Filter": "((ct.kind)::text = 'production companies'::text)", "Rows Removed by Filter": 3}]}]}, {"Node Type": "Hash", "Parent Relationship": "Inner", "Parallel Aware": false, "Startup Cost": 561.48, "Total Cost": 561.48, "Plan Rows": 1666, "Plan Width": 16, "Actual Startup Time": 28.959, "Actual Total Time": 28.965, "Actual Rows": 2315, "Actual Loops": 1, "Output": ["lt.link", "ml.movie_id"], "Hash Buckets": 4096, "Original Hash Buckets": 2048, "Hash Batches": 1, "Original Hash Batches": 1, "Peak Memory Usage": 136, "Plans": [{"Node Type": "Hash Join", "Parent Relationship": "Outer", "Parallel Aware": false, "Join Type": "Inner", "Startup Cost": 1.24, "Total Cost": 561.48, "Plan Rows": 1666, "Plan Width": 16, "Actual Startup Time": 0.062, "Actual Total Time": 27.76, "Actual Rows": 2315, "Actual Loops": 1, "Output": ["lt.link", "ml.movie_id"], "Inner Unique": true, "Hash Cond": "(ml.link_type_id = lt.id)", "Plans": [{"Node Type": "Seq Scan", "Parent Relationship": "Outer", "Parallel Aware": false, "Relation Name": "movie_link", "Schema": "public", "Alias": "ml", "Startup Cost": 0.0, "Total Cost": 462.97, "Plan Rows": 29997, "Plan Width": 8, "Actual Startup Time": 0.01, "Actual Total Time": 12.442, "Actual Rows": 29997, "Actual Loops": 1, "Output": ["ml.id", "ml.movie_id", "ml.linked_movie_id", "ml.link_type_id"]}, {"Node Type": "Hash", "Parent Relationship": "Inner", "Parallel Aware": false, "Startup Cost": 1.23, "Total Cost": 1.23, "Plan Rows": 1, "Plan Width": 16, "Actual Startup Time": 0.013, "Actual Total Time": 0.015, "Actual Rows": 2, "Actual Loops": 1, "Output": ["lt.link", "lt.id"], "Hash Buckets": 1024, "Original Hash Buckets": 1024, "Hash Batches": 1, "Original Hash Batches": 1, "Peak Memory Usage": 9, "Plans": [{"Node Type": "Seq Scan", "Parent Relationship": "Outer", "Parallel Aware": false, "Relation Name": "link_type", "Schema": "public", "Alias": "lt", "Startup Cost": 0.0, "Total Cost": 1.23, "Plan Rows": 1, "Plan Width": 16, "Actual Startup Time": 0.005, "Actual Total Time": 0.01, "Actual Rows": 2, "Actual Loops": 1, "Output": ["lt.link", "lt.id"], "Filter": "((lt.link)::text ~~ '%follow%'::text)", "Rows Removed by Filter": 16}]}]}]}]}]}]}, {"Node Type": "Index Scan", "Parent Relationship": "Inner", "Parallel Aware": false, "Scan Direction": "Forward", "Index Name": "company_name_pkey", "Relation Name": "company_name", "Schema": "public", "Alias": "cn", "Startup Cost": 0.42, "Total Cost": 0.46, "Plan Rows": 1, "Plan Width": 23, "Actual Startup Time": 0.002, "Actual Total Time": 0.002, "Actual Rows": 0, "Actual Loops": 4395, "Output": ["cn.id", "cn.name", "cn.country_code", "cn.imdb_id", "cn.name_pcode_nf", "cn.name_pcode_sf", "cn.md5sum"], "Index Cond": "(cn.id = mc.company_id)", "Rows Removed by Index Recheck": 0, "Filter": "(((cn.country_code)::text <> '[pl]'::text) AND ((cn.name ~~ '%Film%'::text) OR (cn.name ~~ '%Warner%'::text)))", "Rows Removed by Filter": 1}]}, {"Node Type": "Index Scan", "Parent Relationship": "Inner", "Parallel Aware": false, "Scan Direction": "Forward", "Index Name": "title_pkey", "Relation Name": "title", "Schema": "public", "Alias": "t", "Startup Cost": 0.43, "Total Cost": 0.49, "Plan Rows": 1, "Plan Width": 21, "Actual Startup Time": 0.002, "Actual Total Time": 0.002, "Actual Rows": 1, "Actual Loops": 1874, "Output": ["t.id", "t.title", "t.imdb_index", "t.kind_id", "t.production_year", "t.imdb_id", "t.phonetic_code", "t.episode_of_id", "t.season_nr", "t.episode_nr", "t.series_years", "t.md5sum"], "Index Cond": "(t.id = mk.movie_id)", "Rows Removed by Index Recheck": 0, "Filter": "((t.production_year >= 1950) AND (t.production_year <= 2010))", "Rows Removed by Filter": 0}]}]}, "Planning Time": 5.567, "Triggers": [], "Execution Time": 10726.765}]