[{"Plan": {"Node Type": "Aggregate", "Strategy": "Plain", "Partial Mode": "Simple", "Parallel Aware": false, "Startup Cost": 667980.78, "Total Cost": 667980.79, "Plan Rows": 1, "Plan Width": 96, "Actual Startup Time": 37487822.272, "Actual Total Time": 37487822.313, "Actual Rows": 1, "Actual Loops": 1, "Output": ["min(cn.name)", "min(mi_idx.info)", "min(t.title)"], "Plans": [{"Node Type": "Nested Loop", "Parent Relationship": "Outer", "Parallel Aware": false, "Join Type": "Inner", "Startup Cost": 31935.19, "Total Cost": 667980.77, "Plan Rows": 1, "Plan Width": 42, "Actual Startup Time": 22353.189, "Actual Total Time": 37487770.305, "Actual Rows": 46281, "Actual Loops": 1, "Output": ["cn.name", "mi_idx.info", "t.title"], "Inner Unique": true, "Plans": [{"Node Type": "Nested Loop", "Parent Relationship": "Outer", "Parallel Aware": false, "Join Type": "Inner", "Startup Cost": 31935.06, "Total Cost": 667980.62, "Plan Rows": 1, "Plan Width": 46, "Actual Startup Time": 22353.179, "Actual Total Time": 37487640.626, "Actual Rows": 46281, "Actual Loops": 1, "Output": ["cn.name", "mc.company_type_id", "mi_idx.info", "t.title"], "Inner Unique": true, "Plans": [{"Node Type": "Nested Loop", "Parent Relationship": "Outer", "Parallel Aware": false, "Join Type": "Inner", "Startup Cost": 31934.64, "Total Cost": 667980.17, "Plan Rows": 1, "Plan Width": 31, "Actual Startup Time": 22353.15, "Actual Total Time": 37486947.165, "Actual Rows": 64848, "Actual Loops": 1, "Output": ["mc.company_type_id", "mc.company_id", "mi_idx.info", "t.title"], "Inner Unique": false, "Join Filter": "(mi_idx.movie_id = t.id)", "Rows Removed by Join Filter": 7075143084, "Plans": [{"Node Type": "Nested Loop", "Parent Relationship": "Outer", "Parallel Aware": false, "Join Type": "Inner", "Startup Cost": 2965.57, "Total Cost": 583012.04, "Plan Rows": 1, "Plan Width": 29, "Actual Startup Time": 16281.993, "Actual Total Time": 4115169.515, "Actual Rows": 5316, "Actual Loops": 1, "Output": ["mi.movie_id", "mk.movie_id", "t.title", "t.id"], "Inner Unique": false, "Join Filter": "(mi.movie_id = t.id)", "Rows Removed by Join Filter": 4958843007, "Plans": [{"Node Type": "Hash Join", "Parent Relationship": "Outer", "Parallel Aware": false, "Join Type": "Inner", "Startup Cost": 2.43, "Total Cost": 497068.69, "Plan Rows": 5980, "Plan Width": 4, "Actual Startup Time": 0.055, "Actual Total Time": 7134.147, "Actual Rows": 614251, "Actual Loops": 1, "Output": ["mi.movie_id"], "Inner Unique": true, "Hash Cond": "(mi.info_type_id = it1.id)", "Plans": [{"Node Type": "Seq Scan", "Parent Relationship": "Outer", "Parallel Aware": false, "Relation Name": "movie_info", "Schema": "public", "Alias": "mi", "Startup Cost": 0.0, "Total Cost": 495225.88, "Plan Rows": 675759, "Plan Width": 8, "Actual Startup Time": 0.024, "Actual Total Time": 5997.769, "Actual Rows": 716210, "Actual Loops": 1, "Output": ["mi.id", "mi.movie_id", "mi.info_type_id", "mi.info", "mi.note"], "Filter": "(mi.info = ANY ('{Sweden,Norway,Germany,Denmark,Swedish,Danish,Norwegian,German,USA,American}'::text[]))", "Rows Removed by Filter": 14119510}, {"Node Type": "Hash", "Parent Relationship": "Inner", "Parallel Aware": false, "Startup Cost": 2.41, "Total Cost": 2.41, "Plan Rows": 1, "Plan Width": 4, "Actual Startup Time": 0.023, "Actual Total Time": 0.028, "Actual Rows": 1, "Actual Loops": 1, "Output": ["it1.id"], "Hash Buckets": 1024, "Original Hash Buckets": 1024, "Hash Batches": 1, "Original Hash Batches": 1, "Peak Memory Usage": 9, "Plans": [{"Node Type": "Seq Scan", "Parent Relationship": "Outer", "Parallel Aware": false, "Relation Name": "info_type", "Schema": "public", "Alias": "it1", "Startup Cost": 0.0, "Total Cost": 2.41, "Plan Rows": 1, "Plan Width": 4, "Actual Startup Time": 0.011, "Actual Total Time": 0.019, "Actual Rows": 1, "Actual Loops": 1, "Output": ["it1.id"], "Filter": "((it1.info)::text = 'countries'::text)", "Rows Removed by Filter": 112}]}]}, {"Node Type": "Materialize", "Parent Relationship": "Inner", "Parallel Aware": false, "Startup Cost": 2963.14, "Total Cost": 84597.89, "Plan Rows": 15, "Plan Width": 25, "Actual Startup Time": 0.001, "Actual Total Time": 3.196, "Actual Rows": 8073, "Actual Loops": 614251, "Output": ["mk.movie_id", "t.title", "t.id"], "Plans": [{"Node Type": "Hash Join", "Parent Relationship": "Outer", "Parallel Aware": false, "Join Type": "Inner", "Startup Cost": 2963.14, "Total Cost": 84597.81, "Plan Rows": 15, "Plan Width": 25, "Actual Startup Time": 24.843, "Actual Total Time": 4385.375, "Actual Rows": 8073, "Actual Loops": 1, "Output": ["mk.movie_id", "t.title", "t.id"], "Inner Unique": true, "Hash Cond": "(t.kind_id = kt.id)", "Plans": [{"Node Type": "Nested Loop", "Parent Relationship": "Outer", "Parallel Aware": false, "Join Type": "Inner", "Startup Cost": 2962.03, "Total Cost": 84596.47, "Plan Rows": 54, "Plan Width": 29, "Actual Startup Time": 24.809, "Actual Total Time": 4374.837, "Actual Rows": 9739, "Actual Loops": 1, "Output": ["mk.movie_id", "t.title", "t.kind_id", "t.id"], "Inner Unique": true, "Plans": [{"Node Type": "Hash Join", "Parent Relationship": "Outer", "Parallel Aware": false, "Join Type": "Inner", "Startup Cost": 2961.6, "Total Cost": 84530.59, "Plan Rows": 135, "Plan Width": 4, "Actual Startup Time": 24.785, "Actual Total Time": 4117.13, "Actual Rows": 37091, "Actual Loops": 1, "Output": ["mk.movie_id"], "Inner Unique": true, "Hash Cond": "(mk.keyword_id = k.id)", "Plans": [{"Node Type": "Seq Scan", "Parent Relationship": "Outer", "Parallel Aware": false, "Relation Name": "movie_keyword", "Schema": "public", "Alias": "mk", "Startup Cost": 0.0, "Total Cost": 69693.3, "Plan Rows": 4523930, "Plan Width": 8, "Actual Startup Time": 0.013, "Actual Total Time": 2011.389, "Actual Rows": 4523930, "Actual Loops": 1, "Output": ["mk.id", "mk.movie_id", "mk.keyword_id"]}, {"Node Type": "Hash", "Parent Relationship": "Inner", "Parallel Aware": false, "Startup Cost": 2961.55, "Total Cost": 2961.55, "Plan Rows": 4, "Plan Width": 4, "Actual Startup Time": 24.713, "Actual Total Time": 24.718, "Actual Rows": 3, "Actual Loops": 1, "Output": ["k.id"], "Hash Buckets": 1024, "Original Hash Buckets": 1024, "Hash Batches": 1, "Original Hash Batches": 1, "Peak Memory Usage": 9, "Plans": [{"Node Type": "Seq Scan", "Parent Relationship": "Outer", "Parallel Aware": false, "Relation Name": "keyword", "Schema": "public", "Alias": "k", "Startup Cost": 0.0, "Total Cost": 2961.55, "Plan Rows": 4, "Plan Width": 4, "Actual Startup Time": 1.086, "Actual Total Time": 24.709, "Actual Rows": 3, "Actual Loops": 1, "Output": ["k.id"], "Filter": "(k.keyword = ANY ('{murder,murder-in-title,blood,violence}'::text[]))", "Rows Removed by Filter": 134167}]}]}, {"Node Type": "Index Scan", "Parent Relationship": "Inner", "Parallel Aware": false, "Scan Direction": "Forward", "Index Name": "title_pkey", "Relation Name": "title", "Schema": "public", "Alias": "t", "Startup Cost": 0.43, "Total Cost": 0.49, "Plan Rows": 1, "Plan Width": 25, "Actual Startup Time": 0.006, "Actual Total Time": 0.006, "Actual Rows": 0, "Actual Loops": 37091, "Output": ["t.id", "t.title", "t.imdb_index", "t.kind_id", "t.production_year", "t.imdb_id", "t.phonetic_code", "t.episode_of_id", "t.season_nr", "t.episode_nr", "t.series_years", "t.md5sum"], "Index Cond": "(t.id = mk.movie_id)", "Rows Removed by Index Recheck": 0, "Filter": "(t.production_year > 2005)", "Rows Removed by Filter": 1}]}, {"Node Type": "Hash", "Parent Relationship": "Inner", "Parallel Aware": false, "Startup Cost": 1.09, "Total Cost": 1.09, "Plan Rows": 2, "Plan Width": 4, "Actual Startup Time": 0.018, "Actual Total Time": 0.02, "Actual Rows": 2, "Actual Loops": 1, "Output": ["kt.id"], "Hash Buckets": 1024, "Original Hash Buckets": 1024, "Hash Batches": 1, "Original Hash Batches": 1, "Peak Memory Usage": 9, "Plans": [{"Node Type": "Seq Scan", "Parent Relationship": "Outer", "Parallel Aware": false, "Relation Name": "kind_type", "Schema": "public", "Alias": "kt", "Startup Cost": 0.0, "Total Cost": 1.09, "Plan Rows": 2, "Plan Width": 4, "Actual Startup Time": 0.013, "Actual Total Time": 0.015, "Actual Rows": 2, "Actual Loops": 1, "Output": ["kt.id"], "Filter": "((kt.kind)::text = ANY ('{movie,episode}'::text[]))", "Rows Removed by Filter": 5}]}]}]}]}, {"Node Type": "Hash Join", "Parent Relationship": "Inner", "Parallel Aware": false, "Join Type": "Inner", "Startup Cost": 28969.08, "Total Cost": 84227.28, "Plan Rows": 59268, "Plan Width": 22, "Actual Startup Time": 1822.444, "Actual Total Time": 5731.954, "Actual Rows": 1330927, "Actual Loops": 5316, "Output": ["mi_idx.info", "mi_idx.movie_id", "mc.movie_id", "mc.company_type_id", "mc.company_id"], "Inner Unique": false, "Hash Cond": "(mc.movie_id = mi_idx.movie_id)", "Plans": [{"Node Type": "Seq Scan", "Parent Relationship": "Outer", "Parallel Aware": false, "Relation Name": "movie_companies", "Schema": "public", "Alias": "mc", "Startup Cost": 0.0, "Total Cost": 44881.29, "Plan Rows": 2609129, "Plan Width": 12, "Actual Startup Time": 0.01, "Actual Total Time": 1189.701, "Actual Rows": 2609129, "Actual Loops": 5316, "Output": ["mc.id", "mc.movie_id", "mc.company_id", "mc.company_type_id", "mc.note"]}, {"Node Type": "Hash", "Parent Relationship": "Inner", "Parallel Aware": false, "Startup Cost": 28821.49, "Total Cost": 28821.49, "Plan Rows": 11807, "Plan Width": 10, "Actual Startup Time": 1822.301, "Actual Total Time": 1822.301, "Actual Rows": 454230, "Actual Loops": 5316, "Output": ["mi_idx.info", "mi_idx.movie_id"], "Hash Buckets": 131072, "Original Hash Buckets": 16384, "Hash Batches": 8, "Original Hash Batches": 1, "Peak Memory Usage": 3248, "Plans": [{"Node Type": "Hash Join", "Parent Relationship": "Outer", "Parallel Aware": false, "Join Type": "Inner", "Startup Cost": 2.43, "Total Cost": 28821.49, "Plan Rows": 11807, "Plan Width": 10, "Actual Startup Time": 0.025, "Actual Total Time": 1566.304, "Actual Rows": 454230, "Actual Loops": 5316, "Output": ["mi_idx.info", "mi_idx.movie_id"], "Inner Unique": true, "Hash Cond": "(mi_idx.info_type_id = it2.id)", "Plans": [{"Node Type": "Seq Scan", "Parent Relationship": "Outer", "Parallel Aware": false, "Relation Name": "movie_info_idx", "Schema": "public", "Alias": "mi_idx", "Startup Cost": 0.0, "Total Cost": 25185.44, "Plan Rows": 1334199, "Plan Width": 14, "Actual Startup Time": 0.02, "Actual Total Time": 770.337, "Actual Rows": 1337634, "Actual Loops": 5316, "Output": ["mi_idx.id", "mi_idx.movie_id", "mi_idx.info_type_id", "mi_idx.info", "mi_idx.note"], "Filter": "(mi_idx.info < '8.5'::text)", "Rows Removed by Filter": 42401}, {"Node Type": "Hash", "Parent Relationship": "Inner", "Parallel Aware": false, "Startup Cost": 2.41, "Total Cost": 2.41, "Plan Rows": 1, "Plan Width": 4, "Actual Startup Time": 0.025, "Actual Total Time": 0.027, "Actual Rows": 1, "Actual Loops": 1, "Output": ["it2.id"], "Hash Buckets": 1024, "Original Hash Buckets": 1024, "Hash Batches": 1, "Original Hash Batches": 1, "Peak Memory Usage": 9, "Plans": [{"Node Type": "Seq Scan", "Parent Relationship": "Outer", "Parallel Aware": false, "Relation Name": "info_type", "Schema": "public", "Alias": "it2", "Startup Cost": 0.0, "Total Cost": 2.41, "Plan Rows": 1, "Plan Width": 4, "Actual Startup Time": 0.019, "Actual Total Time": 0.021, "Actual Rows": 1, "Actual Loops": 1, "Output": ["it2.id"], "Filter": "((it2.info)::text = 'rating'::text)", "Rows Removed by Filter": 112}]}]}]}]}]}, {"Node Type": "Index Scan", "Parent Relationship": "Inner", "Parallel Aware": false, "Scan Direction": "Forward", "Index Name": "company_name_pkey", "Relation Name": "company_name", "Schema": "public", "Alias": "cn", "Startup Cost": 0.42, "Total Cost": 0.45, "Plan Rows": 1, "Plan Width": 23, "Actual Startup Time": 0.009, "Actual Total Time": 0.009, "Actual Rows": 1, "Actual Loops": 64848, "Output": ["cn.id", "cn.name", "cn.country_code", "cn.imdb_id", "cn.name_pcode_nf", "cn.name_pcode_sf", "cn.md5sum"], "Index Cond": "(cn.id = mc.company_id)", "Rows Removed by Index Recheck": 0, "Filter": "((cn.country_code)::text <> '[us]'::text)", "Rows Removed by Filter": 0}]}, {"Node Type": "Index Only Scan", "Parent Relationship": "Inner", "Parallel Aware": false, "Scan Direction": "Forward", "Index Name": "company_type_pkey", "Relation Name": "company_type", "Schema": "public", "Alias": "ct", "Startup Cost": 0.13, "Total Cost": 0.15, "Plan Rows": 1, "Plan Width": 4, "Actual Startup Time": 0.001, "Actual Total Time": 0.001, "Actual Rows": 1, "Actual Loops": 46281, "Output": ["ct.id"], "Index Cond": "(ct.id = mc.company_type_id)", "Rows Removed by Index Recheck": 0, "Heap Fetches": 0}]}]}, "Planning Time": 14.733, "Triggers": [], "Execution Time": 37487822.501}]