[{"Plan": {"Node Type": "Aggregate", "Strategy": "Plain", "Partial Mode": "Simple", "Parallel Aware": false, "Startup Cost": 530408.35, "Total Cost": 530408.36, "Plan Rows": 1, "Plan Width": 64, "Actual Startup Time": 34551.562, "Actual Total Time": 34551.589, "Actual Rows": 1, "Actual Loops": 1, "Output": ["min((kt.kind)::text)", "min(t.title)"], "Plans": [{"Node Type": "Nested Loop", "Parent Relationship": "Outer", "Parallel Aware": false, "Join Type": "Inner", "Startup Cost": 6198.1, "Total Cost": 530408.35, "Plan Rows": 1, "Plan Width": 27, "Actual Startup Time": 6214.669, "Actual Total Time": 34551.543, "Actual Rows": 16, "Actual Loops": 1, "Output": ["kt.kind", "t.title"], "Inner Unique": true, "Plans": [{"Node Type": "Nested Loop", "Parent Relationship": "Outer", "Parallel Aware": false, "Join Type": "Inner", "Startup Cost": 6197.97, "Total Cost": 530408.17, "Plan Rows": 1, "Plan Width": 21, "Actual Startup Time": 6214.66, "Actual Total Time": 34551.456, "Actual Rows": 16, "Actual Loops": 1, "Output": ["t.title", "t.kind_id"], "Inner Unique": true, "Join Filter": "(mi.movie_id = t.id)", "Rows Removed by Join Filter": 0, "Plans": [{"Node Type": "Nested Loop", "Parent Relationship": "Outer", "Parallel Aware": false, "Join Type": "Inner", "Startup Cost": 6197.54, "Total Cost": 530407.67, "Plan Rows": 1, "Plan Width": 16, "Actual Startup Time": 6214.647, "Actual Total Time": 34551.327, "Actual Rows": 16, "Actual Loops": 1, "Output": ["cc.movie_id", "mc.movie_id", "mi.movie_id", "mk.movie_id"], "Inner Unique": true, "Plans": [{"Node Type": "Nested Loop", "Parent Relationship": "Outer", "Parallel Aware": false, "Join Type": "Inner", "Startup Cost": 6197.41, "Total Cost": 530407.52, "Plan Rows": 1, "Plan Width": 20, "Actual Startup Time": 6214.638, "Actual Total Time": 34551.245, "Actual Rows": 16, "Actual Loops": 1, "Output": ["cc.movie_id", "mc.movie_id", "mc.company_type_id", "mi.movie_id", "mk.movie_id"], "Inner Unique": true, "Plans": [{"Node Type": "Nested Loop", "Parent Relationship": "Outer", "Parallel Aware": false, "Join Type": "Inner", "Startup Cost": 6196.99, "Total Cost": 530407.07, "Plan Rows": 1, "Plan Width": 24, "Actual Startup Time": 6214.613, "Actual Total Time": 34551.011, "Actual Rows": 16, "Actual Loops": 1, "Output": ["cc.movie_id", "mc.movie_id", "mc.company_id", "mc.company_type_id", "mi.movie_id", "mk.movie_id"], "Inner Unique": false, "Join Filter": "(mc.movie_id = mi.movie_id)", "Rows Removed by Join Filter": 2276804, "Plans": [{"Node Type": "Nested Loop", "Parent Relationship": "Outer", "Parallel Aware": false, "Join Type": "Inner", "Startup Cost": 2961.6, "Total Cost": 468691.83, "Plan Rows": 1, "Plan Width": 8, "Actual Startup Time": 3556.382, "Actual Total Time": 7676.779, "Actual Rows": 10, "Actual Loops": 1, "Output": ["mi.movie_id", "mk.movie_id"], "Inner Unique": false, "Join Filter": "(mi.movie_id = mk.movie_id)", "Rows Removed by Join Filter": 2006533, "Plans": [{"Node Type": "Hash Join", "Parent Relationship": "Outer", "Parallel Aware": false, "Join Type": "Inner", "Startup Cost": 2961.6, "Total Cost": 84530.59, "Plan Rows": 135, "Plan Width": 4, "Actual Startup Time": 26.564, "Actual Total Time": 4083.821, "Actual Rows": 1133, "Actual Loops": 1, "Output": ["mk.movie_id"], "Inner Unique": true, "Hash Cond": "(mk.keyword_id = k.id)", "Plans": [{"Node Type": "Seq Scan", "Parent Relationship": "Outer", "Parallel Aware": false, "Relation Name": "movie_keyword", "Schema": "public", "Alias": "mk", "Startup Cost": 0.0, "Total Cost": 69693.3, "Plan Rows": 4523930, "Plan Width": 8, "Actual Startup Time": 0.01, "Actual Total Time": 1996.678, "Actual Rows": 4523930, "Actual Loops": 1, "Output": ["mk.id", "mk.movie_id", "mk.keyword_id"]}, {"Node Type": "Hash", "Parent Relationship": "Inner", "Parallel Aware": false, "Startup Cost": 2961.55, "Total Cost": 2961.55, "Plan Rows": 4, "Plan Width": 4, "Actual Startup Time": 24.331, "Actual Total Time": 24.334, "Actual Rows": 4, "Actual Loops": 1, "Output": ["k.id"], "Hash Buckets": 1024, "Original Hash Buckets": 1024, "Hash Batches": 1, "Original Hash Batches": 1, "Peak Memory Usage": 9, "Plans": [{"Node Type": "Seq Scan", "Parent Relationship": "Outer", "Parallel Aware": false, "Relation Name": "keyword", "Schema": "public", "Alias": "k", "Startup Cost": 0.0, "Total Cost": 2961.55, "Plan Rows": 4, "Plan Width": 4, "Actual Startup Time": 0.71, "Actual Total Time": 24.324, "Actual Rows": 4, "Actual Loops": 1, "Output": ["k.id"], "Filter": "(k.keyword = ANY ('{nerd,loner,alienation,dignity}'::text[]))", "Rows Removed by Filter": 134166}]}]}, {"Node Type": "Materialize", "Parent Relationship": "Inner", "Parallel Aware": false, "Startup Cost": 0.0, "Total Cost": 384155.16, "Plan Rows": 3, "Plan Width": 4, "Actual Startup Time": 0.66, "Actual Total Time": 2.419, "Actual Rows": 1771, "Actual Loops": 1133, "Output": ["mi.movie_id"], "Plans": [{"Node Type": "Nested Loop", "Parent Relationship": "Outer", "Parallel Aware": false, "Join Type": "Inner", "Startup Cost": 0.0, "Total Cost": 384155.15, "Plan Rows": 3, "Plan Width": 4, "Actual Startup Time": 746.724, "Actual Total Time": 1945.372, "Actual Rows": 1771, "Actual Loops": 1, "Output": ["mi.movie_id"], "Inner Unique": false, "Join Filter": "(it1.id = mi.info_type_id)", "Rows Removed by Join Filter": 0, "Plans": [{"Node Type": "Seq Scan", "Parent Relationship": "Outer", "Parallel Aware": false, "Relation Name": "info_type", "Schema": "public", "Alias": "it1", "Startup Cost": 0.0, "Total Cost": 2.41, "Plan Rows": 1, "Plan Width": 4, "Actual Startup Time": 0.01, "Actual Total Time": 0.019, "Actual Rows": 1, "Actual Loops": 1, "Output": ["it1.id", "it1.info"], "Filter": "((it1.info)::text = 'release dates'::text)", "Rows Removed by Filter": 112}, {"Node Type": "Seq Scan", "Parent Relationship": "Inner", "Parallel Aware": false, "Relation Name": "movie_info", "Schema": "public", "Alias": "mi", "Startup Cost": 0.0, "Total Cost": 384148.25, "Plan Rows": 359, "Plan Width": 8, "Actual Startup Time": 746.71, "Actual Total Time": 1943.412, "Actual Rows": 1771, "Actual Loops": 1, "Output": ["mi.id", "mi.movie_id", "mi.info_type_id", "mi.info", "mi.note"], "Filter": "((mi.note ~~ '%internet%'::text) AND (mi.info ~~ 'USA:% 200%'::text))", "Rows Removed by Filter": 14833949}]}]}]}, {"Node Type": "Hash Join", "Parent Relationship": "Inner", "Parallel Aware": false, "Join Type": "Inner", "Startup Cost": 3235.39, "Total Cost": 59596.17, "Plan Rows": 169526, "Plan Width": 16, "Actual Startup Time": 14.532, "Actual Total Time": 2593.747, "Actual Rows": 227682, "Actual Loops": 10, "Output": ["cc.movie_id", "mc.movie_id", "mc.company_id", "mc.company_type_id"], "Inner Unique": false, "Hash Cond": "(mc.movie_id = cc.movie_id)", "Plans": [{"Node Type": "Seq Scan", "Parent Relationship": "Outer", "Parallel Aware": false, "Relation Name": "movie_companies", "Schema": "public", "Alias": "mc", "Startup Cost": 0.0, "Total Cost": 44881.29, "Plan Rows": 2609129, "Plan Width": 12, "Actual Startup Time": 0.01, "Actual Total Time": 1176.656, "Actual Rows": 2609129, "Actual Loops": 10, "Output": ["mc.id", "mc.movie_id", "mc.company_id", "mc.company_type_id", "mc.note"]}, {"Node Type": "Hash", "Parent Relationship": "Inner", "Parallel Aware": false, "Startup Cost": 2813.24, "Total Cost": 2813.24, "Plan Rows": 33772, "Plan Width": 4, "Actual Startup Time": 143.621, "Actual Total Time": 143.626, "Actual Rows": 24592, "Actual Loops": 1, "Output": ["cc.movie_id"], "Hash Buckets": 65536, "Original Hash Buckets": 65536, "Hash Batches": 1, "Original Hash Batches": 1, "Peak Memory Usage": 1377, "Plans": [{"Node Type": "Hash Join", "Parent Relationship": "Outer", "Parallel Aware": false, "Join Type": "Inner", "Startup Cost": 1.06, "Total Cost": 2813.24, "Plan Rows": 33772, "Plan Width": 4, "Actual Startup Time": 0.029, "Actual Total Time": 131.143, "Actual Rows": 24592, "Actual Loops": 1, "Output": ["cc.movie_id"], "Inner Unique": true, "Hash Cond": "(cc.status_id = cct1.id)", "Plans": [{"Node Type": "Seq Scan", "Parent Relationship": "Outer", "Parallel Aware": false, "Relation Name": "complete_cast", "Schema": "public", "Alias": "cc", "Startup Cost": 0.0, "Total Cost": 2081.86, "Plan Rows": 135086, "Plan Width": 8, "Actual Startup Time": 0.009, "Actual Total Time": 56.254, "Actual Rows": 135086, "Actual Loops": 1, "Output": ["cc.id", "cc.movie_id", "cc.subject_id", "cc.status_id"]}, {"Node Type": "Hash", "Parent Relationship": "Inner", "Parallel Aware": false, "Startup Cost": 1.05, "Total Cost": 1.05, "Plan Rows": 1, "Plan Width": 4, "Actual Startup Time": 0.012, "Actual Total Time": 0.014, "Actual Rows": 1, "Actual Loops": 1, "Output": ["cct1.id"], "Hash Buckets": 1024, "Original Hash Buckets": 1024, "Hash Batches": 1, "Original Hash Batches": 1, "Peak Memory Usage": 9, "Plans": [{"Node Type": "Seq Scan", "Parent Relationship": "Outer", "Parallel Aware": false, "Relation Name": "comp_cast_type", "Schema": "public", "Alias": "cct1", "Startup Cost": 0.0, "Total Cost": 1.05, "Plan Rows": 1, "Plan Width": 4, "Actual Startup Time": 0.008, "Actual Total Time": 0.009, "Actual Rows": 1, "Actual Loops": 1, "Output": ["cct1.id"], "Filter": "((cct1.kind)::text = 'complete+verified'::text)", "Rows Removed by Filter": 3}]}]}]}]}]}, {"Node Type": "Index Scan", "Parent Relationship": "Inner", "Parallel Aware": false, "Scan Direction": "Forward", "Index Name": "company_name_pkey", "Relation Name": "company_name", "Schema": "public", "Alias": "cn", "Startup Cost": 0.42, "Total Cost": 0.45, "Plan Rows": 1, "Plan Width": 4, "Actual Startup Time": 0.01, "Actual Total Time": 0.01, "Actual Rows": 1, "Actual Loops": 16, "Output": ["cn.id", "cn.name", "cn.country_code", "cn.imdb_id", "cn.name_pcode_nf", "cn.name_pcode_sf", "cn.md5sum"], "Index Cond": "(cn.id = mc.company_id)", "Rows Removed by Index Recheck": 0, "Filter": "((cn.country_code)::text = '[us]'::text)", "Rows Removed by Filter": 0}]}, {"Node Type": "Index Only Scan", "Parent Relationship": "Inner", "Parallel Aware": false, "Scan Direction": "Forward", "Index Name": "company_type_pkey", "Relation Name": "company_type", "Schema": "public", "Alias": "ct", "Startup Cost": 0.13, "Total Cost": 0.15, "Plan Rows": 1, "Plan Width": 4, "Actual Startup Time": 0.002, "Actual Total Time": 0.002, "Actual Rows": 1, "Actual Loops": 16, "Output": ["ct.id"], "Index Cond": "(ct.id = mc.company_type_id)", "Rows Removed by Index Recheck": 0, "Heap Fetches": 0}]}, {"Node Type": "Index Scan", "Parent Relationship": "Inner", "Parallel Aware": false, "Scan Direction": "Forward", "Index Name": "title_pkey", "Relation Name": "title", "Schema": "public", "Alias": "t", "Startup Cost": 0.43, "Total Cost": 0.49, "Plan Rows": 1, "Plan Width": 25, "Actual Startup Time": 0.005, "Actual Total Time": 0.005, "Actual Rows": 1, "Actual Loops": 16, "Output": ["t.id", "t.title", "t.imdb_index", "t.kind_id", "t.production_year", "t.imdb_id", "t.phonetic_code", "t.episode_of_id", "t.season_nr", "t.episode_nr", "t.series_years", "t.md5sum"], "Index Cond": "(t.id = mk.movie_id)", "Rows Removed by Index Recheck": 0, "Filter": "(t.production_year > 2000)", "Rows Removed by Filter": 0}]}, {"Node Type": "Index Scan", "Parent Relationship": "Inner", "Parallel Aware": false, "Scan Direction": "Forward", "Index Name": "kind_type_pkey", "Relation Name": "kind_type", "Schema": "public", "Alias": "kt", "Startup Cost": 0.13, "Total Cost": 0.15, "Plan Rows": 1, "Plan Width": 14, "Actual Startup Time": 0.003, "Actual Total Time": 0.003, "Actual Rows": 1, "Actual Loops": 16, "Output": ["kt.id", "kt.kind"], "Index Cond": "(kt.id = t.kind_id)", "Rows Removed by Index Recheck": 0, "Filter": "((kt.kind)::text = 'movie'::text)", "Rows Removed by Filter": 0}]}]}, "Planning Time": 13.915, "Triggers": [], "Execution Time": 34551.703}]