[{"Plan": {"Node Type": "Aggregate", "Strategy": "Plain", "Partial Mode": "Simple", "Parallel Aware": false, "Startup Cost": 565130.55, "Total Cost": 565130.56, "Plan Rows": 1, "Plan Width": 64, "Actual Startup Time": 8592.132, "Actual Total Time": 8592.16, "Actual Rows": 1, "Actual Loops": 1, "Output": ["min((kt.kind)::text)", "min(t.title)"], "Plans": [{"Node Type": "Nested Loop", "Parent Relationship": "Outer", "Parallel Aware": false, "Join Type": "Inner", "Startup Cost": 478470.7, "Total Cost": 565130.52, "Plan Rows": 5, "Plan Width": 27, "Actual Startup Time": 5618.196, "Actual Total Time": 8591.729, "Actual Rows": 628, "Actual Loops": 1, "Output": ["kt.kind", "t.title"], "Inner Unique": true, "Plans": [{"Node Type": "Hash Join", "Parent Relationship": "Outer", "Parallel Aware": false, "Join Type": "Inner", "Startup Cost": 478470.28, "Total Cost": 565128.33, "Plan Rows": 5, "Plan Width": 31, "Actual Startup Time": 5618.173, "Actual Total Time": 8589.569, "Actual Rows": 628, "Actual Loops": 1, "Output": ["mk.keyword_id", "t.title", "kt.kind"], "Inner Unique": false, "Hash Cond": "(mk.movie_id = t.id)", "Plans": [{"Node Type": "Seq Scan", "Parent Relationship": "Outer", "Parallel Aware": false, "Relation Name": "movie_keyword", "Schema": "public", "Alias": "mk", "Startup Cost": 0.0, "Total Cost": 69693.3, "Plan Rows": 4523930, "Plan Width": 8, "Actual Startup Time": 0.016, "Actual Total Time": 1994.382, "Actual Rows": 4523930, "Actual Loops": 1, "Output": ["mk.id", "mk.movie_id", "mk.keyword_id"]}, {"Node Type": "Hash", "Parent Relationship": "Inner", "Parallel Aware": false, "Startup Cost": 478470.26, "Total Cost": 478470.26, "Plan Rows": 1, "Plan Width": 43, "Actual Startup Time": 4553.037, "Actual Total Time": 4553.059, "Actual Rows": 7, "Actual Loops": 1, "Output": ["cc.movie_id", "mc.movie_id", "mi.movie_id", "t.title", "t.id", "kt.kind"], "Hash Buckets": 1024, "Original Hash Buckets": 1024, "Hash Batches": 1, "Original Hash Batches": 1, "Peak Memory Usage": 9, "Plans": [{"Node Type": "Nested Loop", "Parent Relationship": "Outer", "Parallel Aware": false, "Join Type": "Inner", "Startup Cost": 423804.32, "Total Cost": 478470.26, "Plan Rows": 1, "Plan Width": 43, "Actual Startup Time": 2739.236, "Actual Total Time": 4553.045, "Actual Rows": 7, "Actual Loops": 1, "Output": ["cc.movie_id", "mc.movie_id", "mi.movie_id", "t.title", "t.id", "kt.kind"], "Inner Unique": true, "Plans": [{"Node Type": "Nested Loop", "Parent Relationship": "Outer", "Parallel Aware": false, "Join Type": "Inner", "Startup Cost": 423804.19, "Total Cost": 478470.1, "Plan Rows": 1, "Plan Width": 37, "Actual Startup Time": 2739.225, "Actual Total Time": 4553.002, "Actual Rows": 7, "Actual Loops": 1, "Output": ["cc.movie_id", "mc.movie_id", "mi.movie_id", "t.title", "t.kind_id", "t.id"], "Inner Unique": true, "Plans": [{"Node Type": "Nested Loop", "Parent Relationship": "Outer", "Parallel Aware": false, "Join Type": "Inner", "Startup Cost": 423804.06, "Total Cost": 478469.94, "Plan Rows": 1, "Plan Width": 41, "Actual Startup Time": 2739.216, "Actual Total Time": 4552.967, "Actual Rows": 7, "Actual Loops": 1, "Output": ["cc.movie_id", "mc.movie_id", "mc.company_type_id", "mi.movie_id", "t.title", "t.kind_id", "t.id"], "Inner Unique": true, "Plans": [{"Node Type": "Nested Loop", "Parent Relationship": "Outer", "Parallel Aware": false, "Join Type": "Inner", "Startup Cost": 423803.64, "Total Cost": 478469.5, "Plan Rows": 1, "Plan Width": 45, "Actual Startup Time": 2739.194, "Actual Total Time": 4552.902, "Actual Rows": 7, "Actual Loops": 1, "Output": ["cc.movie_id", "mc.movie_id", "mc.company_id", "mc.company_type_id", "mi.movie_id", "t.title", "t.kind_id", "t.id"], "Inner Unique": true, "Plans": [{"Node Type": "Hash Join", "Parent Relationship": "Outer", "Parallel Aware": false, "Join Type": "Inner", "Startup Cost": 423803.51, "Total Cost": 478469.04, "Plan Rows": 3, "Plan Width": 49, "Actual Startup Time": 2631.513, "Actual Total Time": 4552.503, "Actual Rows": 57, "Actual Loops": 1, "Output": ["cc.movie_id", "cc.status_id", "mc.movie_id", "mc.company_id", "mc.company_type_id", "mi.movie_id", "t.title", "t.kind_id", "t.id"], "Inner Unique": false, "Hash Cond": "(mc.movie_id = t.id)", "Plans": [{"Node Type": "Seq Scan", "Parent Relationship": "Outer", "Parallel Aware": false, "Relation Name": "movie_companies", "Schema": "public", "Alias": "mc", "Startup Cost": 0.0, "Total Cost": 44881.29, "Plan Rows": 2609129, "Plan Width": 12, "Actual Startup Time": 0.095, "Actual Total Time": 1188.361, "Actual Rows": 2609129, "Actual Loops": 1, "Output": ["mc.id", "mc.movie_id", "mc.company_id", "mc.company_type_id", "mc.note"]}, {"Node Type": "Hash", "Parent Relationship": "Inner", "Parallel Aware": false, "Startup Cost": 423803.49, "Total Cost": 423803.49, "Plan Rows": 1, "Plan Width": 37, "Actual Startup Time": 2185.408, "Actual Total Time": 2185.418, "Actual Rows": 40, "Actual Loops": 1, "Output": ["cc.movie_id", "cc.status_id", "mi.movie_id", "t.title", "t.kind_id", "t.id"], "Hash Buckets": 1024, "Original Hash Buckets": 1024, "Hash Batches": 1, "Original Hash Batches": 1, "Peak Memory Usage": 11, "Plans": [{"Node Type": "Hash Join", "Parent Relationship": "Outer", "Parallel Aware": false, "Join Type": "Inner", "Startup Cost": 421215.05, "Total Cost": 423803.49, "Plan Rows": 1, "Plan Width": 37, "Actual Startup Time": 2066.099, "Actual Total Time": 2185.371, "Actual Rows": 40, "Actual Loops": 1, "Output": ["cc.movie_id", "cc.status_id", "mi.movie_id", "t.title", "t.kind_id", "t.id"], "Inner Unique": false, "Hash Cond": "(cc.movie_id = t.id)", "Plans": [{"Node Type": "Seq Scan", "Parent Relationship": "Outer", "Parallel Aware": false, "Relation Name": "complete_cast", "Schema": "public", "Alias": "cc", "Startup Cost": 0.0, "Total Cost": 2081.86, "Plan Rows": 135086, "Plan Width": 8, "Actual Startup Time": 0.007, "Actual Total Time": 55.546, "Actual Rows": 135086, "Actual Loops": 1, "Output": ["cc.id", "cc.movie_id", "cc.subject_id", "cc.status_id"]}, {"Node Type": "Hash", "Parent Relationship": "Inner", "Parallel Aware": false, "Startup Cost": 421215.01, "Total Cost": 421215.01, "Plan Rows": 3, "Plan Width": 29, "Actual Startup Time": 2065.66, "Actual Total Time": 2065.666, "Actual Rows": 1782, "Actual Loops": 1, "Output": ["mi.movie_id", "t.title", "t.kind_id", "t.id"], "Hash Buckets": 2048, "Original Hash Buckets": 1024, "Hash Batches": 1, "Original Hash Batches": 1, "Peak Memory Usage": 129, "Plans": [{"Node Type": "Nested Loop", "Parent Relationship": "Outer", "Parallel Aware": false, "Join Type": "Inner", "Startup Cost": 0.43, "Total Cost": 421215.01, "Plan Rows": 3, "Plan Width": 29, "Actual Startup Time": 787.936, "Actual Total Time": 2063.892, "Actual Rows": 1782, "Actual Loops": 1, "Output": ["mi.movie_id", "t.title", "t.kind_id", "t.id"], "Inner Unique": true, "Plans": [{"Node Type": "Nested Loop", "Parent Relationship": "Outer", "Parallel Aware": false, "Join Type": "Inner", "Startup Cost": 0.0, "Total Cost": 421181.75, "Plan Rows": 4, "Plan Width": 4, "Actual Startup Time": 787.911, "Actual Total Time": 2051.253, "Actual Rows": 1783, "Actual Loops": 1, "Output": ["mi.movie_id"], "Inner Unique": false, "Join Filter": "(it1.id = mi.info_type_id)", "Rows Removed by Join Filter": 0, "Plans": [{"Node Type": "Seq Scan", "Parent Relationship": "Outer", "Parallel Aware": false, "Relation Name": "info_type", "Schema": "public", "Alias": "it1", "Startup Cost": 0.0, "Total Cost": 2.41, "Plan Rows": 1, "Plan Width": 4, "Actual Startup Time": 0.008, "Actual Total Time": 0.018, "Actual Rows": 1, "Actual Loops": 1, "Output": ["it1.id", "it1.info"], "Filter": "((it1.info)::text = 'release dates'::text)", "Rows Removed by Filter": 112}, {"Node Type": "Seq Scan", "Parent Relationship": "Inner", "Parallel Aware": false, "Relation Name": "movie_info", "Schema": "public", "Alias": "mi", "Startup Cost": 0.0, "Total Cost": 421174.12, "Plan Rows": 417, "Plan Width": 8, "Actual Startup Time": 787.898, "Actual Total Time": 2049.341, "Actual Rows": 1783, "Actual Loops": 1, "Output": ["mi.id", "mi.movie_id", "mi.info_type_id", "mi.info", "mi.note"], "Filter": "((mi.info IS NOT NULL) AND (mi.note ~~ '%internet%'::text) AND ((mi.info ~~ 'USA:% 199%'::text) OR (mi.info ~~ 'USA:% 200%'::text)))", "Rows Removed by Filter": 14833937}]}, {"Node Type": "Index Scan", "Parent Relationship": "Inner", "Parallel Aware": false, "Scan Direction": "Forward", "Index Name": "title_pkey", "Relation Name": "title", "Schema": "public", "Alias": "t", "Startup Cost": 0.43, "Total Cost": 8.32, "Plan Rows": 1, "Plan Width": 25, "Actual Startup Time": 0.005, "Actual Total Time": 0.005, "Actual Rows": 1, "Actual Loops": 1783, "Output": ["t.id", "t.title", "t.imdb_index", "t.kind_id", "t.production_year", "t.imdb_id", "t.phonetic_code", "t.episode_of_id", "t.season_nr", "t.episode_nr", "t.series_years", "t.md5sum"], "Index Cond": "(t.id = mi.movie_id)", "Rows Removed by Index Recheck": 0, "Filter": "(t.production_year > 1990)", "Rows Removed by Filter": 0}]}]}]}]}]}, {"Node Type": "Index Scan", "Parent Relationship": "Inner", "Parallel Aware": false, "Scan Direction": "Forward", "Index Name": "comp_cast_type_pkey", "Relation Name": "comp_cast_type", "Schema": "public", "Alias": "cct1", "Startup Cost": 0.13, "Total Cost": 0.15, "Plan Rows": 1, "Plan Width": 4, "Actual Startup Time": 0.005, "Actual Total Time": 0.005, "Actual Rows": 0, "Actual Loops": 57, "Output": ["cct1.id", "cct1.kind"], "Index Cond": "(cct1.id = cc.status_id)", "Rows Removed by Index Recheck": 0, "Filter": "((cct1.kind)::text = 'complete+verified'::text)", "Rows Removed by Filter": 1}]}, {"Node Type": "Index Scan", "Parent Relationship": "Inner", "Parallel Aware": false, "Scan Direction": "Forward", "Index Name": "company_name_pkey", "Relation Name": "company_name", "Schema": "public", "Alias": "cn", "Startup Cost": 0.42, "Total Cost": 0.45, "Plan Rows": 1, "Plan Width": 4, "Actual Startup Time": 0.007, "Actual Total Time": 0.007, "Actual Rows": 1, "Actual Loops": 7, "Output": ["cn.id", "cn.name", "cn.country_code", "cn.imdb_id", "cn.name_pcode_nf", "cn.name_pcode_sf", "cn.md5sum"], "Index Cond": "(cn.id = mc.company_id)", "Rows Removed by Index Recheck": 0, "Filter": "((cn.country_code)::text = '[us]'::text)", "Rows Removed by Filter": 0}]}, {"Node Type": "Index Only Scan", "Parent Relationship": "Inner", "Parallel Aware": false, "Scan Direction": "Forward", "Index Name": "company_type_pkey", "Relation Name": "company_type", "Schema": "public", "Alias": "ct", "Startup Cost": 0.13, "Total Cost": 0.15, "Plan Rows": 1, "Plan Width": 4, "Actual Startup Time": 0.002, "Actual Total Time": 0.002, "Actual Rows": 1, "Actual Loops": 7, "Output": ["ct.id"], "Index Cond": "(ct.id = mc.company_type_id)", "Rows Removed by Index Recheck": 0, "Heap Fetches": 0}]}, {"Node Type": "Index Scan", "Parent Relationship": "Inner", "Parallel Aware": false, "Scan Direction": "Forward", "Index Name": "kind_type_pkey", "Relation Name": "kind_type", "Schema": "public", "Alias": "kt", "Startup Cost": 0.13, "Total Cost": 0.16, "Plan Rows": 1, "Plan Width": 14, "Actual Startup Time": 0.003, "Actual Total Time": 0.003, "Actual Rows": 1, "Actual Loops": 7, "Output": ["kt.id", "kt.kind"], "Index Cond": "(kt.id = t.kind_id)", "Rows Removed by Index Recheck": 0, "Filter": "((kt.kind)::text = ANY ('{movie,\"tv movie\",\"video movie\",\"video game\"}'::text[]))", "Rows Removed by Filter": 0}]}]}]}, {"Node Type": "Index Only Scan", "Parent Relationship": "Inner", "Parallel Aware": false, "Scan Direction": "Forward", "Index Name": "keyword_pkey", "Relation Name": "keyword", "Schema": "public", "Alias": "k", "Startup Cost": 0.42, "Total Cost": 0.44, "Plan Rows": 1, "Plan Width": 4, "Actual Startup Time": 0.002, "Actual Total Time": 0.002, "Actual Rows": 1, "Actual Loops": 628, "Output": ["k.id"], "Index Cond": "(k.id = mk.keyword_id)", "Rows Removed by Index Recheck": 0, "Heap Fetches": 0}]}]}, "Planning Time": 13.666, "Triggers": [], "Execution Time": 8592.259}]