[{"Plan": {"Node Type": "Aggregate", "Strategy": "Plain", "Partial Mode": "Simple", "Parallel Aware": false, "Startup Cost": 1348390.04, "Total Cost": 1348390.05, "Plan Rows": 1, "Plan Width": 96, "Actual Startup Time": 16545.709, "Actual Total Time": 16545.743, "Actual Rows": 1, "Actual Loops": 1, "Output": ["min(chn.name)", "min(n.name)", "min(t.title)"], "Plans": [{"Node Type": "Nested Loop", "Parent Relationship": "Outer", "Parallel Aware": false, "Join Type": "Inner", "Startup Cost": 1293723.44, "Total Cost": 1348390.03, "Plan Rows": 1, "Plan Width": 48, "Actual Startup Time": 14911.552, "Actual Total Time": 16545.535, "Actual Rows": 275, "Actual Loops": 1, "Output": ["chn.name", "n.name", "t.title"], "Inner Unique": true, "Plans": [{"Node Type": "Hash Join", "Parent Relationship": "Outer", "Parallel Aware": false, "Join Type": "Inner", "Startup Cost": 1293723.02, "Total Cost": 1348388.56, "Plan Rows": 1, "Plan Width": 52, "Actual Startup Time": 14642.364, "Actual Total Time": 16542.738, "Actual Rows": 892, "Actual Loops": 1, "Output": ["chn.name", "t.title", "n.name", "mc.company_id"], "Inner Unique": false, "Hash Cond": "(mc.movie_id = t.id)", "Plans": [{"Node Type": "Seq Scan", "Parent Relationship": "Outer", "Parallel Aware": false, "Relation Name": "movie_companies", "Schema": "public", "Alias": "mc", "Startup Cost": 0.0, "Total Cost": 44881.29, "Plan Rows": 2609129, "Plan Width": 8, "Actual Startup Time": 0.018, "Actual Total Time": 1158.93, "Actual Rows": 2609129, "Actual Loops": 1, "Output": ["mc.id", "mc.movie_id", "mc.company_id", "mc.company_type_id", "mc.note"]}, {"Node Type": "Hash", "Parent Relationship": "Inner", "Parallel Aware": false, "Startup Cost": 1293723.01, "Total Cost": 1293723.01, "Plan Rows": 1, "Plan Width": 64, "Actual Startup Time": 14208.586, "Actual Total Time": 14208.614, "Actual Rows": 65, "Actual Loops": 1, "Output": ["chn.name", "mi.movie_id", "mk.movie_id", "ci.movie_id", "t.title", "t.id", "n.name"], "Hash Buckets": 1024, "Original Hash Buckets": 1024, "Hash Batches": 1, "Original Hash Batches": 1, "Peak Memory Usage": 14, "Plans": [{"Node Type": "Nested Loop", "Parent Relationship": "Outer", "Parallel Aware": false, "Join Type": "Inner", "Startup Cost": 1269929.41, "Total Cost": 1293723.01, "Plan Rows": 1, "Plan Width": 64, "Actual Startup Time": 13313.663, "Actual Total Time": 14208.553, "Actual Rows": 65, "Actual Loops": 1, "Output": ["chn.name", "mi.movie_id", "mk.movie_id", "ci.movie_id", "t.title", "t.id", "n.name"], "Inner Unique": true, "Plans": [{"Node Type": "Nested Loop", "Parent Relationship": "Outer", "Parallel Aware": false, "Join Type": "Inner", "Startup Cost": 1269928.98, "Total Cost": 1293721.21, "Plan Rows": 1, "Plan Width": 57, "Actual Startup Time": 13303.409, "Actual Total Time": 14198.431, "Actual Rows": 2344, "Actual Loops": 1, "Output": ["chn.name", "mi.movie_id", "mk.movie_id", "ci.movie_id", "ci.person_id", "an.person_id", "t.title", "t.id"], "Inner Unique": true, "Join Filter": "(mi.movie_id = t.id)", "Rows Removed by Join Filter": 0, "Plans": [{"Node Type": "Nested Loop", "Parent Relationship": "Outer", "Parallel Aware": false, "Join Type": "Inner", "Startup Cost": 1269928.55, "Total Cost": 1293719.62, "Plan Rows": 1, "Plan Width": 36, "Actual Startup Time": 13283.707, "Actual Total Time": 14181.937, "Actual Rows": 4355, "Actual Loops": 1, "Output": ["chn.name", "mi.movie_id", "mk.movie_id", "ci.movie_id", "ci.person_id", "an.person_id"], "Inner Unique": true, "Plans": [{"Node Type": "Hash Join", "Parent Relationship": "Outer", "Parallel Aware": false, "Join Type": "Inner", "Startup Cost": 1269928.41, "Total Cost": 1293717.97, "Plan Rows": 10, "Plan Width": 40, "Actual Startup Time": 13283.687, "Actual Total Time": 14168.898, "Actual Rows": 4355, "Actual Loops": 1, "Output": ["chn.name", "mi.movie_id", "mi.info_type_id", "mk.movie_id", "ci.movie_id", "ci.person_id", "an.person_id"], "Inner Unique": false, "Hash Cond": "(an.person_id = ci.person_id)", "Plans": [{"Node Type": "Seq Scan", "Parent Relationship": "Outer", "Parallel Aware": false, "Relation Name": "aka_name", "Schema": "public", "Alias": "an", "Startup Cost": 0.0, "Total Cost": 20409.43, "Plan Rows": 901343, "Plan Width": 4, "Actual Startup Time": 0.017, "Actual Total Time": 449.181, "Actual Rows": 901343, "Actual Loops": 1, "Output": ["an.id", "an.person_id", "an.name", "an.imdb_index", "an.name_pcode_cf", "an.name_pcode_nf", "an.surname_pcode", "an.md5sum"]}, {"Node Type": "Hash", "Parent Relationship": "Inner", "Parallel Aware": false, "Startup Cost": 1269928.36, "Total Cost": 1269928.36, "Plan Rows": 4, "Plan Width": 36, "Actual Startup Time": 13283.134, "Actual Total Time": 13283.153, "Actual Rows": 2368, "Actual Loops": 1, "Output": ["chn.name", "mi.movie_id", "mi.info_type_id", "mk.movie_id", "ci.movie_id", "ci.person_id"], "Hash Buckets": 4096, "Original Hash Buckets": 1024, "Hash Batches": 1, "Original Hash Batches": 1, "Peak Memory Usage": 189, "Plans": [{"Node Type": "Hash Join", "Parent Relationship": "Outer", "Parallel Aware": false, "Join Type": "Inner", "Startup Cost": 470264.37, "Total Cost": 1269928.36, "Plan Rows": 4, "Plan Width": 36, "Actual Startup Time": 11032.456, "Actual Total Time": 13281.248, "Actual Rows": 2368, "Actual Loops": 1, "Output": ["chn.name", "mi.movie_id", "mi.info_type_id", "mk.movie_id", "ci.movie_id", "ci.person_id"], "Inner Unique": true, "Hash Cond": "(ci.role_id = rt.id)", "Plans": [{"Node Type": "Nested Loop", "Parent Relationship": "Outer", "Parallel Aware": false, "Join Type": "Inner", "Startup Cost": 470263.21, "Total Cost": 1269927.01, "Plan Rows": 54, "Plan Width": 40, "Actual Startup Time": 8930.179, "Actual Total Time": 13274.285, "Actual Rows": 10454, "Actual Loops": 1, "Output": ["chn.name", "mi.movie_id", "mi.info_type_id", "mk.movie_id", "ci.movie_id", "ci.person_id", "ci.role_id"], "Inner Unique": true, "Plans": [{"Node Type": "Hash Join", "Parent Relationship": "Outer", "Parallel Aware": false, "Join Type": "Inner", "Startup Cost": 470262.78, "Total Cost": 1269734.54, "Plan Rows": 113, "Plan Width": 28, "Actual Startup Time": 8438.065, "Actual Total Time": 13197.621, "Actual Rows": 10723, "Actual Loops": 1, "Output": ["mi.movie_id", "mi.info_type_id", "mk.movie_id", "ci.movie_id", "ci.person_id", "ci.role_id", "ci.person_role_id"], "Inner Unique": false, "Hash Cond": "(ci.movie_id = mi.movie_id)", "Plans": [{"Node Type": "Seq Scan", "Parent Relationship": "Outer", "Parallel Aware": false, "Relation Name": "cast_info", "Schema": "public", "Alias": "ci", "Startup Cost": 0.0, "Total Cost": 796168.98, "Plan Rows": 880441, "Plan Width": 16, "Actual Startup Time": 332.831, "Actual Total Time": 5340.512, "Actual Rows": 867477, "Actual Loops": 1, "Output": ["ci.id", "ci.person_id", "ci.movie_id", "ci.person_role_id", "ci.note", "ci.nr_order", "ci.role_id"], "Filter": "(ci.note = ANY ('{(voice),\"(voice: Japanese version)\",\"(voice) (uncredited)\",\"(voice: English version)\"}'::text[]))", "Rows Removed by Filter": 35376867}, {"Node Type": "Hash", "Parent Relationship": "Inner", "Parallel Aware": false, "Startup Cost": 470261.1, "Total Cost": 470261.1, "Plan Rows": 134, "Plan Width": 12, "Actual Startup Time": 7439.131, "Actual Total Time": 7439.14, "Actual Rows": 1756, "Actual Loops": 1, "Output": ["mi.movie_id", "mi.info_type_id", "mk.movie_id"], "Hash Buckets": 2048, "Original Hash Buckets": 1024, "Hash Batches": 1, "Original Hash Batches": 1, "Peak Memory Usage": 92, "Plans": [{"Node Type": "Hash Join", "Parent Relationship": "Outer", "Parallel Aware": false, "Join Type": "Inner", "Startup Cost": 84364.13, "Total Cost": 470261.1, "Plan Rows": 134, "Plan Width": 12, "Actual Startup Time": 5414.971, "Actual Total Time": 7437.924, "Actual Rows": 1756, "Actual Loops": 1, "Output": ["mi.movie_id", "mi.info_type_id", "mk.movie_id"], "Inner Unique": false, "Hash Cond": "(mi.movie_id = mk.movie_id)", "Plans": [{"Node Type": "Seq Scan", "Parent Relationship": "Outer", "Parallel Aware": false, "Relation Name": "movie_info", "Schema": "public", "Alias": "mi", "Startup Cost": 0.0, "Total Cost": 384148.25, "Plan Rows": 465968, "Plan Width": 8, "Actual Startup Time": 835.094, "Actual Total Time": 3153.606, "Actual Rows": 301247, "Actual Loops": 1, "Output": ["mi.id", "mi.movie_id", "mi.info_type_id", "mi.info", "mi.note"], "Filter": "((mi.info IS NOT NULL) AND ((mi.info ~~ 'Japan:%201%'::text) OR (mi.info ~~ 'USA:%201%'::text)))", "Rows Removed by Filter": 14534473}, {"Node Type": "Hash", "Parent Relationship": "Inner", "Parallel Aware": false, "Startup Cost": 84362.87, "Total Cost": 84362.87, "Plan Rows": 101, "Plan Width": 4, "Actual Startup Time": 4133.093, "Actual Total Time": 4133.099, "Actual Rows": 9696, "Actual Loops": 1, "Output": ["mk.movie_id"], "Hash Buckets": 16384, "Original Hash Buckets": 1024, "Hash Batches": 1, "Original Hash Batches": 1, "Peak Memory Usage": 469, "Plans": [{"Node Type": "Hash Join", "Parent Relationship": "Outer", "Parallel Aware": false, "Join Type": "Inner", "Startup Cost": 2793.88, "Total Cost": 84362.87, "Plan Rows": 101, "Plan Width": 4, "Actual Startup Time": 18.424, "Actual Total Time": 4125.806, "Actual Rows": 9696, "Actual Loops": 1, "Output": ["mk.movie_id"], "Inner Unique": true, "Hash Cond": "(mk.keyword_id = k.id)", "Plans": [{"Node Type": "Seq Scan", "Parent Relationship": "Outer", "Parallel Aware": false, "Relation Name": "movie_keyword", "Schema": "public", "Alias": "mk", "Startup Cost": 0.0, "Total Cost": 69693.3, "Plan Rows": 4523930, "Plan Width": 8, "Actual Startup Time": 0.01, "Actual Total Time": 2021.487, "Actual Rows": 4523930, "Actual Loops": 1, "Output": ["mk.id", "mk.movie_id", "mk.keyword_id"]}, {"Node Type": "Hash", "Parent Relationship": "Inner", "Parallel Aware": false, "Startup Cost": 2793.84, "Total Cost": 2793.84, "Plan Rows": 3, "Plan Width": 4, "Actual Startup Time": 16.888, "Actual Total Time": 16.89, "Actual Rows": 3, "Actual Loops": 1, "Output": ["k.id"], "Hash Buckets": 1024, "Original Hash Buckets": 1024, "Hash Batches": 1, "Original Hash Batches": 1, "Peak Memory Usage": 9, "Plans": [{"Node Type": "Seq Scan", "Parent Relationship": "Outer", "Parallel Aware": false, "Relation Name": "keyword", "Schema": "public", "Alias": "k", "Startup Cost": 0.0, "Total Cost": 2793.84, "Plan Rows": 3, "Plan Width": 4, "Actual Startup Time": 0.015, "Actual Total Time": 16.884, "Actual Rows": 3, "Actual Loops": 1, "Output": ["k.id"], "Filter": "(k.keyword = ANY ('{hero,martial-arts,hand-to-hand-combat}'::text[]))", "Rows Removed by Filter": 134167}]}]}]}]}]}]}, {"Node Type": "Index Scan", "Parent Relationship": "Inner", "Parallel Aware": false, "Scan Direction": "Forward", "Index Name": "char_name_pkey", "Relation Name": "char_name", "Schema": "public", "Alias": "chn", "Startup Cost": 0.43, "Total Cost": 1.7, "Plan Rows": 1, "Plan Width": 20, "Actual Startup Time": 0.005, "Actual Total Time": 0.005, "Actual Rows": 1, "Actual Loops": 10723, "Output": ["chn.id", "chn.name", "chn.imdb_index", "chn.imdb_id", "chn.name_pcode_nf", "chn.surname_pcode", "chn.md5sum"], "Index Cond": "(chn.id = ci.person_role_id)", "Rows Removed by Index Recheck": 0}]}, {"Node Type": "Hash", "Parent Relationship": "Inner", "Parallel Aware": false, "Startup Cost": 1.15, "Total Cost": 1.15, "Plan Rows": 1, "Plan Width": 4, "Actual Startup Time": 0.033, "Actual Total Time": 0.034, "Actual Rows": 1, "Actual Loops": 1, "Output": ["rt.id"], "Hash Buckets": 1024, "Original Hash Buckets": 1024, "Hash Batches": 1, "Original Hash Batches": 1, "Peak Memory Usage": 9, "Plans": [{"Node Type": "Seq Scan", "Parent Relationship": "Outer", "Parallel Aware": false, "Relation Name": "role_type", "Schema": "public", "Alias": "rt", "Startup Cost": 0.0, "Total Cost": 1.15, "Plan Rows": 1, "Plan Width": 4, "Actual Startup Time": 0.028, "Actual Total Time": 0.03, "Actual Rows": 1, "Actual Loops": 1, "Output": ["rt.id"], "Filter": "((rt.role)::text = 'actress'::text)", "Rows Removed by Filter": 11}]}]}]}]}, {"Node Type": "Index Scan", "Parent Relationship": "Inner", "Parallel Aware": false, "Scan Direction": "Forward", "Index Name": "info_type_pkey", "Relation Name": "info_type", "Schema": "public", "Alias": "it", "Startup Cost": 0.14, "Total Cost": 0.16, "Plan Rows": 1, "Plan Width": 4, "Actual Startup Time": 0.001, "Actual Total Time": 0.001, "Actual Rows": 1, "Actual Loops": 4355, "Output": ["it.id", "it.info"], "Index Cond": "(it.id = mi.info_type_id)", "Rows Removed by Index Recheck": 0, "Filter": "((it.info)::text = 'release dates'::text)", "Rows Removed by Filter": 0}]}, {"Node Type": "Index Scan", "Parent Relationship": "Inner", "Parallel Aware": false, "Scan Direction": "Forward", "Index Name": "title_pkey", "Relation Name": "title", "Schema": "public", "Alias": "t", "Startup Cost": 0.43, "Total Cost": 1.58, "Plan Rows": 1, "Plan Width": 21, "Actual Startup Time": 0.002, "Actual Total Time": 0.003, "Actual Rows": 1, "Actual Loops": 4355, "Output": ["t.id", "t.title", "t.imdb_index", "t.kind_id", "t.production_year", "t.imdb_id", "t.phonetic_code", "t.episode_of_id", "t.season_nr", "t.episode_nr", "t.series_years", "t.md5sum"], "Index Cond": "(t.id = mk.movie_id)", "Rows Removed by Index Recheck": 0, "Filter": "(t.production_year > 2010)", "Rows Removed by Filter": 0}]}, {"Node Type": "Index Scan", "Parent Relationship": "Inner", "Parallel Aware": false, "Scan Direction": "Forward", "Index Name": "name_pkey", "Relation Name": "name", "Schema": "public", "Alias": "n", "Startup Cost": 0.43, "Total Cost": 1.8, "Plan Rows": 1, "Plan Width": 19, "Actual Startup Time": 0.003, "Actual Total Time": 0.003, "Actual Rows": 0, "Actual Loops": 2344, "Output": ["n.id", "n.name", "n.imdb_index", "n.imdb_id", "n.gender", "n.name_pcode_cf", "n.name_pcode_nf", "n.surname_pcode", "n.md5sum"], "Index Cond": "(n.id = ci.person_id)", "Rows Removed by Index Recheck": 0, "Filter": "((n.name ~~ '%An%'::text) AND ((n.gender)::text = 'f'::text))", "Rows Removed by Filter": 1}]}]}]}, {"Node Type": "Index Scan", "Parent Relationship": "Inner", "Parallel Aware": false, "Scan Direction": "Forward", "Index Name": "company_name_pkey", "Relation Name": "company_name", "Schema": "public", "Alias": "cn", "Startup Cost": 0.42, "Total Cost": 1.47, "Plan Rows": 1, "Plan Width": 4, "Actual Startup Time": 0.002, "Actual Total Time": 0.002, "Actual Rows": 0, "Actual Loops": 892, "Output": ["cn.id", "cn.name", "cn.country_code", "cn.imdb_id", "cn.name_pcode_nf", "cn.name_pcode_sf", "cn.md5sum"], "Index Cond": "(cn.id = mc.company_id)", "Rows Removed by Index Recheck": 0, "Filter": "((cn.country_code)::text = '[us]'::text)", "Rows Removed by Filter": 1}]}]}, "Planning Time": 30.572, "Triggers": [], "Execution Time": 16545.86}]