[{"Plan": {"Node Type": "Aggregate", "Strategy": "Plain", "Partial Mode": "Simple", "Parallel Aware": false, "Startup Cost": 1349726.7, "Total Cost": 1349726.71, "Plan Rows": 1, "Plan Width": 96, "Actual Startup Time": 16576.897, "Actual Total Time": 16576.932, "Actual Rows": 1, "Actual Loops": 1, "Output": ["min(chn.name)", "min(n.name)", "min(t.title)"], "Plans": [{"Node Type": "Nested Loop", "Parent Relationship": "Outer", "Parallel Aware": false, "Join Type": "Inner", "Startup Cost": 1295059.05, "Total Cost": 1349726.69, "Plan Rows": 1, "Plan Width": 48, "Actual Startup Time": 16155.524, "Actual Total Time": 16576.886, "Actual Rows": 45, "Actual Loops": 1, "Output": ["chn.name", "n.name", "t.title"], "Inner Unique": true, "Plans": [{"Node Type": "Hash Join", "Parent Relationship": "Outer", "Parallel Aware": false, "Join Type": "Inner", "Startup Cost": 1295058.63, "Total Cost": 1349724.16, "Plan Rows": 1, "Plan Width": 52, "Actual Startup Time": 14917.92, "Actual Total Time": 16574.687, "Actual Rows": 775, "Actual Loops": 1, "Output": ["chn.name", "t.title", "n.name", "mc.company_id"], "Inner Unique": false, "Hash Cond": "(mc.movie_id = t.id)", "Plans": [{"Node Type": "Seq Scan", "Parent Relationship": "Outer", "Parallel Aware": false, "Relation Name": "movie_companies", "Schema": "public", "Alias": "mc", "Startup Cost": 0.0, "Total Cost": 44881.29, "Plan Rows": 2609129, "Plan Width": 8, "Actual Startup Time": 0.018, "Actual Total Time": 1174.093, "Actual Rows": 2609129, "Actual Loops": 1, "Output": ["mc.id", "mc.movie_id", "mc.company_id", "mc.company_type_id", "mc.note"]}, {"Node Type": "Hash", "Parent Relationship": "Inner", "Parallel Aware": false, "Startup Cost": 1295058.61, "Total Cost": 1295058.61, "Plan Rows": 1, "Plan Width": 64, "Actual Startup Time": 14213.068, "Actual Total Time": 14213.098, "Actual Rows": 45, "Actual Loops": 1, "Output": ["chn.name", "mi.movie_id", "mk.movie_id", "ci.movie_id", "t.title", "t.id", "n.name"], "Hash Buckets": 1024, "Original Hash Buckets": 1024, "Hash Batches": 1, "Original Hash Batches": 1, "Peak Memory Usage": 13, "Plans": [{"Node Type": "Nested Loop", "Parent Relationship": "Outer", "Parallel Aware": false, "Join Type": "Inner", "Startup Cost": 1271264.32, "Total Cost": 1295058.61, "Plan Rows": 1, "Plan Width": 64, "Actual Startup Time": 13627.983, "Actual Total Time": 14213.063, "Actual Rows": 45, "Actual Loops": 1, "Output": ["chn.name", "mi.movie_id", "mk.movie_id", "ci.movie_id", "t.title", "t.id", "n.name"], "Inner Unique": true, "Plans": [{"Node Type": "Nested Loop", "Parent Relationship": "Outer", "Parallel Aware": false, "Join Type": "Inner", "Startup Cost": 1271263.89, "Total Cost": 1295056.81, "Plan Rows": 1, "Plan Width": 57, "Actual Startup Time": 13627.969, "Actual Total Time": 14212.595, "Actual Rows": 123, "Actual Loops": 1, "Output": ["chn.name", "mi.movie_id", "mk.movie_id", "ci.movie_id", "ci.person_id", "an.person_id", "t.title", "t.id"], "Inner Unique": true, "Join Filter": "(mi.movie_id = t.id)", "Rows Removed by Join Filter": 0, "Plans": [{"Node Type": "Nested Loop", "Parent Relationship": "Outer", "Parallel Aware": false, "Join Type": "Inner", "Startup Cost": 1271263.46, "Total Cost": 1295055.22, "Plan Rows": 1, "Plan Width": 36, "Actual Startup Time": 13331.073, "Actual Total Time": 14198.718, "Actual Rows": 4355, "Actual Loops": 1, "Output": ["chn.name", "mi.movie_id", "mk.movie_id", "ci.movie_id", "ci.person_id", "an.person_id"], "Inner Unique": true, "Plans": [{"Node Type": "Hash Join", "Parent Relationship": "Outer", "Parallel Aware": false, "Join Type": "Inner", "Startup Cost": 1271263.32, "Total Cost": 1295052.92, "Plan Rows": 14, "Plan Width": 40, "Actual Startup Time": 13331.061, "Actual Total Time": 14186.558, "Actual Rows": 4355, "Actual Loops": 1, "Output": ["chn.name", "mi.movie_id", "mi.info_type_id", "mk.movie_id", "ci.movie_id", "ci.person_id", "an.person_id"], "Inner Unique": false, "Hash Cond": "(an.person_id = ci.person_id)", "Plans": [{"Node Type": "Seq Scan", "Parent Relationship": "Outer", "Parallel Aware": false, "Relation Name": "aka_name", "Schema": "public", "Alias": "an", "Startup Cost": 0.0, "Total Cost": 20409.43, "Plan Rows": 901343, "Plan Width": 4, "Actual Startup Time": 0.019, "Actual Total Time": 428.237, "Actual Rows": 901343, "Actual Loops": 1, "Output": ["an.id", "an.person_id", "an.name", "an.imdb_index", "an.name_pcode_cf", "an.name_pcode_nf", "an.surname_pcode", "an.md5sum"]}, {"Node Type": "Hash", "Parent Relationship": "Inner", "Parallel Aware": false, "Startup Cost": 1271263.24, "Total Cost": 1271263.24, "Plan Rows": 6, "Plan Width": 36, "Actual Startup Time": 13330.509, "Actual Total Time": 13330.529, "Actual Rows": 2368, "Actual Loops": 1, "Output": ["chn.name", "mi.movie_id", "mi.info_type_id", "mk.movie_id", "ci.movie_id", "ci.person_id"], "Hash Buckets": 4096, "Original Hash Buckets": 1024, "Hash Batches": 1, "Original Hash Batches": 1, "Peak Memory Usage": 189, "Plans": [{"Node Type": "Hash Join", "Parent Relationship": "Outer", "Parallel Aware": false, "Join Type": "Inner", "Startup Cost": 470433.53, "Total Cost": 1271263.24, "Plan Rows": 6, "Plan Width": 36, "Actual Startup Time": 7832.702, "Actual Total Time": 13328.801, "Actual Rows": 2368, "Actual Loops": 1, "Output": ["chn.name", "mi.movie_id", "mi.info_type_id", "mk.movie_id", "ci.movie_id", "ci.person_id"], "Inner Unique": true, "Hash Cond": "(ci.role_id = rt.id)", "Plans": [{"Node Type": "Nested Loop", "Parent Relationship": "Outer", "Parallel Aware": false, "Join Type": "Inner", "Startup Cost": 470432.37, "Total Cost": 1271261.82, "Plan Rows": 72, "Plan Width": 40, "Actual Startup Time": 7416.119, "Actual Total Time": 13322.384, "Actual Rows": 10454, "Actual Loops": 1, "Output": ["chn.name", "mi.movie_id", "mi.info_type_id", "mk.movie_id", "ci.movie_id", "ci.person_id", "ci.role_id"], "Inner Unique": true, "Plans": [{"Node Type": "Hash Join", "Parent Relationship": "Outer", "Parallel Aware": false, "Join Type": "Inner", "Startup Cost": 470431.94, "Total Cost": 1271004.63, "Plan Rows": 151, "Plan Width": 28, "Actual Startup Time": 7416.096, "Actual Total Time": 13274.991, "Actual Rows": 10723, "Actual Loops": 1, "Output": ["mi.movie_id", "mi.info_type_id", "mk.movie_id", "ci.movie_id", "ci.person_id", "ci.role_id", "ci.person_role_id"], "Inner Unique": false, "Hash Cond": "(ci.movie_id = mi.movie_id)", "Plans": [{"Node Type": "Seq Scan", "Parent Relationship": "Outer", "Parallel Aware": false, "Relation Name": "cast_info", "Schema": "public", "Alias": "ci", "Startup Cost": 0.0, "Total Cost": 796168.98, "Plan Rows": 880441, "Plan Width": 16, "Actual Startup Time": 0.036, "Actual Total Time": 5437.749, "Actual Rows": 867477, "Actual Loops": 1, "Output": ["ci.id", "ci.person_id", "ci.movie_id", "ci.person_role_id", "ci.note", "ci.nr_order", "ci.role_id"], "Filter": "(ci.note = ANY ('{(voice),\"(voice: Japanese version)\",\"(voice) (uncredited)\",\"(voice: English version)\"}'::text[]))", "Rows Removed by Filter": 35376867}, {"Node Type": "Hash", "Parent Relationship": "Inner", "Parallel Aware": false, "Startup Cost": 470429.7, "Total Cost": 470429.7, "Plan Rows": 179, "Plan Width": 12, "Actual Startup Time": 7413.836, "Actual Total Time": 7413.846, "Actual Rows": 1756, "Actual Loops": 1, "Output": ["mi.movie_id", "mi.info_type_id", "mk.movie_id"], "Hash Buckets": 2048, "Original Hash Buckets": 1024, "Hash Batches": 1, "Original Hash Batches": 1, "Peak Memory Usage": 92, "Plans": [{"Node Type": "Hash Join", "Parent Relationship": "Outer", "Parallel Aware": false, "Join Type": "Inner", "Startup Cost": 84532.28, "Total Cost": 470429.7, "Plan Rows": 179, "Plan Width": 12, "Actual Startup Time": 5354.165, "Actual Total Time": 7412.629, "Actual Rows": 1756, "Actual Loops": 1, "Output": ["mi.movie_id", "mi.info_type_id", "mk.movie_id"], "Inner Unique": false, "Hash Cond": "(mi.movie_id = mk.movie_id)", "Plans": [{"Node Type": "Seq Scan", "Parent Relationship": "Outer", "Parallel Aware": false, "Relation Name": "movie_info", "Schema": "public", "Alias": "mi", "Startup Cost": 0.0, "Total Cost": 384148.25, "Plan Rows": 465968, "Plan Width": 8, "Actual Startup Time": 836.498, "Actual Total Time": 3186.122, "Actual Rows": 301247, "Actual Loops": 1, "Output": ["mi.id", "mi.movie_id", "mi.info_type_id", "mi.info", "mi.note"], "Filter": "((mi.info IS NOT NULL) AND ((mi.info ~~ 'Japan:%201%'::text) OR (mi.info ~~ 'USA:%201%'::text)))", "Rows Removed by Filter": 14534473}, {"Node Type": "Hash", "Parent Relationship": "Inner", "Parallel Aware": false, "Startup Cost": 84530.59, "Total Cost": 84530.59, "Plan Rows": 135, "Plan Width": 4, "Actual Startup Time": 4069.72, "Actual Total Time": 4069.726, "Actual Rows": 9696, "Actual Loops": 1, "Output": ["mk.movie_id"], "Hash Buckets": 16384, "Original Hash Buckets": 1024, "Hash Batches": 1, "Original Hash Batches": 1, "Peak Memory Usage": 469, "Plans": [{"Node Type": "Hash Join", "Parent Relationship": "Outer", "Parallel Aware": false, "Join Type": "Inner", "Startup Cost": 2961.6, "Total Cost": 84530.59, "Plan Rows": 135, "Plan Width": 4, "Actual Startup Time": 20.01, "Actual Total Time": 4062.75, "Actual Rows": 9696, "Actual Loops": 1, "Output": ["mk.movie_id"], "Inner Unique": true, "Hash Cond": "(mk.keyword_id = k.id)", "Plans": [{"Node Type": "Seq Scan", "Parent Relationship": "Outer", "Parallel Aware": false, "Relation Name": "movie_keyword", "Schema": "public", "Alias": "mk", "Startup Cost": 0.0, "Total Cost": 69693.3, "Plan Rows": 4523930, "Plan Width": 8, "Actual Startup Time": 0.016, "Actual Total Time": 1982.758, "Actual Rows": 4523930, "Actual Loops": 1, "Output": ["mk.id", "mk.movie_id", "mk.keyword_id"]}, {"Node Type": "Hash", "Parent Relationship": "Inner", "Parallel Aware": false, "Startup Cost": 2961.55, "Total Cost": 2961.55, "Plan Rows": 4, "Plan Width": 4, "Actual Startup Time": 18.558, "Actual Total Time": 18.561, "Actual Rows": 3, "Actual Loops": 1, "Output": ["k.id"], "Hash Buckets": 1024, "Original Hash Buckets": 1024, "Hash Batches": 1, "Original Hash Batches": 1, "Peak Memory Usage": 9, "Plans": [{"Node Type": "Seq Scan", "Parent Relationship": "Outer", "Parallel Aware": false, "Relation Name": "keyword", "Schema": "public", "Alias": "k", "Startup Cost": 0.0, "Total Cost": 2961.55, "Plan Rows": 4, "Plan Width": 4, "Actual Startup Time": 0.015, "Actual Total Time": 18.553, "Actual Rows": 3, "Actual Loops": 1, "Output": ["k.id"], "Filter": "(k.keyword = ANY ('{hero,martial-arts,hand-to-hand-combat,computer-animated-movie}'::text[]))", "Rows Removed by Filter": 134167}]}]}]}]}]}]}, {"Node Type": "Index Scan", "Parent Relationship": "Inner", "Parallel Aware": false, "Scan Direction": "Forward", "Index Name": "char_name_pkey", "Relation Name": "char_name", "Schema": "public", "Alias": "chn", "Startup Cost": 0.43, "Total Cost": 1.7, "Plan Rows": 1, "Plan Width": 20, "Actual Startup Time": 0.003, "Actual Total Time": 0.003, "Actual Rows": 1, "Actual Loops": 10723, "Output": ["chn.id", "chn.name", "chn.imdb_index", "chn.imdb_id", "chn.name_pcode_nf", "chn.surname_pcode", "chn.md5sum"], "Index Cond": "(chn.id = ci.person_role_id)", "Rows Removed by Index Recheck": 0}]}, {"Node Type": "Hash", "Parent Relationship": "Inner", "Parallel Aware": false, "Startup Cost": 1.15, "Total Cost": 1.15, "Plan Rows": 1, "Plan Width": 4, "Actual Startup Time": 0.012, "Actual Total Time": 0.014, "Actual Rows": 1, "Actual Loops": 1, "Output": ["rt.id"], "Hash Buckets": 1024, "Original Hash Buckets": 1024, "Hash Batches": 1, "Original Hash Batches": 1, "Peak Memory Usage": 9, "Plans": [{"Node Type": "Seq Scan", "Parent Relationship": "Outer", "Parallel Aware": false, "Relation Name": "role_type", "Schema": "public", "Alias": "rt", "Startup Cost": 0.0, "Total Cost": 1.15, "Plan Rows": 1, "Plan Width": 4, "Actual Startup Time": 0.007, "Actual Total Time": 0.009, "Actual Rows": 1, "Actual Loops": 1, "Output": ["rt.id"], "Filter": "((rt.role)::text = 'actress'::text)", "Rows Removed by Filter": 11}]}]}]}]}, {"Node Type": "Index Scan", "Parent Relationship": "Inner", "Parallel Aware": false, "Scan Direction": "Forward", "Index Name": "info_type_pkey", "Relation Name": "info_type", "Schema": "public", "Alias": "it", "Startup Cost": 0.14, "Total Cost": 0.16, "Plan Rows": 1, "Plan Width": 4, "Actual Startup Time": 0.001, "Actual Total Time": 0.001, "Actual Rows": 1, "Actual Loops": 4355, "Output": ["it.id", "it.info"], "Index Cond": "(it.id = mi.info_type_id)", "Rows Removed by Index Recheck": 0, "Filter": "((it.info)::text = 'release dates'::text)", "Rows Removed by Filter": 0}]}, {"Node Type": "Index Scan", "Parent Relationship": "Inner", "Parallel Aware": false, "Scan Direction": "Forward", "Index Name": "title_pkey", "Relation Name": "title", "Schema": "public", "Alias": "t", "Startup Cost": 0.43, "Total Cost": 1.58, "Plan Rows": 1, "Plan Width": 21, "Actual Startup Time": 0.002, "Actual Total Time": 0.002, "Actual Rows": 0, "Actual Loops": 4355, "Output": ["t.id", "t.title", "t.imdb_index", "t.kind_id", "t.production_year", "t.imdb_id", "t.phonetic_code", "t.episode_of_id", "t.season_nr", "t.episode_nr", "t.series_years", "t.md5sum"], "Index Cond": "(t.id = mk.movie_id)", "Rows Removed by Index Recheck": 0, "Filter": "((t.production_year > 2010) AND (t.title ~~ 'Kung Fu Panda%'::text))", "Rows Removed by Filter": 1}]}, {"Node Type": "Index Scan", "Parent Relationship": "Inner", "Parallel Aware": false, "Scan Direction": "Forward", "Index Name": "name_pkey", "Relation Name": "name", "Schema": "public", "Alias": "n", "Startup Cost": 0.43, "Total Cost": 1.8, "Plan Rows": 1, "Plan Width": 19, "Actual Startup Time": 0.003, "Actual Total Time": 0.003, "Actual Rows": 0, "Actual Loops": 123, "Output": ["n.id", "n.name", "n.imdb_index", "n.imdb_id", "n.gender", "n.name_pcode_cf", "n.name_pcode_nf", "n.surname_pcode", "n.md5sum"], "Index Cond": "(n.id = ci.person_id)", "Rows Removed by Index Recheck": 0, "Filter": "((n.name ~~ '%An%'::text) AND ((n.gender)::text = 'f'::text))", "Rows Removed by Filter": 1}]}]}]}, {"Node Type": "Index Scan", "Parent Relationship": "Inner", "Parallel Aware": false, "Scan Direction": "Forward", "Index Name": "company_name_pkey", "Relation Name": "company_name", "Schema": "public", "Alias": "cn", "Startup Cost": 0.42, "Total Cost": 1.47, "Plan Rows": 1, "Plan Width": 4, "Actual Startup Time": 0.002, "Actual Total Time": 0.002, "Actual Rows": 0, "Actual Loops": 775, "Output": ["cn.id", "cn.name", "cn.country_code", "cn.imdb_id", "cn.name_pcode_nf", "cn.name_pcode_sf", "cn.md5sum"], "Index Cond": "(cn.id = mc.company_id)", "Rows Removed by Index Recheck": 0, "Filter": "(((cn.country_code)::text = '[us]'::text) AND (cn.name = 'DreamWorks Animation'::text))", "Rows Removed by Filter": 1}]}]}, "Planning Time": 28.646, "Triggers": [], "Execution Time": 16577.052}]