[{"Plan": {"Node Type": "Aggregate", "Strategy": "Plain", "Partial Mode": "Simple", "Parallel Aware": false, "Startup Cost": 1111977.0, "Total Cost": 1111977.01, "Plan Rows": 1, "Plan Width": 64, "Output": ["min(chn.name)", "min(t.title)"], "Plans": [{"Node Type": "Hash Join", "Parent Relationship": "Outer", "Parallel Aware": false, "Join Type": "Inner", "Startup Cost": 325375.08, "Total Cost": 1109614.17, "Plan Rows": 472566, "Plan Width": 33, "Output": ["chn.name", "t.title"], "Inner Unique": true, "Hash Cond": "(ci.role_id = rt.id)", "Plans": [{"Node Type": "Hash Join", "Parent Relationship": "Outer", "Parallel Aware": false, "Join Type": "Inner", "Startup Cost": 325373.81, "Total Cost": 1107934.31, "Plan Rows": 472566, "Plan Width": 37, "Output": ["chn.name", "ci.role_id", "t.title"], "Inner Unique": true, "Hash Cond": "(mc.company_type_id = ct.id)", "Plans": [{"Node Type": "Hash Join", "Parent Relationship": "Outer", "Parallel Aware": false, "Join Type": "Inner", "Startup Cost": 325372.72, "Total Cost": 1105378.41, "Plan Rows": 472566, "Plan Width": 41, "Output": ["chn.name", "ci.role_id", "mc.company_type_id", "t.title"], "Inner Unique": false, "Hash Cond": "(t.id = mc.movie_id)", "Plans": [{"Node Type": "Hash Join", "Parent Relationship": "Outer", "Parallel Aware": false, "Join Type": "Inner", "Startup Cost": 225113.04, "Total Cost": 988380.34, "Plan Rows": 497196, "Plan Width": 45, "Output": ["chn.name", "ci.movie_id", "ci.role_id", "t.title", "t.id"], "Inner Unique": true, "Hash Cond": "(ci.movie_id = t.id)", "Plans": [{"Node Type": "Hash Join", "Parent Relationship": "Outer", "Parallel Aware": false, "Join Type": "Inner", "Startup Cost": 125506.27, "Total Cost": 868212.29, "Plan Rows": 721247, "Plan Width": 24, "Output": ["chn.name", "ci.movie_id", "ci.role_id"], "Inner Unique": true, "Hash Cond": "(ci.person_role_id = chn.id)", "Plans": [{"Node Type": "Seq Scan", "Parent Relationship": "Outer", "Parallel Aware": false, "Relation Name": "cast_info", "Schema": "public", "Alias": "ci", "Startup Cost": 0.0, "Total Cost": 705803.75, "Plan Rows": 1493058, "Plan Width": 12, "Output": ["ci.movie_id", "ci.person_role_id", "ci.role_id"], "Filter": "(ci.note ~~ '%(producer)%'::text)"}, {"Node Type": "Hash", "Parent Relationship": "Inner", "Parallel Aware": false, "Startup Cost": 67851.23, "Total Cost": 67851.23, "Plan Rows": 3140323, "Plan Width": 20, "Output": ["chn.name", "chn.id"], "Plans": [{"Node Type": "Seq Scan", "Parent Relationship": "Outer", "Parallel Aware": false, "Relation Name": "char_name", "Schema": "public", "Alias": "chn", "Startup Cost": 0.0, "Total Cost": 67851.23, "Plan Rows": 3140323, "Plan Width": 20, "Output": ["chn.name", "chn.id"]}]}]}, {"Node Type": "Hash", "Parent Relationship": "Inner", "Parallel Aware": false, "Startup Cost": 67604.57, "Total Cost": 67604.57, "Plan Rows": 1743056, "Plan Width": 21, "Output": ["t.title", "t.id"], "Plans": [{"Node Type": "Seq Scan", "Parent Relationship": "Outer", "Parallel Aware": false, "Relation Name": "title", "Schema": "public", "Alias": "t", "Startup Cost": 0.0, "Total Cost": 67604.57, "Plan Rows": 1743056, "Plan Width": 21, "Output": ["t.title", "t.id"], "Filter": "(t.production_year > 1990)"}]}]}, {"Node Type": "Hash", "Parent Relationship": "Inner", "Parallel Aware": false, "Startup Cost": 84861.44, "Total Cost": 84861.44, "Plan Rows": 938499, "Plan Width": 8, "Output": ["mc.movie_id", "mc.company_type_id"], "Plans": [{"Node Type": "Hash Join", "Parent Relationship": "Outer", "Parallel Aware": false, "Join Type": "Inner", "Startup Cost": 7320.06, "Total Cost": 84861.44, "Plan Rows": 938499, "Plan Width": 8, "Output": ["mc.movie_id", "mc.company_type_id"], "Inner Unique": true, "Hash Cond": "(mc.company_id = cn.id)", "Plans": [{"Node Type": "Seq Scan", "Parent Relationship": "Outer", "Parallel Aware": false, "Relation Name": "movie_companies", "Schema": "public", "Alias": "mc", "Startup Cost": 0.0, "Total Cost": 44881.29, "Plan Rows": 2609129, "Plan Width": 12, "Output": ["mc.movie_id", "mc.company_id", "mc.company_type_id"]}, {"Node Type": "Hash", "Parent Relationship": "Inner", "Parallel Aware": false, "Startup Cost": 5932.46, "Total Cost": 5932.46, "Plan Rows": 84528, "Plan Width": 4, "Output": ["cn.id"], "Plans": [{"Node Type": "Seq Scan", "Parent Relationship": "Outer", "Parallel Aware": false, "Relation Name": "company_name", "Schema": "public", "Alias": "cn", "Startup Cost": 0.0, "Total Cost": 5932.46, "Plan Rows": 84528, "Plan Width": 4, "Output": ["cn.id"], "Filter": "((cn.country_code)::text = '[us]'::text)"}]}]}]}]}, {"Node Type": "Hash", "Parent Relationship": "Inner", "Parallel Aware": false, "Startup Cost": 1.04, "Total Cost": 1.04, "Plan Rows": 4, "Plan Width": 4, "Output": ["ct.id"], "Plans": [{"Node Type": "Seq Scan", "Parent Relationship": "Outer", "Parallel Aware": false, "Relation Name": "company_type", "Schema": "public", "Alias": "ct", "Startup Cost": 0.0, "Total Cost": 1.04, "Plan Rows": 4, "Plan Width": 4, "Output": ["ct.id"]}]}]}, {"Node Type": "Hash", "Parent Relationship": "Inner", "Parallel Aware": false, "Startup Cost": 1.12, "Total Cost": 1.12, "Plan Rows": 12, "Plan Width": 4, "Output": ["rt.id"], "Plans": [{"Node Type": "Seq Scan", "Parent Relationship": "Outer", "Parallel Aware": false, "Relation Name": "role_type", "Schema": "public", "Alias": "rt", "Startup Cost": 0.0, "Total Cost": 1.12, "Plan Rows": 12, "Plan Width": 4, "Output": ["rt.id"]}]}]}]}}]