[{"Plan": {"Node Type": "Aggregate", "Strategy": "Plain", "Partial Mode": "Simple", "Parallel Aware": false, "Startup Cost": 541255.14, "Total Cost": 541255.15, "Plan Rows": 1, "Plan Width": 64, "Output": ["min(mi.info)", "min(t.title)"], "Plans": [{"Node Type": "Hash Join", "Parent Relationship": "Outer", "Parallel Aware": false, "Join Type": "Inner", "Startup Cost": 530092.84, "Total Cost": 541255.09, "Plan Rows": 9, "Plan Width": 60, "Output": ["mi.info", "t.title"], "Inner Unique": false, "Hash Cond": "(at.movie_id = t.id)", "Plans": [{"Node Type": "Seq Scan", "Parent Relationship": "Outer", "Parallel Aware": false, "Relation Name": "aka_title", "Schema": "public", "Alias": "at", "Startup Cost": 0.0, "Total Cost": 9806.72, "Plan Rows": 361472, "Plan Width": 4, "Output": ["at.id", "at.movie_id", "at.title", "at.imdb_index", "at.kind_id", "at.production_year", "at.phonetic_code", "at.episode_of_id", "at.season_nr", "at.episode_nr", "at.note", "at.md5sum"]}, {"Node Type": "Hash", "Parent Relationship": "Inner", "Parallel Aware": false, "Startup Cost": 530092.79, "Total Cost": 530092.79, "Plan Rows": 4, "Plan Width": 76, "Output": ["mc.movie_id", "mi.info", "mi.movie_id", "mk.movie_id", "t.title", "t.id"], "Plans": [{"Node Type": "Nested Loop", "Parent Relationship": "Outer", "Parallel Aware": false, "Join Type": "Inner", "Startup Cost": 530016.13, "Total Cost": 530092.79, "Plan Rows": 4, "Plan Width": 76, "Output": ["mc.movie_id", "mi.info", "mi.movie_id", "mk.movie_id", "t.title", "t.id"], "Inner Unique": true, "Plans": [{"Node Type": "Nested Loop", "Parent Relationship": "Outer", "Parallel Aware": false, "Join Type": "Inner", "Startup Cost": 530015.71, "Total Cost": 530091.04, "Plan Rows": 4, "Plan Width": 80, "Output": ["mc.movie_id", "mi.info", "mi.movie_id", "mk.movie_id", "mk.keyword_id", "t.title", "t.id"], "Inner Unique": true, "Plans": [{"Node Type": "Nested Loop", "Parent Relationship": "Outer", "Parallel Aware": false, "Join Type": "Inner", "Startup Cost": 530015.58, "Total Cost": 530090.46, "Plan Rows": 4, "Plan Width": 84, "Output": ["mc.movie_id", "mc.company_type_id", "mi.info", "mi.movie_id", "mk.movie_id", "mk.keyword_id", "t.title", "t.id"], "Inner Unique": true, "Plans": [{"Node Type": "Merge Join", "Parent Relationship": "Outer", "Parallel Aware": false, "Join Type": "Inner", "Startup Cost": 530015.16, "Total Cost": 530083.32, "Plan Rows": 4, "Plan Width": 88, "Output": ["mi.info", "mi.movie_id", "mc.movie_id", "mc.company_id", "mc.company_type_id", "mk.movie_id", "mk.keyword_id", "t.title", "t.id"], "Inner Unique": false, "Merge Cond": "(t.id = mc.movie_id)", "Plans": [{"Node Type": "Sort", "Parent Relationship": "Outer", "Parallel Aware": false, "Startup Cost": 471152.97, "Total Cost": 471153.0, "Plan Rows": 11, "Plan Width": 76, "Output": ["mi.info", "mi.movie_id", "mk.movie_id", "mk.keyword_id", "t.title", "t.id"], "Sort Key": ["mi.movie_id"], "Plans": [{"Node Type": "Hash Join", "Parent Relationship": "Outer", "Parallel Aware": false, "Join Type": "Inner", "Startup Cost": 384494.72, "Total Cost": 471152.78, "Plan Rows": 11, "Plan Width": 76, "Output": ["mi.info", "mi.movie_id", "mk.movie_id", "mk.keyword_id", "t.title", "t.id"], "Inner Unique": false, "Hash Cond": "(mk.movie_id = t.id)", "Plans": [{"Node Type": "Seq Scan", "Parent Relationship": "Outer", "Parallel Aware": false, "Relation Name": "movie_keyword", "Schema": "public", "Alias": "mk", "Startup Cost": 0.0, "Total Cost": 69693.3, "Plan Rows": 4523930, "Plan Width": 8, "Output": ["mk.id", "mk.movie_id", "mk.keyword_id"]}, {"Node Type": "Hash", "Parent Relationship": "Inner", "Parallel Aware": false, "Startup Cost": 384494.71, "Total Cost": 384494.71, "Plan Rows": 1, "Plan Width": 68, "Output": ["mi.info", "mi.movie_id", "t.title", "t.id"], "Plans": [{"Node Type": "Nested Loop", "Parent Relationship": "Outer", "Parallel Aware": false, "Join Type": "Inner", "Startup Cost": 0.43, "Total Cost": 384494.71, "Plan Rows": 1, "Plan Width": 68, "Output": ["mi.info", "mi.movie_id", "t.title", "t.id"], "Inner Unique": true, "Plans": [{"Node Type": "Nested Loop", "Parent Relationship": "Outer", "Parallel Aware": false, "Join Type": "Inner", "Startup Cost": 0.0, "Total Cost": 384469.66, "Plan Rows": 3, "Plan Width": 47, "Output": ["mi.info", "mi.movie_id"], "Inner Unique": false, "Join Filter": "(it1.id = mi.info_type_id)", "Plans": [{"Node Type": "Seq Scan", "Parent Relationship": "Outer", "Parallel Aware": false, "Relation Name": "info_type", "Schema": "public", "Alias": "it1", "Startup Cost": 0.0, "Total Cost": 2.41, "Plan Rows": 1, "Plan Width": 4, "Output": ["it1.id", "it1.info"], "Filter": "((it1.info)::text = 'release dates'::text)"}, {"Node Type": "Seq Scan", "Parent Relationship": "Inner", "Parallel Aware": false, "Relation Name": "movie_info", "Schema": "public", "Alias": "mi", "Startup Cost": 0.0, "Total Cost": 384462.84, "Plan Rows": 352, "Plan Width": 51, "Output": ["mi.id", "mi.movie_id", "mi.info_type_id", "mi.info", "mi.note"], "Filter": "((mi.note ~~ '%internet%'::text) AND (mi.info ~~ 'USA:% 200%'::text))"}]}, {"Node Type": "Index Scan", "Parent Relationship": "Inner", "Parallel Aware": false, "Scan Direction": "Forward", "Index Name": "title_pkey", "Relation Name": "title", "Schema": "public", "Alias": "t", "Startup Cost": 0.43, "Total Cost": 8.35, "Plan Rows": 1, "Plan Width": 21, "Output": ["t.id", "t.title", "t.imdb_index", "t.kind_id", "t.production_year", "t.imdb_id", "t.phonetic_code", "t.episode_of_id", "t.season_nr", "t.episode_nr", "t.series_years", "t.md5sum"], "Index Cond": "(t.id = mi.movie_id)", "Filter": "((t.production_year >= 2005) AND (t.production_year <= 2010))"}]}]}]}]}, {"Node Type": "Sort", "Parent Relationship": "Inner", "Parallel Aware": false, "Startup Cost": 58862.18, "Total Cost": 58896.23, "Plan Rows": 13620, "Plan Width": 12, "Output": ["mc.movie_id", "mc.company_id", "mc.company_type_id"], "Sort Key": ["mc.movie_id"], "Plans": [{"Node Type": "Seq Scan", "Parent Relationship": "Outer", "Parallel Aware": false, "Relation Name": "movie_companies", "Schema": "public", "Alias": "mc", "Startup Cost": 0.0, "Total Cost": 57926.93, "Plan Rows": 13620, "Plan Width": 12, "Output": ["mc.movie_id", "mc.company_id", "mc.company_type_id"], "Filter": "((mc.note ~~ '%(200%)%'::text) AND (mc.note ~~ '%(worldwide)%'::text))"}]}]}, {"Node Type": "Index Scan", "Parent Relationship": "Inner", "Parallel Aware": false, "Scan Direction": "Forward", "Index Name": "company_name_pkey", "Relation Name": "company_name", "Schema": "public", "Alias": "cn", "Startup Cost": 0.42, "Total Cost": 1.51, "Plan Rows": 1, "Plan Width": 4, "Output": ["cn.id", "cn.name", "cn.country_code", "cn.imdb_id", "cn.name_pcode_nf", "cn.name_pcode_sf", "cn.md5sum"], "Index Cond": "(cn.id = mc.company_id)", "Filter": "(((cn.country_code)::text = '[us]'::text) AND (cn.name = 'YouTube'::text))"}]}, {"Node Type": "Index Only Scan", "Parent Relationship": "Inner", "Parallel Aware": false, "Scan Direction": "Forward", "Index Name": "company_type_pkey", "Relation Name": "company_type", "Schema": "public", "Alias": "ct", "Startup Cost": 0.13, "Total Cost": 0.15, "Plan Rows": 1, "Plan Width": 4, "Output": ["ct.id"], "Index Cond": "(ct.id = mc.company_type_id)"}]}, {"Node Type": "Index Only Scan", "Parent Relationship": "Inner", "Parallel Aware": false, "Scan Direction": "Forward", "Index Name": "keyword_pkey", "Relation Name": "keyword", "Schema": "public", "Alias": "k", "Startup Cost": 0.42, "Total Cost": 0.44, "Plan Rows": 1, "Plan Width": 4, "Output": ["k.id"], "Index Cond": "(k.id = mk.keyword_id)"}]}]}]}]}}]