[{"Plan": {"Node Type": "Aggregate", "Strategy": "Plain", "Partial Mode": "Simple", "Parallel Aware": false, "Startup Cost": 503220.04, "Total Cost": 503220.05, "Plan Rows": 1, "Plan Width": 64, "Output": ["min(at.title)", "min(t.title)"], "Plans": [{"Node Type": "Nested Loop", "Parent Relationship": "Outer", "Parallel Aware": false, "Join Type": "Inner", "Startup Cost": 414280.82, "Total Cost": 503194.31, "Plan Rows": 5146, "Plan Width": 38, "Output": ["at.title", "t.title"], "Inner Unique": true, "Plans": [{"Node Type": "Hash Join", "Parent Relationship": "Outer", "Parallel Aware": false, "Join Type": "Inner", "Startup Cost": 414280.4, "Total Cost": 500941.25, "Plan Rows": 5146, "Plan Width": 42, "Output": ["at.title", "mk.keyword_id", "t.title"], "Inner Unique": false, "Hash Cond": "(mk.movie_id = t.id)", "Plans": [{"Node Type": "Seq Scan", "Parent Relationship": "Outer", "Parallel Aware": false, "Relation Name": "movie_keyword", "Schema": "public", "Alias": "mk", "Startup Cost": 0.0, "Total Cost": 69693.3, "Plan Rows": 4523930, "Plan Width": 8, "Output": ["mk.id", "mk.movie_id", "mk.keyword_id"]}, {"Node Type": "Hash", "Parent Relationship": "Inner", "Parallel Aware": false, "Startup Cost": 414278.44, "Total Cost": 414278.44, "Plan Rows": 157, "Plan Width": 54, "Output": ["at.title", "at.movie_id", "mc.movie_id", "mi.movie_id", "t.title", "t.id"], "Plans": [{"Node Type": "Hash Join", "Parent Relationship": "Outer", "Parallel Aware": false, "Join Type": "Inner", "Startup Cost": 359417.35, "Total Cost": 414278.44, "Plan Rows": 157, "Plan Width": 54, "Output": ["at.title", "at.movie_id", "mc.movie_id", "mi.movie_id", "t.title", "t.id"], "Inner Unique": true, "Hash Cond": "(mc.company_type_id = ct.id)", "Plans": [{"Node Type": "Nested Loop", "Parent Relationship": "Outer", "Parallel Aware": false, "Join Type": "Inner", "Startup Cost": 359416.26, "Total Cost": 414276.5, "Plan Rows": 157, "Plan Width": 58, "Output": ["at.title", "at.movie_id", "mc.movie_id", "mc.company_type_id", "mi.movie_id", "t.title", "t.id"], "Inner Unique": true, "Plans": [{"Node Type": "Hash Join", "Parent Relationship": "Outer", "Parallel Aware": false, "Join Type": "Inner", "Startup Cost": 359415.84, "Total Cost": 414082.22, "Plan Rows": 436, "Plan Width": 62, "Output": ["at.title", "at.movie_id", "mc.movie_id", "mc.company_id", "mc.company_type_id", "mi.movie_id", "t.title", "t.id"], "Inner Unique": false, "Hash Cond": "(mc.movie_id = t.id)", "Plans": [{"Node Type": "Seq Scan", "Parent Relationship": "Outer", "Parallel Aware": false, "Relation Name": "movie_companies", "Schema": "public", "Alias": "mc", "Startup Cost": 0.0, "Total Cost": 44881.29, "Plan Rows": 2609129, "Plan Width": 12, "Output": ["mc.id", "mc.movie_id", "mc.company_id", "mc.company_type_id", "mc.note"]}, {"Node Type": "Hash", "Parent Relationship": "Inner", "Parallel Aware": false, "Startup Cost": 359414.8, "Total Cost": 359414.8, "Plan Rows": 83, "Plan Width": 50, "Output": ["at.title", "at.movie_id", "mi.movie_id", "t.title", "t.id"], "Plans": [{"Node Type": "Hash Join", "Parent Relationship": "Outer", "Parallel Aware": false, "Join Type": "Inner", "Startup Cost": 348252.44, "Total Cost": 359414.8, "Plan Rows": 83, "Plan Width": 50, "Output": ["at.title", "at.movie_id", "mi.movie_id", "t.title", "t.id"], "Inner Unique": false, "Hash Cond": "(at.movie_id = t.id)", "Plans": [{"Node Type": "Seq Scan", "Parent Relationship": "Outer", "Parallel Aware": false, "Relation Name": "aka_title", "Schema": "public", "Alias": "at", "Startup Cost": 0.0, "Total Cost": 9806.72, "Plan Rows": 361472, "Plan Width": 25, "Output": ["at.id", "at.movie_id", "at.title", "at.imdb_index", "at.kind_id", "at.production_year", "at.phonetic_code", "at.episode_of_id", "at.season_nr", "at.episode_nr", "at.note", "at.md5sum"]}, {"Node Type": "Hash", "Parent Relationship": "Inner", "Parallel Aware": false, "Startup Cost": 348251.42, "Total Cost": 348251.42, "Plan Rows": 82, "Plan Width": 25, "Output": ["mi.movie_id", "t.title", "t.id"], "Plans": [{"Node Type": "Nested Loop", "Parent Relationship": "Outer", "Parallel Aware": false, "Join Type": "Inner", "Startup Cost": 0.43, "Total Cost": 348251.42, "Plan Rows": 82, "Plan Width": 25, "Output": ["mi.movie_id", "t.title", "t.id"], "Inner Unique": true, "Plans": [{"Node Type": "Nested Loop", "Parent Relationship": "Outer", "Parallel Aware": false, "Join Type": "Inner", "Startup Cost": 0.0, "Total Cost": 347554.86, "Plan Rows": 119, "Plan Width": 4, "Output": ["mi.movie_id"], "Inner Unique": false, "Join Filter": "(it1.id = mi.info_type_id)", "Plans": [{"Node Type": "Seq Scan", "Parent Relationship": "Outer", "Parallel Aware": false, "Relation Name": "info_type", "Schema": "public", "Alias": "it1", "Startup Cost": 0.0, "Total Cost": 2.41, "Plan Rows": 1, "Plan Width": 4, "Output": ["it1.id", "it1.info"], "Filter": "((it1.info)::text = 'release dates'::text)"}, {"Node Type": "Seq Scan", "Parent Relationship": "Inner", "Parallel Aware": false, "Relation Name": "movie_info", "Schema": "public", "Alias": "mi", "Startup Cost": 0.0, "Total Cost": 347384.54, "Plan Rows": 13433, "Plan Width": 8, "Output": ["mi.id", "mi.movie_id", "mi.info_type_id", "mi.info", "mi.note"], "Filter": "(mi.note ~~ '%internet%'::text)"}]}, {"Node Type": "Index Scan", "Parent Relationship": "Inner", "Parallel Aware": false, "Scan Direction": "Forward", "Index Name": "title_pkey", "Relation Name": "title", "Schema": "public", "Alias": "t", "Startup Cost": 0.43, "Total Cost": 5.85, "Plan Rows": 1, "Plan Width": 21, "Output": ["t.id", "t.title", "t.imdb_index", "t.kind_id", "t.production_year", "t.imdb_id", "t.phonetic_code", "t.episode_of_id", "t.season_nr", "t.episode_nr", "t.series_years", "t.md5sum"], "Index Cond": "(t.id = mi.movie_id)", "Filter": "(t.production_year > 1990)"}]}]}]}]}]}, {"Node Type": "Index Scan", "Parent Relationship": "Inner", "Parallel Aware": false, "Scan Direction": "Forward", "Index Name": "company_name_pkey", "Relation Name": "company_name", "Schema": "public", "Alias": "cn", "Startup Cost": 0.42, "Total Cost": 0.45, "Plan Rows": 1, "Plan Width": 4, "Output": ["cn.id", "cn.name", "cn.country_code", "cn.imdb_id", "cn.name_pcode_nf", "cn.name_pcode_sf", "cn.md5sum"], "Index Cond": "(cn.id = mc.company_id)", "Filter": "((cn.country_code)::text = '[us]'::text)"}]}, {"Node Type": "Hash", "Parent Relationship": "Inner", "Parallel Aware": false, "Startup Cost": 1.04, "Total Cost": 1.04, "Plan Rows": 4, "Plan Width": 4, "Output": ["ct.id"], "Plans": [{"Node Type": "Seq Scan", "Parent Relationship": "Outer", "Parallel Aware": false, "Relation Name": "company_type", "Schema": "public", "Alias": "ct", "Startup Cost": 0.0, "Total Cost": 1.04, "Plan Rows": 4, "Plan Width": 4, "Output": ["ct.id"]}]}]}]}]}, {"Node Type": "Index Only Scan", "Parent Relationship": "Inner", "Parallel Aware": false, "Scan Direction": "Forward", "Index Name": "keyword_pkey", "Relation Name": "keyword", "Schema": "public", "Alias": "k", "Startup Cost": 0.42, "Total Cost": 0.44, "Plan Rows": 1, "Plan Width": 4, "Output": ["k.id"], "Index Cond": "(k.id = mk.keyword_id)"}]}]}}]