[{"Plan": {"Node Type": "Aggregate", "Strategy": "Plain", "Partial Mode": "Simple", "Parallel Aware": false, "Startup Cost": 1279234.01, "Total Cost": 1279234.02, "Plan Rows": 1, "Plan Width": 64, "Output": ["min(n.name)", "min(t.title)"], "Plans": [{"Node Type": "Nested Loop", "Parent Relationship": "Outer", "Parallel Aware": false, "Join Type": "Inner", "Startup Cost": 446857.04, "Total Cost": 1279233.99, "Plan Rows": 3, "Plan Width": 32, "Output": ["n.name", "t.title"], "Inner Unique": false, "Join Filter": "(n.id = an.person_id)", "Plans": [{"Node Type": "Nested Loop", "Parent Relationship": "Outer", "Parallel Aware": false, "Join Type": "Inner", "Startup Cost": 446857.04, "Total Cost": 1247557.78, "Plan Rows": 1, "Plan Width": 40, "Output": ["ci.person_id", "n.name", "n.id", "t.title"], "Inner Unique": true, "Plans": [{"Node Type": "Nested Loop", "Parent Relationship": "Outer", "Parallel Aware": false, "Join Type": "Inner", "Startup Cost": 446856.62, "Total Cost": 1247554.28, "Plan Rows": 3, "Plan Width": 44, "Output": ["ci.person_id", "mc.company_id", "n.name", "n.id", "t.title"], "Inner Unique": true, "Plans": [{"Node Type": "Nested Loop", "Parent Relationship": "Outer", "Parallel Aware": false, "Join Type": "Inner", "Startup Cost": 446856.19, "Total Cost": 1247548.05, "Plan Rows": 7, "Plan Width": 48, "Output": ["ci.person_id", "ci.person_role_id", "mc.company_id", "n.name", "n.id", "t.title"], "Inner Unique": true, "Plans": [{"Node Type": "Hash Join", "Parent Relationship": "Outer", "Parallel Aware": false, "Join Type": "Inner", "Startup Cost": 446855.76, "Total Cost": 1246334.32, "Plan Rows": 781, "Plan Width": 29, "Output": ["ci.person_id", "ci.person_role_id", "mc.company_id", "t.title"], "Inner Unique": true, "Hash Cond": "(ci.role_id = rt.id)", "Plans": [{"Node Type": "Hash Join", "Parent Relationship": "Outer", "Parallel Aware": false, "Join Type": "Inner", "Startup Cost": 446854.6, "Total Cost": 1246299.84, "Plan Rows": 9379, "Plan Width": 33, "Output": ["ci.person_id", "ci.role_id", "ci.person_role_id", "mc.company_id", "t.title"], "Inner Unique": false, "Hash Cond": "(ci.movie_id = t.id)", "Plans": [{"Node Type": "Seq Scan", "Parent Relationship": "Outer", "Parallel Aware": false, "Relation Name": "cast_info", "Schema": "public", "Alias": "ci", "Startup Cost": 0.0, "Total Cost": 796427.1, "Plan Rows": 795069, "Plan Width": 16, "Output": ["ci.id", "ci.person_id", "ci.movie_id", "ci.person_role_id", "ci.note", "ci.nr_order", "ci.role_id"], "Filter": "(ci.note = ANY ('{(voice),\"(voice: Japanese version)\",\"(voice) (uncredited)\",\"(voice: English version)\"}'::text[]))"}, {"Node Type": "Hash", "Parent Relationship": "Inner", "Parallel Aware": false, "Startup Cost": 446709.0, "Total Cost": 446709.0, "Plan Rows": 11648, "Plan Width": 33, "Output": ["mi.movie_id", "mc.movie_id", "mc.company_id", "t.title", "t.id"], "Plans": [{"Node Type": "Hash Join", "Parent Relationship": "Outer", "Parallel Aware": false, "Join Type": "Inner", "Startup Cost": 392020.51, "Total Cost": 446709.0, "Plan Rows": 11648, "Plan Width": 33, "Output": ["mi.movie_id", "mc.movie_id", "mc.company_id", "t.title", "t.id"], "Inner Unique": false, "Hash Cond": "(mc.movie_id = t.id)", "Plans": [{"Node Type": "Seq Scan", "Parent Relationship": "Outer", "Parallel Aware": false, "Relation Name": "movie_companies", "Schema": "public", "Alias": "mc", "Startup Cost": 0.0, "Total Cost": 44881.29, "Plan Rows": 2609129, "Plan Width": 8, "Output": ["mc.id", "mc.movie_id", "mc.company_id", "mc.company_type_id", "mc.note"]}, {"Node Type": "Hash", "Parent Relationship": "Inner", "Parallel Aware": false, "Startup Cost": 391992.68, "Total Cost": 391992.68, "Plan Rows": 2226, "Plan Width": 25, "Output": ["mi.movie_id", "t.title", "t.id"], "Plans": [{"Node Type": "Nested Loop", "Parent Relationship": "Outer", "Parallel Aware": false, "Join Type": "Inner", "Startup Cost": 2.86, "Total Cost": 391992.68, "Plan Rows": 2226, "Plan Width": 25, "Output": ["mi.movie_id", "t.title", "t.id"], "Inner Unique": true, "Plans": [{"Node Type": "Hash Join", "Parent Relationship": "Outer", "Parallel Aware": false, "Join Type": "Inner", "Startup Cost": 2.43, "Total Cost": 385728.87, "Plan Rows": 4106, "Plan Width": 4, "Output": ["mi.movie_id"], "Inner Unique": true, "Hash Cond": "(mi.info_type_id = it.id)", "Plans": [{"Node Type": "Seq Scan", "Parent Relationship": "Outer", "Parallel Aware": false, "Relation Name": "movie_info", "Schema": "public", "Alias": "mi", "Startup Cost": 0.0, "Total Cost": 384462.84, "Plan Rows": 463970, "Plan Width": 8, "Output": ["mi.id", "mi.movie_id", "mi.info_type_id", "mi.info", "mi.note"], "Filter": "((mi.info IS NOT NULL) AND ((mi.info ~~ 'Japan:%200%'::text) OR (mi.info ~~ 'USA:%200%'::text)))"}, {"Node Type": "Hash", "Parent Relationship": "Inner", "Parallel Aware": false, "Startup Cost": 2.41, "Total Cost": 2.41, "Plan Rows": 1, "Plan Width": 4, "Output": ["it.id"], "Plans": [{"Node Type": "Seq Scan", "Parent Relationship": "Outer", "Parallel Aware": false, "Relation Name": "info_type", "Schema": "public", "Alias": "it", "Startup Cost": 0.0, "Total Cost": 2.41, "Plan Rows": 1, "Plan Width": 4, "Output": ["it.id"], "Filter": "((it.info)::text = 'release dates'::text)"}]}]}, {"Node Type": "Index Scan", "Parent Relationship": "Inner", "Parallel Aware": false, "Scan Direction": "Forward", "Index Name": "title_pkey", "Relation Name": "title", "Schema": "public", "Alias": "t", "Startup Cost": 0.43, "Total Cost": 1.53, "Plan Rows": 1, "Plan Width": 21, "Output": ["t.id", "t.title", "t.imdb_index", "t.kind_id", "t.production_year", "t.imdb_id", "t.phonetic_code", "t.episode_of_id", "t.season_nr", "t.episode_nr", "t.series_years", "t.md5sum"], "Index Cond": "(t.id = mi.movie_id)", "Filter": "(t.production_year > 2000)"}]}]}]}]}]}, {"Node Type": "Hash", "Parent Relationship": "Inner", "Parallel Aware": false, "Startup Cost": 1.15, "Total Cost": 1.15, "Plan Rows": 1, "Plan Width": 4, "Output": ["rt.id"], "Plans": [{"Node Type": "Seq Scan", "Parent Relationship": "Outer", "Parallel Aware": false, "Relation Name": "role_type", "Schema": "public", "Alias": "rt", "Startup Cost": 0.0, "Total Cost": 1.15, "Plan Rows": 1, "Plan Width": 4, "Output": ["rt.id"], "Filter": "((rt.role)::text = 'actress'::text)"}]}]}, {"Node Type": "Index Scan", "Parent Relationship": "Inner", "Parallel Aware": false, "Scan Direction": "Forward", "Index Name": "name_pkey", "Relation Name": "name", "Schema": "public", "Alias": "n", "Startup Cost": 0.43, "Total Cost": 1.55, "Plan Rows": 1, "Plan Width": 19, "Output": ["n.id", "n.name", "n.imdb_index", "n.imdb_id", "n.gender", "n.name_pcode_cf", "n.name_pcode_nf", "n.surname_pcode", "n.md5sum"], "Index Cond": "(n.id = ci.person_id)", "Filter": "((n.name ~~ '%An%'::text) AND ((n.gender)::text = 'f'::text))"}]}, {"Node Type": "Index Only Scan", "Parent Relationship": "Inner", "Parallel Aware": false, "Scan Direction": "Forward", "Index Name": "char_name_pkey", "Relation Name": "char_name", "Schema": "public", "Alias": "chn", "Startup Cost": 0.43, "Total Cost": 0.89, "Plan Rows": 1, "Plan Width": 4, "Output": ["chn.id"], "Index Cond": "(chn.id = ci.person_role_id)"}]}, {"Node Type": "Index Scan", "Parent Relationship": "Inner", "Parallel Aware": false, "Scan Direction": "Forward", "Index Name": "company_name_pkey", "Relation Name": "company_name", "Schema": "public", "Alias": "cn", "Startup Cost": 0.42, "Total Cost": 1.16, "Plan Rows": 1, "Plan Width": 4, "Output": ["cn.id", "cn.name", "cn.country_code", "cn.imdb_id", "cn.name_pcode_nf", "cn.name_pcode_sf", "cn.md5sum"], "Index Cond": "(cn.id = mc.company_id)", "Filter": "((cn.country_code)::text = '[us]'::text)"}]}, {"Node Type": "Seq Scan", "Parent Relationship": "Inner", "Parallel Aware": false, "Relation Name": "aka_name", "Schema": "public", "Alias": "an", "Startup Cost": 0.0, "Total Cost": 20409.43, "Plan Rows": 901343, "Plan Width": 4, "Output": ["an.id", "an.person_id", "an.name", "an.imdb_index", "an.name_pcode_cf", "an.name_pcode_nf", "an.surname_pcode", "an.md5sum"]}]}]}}]