[{"Plan": {"Node Type": "Aggregate", "Strategy": "Plain", "Partial Mode": "Simple", "Parallel Aware": false, "Startup Cost": 87353.3, "Total Cost": 87353.31, "Plan Rows": 1, "Plan Width": 68, "Output": ["min(mc.note)", "min(t.title)", "min(t.production_year)"], "Plans": [{"Node Type": "Nested Loop", "Parent Relationship": "Outer", "Parallel Aware": false, "Join Type": "Inner", "Startup Cost": 25650.39, "Total Cost": 87336.01, "Plan Rows": 2305, "Plan Width": 45, "Output": ["mc.note", "t.title", "t.production_year"], "Inner Unique": true, "Plans": [{"Node Type": "Hash Join", "Parent Relationship": "Outer", "Parallel Aware": false, "Join Type": "Inner", "Startup Cost": 25649.96, "Total Cost": 82577.28, "Plan Rows": 8193, "Plan Width": 32, "Output": ["mc.note", "mc.movie_id", "mi_idx.movie_id"], "Inner Unique": true, "Hash Cond": "(mc.company_type_id = ct.id)", "Plans": [{"Node Type": "Hash Join", "Parent Relationship": "Outer", "Parallel Aware": false, "Join Type": "Inner", "Startup Cost": 25648.9, "Total Cost": 82399.05, "Plan Rows": 32772, "Plan Width": 36, "Output": ["mi_idx.movie_id", "mc.note", "mc.company_type_id", "mc.movie_id"], "Inner Unique": false, "Hash Cond": "(mc.movie_id = mi_idx.movie_id)", "Plans": [{"Node Type": "Seq Scan", "Parent Relationship": "Outer", "Parallel Aware": false, "Relation Name": "movie_companies", "Schema": "public", "Alias": "mc", "Startup Cost": 0.0, "Total Cost": 51404.11, "Plan Rows": 1338217, "Plan Width": 32, "Output": ["mc.id", "mc.movie_id", "mc.company_id", "mc.company_type_id", "mc.note"], "Filter": "(mc.note !~~ '%(as Metro-Goldwyn-Mayer Pictures)%'::text)"}, {"Node Type": "Hash", "Parent Relationship": "Inner", "Parallel Aware": false, "Startup Cost": 25496.24, "Total Cost": 25496.24, "Plan Rows": 12213, "Plan Width": 4, "Output": ["mi_idx.movie_id"], "Plans": [{"Node Type": "Hash Join", "Parent Relationship": "Outer", "Parallel Aware": false, "Join Type": "Inner", "Startup Cost": 2.43, "Total Cost": 25496.24, "Plan Rows": 12213, "Plan Width": 4, "Output": ["mi_idx.movie_id"], "Inner Unique": true, "Hash Cond": "(mi_idx.info_type_id = it.id)", "Plans": [{"Node Type": "Seq Scan", "Parent Relationship": "Outer", "Parallel Aware": false, "Relation Name": "movie_info_idx", "Schema": "public", "Alias": "mi_idx", "Startup Cost": 0.0, "Total Cost": 21735.35, "Plan Rows": 1380035, "Plan Width": 8, "Output": ["mi_idx.id", "mi_idx.movie_id", "mi_idx.info_type_id", "mi_idx.info", "mi_idx.note"]}, {"Node Type": "Hash", "Parent Relationship": "Inner", "Parallel Aware": false, "Startup Cost": 2.41, "Total Cost": 2.41, "Plan Rows": 1, "Plan Width": 4, "Output": ["it.id"], "Plans": [{"Node Type": "Seq Scan", "Parent Relationship": "Outer", "Parallel Aware": false, "Relation Name": "info_type", "Schema": "public", "Alias": "it", "Startup Cost": 0.0, "Total Cost": 2.41, "Plan Rows": 1, "Plan Width": 4, "Output": ["it.id"], "Filter": "((it.info)::text = 'bottom 10 rank'::text)"}]}]}]}]}, {"Node Type": "Hash", "Parent Relationship": "Inner", "Parallel Aware": false, "Startup Cost": 1.05, "Total Cost": 1.05, "Plan Rows": 1, "Plan Width": 4, "Output": ["ct.id"], "Plans": [{"Node Type": "Seq Scan", "Parent Relationship": "Outer", "Parallel Aware": false, "Relation Name": "company_type", "Schema": "public", "Alias": "ct", "Startup Cost": 0.0, "Total Cost": 1.05, "Plan Rows": 1, "Plan Width": 4, "Output": ["ct.id"], "Filter": "((ct.kind)::text = 'production companies'::text)"}]}]}, {"Node Type": "Index Scan", "Parent Relationship": "Inner", "Parallel Aware": false, "Scan Direction": "Forward", "Index Name": "title_pkey", "Relation Name": "title", "Schema": "public", "Alias": "t", "Startup Cost": 0.43, "Total Cost": 0.58, "Plan Rows": 1, "Plan Width": 25, "Output": ["t.id", "t.title", "t.imdb_index", "t.kind_id", "t.production_year", "t.imdb_id", "t.phonetic_code", "t.episode_of_id", "t.season_nr", "t.episode_nr", "t.series_years", "t.md5sum"], "Index Cond": "(t.id = mc.movie_id)", "Filter": "((t.production_year >= 2005) AND (t.production_year <= 2010))"}]}]}}]