[{"Plan": {"Node Type": "Aggregate", "Strategy": "Plain", "Partial Mode": "Simple", "Parallel Aware": false, "Startup Cost": 843171.68, "Total Cost": 843171.69, "Plan Rows": 1, "Plan Width": 64, "Output": ["min(n.name)", "min(t.title)"], "Plans": [{"Node Type": "Nested Loop", "Parent Relationship": "Outer", "Parallel Aware": false, "Join Type": "Inner", "Startup Cost": 85706.57, "Total Cost": 843171.68, "Plan Rows": 1, "Plan Width": 32, "Output": ["n.name", "t.title"], "Inner Unique": true, "Plans": [{"Node Type": "Nested Loop", "Parent Relationship": "Outer", "Parallel Aware": false, "Join Type": "Inner", "Startup Cost": 85706.14, "Total Cost": 843171.22, "Plan Rows": 1, "Plan Width": 21, "Output": ["ci.person_id", "t.title"], "Inner Unique": false, "Join Filter": "(cc.movie_id = t.id)", "Plans": [{"Node Type": "Hash Join", "Parent Relationship": "Outer", "Parallel Aware": false, "Join Type": "Inner", "Startup Cost": 2.12, "Total Cost": 2996.88, "Plan Rows": 8443, "Plan Width": 4, "Output": ["cc.movie_id"], "Inner Unique": true, "Hash Cond": "(cc.status_id = cct2.id)", "Plans": [{"Node Type": "Hash Join", "Parent Relationship": "Outer", "Parallel Aware": false, "Join Type": "Inner", "Startup Cost": 1.06, "Total Cost": 2813.24, "Plan Rows": 33772, "Plan Width": 8, "Output": ["cc.movie_id", "cc.status_id"], "Inner Unique": true, "Hash Cond": "(cc.subject_id = cct1.id)", "Plans": [{"Node Type": "Seq Scan", "Parent Relationship": "Outer", "Parallel Aware": false, "Relation Name": "complete_cast", "Schema": "public", "Alias": "cc", "Startup Cost": 0.0, "Total Cost": 2081.86, "Plan Rows": 135086, "Plan Width": 12, "Output": ["cc.id", "cc.movie_id", "cc.subject_id", "cc.status_id"]}, {"Node Type": "Hash", "Parent Relationship": "Inner", "Parallel Aware": false, "Startup Cost": 1.05, "Total Cost": 1.05, "Plan Rows": 1, "Plan Width": 4, "Output": ["cct1.id"], "Plans": [{"Node Type": "Seq Scan", "Parent Relationship": "Outer", "Parallel Aware": false, "Relation Name": "comp_cast_type", "Schema": "public", "Alias": "cct1", "Startup Cost": 0.0, "Total Cost": 1.05, "Plan Rows": 1, "Plan Width": 4, "Output": ["cct1.id"], "Filter": "((cct1.kind)::text = 'cast'::text)"}]}]}, {"Node Type": "Hash", "Parent Relationship": "Inner", "Parallel Aware": false, "Startup Cost": 1.05, "Total Cost": 1.05, "Plan Rows": 1, "Plan Width": 4, "Output": ["cct2.id"], "Plans": [{"Node Type": "Seq Scan", "Parent Relationship": "Outer", "Parallel Aware": false, "Relation Name": "comp_cast_type", "Schema": "public", "Alias": "cct2", "Startup Cost": 0.0, "Total Cost": 1.05, "Plan Rows": 1, "Plan Width": 4, "Output": ["cct2.id"], "Filter": "((cct2.kind)::text ~~ '%complete%'::text)"}]}]}, {"Node Type": "Materialize", "Parent Relationship": "Inner", "Parallel Aware": false, "Startup Cost": 85704.01, "Total Cost": 837261.57, "Plan Rows": 23, "Plan Width": 33, "Output": ["ci.movie_id", "ci.person_id", "mk.movie_id", "t.title", "t.id"], "Plans": [{"Node Type": "Nested Loop", "Parent Relationship": "Outer", "Parallel Aware": false, "Join Type": "Inner", "Startup Cost": 85704.01, "Total Cost": 837261.45, "Plan Rows": 23, "Plan Width": 33, "Output": ["ci.movie_id", "ci.person_id", "mk.movie_id", "t.title", "t.id"], "Inner Unique": true, "Plans": [{"Node Type": "Hash Join", "Parent Relationship": "Outer", "Parallel Aware": false, "Join Type": "Inner", "Startup Cost": 85703.58, "Total Cost": 836822.74, "Plan Rows": 959, "Plan Width": 37, "Output": ["ci.movie_id", "ci.person_role_id", "ci.person_id", "mk.movie_id", "t.title", "t.id"], "Inner Unique": false, "Hash Cond": "(ci.movie_id = t.id)", "Plans": [{"Node Type": "Seq Scan", "Parent Relationship": "Outer", "Parallel Aware": false, "Relation Name": "cast_info", "Schema": "public", "Alias": "ci", "Startup Cost": 0.0, "Total Cost": 615180.4, "Plan Rows": 36249340, "Plan Width": 12, "Output": ["ci.id", "ci.person_id", "ci.movie_id", "ci.person_role_id", "ci.note", "ci.nr_order", "ci.role_id"]}, {"Node Type": "Hash", "Parent Relationship": "Inner", "Parallel Aware": false, "Startup Cost": 85703.26, "Total Cost": 85703.26, "Plan Rows": 26, "Plan Width": 25, "Output": ["mk.movie_id", "t.title", "t.id"], "Plans": [{"Node Type": "Hash Join", "Parent Relationship": "Outer", "Parallel Aware": false, "Join Type": "Inner", "Startup Cost": 3969.48, "Total Cost": 85703.26, "Plan Rows": 26, "Plan Width": 25, "Output": ["mk.movie_id", "t.title", "t.id"], "Inner Unique": true, "Hash Cond": "(t.kind_id = kt.id)", "Plans": [{"Node Type": "Nested Loop", "Parent Relationship": "Outer", "Parallel Aware": false, "Join Type": "Inner", "Startup Cost": 3968.38, "Total Cost": 85701.39, "Plan Rows": 183, "Plan Width": 29, "Output": ["mk.movie_id", "t.title", "t.kind_id", "t.id"], "Inner Unique": true, "Plans": [{"Node Type": "Hash Join", "Parent Relationship": "Outer", "Parallel Aware": false, "Join Type": "Inner", "Startup Cost": 3967.95, "Total Cost": 85536.94, "Plan Rows": 337, "Plan Width": 4, "Output": ["mk.movie_id"], "Inner Unique": true, "Hash Cond": "(mk.keyword_id = k.id)", "Plans": [{"Node Type": "Seq Scan", "Parent Relationship": "Outer", "Parallel Aware": false, "Relation Name": "movie_keyword", "Schema": "public", "Alias": "mk", "Startup Cost": 0.0, "Total Cost": 69693.3, "Plan Rows": 4523930, "Plan Width": 8, "Output": ["mk.id", "mk.movie_id", "mk.keyword_id"]}, {"Node Type": "Hash", "Parent Relationship": "Inner", "Parallel Aware": false, "Startup Cost": 3967.82, "Total Cost": 3967.82, "Plan Rows": 10, "Plan Width": 4, "Output": ["k.id"], "Plans": [{"Node Type": "Seq Scan", "Parent Relationship": "Outer", "Parallel Aware": false, "Relation Name": "keyword", "Schema": "public", "Alias": "k", "Startup Cost": 0.0, "Total Cost": 3967.82, "Plan Rows": 10, "Plan Width": 4, "Output": ["k.id"], "Filter": "(k.keyword = ANY ('{superhero,marvel-comics,based-on-comic,tv-special,fight,violence,magnet,web,claw,laser}'::text[]))"}]}]}, {"Node Type": "Index Scan", "Parent Relationship": "Inner", "Parallel Aware": false, "Scan Direction": "Forward", "Index Name": "title_pkey", "Relation Name": "title", "Schema": "public", "Alias": "t", "Startup Cost": 0.43, "Total Cost": 0.49, "Plan Rows": 1, "Plan Width": 25, "Output": ["t.id", "t.title", "t.imdb_index", "t.kind_id", "t.production_year", "t.imdb_id", "t.phonetic_code", "t.episode_of_id", "t.season_nr", "t.episode_nr", "t.series_years", "t.md5sum"], "Index Cond": "(t.id = mk.movie_id)", "Filter": "(t.production_year > 2000)"}]}, {"Node Type": "Hash", "Parent Relationship": "Inner", "Parallel Aware": false, "Startup Cost": 1.09, "Total Cost": 1.09, "Plan Rows": 1, "Plan Width": 4, "Output": ["kt.id"], "Plans": [{"Node Type": "Seq Scan", "Parent Relationship": "Outer", "Parallel Aware": false, "Relation Name": "kind_type", "Schema": "public", "Alias": "kt", "Startup Cost": 0.0, "Total Cost": 1.09, "Plan Rows": 1, "Plan Width": 4, "Output": ["kt.id"], "Filter": "((kt.kind)::text = 'movie'::text)"}]}]}]}]}, {"Node Type": "Index Scan", "Parent Relationship": "Inner", "Parallel Aware": false, "Scan Direction": "Forward", "Index Name": "char_name_pkey", "Relation Name": "char_name", "Schema": "public", "Alias": "chn", "Startup Cost": 0.43, "Total Cost": 0.46, "Plan Rows": 1, "Plan Width": 4, "Output": ["chn.id", "chn.name", "chn.imdb_index", "chn.imdb_id", "chn.name_pcode_nf", "chn.surname_pcode", "chn.md5sum"], "Index Cond": "(chn.id = ci.person_role_id)", "Filter": "((chn.name IS NOT NULL) AND ((chn.name ~~ '%man%'::text) OR (chn.name ~~ '%Man%'::text)))"}]}]}]}, {"Node Type": "Index Scan", "Parent Relationship": "Inner", "Parallel Aware": false, "Scan Direction": "Forward", "Index Name": "name_pkey", "Relation Name": "name", "Schema": "public", "Alias": "n", "Startup Cost": 0.43, "Total Cost": 0.45, "Plan Rows": 1, "Plan Width": 19, "Output": ["n.id", "n.name", "n.imdb_index", "n.imdb_id", "n.gender", "n.name_pcode_cf", "n.name_pcode_nf", "n.surname_pcode", "n.md5sum"], "Index Cond": "(n.id = ci.person_id)"}]}]}}]