[{"Plan": {"Node Type": "Aggregate", "Strategy": "Plain", "Partial Mode": "Simple", "Parallel Aware": false, "Startup Cost": 530884.05, "Total Cost": 530884.06, "Plan Rows": 1, "Plan Width": 64, "Output": ["min((kt.kind)::text)", "min(t.title)"], "Plans": [{"Node Type": "Nested Loop", "Parent Relationship": "Outer", "Parallel Aware": false, "Join Type": "Inner", "Startup Cost": 6198.1, "Total Cost": 530884.04, "Plan Rows": 1, "Plan Width": 27, "Output": ["kt.kind", "t.title"], "Inner Unique": true, "Plans": [{"Node Type": "Nested Loop", "Parent Relationship": "Outer", "Parallel Aware": false, "Join Type": "Inner", "Startup Cost": 6197.97, "Total Cost": 530883.87, "Plan Rows": 1, "Plan Width": 21, "Output": ["t.title", "t.kind_id"], "Inner Unique": true, "Join Filter": "(mi.movie_id = t.id)", "Plans": [{"Node Type": "Nested Loop", "Parent Relationship": "Outer", "Parallel Aware": false, "Join Type": "Inner", "Startup Cost": 6197.54, "Total Cost": 530883.37, "Plan Rows": 1, "Plan Width": 16, "Output": ["cc.movie_id", "mc.movie_id", "mi.movie_id", "mk.movie_id"], "Inner Unique": true, "Plans": [{"Node Type": "Nested Loop", "Parent Relationship": "Outer", "Parallel Aware": false, "Join Type": "Inner", "Startup Cost": 6197.41, "Total Cost": 530883.22, "Plan Rows": 1, "Plan Width": 20, "Output": ["cc.movie_id", "mc.movie_id", "mc.company_type_id", "mi.movie_id", "mk.movie_id"], "Inner Unique": true, "Plans": [{"Node Type": "Nested Loop", "Parent Relationship": "Outer", "Parallel Aware": false, "Join Type": "Inner", "Startup Cost": 6196.99, "Total Cost": 530882.77, "Plan Rows": 1, "Plan Width": 24, "Output": ["cc.movie_id", "mc.movie_id", "mc.company_id", "mc.company_type_id", "mi.movie_id", "mk.movie_id"], "Inner Unique": false, "Join Filter": "(mc.movie_id = mi.movie_id)", "Plans": [{"Node Type": "Nested Loop", "Parent Relationship": "Outer", "Parallel Aware": false, "Join Type": "Inner", "Startup Cost": 2961.6, "Total Cost": 469006.33, "Plan Rows": 1, "Plan Width": 8, "Output": ["mi.movie_id", "mk.movie_id"], "Inner Unique": false, "Join Filter": "(mi.movie_id = mk.movie_id)", "Plans": [{"Node Type": "Hash Join", "Parent Relationship": "Outer", "Parallel Aware": false, "Join Type": "Inner", "Startup Cost": 2961.6, "Total Cost": 84530.59, "Plan Rows": 135, "Plan Width": 4, "Output": ["mk.movie_id"], "Inner Unique": true, "Hash Cond": "(mk.keyword_id = k.id)", "Plans": [{"Node Type": "Seq Scan", "Parent Relationship": "Outer", "Parallel Aware": false, "Relation Name": "movie_keyword", "Schema": "public", "Alias": "mk", "Startup Cost": 0.0, "Total Cost": 69693.3, "Plan Rows": 4523930, "Plan Width": 8, "Output": ["mk.id", "mk.movie_id", "mk.keyword_id"]}, {"Node Type": "Hash", "Parent Relationship": "Inner", "Parallel Aware": false, "Startup Cost": 2961.55, "Total Cost": 2961.55, "Plan Rows": 4, "Plan Width": 4, "Output": ["k.id"], "Plans": [{"Node Type": "Seq Scan", "Parent Relationship": "Outer", "Parallel Aware": false, "Relation Name": "keyword", "Schema": "public", "Alias": "k", "Startup Cost": 0.0, "Total Cost": 2961.55, "Plan Rows": 4, "Plan Width": 4, "Output": ["k.id"], "Filter": "(k.keyword = ANY ('{nerd,loner,alienation,dignity}'::text[]))"}]}]}, {"Node Type": "Materialize", "Parent Relationship": "Inner", "Parallel Aware": false, "Startup Cost": 0.0, "Total Cost": 384469.67, "Plan Rows": 3, "Plan Width": 4, "Output": ["mi.movie_id"], "Plans": [{"Node Type": "Nested Loop", "Parent Relationship": "Outer", "Parallel Aware": false, "Join Type": "Inner", "Startup Cost": 0.0, "Total Cost": 384469.66, "Plan Rows": 3, "Plan Width": 4, "Output": ["mi.movie_id"], "Inner Unique": false, "Join Filter": "(it1.id = mi.info_type_id)", "Plans": [{"Node Type": "Seq Scan", "Parent Relationship": "Outer", "Parallel Aware": false, "Relation Name": "info_type", "Schema": "public", "Alias": "it1", "Startup Cost": 0.0, "Total Cost": 2.41, "Plan Rows": 1, "Plan Width": 4, "Output": ["it1.id", "it1.info"], "Filter": "((it1.info)::text = 'release dates'::text)"}, {"Node Type": "Seq Scan", "Parent Relationship": "Inner", "Parallel Aware": false, "Relation Name": "movie_info", "Schema": "public", "Alias": "mi", "Startup Cost": 0.0, "Total Cost": 384462.84, "Plan Rows": 352, "Plan Width": 8, "Output": ["mi.id", "mi.movie_id", "mi.info_type_id", "mi.info", "mi.note"], "Filter": "((mi.note ~~ '%internet%'::text) AND (mi.info ~~ 'USA:% 200%'::text))"}]}]}]}, {"Node Type": "Hash Join", "Parent Relationship": "Inner", "Parallel Aware": false, "Join Type": "Inner", "Startup Cost": 3235.39, "Total Cost": 59667.81, "Plan Rows": 176690, "Plan Width": 16, "Output": ["cc.movie_id", "mc.movie_id", "mc.company_id", "mc.company_type_id"], "Inner Unique": false, "Hash Cond": "(mc.movie_id = cc.movie_id)", "Plans": [{"Node Type": "Seq Scan", "Parent Relationship": "Outer", "Parallel Aware": false, "Relation Name": "movie_companies", "Schema": "public", "Alias": "mc", "Startup Cost": 0.0, "Total Cost": 44881.29, "Plan Rows": 2609129, "Plan Width": 12, "Output": ["mc.id", "mc.movie_id", "mc.company_id", "mc.company_type_id", "mc.note"]}, {"Node Type": "Hash", "Parent Relationship": "Inner", "Parallel Aware": false, "Startup Cost": 2813.24, "Total Cost": 2813.24, "Plan Rows": 33772, "Plan Width": 4, "Output": ["cc.movie_id"], "Plans": [{"Node Type": "Hash Join", "Parent Relationship": "Outer", "Parallel Aware": false, "Join Type": "Inner", "Startup Cost": 1.06, "Total Cost": 2813.24, "Plan Rows": 33772, "Plan Width": 4, "Output": ["cc.movie_id"], "Inner Unique": true, "Hash Cond": "(cc.status_id = cct1.id)", "Plans": [{"Node Type": "Seq Scan", "Parent Relationship": "Outer", "Parallel Aware": false, "Relation Name": "complete_cast", "Schema": "public", "Alias": "cc", "Startup Cost": 0.0, "Total Cost": 2081.86, "Plan Rows": 135086, "Plan Width": 8, "Output": ["cc.id", "cc.movie_id", "cc.subject_id", "cc.status_id"]}, {"Node Type": "Hash", "Parent Relationship": "Inner", "Parallel Aware": false, "Startup Cost": 1.05, "Total Cost": 1.05, "Plan Rows": 1, "Plan Width": 4, "Output": ["cct1.id"], "Plans": [{"Node Type": "Seq Scan", "Parent Relationship": "Outer", "Parallel Aware": false, "Relation Name": "comp_cast_type", "Schema": "public", "Alias": "cct1", "Startup Cost": 0.0, "Total Cost": 1.05, "Plan Rows": 1, "Plan Width": 4, "Output": ["cct1.id"], "Filter": "((cct1.kind)::text = 'complete+verified'::text)"}]}]}]}]}]}, {"Node Type": "Index Scan", "Parent Relationship": "Inner", "Parallel Aware": false, "Scan Direction": "Forward", "Index Name": "company_name_pkey", "Relation Name": "company_name", "Schema": "public", "Alias": "cn", "Startup Cost": 0.42, "Total Cost": 0.45, "Plan Rows": 1, "Plan Width": 4, "Output": ["cn.id", "cn.name", "cn.country_code", "cn.imdb_id", "cn.name_pcode_nf", "cn.name_pcode_sf", "cn.md5sum"], "Index Cond": "(cn.id = mc.company_id)", "Filter": "((cn.country_code)::text = '[us]'::text)"}]}, {"Node Type": "Index Only Scan", "Parent Relationship": "Inner", "Parallel Aware": false, "Scan Direction": "Forward", "Index Name": "company_type_pkey", "Relation Name": "company_type", "Schema": "public", "Alias": "ct", "Startup Cost": 0.13, "Total Cost": 0.15, "Plan Rows": 1, "Plan Width": 4, "Output": ["ct.id"], "Index Cond": "(ct.id = mc.company_type_id)"}]}, {"Node Type": "Index Scan", "Parent Relationship": "Inner", "Parallel Aware": false, "Scan Direction": "Forward", "Index Name": "title_pkey", "Relation Name": "title", "Schema": "public", "Alias": "t", "Startup Cost": 0.43, "Total Cost": 0.49, "Plan Rows": 1, "Plan Width": 25, "Output": ["t.id", "t.title", "t.imdb_index", "t.kind_id", "t.production_year", "t.imdb_id", "t.phonetic_code", "t.episode_of_id", "t.season_nr", "t.episode_nr", "t.series_years", "t.md5sum"], "Index Cond": "(t.id = mk.movie_id)", "Filter": "(t.production_year > 2000)"}]}, {"Node Type": "Index Scan", "Parent Relationship": "Inner", "Parallel Aware": false, "Scan Direction": "Forward", "Index Name": "kind_type_pkey", "Relation Name": "kind_type", "Schema": "public", "Alias": "kt", "Startup Cost": 0.13, "Total Cost": 0.15, "Plan Rows": 1, "Plan Width": 14, "Output": ["kt.id", "kt.kind"], "Index Cond": "(kt.id = t.kind_id)", "Filter": "((kt.kind)::text = 'movie'::text)"}]}]}}]