[{"Plan": {"Node Type": "Aggregate", "Strategy": "Plain", "Partial Mode": "Simple", "Parallel Aware": false, "Startup Cost": 1348857.76, "Total Cost": 1348857.77, "Plan Rows": 1, "Plan Width": 96, "Output": ["min(chn.name)", "min(n.name)", "min(t.title)"], "Plans": [{"Node Type": "Nested Loop", "Parent Relationship": "Outer", "Parallel Aware": false, "Join Type": "Inner", "Startup Cost": 1294190.11, "Total Cost": 1348857.75, "Plan Rows": 1, "Plan Width": 48, "Output": ["chn.name", "n.name", "t.title"], "Inner Unique": true, "Plans": [{"Node Type": "Hash Join", "Parent Relationship": "Outer", "Parallel Aware": false, "Join Type": "Inner", "Startup Cost": 1294189.69, "Total Cost": 1348855.22, "Plan Rows": 1, "Plan Width": 52, "Output": ["chn.name", "t.title", "n.name", "mc.company_id"], "Inner Unique": false, "Hash Cond": "(mc.movie_id = t.id)", "Plans": [{"Node Type": "Seq Scan", "Parent Relationship": "Outer", "Parallel Aware": false, "Relation Name": "movie_companies", "Schema": "public", "Alias": "mc", "Startup Cost": 0.0, "Total Cost": 44881.29, "Plan Rows": 2609129, "Plan Width": 8, "Output": ["mc.id", "mc.movie_id", "mc.company_id", "mc.company_type_id", "mc.note"]}, {"Node Type": "Hash", "Parent Relationship": "Inner", "Parallel Aware": false, "Startup Cost": 1294189.68, "Total Cost": 1294189.68, "Plan Rows": 1, "Plan Width": 64, "Output": ["chn.name", "mi.movie_id", "mk.movie_id", "ci.movie_id", "t.title", "t.id", "n.name"], "Plans": [{"Node Type": "Nested Loop", "Parent Relationship": "Outer", "Parallel Aware": false, "Join Type": "Inner", "Startup Cost": 1270395.37, "Total Cost": 1294189.68, "Plan Rows": 1, "Plan Width": 64, "Output": ["chn.name", "mi.movie_id", "mk.movie_id", "ci.movie_id", "t.title", "t.id", "n.name"], "Inner Unique": true, "Join Filter": "(ci.person_id = n.id)", "Plans": [{"Node Type": "Nested Loop", "Parent Relationship": "Outer", "Parallel Aware": false, "Join Type": "Inner", "Startup Cost": 1270394.94, "Total Cost": 1294187.87, "Plan Rows": 1, "Plan Width": 57, "Output": ["chn.name", "mi.movie_id", "mk.movie_id", "ci.movie_id", "ci.person_id", "an.person_id", "t.title", "t.id"], "Inner Unique": true, "Join Filter": "(mi.movie_id = t.id)", "Plans": [{"Node Type": "Nested Loop", "Parent Relationship": "Outer", "Parallel Aware": false, "Join Type": "Inner", "Startup Cost": 1270394.51, "Total Cost": 1294186.27, "Plan Rows": 1, "Plan Width": 36, "Output": ["chn.name", "mi.movie_id", "mk.movie_id", "ci.movie_id", "ci.person_id", "an.person_id"], "Inner Unique": true, "Plans": [{"Node Type": "Hash Join", "Parent Relationship": "Outer", "Parallel Aware": false, "Join Type": "Inner", "Startup Cost": 1270394.37, "Total Cost": 1294183.98, "Plan Rows": 14, "Plan Width": 40, "Output": ["chn.name", "mi.movie_id", "mi.info_type_id", "mk.movie_id", "ci.movie_id", "ci.person_id", "an.person_id"], "Inner Unique": false, "Hash Cond": "(an.person_id = ci.person_id)", "Plans": [{"Node Type": "Seq Scan", "Parent Relationship": "Outer", "Parallel Aware": false, "Relation Name": "aka_name", "Schema": "public", "Alias": "an", "Startup Cost": 0.0, "Total Cost": 20409.43, "Plan Rows": 901343, "Plan Width": 4, "Output": ["an.id", "an.person_id", "an.name", "an.imdb_index", "an.name_pcode_cf", "an.name_pcode_nf", "an.surname_pcode", "an.md5sum"]}, {"Node Type": "Hash", "Parent Relationship": "Inner", "Parallel Aware": false, "Startup Cost": 1270394.3, "Total Cost": 1270394.3, "Plan Rows": 6, "Plan Width": 36, "Output": ["chn.name", "mi.movie_id", "mi.info_type_id", "mk.movie_id", "ci.movie_id", "ci.person_id"], "Plans": [{"Node Type": "Hash Join", "Parent Relationship": "Outer", "Parallel Aware": false, "Join Type": "Inner", "Startup Cost": 470740.57, "Total Cost": 1270394.3, "Plan Rows": 6, "Plan Width": 36, "Output": ["chn.name", "mi.movie_id", "mi.info_type_id", "mk.movie_id", "ci.movie_id", "ci.person_id"], "Inner Unique": true, "Hash Cond": "(ci.role_id = rt.id)", "Plans": [{"Node Type": "Nested Loop", "Parent Relationship": "Outer", "Parallel Aware": false, "Join Type": "Inner", "Startup Cost": 470739.4, "Total Cost": 1270392.89, "Plan Rows": 69, "Plan Width": 40, "Output": ["chn.name", "mi.movie_id", "mi.info_type_id", "mk.movie_id", "ci.movie_id", "ci.person_id", "ci.role_id"], "Inner Unique": true, "Plans": [{"Node Type": "Hash Join", "Parent Relationship": "Outer", "Parallel Aware": false, "Join Type": "Inner", "Startup Cost": 470738.97, "Total Cost": 1270149.0, "Plan Rows": 142, "Plan Width": 28, "Output": ["mi.movie_id", "mi.info_type_id", "mk.movie_id", "ci.movie_id", "ci.person_id", "ci.role_id", "ci.person_role_id"], "Inner Unique": false, "Hash Cond": "(ci.movie_id = mi.movie_id)", "Plans": [{"Node Type": "Seq Scan", "Parent Relationship": "Outer", "Parallel Aware": false, "Relation Name": "cast_info", "Schema": "public", "Alias": "ci", "Startup Cost": 0.0, "Total Cost": 796427.1, "Plan Rows": 795069, "Plan Width": 16, "Output": ["ci.id", "ci.person_id", "ci.movie_id", "ci.person_role_id", "ci.note", "ci.nr_order", "ci.role_id"], "Filter": "(ci.note = ANY ('{(voice),\"(voice: Japanese version)\",\"(voice) (uncredited)\",\"(voice: English version)\"}'::text[]))"}, {"Node Type": "Hash", "Parent Relationship": "Inner", "Parallel Aware": false, "Startup Cost": 470736.77, "Total Cost": 470736.77, "Plan Rows": 176, "Plan Width": 12, "Output": ["mi.movie_id", "mi.info_type_id", "mk.movie_id"], "Plans": [{"Node Type": "Hash Join", "Parent Relationship": "Outer", "Parallel Aware": false, "Join Type": "Inner", "Startup Cost": 84532.28, "Total Cost": 470736.77, "Plan Rows": 176, "Plan Width": 12, "Output": ["mi.movie_id", "mi.info_type_id", "mk.movie_id"], "Inner Unique": false, "Hash Cond": "(mi.movie_id = mk.movie_id)", "Plans": [{"Node Type": "Seq Scan", "Parent Relationship": "Outer", "Parallel Aware": false, "Relation Name": "movie_info", "Schema": "public", "Alias": "mi", "Startup Cost": 0.0, "Total Cost": 384462.84, "Plan Rows": 463970, "Plan Width": 8, "Output": ["mi.id", "mi.movie_id", "mi.info_type_id", "mi.info", "mi.note"], "Filter": "((mi.info IS NOT NULL) AND ((mi.info ~~ 'Japan:%201%'::text) OR (mi.info ~~ 'USA:%201%'::text)))"}, {"Node Type": "Hash", "Parent Relationship": "Inner", "Parallel Aware": false, "Startup Cost": 84530.59, "Total Cost": 84530.59, "Plan Rows": 135, "Plan Width": 4, "Output": ["mk.movie_id"], "Plans": [{"Node Type": "Hash Join", "Parent Relationship": "Outer", "Parallel Aware": false, "Join Type": "Inner", "Startup Cost": 2961.6, "Total Cost": 84530.59, "Plan Rows": 135, "Plan Width": 4, "Output": ["mk.movie_id"], "Inner Unique": true, "Hash Cond": "(mk.keyword_id = k.id)", "Plans": [{"Node Type": "Seq Scan", "Parent Relationship": "Outer", "Parallel Aware": false, "Relation Name": "movie_keyword", "Schema": "public", "Alias": "mk", "Startup Cost": 0.0, "Total Cost": 69693.3, "Plan Rows": 4523930, "Plan Width": 8, "Output": ["mk.id", "mk.movie_id", "mk.keyword_id"]}, {"Node Type": "Hash", "Parent Relationship": "Inner", "Parallel Aware": false, "Startup Cost": 2961.55, "Total Cost": 2961.55, "Plan Rows": 4, "Plan Width": 4, "Output": ["k.id"], "Plans": [{"Node Type": "Seq Scan", "Parent Relationship": "Outer", "Parallel Aware": false, "Relation Name": "keyword", "Schema": "public", "Alias": "k", "Startup Cost": 0.0, "Total Cost": 2961.55, "Plan Rows": 4, "Plan Width": 4, "Output": ["k.id"], "Filter": "(k.keyword = ANY ('{hero,martial-arts,hand-to-hand-combat,computer-animated-movie}'::text[]))"}]}]}]}]}]}]}, {"Node Type": "Index Scan", "Parent Relationship": "Inner", "Parallel Aware": false, "Scan Direction": "Forward", "Index Name": "char_name_pkey", "Relation Name": "char_name", "Schema": "public", "Alias": "chn", "Startup Cost": 0.43, "Total Cost": 1.72, "Plan Rows": 1, "Plan Width": 20, "Output": ["chn.id", "chn.name", "chn.imdb_index", "chn.imdb_id", "chn.name_pcode_nf", "chn.surname_pcode", "chn.md5sum"], "Index Cond": "(chn.id = ci.person_role_id)"}]}, {"Node Type": "Hash", "Parent Relationship": "Inner", "Parallel Aware": false, "Startup Cost": 1.15, "Total Cost": 1.15, "Plan Rows": 1, "Plan Width": 4, "Output": ["rt.id"], "Plans": [{"Node Type": "Seq Scan", "Parent Relationship": "Outer", "Parallel Aware": false, "Relation Name": "role_type", "Schema": "public", "Alias": "rt", "Startup Cost": 0.0, "Total Cost": 1.15, "Plan Rows": 1, "Plan Width": 4, "Output": ["rt.id"], "Filter": "((rt.role)::text = 'actress'::text)"}]}]}]}]}, {"Node Type": "Index Scan", "Parent Relationship": "Inner", "Parallel Aware": false, "Scan Direction": "Forward", "Index Name": "info_type_pkey", "Relation Name": "info_type", "Schema": "public", "Alias": "it", "Startup Cost": 0.14, "Total Cost": 0.16, "Plan Rows": 1, "Plan Width": 4, "Output": ["it.id", "it.info"], "Index Cond": "(it.id = mi.info_type_id)", "Filter": "((it.info)::text = 'release dates'::text)"}]}, {"Node Type": "Index Scan", "Parent Relationship": "Inner", "Parallel Aware": false, "Scan Direction": "Forward", "Index Name": "title_pkey", "Relation Name": "title", "Schema": "public", "Alias": "t", "Startup Cost": 0.43, "Total Cost": 1.58, "Plan Rows": 1, "Plan Width": 21, "Output": ["t.id", "t.title", "t.imdb_index", "t.kind_id", "t.production_year", "t.imdb_id", "t.phonetic_code", "t.episode_of_id", "t.season_nr", "t.episode_nr", "t.series_years", "t.md5sum"], "Index Cond": "(t.id = mk.movie_id)", "Filter": "((t.production_year > 2010) AND (t.title ~~ 'Kung Fu Panda%'::text))"}]}, {"Node Type": "Index Scan", "Parent Relationship": "Inner", "Parallel Aware": false, "Scan Direction": "Forward", "Index Name": "name_pkey", "Relation Name": "name", "Schema": "public", "Alias": "n", "Startup Cost": 0.43, "Total Cost": 1.8, "Plan Rows": 1, "Plan Width": 19, "Output": ["n.id", "n.name", "n.imdb_index", "n.imdb_id", "n.gender", "n.name_pcode_cf", "n.name_pcode_nf", "n.surname_pcode", "n.md5sum"], "Index Cond": "(n.id = an.person_id)", "Filter": "((n.name ~~ '%An%'::text) AND ((n.gender)::text = 'f'::text))"}]}]}]}, {"Node Type": "Index Scan", "Parent Relationship": "Inner", "Parallel Aware": false, "Scan Direction": "Forward", "Index Name": "company_name_pkey", "Relation Name": "company_name", "Schema": "public", "Alias": "cn", "Startup Cost": 0.42, "Total Cost": 1.47, "Plan Rows": 1, "Plan Width": 4, "Output": ["cn.id", "cn.name", "cn.country_code", "cn.imdb_id", "cn.name_pcode_nf", "cn.name_pcode_sf", "cn.md5sum"], "Index Cond": "(cn.id = mc.company_id)", "Filter": "(((cn.country_code)::text = '[us]'::text) AND (cn.name = 'DreamWorks Animation'::text))"}]}]}}]