[{"Plan": {"Node Type": "Aggregate", "Strategy": "Plain", "Partial Mode": "Simple", "Parallel Aware": false, "Startup Cost": 1389138.6, "Total Cost": 1389138.61, "Plan Rows": 1, "Plan Width": 128, "Output": ["min(mi.info)", "min(mi_idx.info)", "min(n.name)", "min(t.title)"], "Plans": [{"Node Type": "Nested Loop", "Parent Relationship": "Outer", "Parallel Aware": false, "Join Type": "Inner", "Startup Cost": 29116.96, "Total Cost": 1389138.59, "Plan Rows": 1, "Plan Width": 80, "Output": ["mi.info", "mi_idx.info", "n.name", "t.title"], "Inner Unique": true, "Join Filter": "(mi.movie_id = t.id)", "Plans": [{"Node Type": "Nested Loop", "Parent Relationship": "Outer", "Parallel Aware": false, "Join Type": "Inner", "Startup Cost": 29116.53, "Total Cost": 1389137.77, "Plan Rows": 1, "Plan Width": 79, "Output": ["ci.movie_id", "mi.info", "mi.movie_id", "mi_idx.info", "mi_idx.movie_id", "mk.movie_id", "n.name"], "Inner Unique": true, "Plans": [{"Node Type": "Nested Loop", "Parent Relationship": "Outer", "Parallel Aware": false, "Join Type": "Inner", "Startup Cost": 29116.1, "Total Cost": 1389136.73, "Plan Rows": 1, "Plan Width": 68, "Output": ["ci.movie_id", "ci.person_id", "mi.info", "mi.movie_id", "mi_idx.info", "mi_idx.movie_id", "mk.movie_id"], "Inner Unique": false, "Join Filter": "(mi.movie_id = ci.movie_id)", "Plans": [{"Node Type": "Nested Loop", "Parent Relationship": "Outer", "Parallel Aware": false, "Join Type": "Inner", "Startup Cost": 29116.1, "Total Cost": 533049.26, "Plan Rows": 1, "Plan Width": 60, "Output": ["mi.info", "mi.movie_id", "mi_idx.info", "mi_idx.movie_id", "mk.movie_id"], "Inner Unique": false, "Join Filter": "(mk.movie_id = mi.movie_id)", "Plans": [{"Node Type": "Hash Join", "Parent Relationship": "Outer", "Parallel Aware": false, "Join Type": "Inner", "Startup Cost": 3464.78, "Total Cost": 85033.77, "Plan Rows": 236, "Plan Width": 4, "Output": ["mk.movie_id"], "Inner Unique": true, "Hash Cond": "(mk.keyword_id = k.id)", "Plans": [{"Node Type": "Seq Scan", "Parent Relationship": "Outer", "Parallel Aware": false, "Relation Name": "movie_keyword", "Schema": "public", "Alias": "mk", "Startup Cost": 0.0, "Total Cost": 69693.3, "Plan Rows": 4523930, "Plan Width": 8, "Output": ["mk.id", "mk.movie_id", "mk.keyword_id"]}, {"Node Type": "Hash", "Parent Relationship": "Inner", "Parallel Aware": false, "Startup Cost": 3464.69, "Total Cost": 3464.69, "Plan Rows": 7, "Plan Width": 4, "Output": ["k.id"], "Plans": [{"Node Type": "Seq Scan", "Parent Relationship": "Outer", "Parallel Aware": false, "Relation Name": "keyword", "Schema": "public", "Alias": "k", "Startup Cost": 0.0, "Total Cost": 3464.69, "Plan Rows": 7, "Plan Width": 4, "Output": ["k.id"], "Filter": "(k.keyword = ANY ('{murder,violence,blood,gore,death,female-nudity,hospital}'::text[]))"}]}]}, {"Node Type": "Materialize", "Parent Relationship": "Inner", "Parallel Aware": false, "Startup Cost": 25651.32, "Total Cost": 447873.99, "Plan Rows": 40, "Plan Width": 56, "Output": ["mi.info", "mi.movie_id", "mi_idx.info", "mi_idx.movie_id"], "Plans": [{"Node Type": "Hash Join", "Parent Relationship": "Outer", "Parallel Aware": false, "Join Type": "Inner", "Startup Cost": 25651.32, "Total Cost": 447873.79, "Plan Rows": 40, "Plan Width": 56, "Output": ["mi.info", "mi.movie_id", "mi_idx.info", "mi_idx.movie_id"], "Inner Unique": true, "Hash Cond": "(mi.info_type_id = it1.id)", "Plans": [{"Node Type": "Hash Join", "Parent Relationship": "Outer", "Parallel Aware": false, "Join Type": "Inner", "Startup Cost": 25648.9, "Total Cost": 447859.17, "Plan Rows": 4476, "Plan Width": 60, "Output": ["mi_idx.info", "mi_idx.movie_id", "mi.info", "mi.movie_id", "mi.info_type_id"], "Inner Unique": false, "Hash Cond": "(mi.movie_id = mi_idx.movie_id)", "Plans": [{"Node Type": "Seq Scan", "Parent Relationship": "Outer", "Parallel Aware": false, "Relation Name": "movie_info", "Schema": "public", "Alias": "mi", "Startup Cost": 0.0, "Total Cost": 421541.15, "Plan Rows": 166495, "Plan Width": 51, "Output": ["mi.id", "mi.movie_id", "mi.info_type_id", "mi.info", "mi.note"], "Filter": "(mi.info = ANY ('{Horror,Action,Sci-Fi,Thriller,Crime,War}'::text[]))"}, {"Node Type": "Hash", "Parent Relationship": "Inner", "Parallel Aware": false, "Startup Cost": 25496.24, "Total Cost": 25496.24, "Plan Rows": 12213, "Plan Width": 9, "Output": ["mi_idx.info", "mi_idx.movie_id"], "Plans": [{"Node Type": "Hash Join", "Parent Relationship": "Outer", "Parallel Aware": false, "Join Type": "Inner", "Startup Cost": 2.43, "Total Cost": 25496.24, "Plan Rows": 12213, "Plan Width": 9, "Output": ["mi_idx.info", "mi_idx.movie_id"], "Inner Unique": true, "Hash Cond": "(mi_idx.info_type_id = it2.id)", "Plans": [{"Node Type": "Seq Scan", "Parent Relationship": "Outer", "Parallel Aware": false, "Relation Name": "movie_info_idx", "Schema": "public", "Alias": "mi_idx", "Startup Cost": 0.0, "Total Cost": 21735.35, "Plan Rows": 1380035, "Plan Width": 13, "Output": ["mi_idx.id", "mi_idx.movie_id", "mi_idx.info_type_id", "mi_idx.info", "mi_idx.note"]}, {"Node Type": "Hash", "Parent Relationship": "Inner", "Parallel Aware": false, "Startup Cost": 2.41, "Total Cost": 2.41, "Plan Rows": 1, "Plan Width": 4, "Output": ["it2.id"], "Plans": [{"Node Type": "Seq Scan", "Parent Relationship": "Outer", "Parallel Aware": false, "Relation Name": "info_type", "Schema": "public", "Alias": "it2", "Startup Cost": 0.0, "Total Cost": 2.41, "Plan Rows": 1, "Plan Width": 4, "Output": ["it2.id"], "Filter": "((it2.info)::text = 'votes'::text)"}]}]}]}]}, {"Node Type": "Hash", "Parent Relationship": "Inner", "Parallel Aware": false, "Startup Cost": 2.41, "Total Cost": 2.41, "Plan Rows": 1, "Plan Width": 4, "Output": ["it1.id"], "Plans": [{"Node Type": "Seq Scan", "Parent Relationship": "Outer", "Parallel Aware": false, "Relation Name": "info_type", "Schema": "public", "Alias": "it1", "Startup Cost": 0.0, "Total Cost": 2.41, "Plan Rows": 1, "Plan Width": 4, "Output": ["it1.id"], "Filter": "((it1.info)::text = 'genres'::text)"}]}]}]}]}, {"Node Type": "Seq Scan", "Parent Relationship": "Inner", "Parallel Aware": false, "Relation Name": "cast_info", "Schema": "public", "Alias": "ci", "Startup Cost": 0.0, "Total Cost": 841738.78, "Plan Rows": 1147896, "Plan Width": 8, "Output": ["ci.id", "ci.person_id", "ci.movie_id", "ci.person_role_id", "ci.note", "ci.nr_order", "ci.role_id"], "Filter": "(ci.note = ANY ('{(writer),\"(head writer)\",\"(written by)\",(story),\"(story editor)\"}'::text[]))"}]}, {"Node Type": "Index Scan", "Parent Relationship": "Inner", "Parallel Aware": false, "Scan Direction": "Forward", "Index Name": "name_pkey", "Relation Name": "name", "Schema": "public", "Alias": "n", "Startup Cost": 0.43, "Total Cost": 1.04, "Plan Rows": 1, "Plan Width": 19, "Output": ["n.id", "n.name", "n.imdb_index", "n.imdb_id", "n.gender", "n.name_pcode_cf", "n.name_pcode_nf", "n.surname_pcode", "n.md5sum"], "Index Cond": "(n.id = ci.person_id)", "Filter": "((n.gender)::text = 'm'::text)"}]}, {"Node Type": "Index Scan", "Parent Relationship": "Inner", "Parallel Aware": false, "Scan Direction": "Forward", "Index Name": "title_pkey", "Relation Name": "title", "Schema": "public", "Alias": "t", "Startup Cost": 0.43, "Total Cost": 0.81, "Plan Rows": 1, "Plan Width": 21, "Output": ["t.id", "t.title", "t.imdb_index", "t.kind_id", "t.production_year", "t.imdb_id", "t.phonetic_code", "t.episode_of_id", "t.season_nr", "t.episode_nr", "t.series_years", "t.md5sum"], "Index Cond": "(t.id = mk.movie_id)"}]}]}}]