[{"Plan": {"Node Type": "Aggregate", "Strategy": "Plain", "Partial Mode": "Simple", "Parallel Aware": false, "Startup Cost": 866186.28, "Total Cost": 866186.29, "Plan Rows": 1, "Plan Width": 96, "Output": ["min(chn.name)", "min(mi_idx.info)", "min(t.title)"], "Plans": [{"Node Type": "Nested Loop", "Parent Relationship": "Outer", "Parallel Aware": false, "Join Type": "Inner", "Startup Cost": 115058.88, "Total Cost": 866186.27, "Plan Rows": 1, "Plan Width": 38, "Output": ["chn.name", "mi_idx.info", "t.title"], "Inner Unique": true, "Plans": [{"Node Type": "Nested Loop", "Parent Relationship": "Outer", "Parallel Aware": false, "Join Type": "Inner", "Startup Cost": 115058.45, "Total Cost": 866179.86, "Plan Rows": 14, "Plan Width": 26, "Output": ["mi_idx.info", "t.title", "ci.person_role_id"], "Inner Unique": true, "Plans": [{"Node Type": "Hash Join", "Parent Relationship": "Outer", "Parallel Aware": false, "Join Type": "Inner", "Startup Cost": 115058.02, "Total Cost": 866173.58, "Plan Rows": 14, "Plan Width": 30, "Output": ["mi_idx.info", "t.title", "ci.person_role_id", "ci.person_id"], "Inner Unique": false, "Hash Cond": "(ci.movie_id = t.id)", "Plans": [{"Node Type": "Seq Scan", "Parent Relationship": "Outer", "Parallel Aware": false, "Relation Name": "cast_info", "Schema": "public", "Alias": "ci", "Startup Cost": 0.0, "Total Cost": 615180.4, "Plan Rows": 36249340, "Plan Width": 12, "Output": ["ci.id", "ci.person_id", "ci.movie_id", "ci.person_role_id", "ci.note", "ci.nr_order", "ci.role_id"]}, {"Node Type": "Hash", "Parent Relationship": "Inner", "Parallel Aware": false, "Startup Cost": 115058.0, "Total Cost": 115058.0, "Plan Rows": 1, "Plan Width": 38, "Output": ["mk.movie_id", "mi_idx.info", "mi_idx.movie_id", "cc.movie_id", "t.title", "t.id"], "Plans": [{"Node Type": "Nested Loop", "Parent Relationship": "Outer", "Parallel Aware": false, "Join Type": "Inner", "Startup Cost": 112468.96, "Total Cost": 115058.0, "Plan Rows": 1, "Plan Width": 38, "Output": ["mk.movie_id", "mi_idx.info", "mi_idx.movie_id", "cc.movie_id", "t.title", "t.id"], "Inner Unique": true, "Plans": [{"Node Type": "Nested Loop", "Parent Relationship": "Outer", "Parallel Aware": false, "Join Type": "Inner", "Startup Cost": 112468.83, "Total Cost": 115057.83, "Plan Rows": 1, "Plan Width": 42, "Output": ["mk.movie_id", "mi_idx.info", "mi_idx.movie_id", "cc.movie_id", "t.title", "t.kind_id", "t.id"], "Inner Unique": true, "Plans": [{"Node Type": "Nested Loop", "Parent Relationship": "Outer", "Parallel Aware": false, "Join Type": "Inner", "Startup Cost": 112468.4, "Total Cost": 115057.34, "Plan Rows": 1, "Plan Width": 17, "Output": ["mk.movie_id", "mi_idx.info", "mi_idx.movie_id", "cc.movie_id"], "Inner Unique": true, "Plans": [{"Node Type": "Hash Join", "Parent Relationship": "Outer", "Parallel Aware": false, "Join Type": "Inner", "Startup Cost": 112468.27, "Total Cost": 115056.88, "Plan Rows": 3, "Plan Width": 21, "Output": ["mk.movie_id", "mi_idx.info", "mi_idx.movie_id", "cc.movie_id", "cc.status_id"], "Inner Unique": true, "Hash Cond": "(cc.subject_id = cct1.id)", "Plans": [{"Node Type": "Hash Join", "Parent Relationship": "Outer", "Parallel Aware": false, "Join Type": "Inner", "Startup Cost": 112467.2, "Total Cost": 115055.76, "Plan Rows": 12, "Plan Width": 25, "Output": ["mk.movie_id", "mi_idx.info", "mi_idx.movie_id", "cc.movie_id", "cc.subject_id", "cc.status_id"], "Inner Unique": false, "Hash Cond": "(cc.movie_id = mk.movie_id)", "Plans": [{"Node Type": "Seq Scan", "Parent Relationship": "Outer", "Parallel Aware": false, "Relation Name": "complete_cast", "Schema": "public", "Alias": "cc", "Startup Cost": 0.0, "Total Cost": 2081.86, "Plan Rows": 135086, "Plan Width": 12, "Output": ["cc.id", "cc.movie_id", "cc.subject_id", "cc.status_id"]}, {"Node Type": "Hash", "Parent Relationship": "Inner", "Parallel Aware": false, "Startup Cost": 112467.09, "Total Cost": 112467.09, "Plan Rows": 9, "Plan Width": 13, "Output": ["mk.movie_id", "mi_idx.info", "mi_idx.movie_id"], "Plans": [{"Node Type": "Hash Join", "Parent Relationship": "Outer", "Parallel Aware": false, "Join Type": "Inner", "Startup Cost": 85543.58, "Total Cost": 112467.09, "Plan Rows": 9, "Plan Width": 13, "Output": ["mk.movie_id", "mi_idx.info", "mi_idx.movie_id"], "Inner Unique": true, "Hash Cond": "(mi_idx.info_type_id = it2.id)", "Plans": [{"Node Type": "Hash Join", "Parent Relationship": "Outer", "Parallel Aware": false, "Join Type": "Inner", "Startup Cost": 85541.16, "Total Cost": 112461.88, "Plan Rows": 1024, "Plan Width": 17, "Output": ["mk.movie_id", "mi_idx.info", "mi_idx.movie_id", "mi_idx.info_type_id"], "Inner Unique": false, "Hash Cond": "(mi_idx.movie_id = mk.movie_id)", "Plans": [{"Node Type": "Seq Scan", "Parent Relationship": "Outer", "Parallel Aware": false, "Relation Name": "movie_info_idx", "Schema": "public", "Alias": "mi_idx", "Startup Cost": 0.0, "Total Cost": 21735.35, "Plan Rows": 1380035, "Plan Width": 13, "Output": ["mi_idx.id", "mi_idx.movie_id", "mi_idx.info_type_id", "mi_idx.info", "mi_idx.note"]}, {"Node Type": "Hash", "Parent Relationship": "Inner", "Parallel Aware": false, "Startup Cost": 85536.94, "Total Cost": 85536.94, "Plan Rows": 337, "Plan Width": 4, "Output": ["mk.movie_id"], "Plans": [{"Node Type": "Hash Join", "Parent Relationship": "Outer", "Parallel Aware": false, "Join Type": "Inner", "Startup Cost": 3967.95, "Total Cost": 85536.94, "Plan Rows": 337, "Plan Width": 4, "Output": ["mk.movie_id"], "Inner Unique": true, "Hash Cond": "(mk.keyword_id = k.id)", "Plans": [{"Node Type": "Seq Scan", "Parent Relationship": "Outer", "Parallel Aware": false, "Relation Name": "movie_keyword", "Schema": "public", "Alias": "mk", "Startup Cost": 0.0, "Total Cost": 69693.3, "Plan Rows": 4523930, "Plan Width": 8, "Output": ["mk.id", "mk.movie_id", "mk.keyword_id"]}, {"Node Type": "Hash", "Parent Relationship": "Inner", "Parallel Aware": false, "Startup Cost": 3967.82, "Total Cost": 3967.82, "Plan Rows": 10, "Plan Width": 4, "Output": ["k.id"], "Plans": [{"Node Type": "Seq Scan", "Parent Relationship": "Outer", "Parallel Aware": false, "Relation Name": "keyword", "Schema": "public", "Alias": "k", "Startup Cost": 0.0, "Total Cost": 3967.82, "Plan Rows": 10, "Plan Width": 4, "Output": ["k.id"], "Filter": "(k.keyword = ANY ('{superhero,marvel-comics,based-on-comic,tv-special,fight,violence,magnet,web,claw,laser}'::text[]))"}]}]}]}]}, {"Node Type": "Hash", "Parent Relationship": "Inner", "Parallel Aware": false, "Startup Cost": 2.41, "Total Cost": 2.41, "Plan Rows": 1, "Plan Width": 4, "Output": ["it2.id"], "Plans": [{"Node Type": "Seq Scan", "Parent Relationship": "Outer", "Parallel Aware": false, "Relation Name": "info_type", "Schema": "public", "Alias": "it2", "Startup Cost": 0.0, "Total Cost": 2.41, "Plan Rows": 1, "Plan Width": 4, "Output": ["it2.id"], "Filter": "((it2.info)::text = 'rating'::text)"}]}]}]}]}, {"Node Type": "Hash", "Parent Relationship": "Inner", "Parallel Aware": false, "Startup Cost": 1.05, "Total Cost": 1.05, "Plan Rows": 1, "Plan Width": 4, "Output": ["cct1.id"], "Plans": [{"Node Type": "Seq Scan", "Parent Relationship": "Outer", "Parallel Aware": false, "Relation Name": "comp_cast_type", "Schema": "public", "Alias": "cct1", "Startup Cost": 0.0, "Total Cost": 1.05, "Plan Rows": 1, "Plan Width": 4, "Output": ["cct1.id"], "Filter": "((cct1.kind)::text = 'cast'::text)"}]}]}, {"Node Type": "Index Scan", "Parent Relationship": "Inner", "Parallel Aware": false, "Scan Direction": "Forward", "Index Name": "comp_cast_type_pkey", "Relation Name": "comp_cast_type", "Schema": "public", "Alias": "cct2", "Startup Cost": 0.13, "Total Cost": 0.15, "Plan Rows": 1, "Plan Width": 4, "Output": ["cct2.id", "cct2.kind"], "Index Cond": "(cct2.id = cc.status_id)", "Filter": "((cct2.kind)::text ~~ '%complete%'::text)"}]}, {"Node Type": "Index Scan", "Parent Relationship": "Inner", "Parallel Aware": false, "Scan Direction": "Forward", "Index Name": "title_pkey", "Relation Name": "title", "Schema": "public", "Alias": "t", "Startup Cost": 0.43, "Total Cost": 0.49, "Plan Rows": 1, "Plan Width": 25, "Output": ["t.id", "t.title", "t.imdb_index", "t.kind_id", "t.production_year", "t.imdb_id", "t.phonetic_code", "t.episode_of_id", "t.season_nr", "t.episode_nr", "t.series_years", "t.md5sum"], "Index Cond": "(t.id = mk.movie_id)", "Filter": "(t.production_year > 2000)"}]}, {"Node Type": "Index Scan", "Parent Relationship": "Inner", "Parallel Aware": false, "Scan Direction": "Forward", "Index Name": "kind_type_pkey", "Relation Name": "kind_type", "Schema": "public", "Alias": "kt", "Startup Cost": 0.13, "Total Cost": 0.15, "Plan Rows": 1, "Plan Width": 4, "Output": ["kt.id", "kt.kind"], "Index Cond": "(kt.id = t.kind_id)", "Filter": "((kt.kind)::text = 'movie'::text)"}]}]}]}, {"Node Type": "Index Only Scan", "Parent Relationship": "Inner", "Parallel Aware": false, "Scan Direction": "Forward", "Index Name": "name_pkey", "Relation Name": "name", "Schema": "public", "Alias": "n", "Startup Cost": 0.43, "Total Cost": 0.45, "Plan Rows": 1, "Plan Width": 4, "Output": ["n.id"], "Index Cond": "(n.id = ci.person_id)"}]}, {"Node Type": "Index Scan", "Parent Relationship": "Inner", "Parallel Aware": false, "Scan Direction": "Forward", "Index Name": "char_name_pkey", "Relation Name": "char_name", "Schema": "public", "Alias": "chn", "Startup Cost": 0.43, "Total Cost": 0.46, "Plan Rows": 1, "Plan Width": 20, "Output": ["chn.id", "chn.name", "chn.imdb_index", "chn.imdb_id", "chn.name_pcode_nf", "chn.surname_pcode", "chn.md5sum"], "Index Cond": "(chn.id = ci.person_role_id)", "Filter": "((chn.name IS NOT NULL) AND ((chn.name ~~ '%man%'::text) OR (chn.name ~~ '%Man%'::text)))"}]}]}}]