[{"Plan": {"Node Type": "Aggregate", "Strategy": "Plain", "Partial Mode": "Simple", "Parallel Aware": false, "Startup Cost": 1443995.67, "Total Cost": 1443995.68, "Plan Rows": 1, "Plan Width": 96, "Output": ["min(chn.name)", "min(n.name)", "min(t.title)"], "Plans": [{"Node Type": "Nested Loop", "Parent Relationship": "Outer", "Parallel Aware": false, "Join Type": "Inner", "Startup Cost": 1385557.97, "Total Cost": 1443995.66, "Plan Rows": 1, "Plan Width": 48, "Output": ["chn.name", "n.name", "t.title"], "Inner Unique": true, "Plans": [{"Node Type": "Nested Loop", "Parent Relationship": "Outer", "Parallel Aware": false, "Join Type": "Inner", "Startup Cost": 1385557.55, "Total Cost": 1443993.64, "Plan Rows": 1, "Plan Width": 52, "Output": ["chn.name", "n.name", "t.title", "mc.company_id"], "Inner Unique": true, "Plans": [{"Node Type": "Nested Loop", "Parent Relationship": "Outer", "Parallel Aware": false, "Join Type": "Inner", "Startup Cost": 1385557.41, "Total Cost": 1443993.45, "Plan Rows": 1, "Plan Width": 56, "Output": ["chn.name", "pi.info_type_id", "n.name", "t.title", "mc.company_id"], "Inner Unique": true, "Plans": [{"Node Type": "Nested Loop", "Parent Relationship": "Outer", "Parallel Aware": false, "Join Type": "Inner", "Startup Cost": 1385557.28, "Total Cost": 1443993.28, "Plan Rows": 1, "Plan Width": 60, "Output": ["chn.name", "pi.info_type_id", "n.name", "t.title", "mc.company_id", "cc.status_id"], "Inner Unique": true, "Plans": [{"Node Type": "Nested Loop", "Parent Relationship": "Outer", "Parallel Aware": false, "Join Type": "Inner", "Startup Cost": 1385557.15, "Total Cost": 1443993.11, "Plan Rows": 1, "Plan Width": 64, "Output": ["chn.name", "pi.info_type_id", "n.name", "t.title", "mc.company_id", "cc.subject_id", "cc.status_id"], "Inner Unique": false, "Join Filter": "(t.id = cc.movie_id)", "Plans": [{"Node Type": "Hash Join", "Parent Relationship": "Outer", "Parallel Aware": false, "Join Type": "Inner", "Startup Cost": 1385557.15, "Total Cost": 1440222.68, "Plan Rows": 1, "Plan Width": 76, "Output": ["mk.movie_id", "ci.movie_id", "chn.name", "mi.movie_id", "pi.info_type_id", "n.name", "t.title", "t.id", "mc.movie_id", "mc.company_id"], "Inner Unique": false, "Hash Cond": "(mc.movie_id = t.id)", "Plans": [{"Node Type": "Seq Scan", "Parent Relationship": "Outer", "Parallel Aware": false, "Relation Name": "movie_companies", "Schema": "public", "Alias": "mc", "Startup Cost": 0.0, "Total Cost": 44881.29, "Plan Rows": 2609129, "Plan Width": 8, "Output": ["mc.id", "mc.movie_id", "mc.company_id", "mc.company_type_id", "mc.note"]}, {"Node Type": "Hash", "Parent Relationship": "Inner", "Parallel Aware": false, "Startup Cost": 1385557.13, "Total Cost": 1385557.13, "Plan Rows": 1, "Plan Width": 68, "Output": ["mk.movie_id", "ci.movie_id", "chn.name", "mi.movie_id", "pi.info_type_id", "n.name", "t.title", "t.id"], "Plans": [{"Node Type": "Nested Loop", "Parent Relationship": "Outer", "Parallel Aware": false, "Join Type": "Inner", "Startup Cost": 1293742.5, "Total Cost": 1385557.13, "Plan Rows": 1, "Plan Width": 68, "Output": ["mk.movie_id", "ci.movie_id", "chn.name", "mi.movie_id", "pi.info_type_id", "n.name", "t.title", "t.id"], "Inner Unique": true, "Join Filter": "(mi.movie_id = t.id)", "Plans": [{"Node Type": "Nested Loop", "Parent Relationship": "Outer", "Parallel Aware": false, "Join Type": "Inner", "Startup Cost": 1293742.07, "Total Cost": 1385555.0, "Plan Rows": 1, "Plan Width": 47, "Output": ["mk.movie_id", "ci.movie_id", "chn.name", "mi.movie_id", "pi.info_type_id", "n.name"], "Inner Unique": true, "Join Filter": "(ci.person_id = n.id)", "Plans": [{"Node Type": "Hash Join", "Parent Relationship": "Outer", "Parallel Aware": false, "Join Type": "Inner", "Startup Cost": 1293741.64, "Total Cost": 1385500.01, "Plan Rows": 25, "Plan Width": 44, "Output": ["an.person_id", "mk.movie_id", "ci.movie_id", "ci.person_id", "chn.name", "mi.movie_id", "pi.person_id", "pi.info_type_id"], "Inner Unique": false, "Hash Cond": "(pi.person_id = ci.person_id)", "Plans": [{"Node Type": "Seq Scan", "Parent Relationship": "Outer", "Parallel Aware": false, "Relation Name": "person_info", "Schema": "public", "Alias": "pi", "Startup Cost": 0.0, "Total Cost": 80655.9, "Plan Rows": 2960590, "Plan Width": 8, "Output": ["pi.id", "pi.person_id", "pi.info_type_id", "pi.info", "pi.note"]}, {"Node Type": "Hash", "Parent Relationship": "Inner", "Parallel Aware": false, "Startup Cost": 1293741.63, "Total Cost": 1293741.63, "Plan Rows": 1, "Plan Width": 36, "Output": ["an.person_id", "mk.movie_id", "ci.movie_id", "ci.person_id", "chn.name", "mi.movie_id"], "Plans": [{"Node Type": "Nested Loop", "Parent Relationship": "Outer", "Parallel Aware": false, "Join Type": "Inner", "Startup Cost": 907538.85, "Total Cost": 1293741.63, "Plan Rows": 1, "Plan Width": 36, "Output": ["an.person_id", "mk.movie_id", "ci.movie_id", "ci.person_id", "chn.name", "mi.movie_id"], "Inner Unique": true, "Plans": [{"Node Type": "Hash Join", "Parent Relationship": "Outer", "Parallel Aware": false, "Join Type": "Inner", "Startup Cost": 907538.71, "Total Cost": 1293741.45, "Plan Rows": 1, "Plan Width": 40, "Output": ["an.person_id", "mk.movie_id", "ci.movie_id", "ci.person_id", "chn.name", "mi.movie_id", "mi.info_type_id"], "Inner Unique": false, "Hash Cond": "(mi.movie_id = ci.movie_id)", "Plans": [{"Node Type": "Seq Scan", "Parent Relationship": "Outer", "Parallel Aware": false, "Relation Name": "movie_info", "Schema": "public", "Alias": "mi", "Startup Cost": 0.0, "Total Cost": 384462.84, "Plan Rows": 463970, "Plan Width": 8, "Output": ["mi.id", "mi.movie_id", "mi.info_type_id", "mi.info", "mi.note"], "Filter": "((mi.info IS NOT NULL) AND ((mi.info ~~ 'Japan:%200%'::text) OR (mi.info ~~ 'USA:%200%'::text)))"}, {"Node Type": "Hash", "Parent Relationship": "Inner", "Parallel Aware": false, "Startup Cost": 907538.67, "Total Cost": 907538.67, "Plan Rows": 3, "Plan Width": 32, "Output": ["an.person_id", "mk.movie_id", "ci.movie_id", "ci.person_id", "chn.name"], "Plans": [{"Node Type": "Hash Join", "Parent Relationship": "Outer", "Parallel Aware": false, "Join Type": "Inner", "Startup Cost": 883606.37, "Total Cost": 907538.67, "Plan Rows": 3, "Plan Width": 32, "Output": ["an.person_id", "mk.movie_id", "ci.movie_id", "ci.person_id", "chn.name"], "Inner Unique": true, "Hash Cond": "(ci.role_id = rt.id)", "Plans": [{"Node Type": "Nested Loop", "Parent Relationship": "Outer", "Parallel Aware": false, "Join Type": "Inner", "Startup Cost": 883605.2, "Total Cost": 907537.39, "Plan Rows": 31, "Plan Width": 36, "Output": ["an.person_id", "mk.movie_id", "ci.movie_id", "ci.person_id", "ci.role_id", "chn.name"], "Inner Unique": true, "Plans": [{"Node Type": "Hash Join", "Parent Relationship": "Outer", "Parallel Aware": false, "Join Type": "Inner", "Startup Cost": 883604.77, "Total Cost": 907394.88, "Plan Rows": 64, "Plan Width": 24, "Output": ["an.person_id", "mk.movie_id", "ci.movie_id", "ci.person_id", "ci.role_id", "ci.person_role_id"], "Inner Unique": false, "Hash Cond": "(an.person_id = ci.person_id)", "Plans": [{"Node Type": "Seq Scan", "Parent Relationship": "Outer", "Parallel Aware": false, "Relation Name": "aka_name", "Schema": "public", "Alias": "an", "Startup Cost": 0.0, "Total Cost": 20409.43, "Plan Rows": 901343, "Plan Width": 4, "Output": ["an.id", "an.person_id", "an.name", "an.imdb_index", "an.name_pcode_cf", "an.name_pcode_nf", "an.surname_pcode", "an.md5sum"]}, {"Node Type": "Hash", "Parent Relationship": "Inner", "Parallel Aware": false, "Startup Cost": 883604.44, "Total Cost": 883604.44, "Plan Rows": 27, "Plan Width": 20, "Output": ["mk.movie_id", "ci.movie_id", "ci.person_id", "ci.role_id", "ci.person_role_id"], "Plans": [{"Node Type": "Hash Join", "Parent Relationship": "Outer", "Parallel Aware": false, "Join Type": "Inner", "Startup Cost": 84195.56, "Total Cost": 883604.44, "Plan Rows": 27, "Plan Width": 20, "Output": ["mk.movie_id", "ci.movie_id", "ci.person_id", "ci.role_id", "ci.person_role_id"], "Inner Unique": false, "Hash Cond": "(ci.movie_id = mk.movie_id)", "Plans": [{"Node Type": "Seq Scan", "Parent Relationship": "Outer", "Parallel Aware": false, "Relation Name": "cast_info", "Schema": "public", "Alias": "ci", "Startup Cost": 0.0, "Total Cost": 796427.1, "Plan Rows": 795069, "Plan Width": 16, "Output": ["ci.id", "ci.person_id", "ci.movie_id", "ci.person_role_id", "ci.note", "ci.nr_order", "ci.role_id"], "Filter": "(ci.note = ANY ('{(voice),\"(voice: Japanese version)\",\"(voice) (uncredited)\",\"(voice: English version)\"}'::text[]))"}, {"Node Type": "Hash", "Parent Relationship": "Inner", "Parallel Aware": false, "Startup Cost": 84195.13, "Total Cost": 84195.13, "Plan Rows": 34, "Plan Width": 4, "Output": ["mk.movie_id"], "Plans": [{"Node Type": "Hash Join", "Parent Relationship": "Outer", "Parallel Aware": false, "Join Type": "Inner", "Startup Cost": 2626.14, "Total Cost": 84195.13, "Plan Rows": 34, "Plan Width": 4, "Output": ["mk.movie_id"], "Inner Unique": true, "Hash Cond": "(mk.keyword_id = k.id)", "Plans": [{"Node Type": "Seq Scan", "Parent Relationship": "Outer", "Parallel Aware": false, "Relation Name": "movie_keyword", "Schema": "public", "Alias": "mk", "Startup Cost": 0.0, "Total Cost": 69693.3, "Plan Rows": 4523930, "Plan Width": 8, "Output": ["mk.id", "mk.movie_id", "mk.keyword_id"]}, {"Node Type": "Hash", "Parent Relationship": "Inner", "Parallel Aware": false, "Startup Cost": 2626.12, "Total Cost": 2626.12, "Plan Rows": 1, "Plan Width": 4, "Output": ["k.id"], "Plans": [{"Node Type": "Seq Scan", "Parent Relationship": "Outer", "Parallel Aware": false, "Relation Name": "keyword", "Schema": "public", "Alias": "k", "Startup Cost": 0.0, "Total Cost": 2626.12, "Plan Rows": 1, "Plan Width": 4, "Output": ["k.id"], "Filter": "(k.keyword = 'computer-animation'::text)"}]}]}]}]}]}]}, {"Node Type": "Index Scan", "Parent Relationship": "Inner", "Parallel Aware": false, "Scan Direction": "Forward", "Index Name": "char_name_pkey", "Relation Name": "char_name", "Schema": "public", "Alias": "chn", "Startup Cost": 0.43, "Total Cost": 2.23, "Plan Rows": 1, "Plan Width": 20, "Output": ["chn.id", "chn.name", "chn.imdb_index", "chn.imdb_id", "chn.name_pcode_nf", "chn.surname_pcode", "chn.md5sum"], "Index Cond": "(chn.id = ci.person_role_id)"}]}, {"Node Type": "Hash", "Parent Relationship": "Inner", "Parallel Aware": false, "Startup Cost": 1.15, "Total Cost": 1.15, "Plan Rows": 1, "Plan Width": 4, "Output": ["rt.id"], "Plans": [{"Node Type": "Seq Scan", "Parent Relationship": "Outer", "Parallel Aware": false, "Relation Name": "role_type", "Schema": "public", "Alias": "rt", "Startup Cost": 0.0, "Total Cost": 1.15, "Plan Rows": 1, "Plan Width": 4, "Output": ["rt.id"], "Filter": "((rt.role)::text = 'actress'::text)"}]}]}]}]}, {"Node Type": "Index Scan", "Parent Relationship": "Inner", "Parallel Aware": false, "Scan Direction": "Forward", "Index Name": "info_type_pkey", "Relation Name": "info_type", "Schema": "public", "Alias": "it", "Startup Cost": 0.14, "Total Cost": 0.16, "Plan Rows": 1, "Plan Width": 4, "Output": ["it.id", "it.info"], "Index Cond": "(it.id = mi.info_type_id)", "Filter": "((it.info)::text = 'release dates'::text)"}]}]}]}, {"Node Type": "Index Scan", "Parent Relationship": "Inner", "Parallel Aware": false, "Scan Direction": "Forward", "Index Name": "name_pkey", "Relation Name": "name", "Schema": "public", "Alias": "n", "Startup Cost": 0.43, "Total Cost": 2.19, "Plan Rows": 1, "Plan Width": 19, "Output": ["n.id", "n.name", "n.imdb_index", "n.imdb_id", "n.gender", "n.name_pcode_cf", "n.name_pcode_nf", "n.surname_pcode", "n.md5sum"], "Index Cond": "(n.id = pi.person_id)", "Filter": "((n.name ~~ '%An%'::text) AND ((n.gender)::text = 'f'::text))"}]}, {"Node Type": "Index Scan", "Parent Relationship": "Inner", "Parallel Aware": false, "Scan Direction": "Forward", "Index Name": "title_pkey", "Relation Name": "title", "Schema": "public", "Alias": "t", "Startup Cost": 0.43, "Total Cost": 2.12, "Plan Rows": 1, "Plan Width": 21, "Output": ["t.id", "t.title", "t.imdb_index", "t.kind_id", "t.production_year", "t.imdb_id", "t.phonetic_code", "t.episode_of_id", "t.season_nr", "t.episode_nr", "t.series_years", "t.md5sum"], "Index Cond": "(t.id = mk.movie_id)", "Filter": "((t.production_year >= 2000) AND (t.production_year <= 2010))"}]}]}]}, {"Node Type": "Seq Scan", "Parent Relationship": "Inner", "Parallel Aware": false, "Relation Name": "complete_cast", "Schema": "public", "Alias": "cc", "Startup Cost": 0.0, "Total Cost": 2081.86, "Plan Rows": 135086, "Plan Width": 12, "Output": ["cc.id", "cc.movie_id", "cc.subject_id", "cc.status_id"]}]}, {"Node Type": "Index Scan", "Parent Relationship": "Inner", "Parallel Aware": false, "Scan Direction": "Forward", "Index Name": "comp_cast_type_pkey", "Relation Name": "comp_cast_type", "Schema": "public", "Alias": "cct1", "Startup Cost": 0.13, "Total Cost": 0.15, "Plan Rows": 1, "Plan Width": 4, "Output": ["cct1.id", "cct1.kind"], "Index Cond": "(cct1.id = cc.subject_id)", "Filter": "((cct1.kind)::text = 'cast'::text)"}]}, {"Node Type": "Index Scan", "Parent Relationship": "Inner", "Parallel Aware": false, "Scan Direction": "Forward", "Index Name": "comp_cast_type_pkey", "Relation Name": "comp_cast_type", "Schema": "public", "Alias": "cct2", "Startup Cost": 0.13, "Total Cost": 0.15, "Plan Rows": 1, "Plan Width": 4, "Output": ["cct2.id", "cct2.kind"], "Index Cond": "(cct2.id = cc.status_id)", "Filter": "((cct2.kind)::text = 'complete+verified'::text)"}]}, {"Node Type": "Index Scan", "Parent Relationship": "Inner", "Parallel Aware": false, "Scan Direction": "Forward", "Index Name": "info_type_pkey", "Relation Name": "info_type", "Schema": "public", "Alias": "it3", "Startup Cost": 0.14, "Total Cost": 0.16, "Plan Rows": 1, "Plan Width": 4, "Output": ["it3.id", "it3.info"], "Index Cond": "(it3.id = pi.info_type_id)", "Filter": "((it3.info)::text = 'trivia'::text)"}]}, {"Node Type": "Index Scan", "Parent Relationship": "Inner", "Parallel Aware": false, "Scan Direction": "Forward", "Index Name": "company_name_pkey", "Relation Name": "company_name", "Schema": "public", "Alias": "cn", "Startup Cost": 0.42, "Total Cost": 2.03, "Plan Rows": 1, "Plan Width": 4, "Output": ["cn.id", "cn.name", "cn.country_code", "cn.imdb_id", "cn.name_pcode_nf", "cn.name_pcode_sf", "cn.md5sum"], "Index Cond": "(cn.id = mc.company_id)", "Filter": "((cn.country_code)::text = '[us]'::text)"}]}]}}]