[{"Plan": {"Node Type": "Aggregate", "Strategy": "Plain", "Partial Mode": "Simple", "Parallel Aware": false, "Startup Cost": 85105.76, "Total Cost": 85105.77, "Plan Rows": 1, "Plan Width": 96, "Output": ["min((lt.link)::text)", "min(t1.title)", "min(t2.title)"], "Plans": [{"Node Type": "Nested Loop", "Parent Relationship": "Outer", "Parallel Aware": false, "Join Type": "Inner", "Startup Cost": 3466.33, "Total Cost": 85105.69, "Plan Rows": 10, "Plan Width": 46, "Output": ["lt.link", "t1.title", "t2.title"], "Inner Unique": true, "Plans": [{"Node Type": "Nested Loop", "Parent Relationship": "Outer", "Parallel Aware": false, "Join Type": "Inner", "Startup Cost": 3465.9, "Total Cost": 85063.73, "Plan Rows": 10, "Plan Width": 33, "Output": ["ml.linked_movie_id", "lt.link", "t1.title"], "Inner Unique": true, "Plans": [{"Node Type": "Hash Join", "Parent Relationship": "Outer", "Parallel Aware": false, "Join Type": "Inner", "Startup Cost": 3465.47, "Total Cost": 85058.87, "Plan Rows": 10, "Plan Width": 24, "Output": ["mk.movie_id", "ml.movie_id", "ml.linked_movie_id", "lt.link"], "Inner Unique": true, "Hash Cond": "(ml.link_type_id = lt.id)", "Plans": [{"Node Type": "Hash Join", "Parent Relationship": "Outer", "Parallel Aware": false, "Join Type": "Inner", "Startup Cost": 3464.07, "Total Cost": 85057.43, "Plan Rows": 10, "Plan Width": 16, "Output": ["mk.movie_id", "ml.movie_id", "ml.linked_movie_id", "ml.link_type_id"], "Inner Unique": false, "Hash Cond": "(mk.movie_id = ml.movie_id)", "Plans": [{"Node Type": "Hash Join", "Parent Relationship": "Outer", "Parallel Aware": false, "Join Type": "Inner", "Startup Cost": 2626.14, "Total Cost": 84195.13, "Plan Rows": 34, "Plan Width": 4, "Output": ["mk.movie_id"], "Inner Unique": true, "Hash Cond": "(mk.keyword_id = k.id)", "Plans": [{"Node Type": "Seq Scan", "Parent Relationship": "Outer", "Parallel Aware": false, "Relation Name": "movie_keyword", "Schema": "public", "Alias": "mk", "Startup Cost": 0.0, "Total Cost": 69693.3, "Plan Rows": 4523930, "Plan Width": 8, "Output": ["mk.id", "mk.movie_id", "mk.keyword_id"]}, {"Node Type": "Hash", "Parent Relationship": "Inner", "Parallel Aware": false, "Startup Cost": 2626.12, "Total Cost": 2626.12, "Plan Rows": 1, "Plan Width": 4, "Output": ["k.id"], "Plans": [{"Node Type": "Seq Scan", "Parent Relationship": "Outer", "Parallel Aware": false, "Relation Name": "keyword", "Schema": "public", "Alias": "k", "Startup Cost": 0.0, "Total Cost": 2626.12, "Plan Rows": 1, "Plan Width": 4, "Output": ["k.id"], "Filter": "(k.keyword = '10,000-mile-club'::text)"}]}]}, {"Node Type": "Hash", "Parent Relationship": "Inner", "Parallel Aware": false, "Startup Cost": 462.97, "Total Cost": 462.97, "Plan Rows": 29997, "Plan Width": 12, "Output": ["ml.movie_id", "ml.linked_movie_id", "ml.link_type_id"], "Plans": [{"Node Type": "Seq Scan", "Parent Relationship": "Outer", "Parallel Aware": false, "Relation Name": "movie_link", "Schema": "public", "Alias": "ml", "Startup Cost": 0.0, "Total Cost": 462.97, "Plan Rows": 29997, "Plan Width": 12, "Output": ["ml.movie_id", "ml.linked_movie_id", "ml.link_type_id"]}]}]}, {"Node Type": "Hash", "Parent Relationship": "Inner", "Parallel Aware": false, "Startup Cost": 1.18, "Total Cost": 1.18, "Plan Rows": 18, "Plan Width": 16, "Output": ["lt.link", "lt.id"], "Plans": [{"Node Type": "Seq Scan", "Parent Relationship": "Outer", "Parallel Aware": false, "Relation Name": "link_type", "Schema": "public", "Alias": "lt", "Startup Cost": 0.0, "Total Cost": 1.18, "Plan Rows": 18, "Plan Width": 16, "Output": ["lt.link", "lt.id"]}]}]}, {"Node Type": "Index Scan", "Parent Relationship": "Inner", "Parallel Aware": false, "Scan Direction": "Forward", "Index Name": "title_pkey", "Relation Name": "title", "Schema": "public", "Alias": "t1", "Startup Cost": 0.43, "Total Cost": 0.49, "Plan Rows": 1, "Plan Width": 21, "Output": ["t1.id", "t1.title", "t1.imdb_index", "t1.kind_id", "t1.production_year", "t1.imdb_id", "t1.phonetic_code", "t1.episode_of_id", "t1.season_nr", "t1.episode_nr", "t1.series_years", "t1.md5sum"], "Index Cond": "(t1.id = mk.movie_id)"}]}, {"Node Type": "Index Scan", "Parent Relationship": "Inner", "Parallel Aware": false, "Scan Direction": "Forward", "Index Name": "title_pkey", "Relation Name": "title", "Schema": "public", "Alias": "t2", "Startup Cost": 0.43, "Total Cost": 4.2, "Plan Rows": 1, "Plan Width": 21, "Output": ["t2.id", "t2.title", "t2.imdb_index", "t2.kind_id", "t2.production_year", "t2.imdb_id", "t2.phonetic_code", "t2.episode_of_id", "t2.season_nr", "t2.episode_nr", "t2.series_years", "t2.md5sum"], "Index Cond": "(t2.id = ml.linked_movie_id)"}]}]}}]