[{"Plan": {"Node Type": "Aggregate", "Strategy": "Plain", "Partial Mode": "Simple", "Parallel Aware": false, "Startup Cost": 163342.63, "Total Cost": 163342.64, "Plan Rows": 1, "Plan Width": 192, "Output": ["min(cn1.name)", "min(cn2.name)", "min(mi_idx1.info)", "min(mi_idx2.info)", "min(t1.title)", "min(t2.title)"], "Plans": [{"Node Type": "Nested Loop", "Parent Relationship": "Outer", "Parallel Aware": false, "Join Type": "Inner", "Startup Cost": 108676.96, "Total Cost": 163342.62, "Plan Rows": 1, "Plan Width": 82, "Output": ["cn1.name", "cn2.name", "mi_idx1.info", "mi_idx2.info", "t1.title", "t2.title"], "Inner Unique": true, "Join Filter": "((ml.linked_movie_id = t2.id) AND (kt2.id = t2.kind_id))", "Plans": [{"Node Type": "Nested Loop", "Parent Relationship": "Outer", "Parallel Aware": false, "Join Type": "Inner", "Startup Cost": 108676.53, "Total Cost": 163342.09, "Plan Rows": 1, "Plan Width": 81, "Output": ["cn2.name", "kt2.id", "mi_idx2.info", "mi_idx2.movie_id", "mi_idx1.info", "ml.linked_movie_id", "t1.title", "mc2.movie_id", "cn1.name"], "Inner Unique": true, "Plans": [{"Node Type": "Hash Join", "Parent Relationship": "Outer", "Parallel Aware": false, "Join Type": "Inner", "Startup Cost": 108676.11, "Total Cost": 163341.64, "Plan Rows": 1, "Plan Width": 66, "Output": ["cn2.name", "kt2.id", "mi_idx2.info", "mi_idx2.movie_id", "mi_idx1.info", "ml.linked_movie_id", "t1.title", "mc2.movie_id", "mc1.company_id"], "Inner Unique": false, "Hash Cond": "(mc1.movie_id = t1.id)", "Plans": [{"Node Type": "Seq Scan", "Parent Relationship": "Outer", "Parallel Aware": false, "Relation Name": "movie_companies", "Schema": "public", "Alias": "mc1", "Startup Cost": 0.0, "Total Cost": 44881.29, "Plan Rows": 2609129, "Plan Width": 8, "Output": ["mc1.id", "mc1.movie_id", "mc1.company_id", "mc1.company_type_id", "mc1.note"]}, {"Node Type": "Hash", "Parent Relationship": "Inner", "Parallel Aware": false, "Startup Cost": 108676.1, "Total Cost": 108676.1, "Plan Rows": 1, "Plan Width": 74, "Output": ["cn2.name", "kt2.id", "mi_idx2.info", "mi_idx2.movie_id", "mi_idx1.info", "mi_idx1.movie_id", "ml.movie_id", "ml.linked_movie_id", "t1.title", "t1.id", "mc2.movie_id"], "Plans": [{"Node Type": "Hash Join", "Parent Relationship": "Outer", "Parallel Aware": false, "Join Type": "Inner", "Startup Cost": 53989.57, "Total Cost": 108676.1, "Plan Rows": 1, "Plan Width": 74, "Output": ["cn2.name", "kt2.id", "mi_idx2.info", "mi_idx2.movie_id", "mi_idx1.info", "mi_idx1.movie_id", "ml.movie_id", "ml.linked_movie_id", "t1.title", "t1.id", "mc2.movie_id"], "Inner Unique": true, "Hash Cond": "(mi_idx2.info_type_id = it2.id)", "Plans": [{"Node Type": "Nested Loop", "Parent Relationship": "Outer", "Parallel Aware": false, "Join Type": "Inner", "Startup Cost": 53987.15, "Total Cost": 108673.55, "Plan Rows": 47, "Plan Width": 78, "Output": ["cn2.name", "kt2.id", "mi_idx2.info", "mi_idx2.info_type_id", "mi_idx2.movie_id", "mi_idx1.info", "mi_idx1.movie_id", "ml.movie_id", "ml.linked_movie_id", "t1.title", "t1.id", "mc2.movie_id"], "Inner Unique": true, "Plans": [{"Node Type": "Hash Join", "Parent Relationship": "Outer", "Parallel Aware": false, "Join Type": "Inner", "Startup Cost": 53986.73, "Total Cost": 108652.72, "Plan Rows": 47, "Plan Width": 63, "Output": ["kt2.id", "mi_idx2.info", "mi_idx2.info_type_id", "mi_idx2.movie_id", "mi_idx1.info", "mi_idx1.movie_id", "ml.movie_id", "ml.linked_movie_id", "t1.title", "t1.id", "mc2.company_id", "mc2.movie_id"], "Inner Unique": false, "Hash Cond": "(mc2.movie_id = ml.linked_movie_id)", "Plans": [{"Node Type": "Seq Scan", "Parent Relationship": "Outer", "Parallel Aware": false, "Relation Name": "movie_companies", "Schema": "public", "Alias": "mc2", "Startup Cost": 0.0, "Total Cost": 44881.29, "Plan Rows": 2609129, "Plan Width": 8, "Output": ["mc2.id", "mc2.movie_id", "mc2.company_id", "mc2.company_type_id", "mc2.note"]}, {"Node Type": "Hash", "Parent Relationship": "Inner", "Parallel Aware": false, "Startup Cost": 53986.62, "Total Cost": 53986.62, "Plan Rows": 9, "Plan Width": 55, "Output": ["kt2.id", "mi_idx2.info", "mi_idx2.info_type_id", "mi_idx2.movie_id", "mi_idx1.info", "mi_idx1.movie_id", "ml.movie_id", "ml.linked_movie_id", "t1.title", "t1.id"], "Plans": [{"Node Type": "Nested Loop", "Parent Relationship": "Outer", "Parallel Aware": false, "Join Type": "Inner", "Startup Cost": 26237.41, "Total Cost": 53986.62, "Plan Rows": 9, "Plan Width": 55, "Output": ["kt2.id", "mi_idx2.info", "mi_idx2.info_type_id", "mi_idx2.movie_id", "mi_idx1.info", "mi_idx1.movie_id", "ml.movie_id", "ml.linked_movie_id", "t1.title", "t1.id"], "Inner Unique": false, "Join Filter": "(kt1.id = t1.kind_id)", "Plans": [{"Node Type": "Nested Loop", "Parent Relationship": "Outer", "Parallel Aware": false, "Join Type": "Inner", "Startup Cost": 0.13, "Total Cost": 13.35, "Plan Rows": 1, "Plan Width": 8, "Output": ["kt1.id", "kt2.id"], "Inner Unique": false, "Plans": [{"Node Type": "Index Scan", "Parent Relationship": "Outer", "Parallel Aware": false, "Scan Direction": "Forward", "Index Name": "kind_type_pkey", "Relation Name": "kind_type", "Schema": "public", "Alias": "kt2", "Startup Cost": 0.13, "Total Cost": 12.26, "Plan Rows": 1, "Plan Width": 4, "Output": ["kt2.id", "kt2.kind"], "Filter": "((kt2.kind)::text = 'tv series'::text)"}, {"Node Type": "Seq Scan", "Parent Relationship": "Inner", "Parallel Aware": false, "Relation Name": "kind_type", "Schema": "public", "Alias": "kt1", "Startup Cost": 0.0, "Total Cost": 1.09, "Plan Rows": 1, "Plan Width": 4, "Output": ["kt1.id", "kt1.kind"], "Filter": "((kt1.kind)::text = 'tv series'::text)"}]}, {"Node Type": "Nested Loop", "Parent Relationship": "Inner", "Parallel Aware": false, "Join Type": "Inner", "Startup Cost": 26237.28, "Total Cost": 53972.44, "Plan Rows": 66, "Plan Width": 55, "Output": ["mi_idx2.info", "mi_idx2.info_type_id", "mi_idx2.movie_id", "mi_idx1.info", "mi_idx1.movie_id", "ml.movie_id", "ml.linked_movie_id", "t1.title", "t1.id", "t1.kind_id"], "Inner Unique": true, "Join Filter": "(ml.movie_id = t1.id)", "Plans": [{"Node Type": "Hash Join", "Parent Relationship": "Outer", "Parallel Aware": false, "Join Type": "Inner", "Startup Cost": 26236.85, "Total Cost": 53933.87, "Plan Rows": 66, "Plan Width": 30, "Output": ["mi_idx2.info", "mi_idx2.info_type_id", "mi_idx2.movie_id", "mi_idx1.info", "mi_idx1.movie_id", "ml.movie_id", "ml.linked_movie_id"], "Inner Unique": false, "Hash Cond": "(mi_idx2.movie_id = ml.linked_movie_id)", "Plans": [{"Node Type": "Seq Scan", "Parent Relationship": "Outer", "Parallel Aware": false, "Relation Name": "movie_info_idx", "Schema": "public", "Alias": "mi_idx2", "Startup Cost": 0.0, "Total Cost": 25185.44, "Plan Rows": 669579, "Plan Width": 13, "Output": ["mi_idx2.id", "mi_idx2.movie_id", "mi_idx2.info_type_id", "mi_idx2.info", "mi_idx2.note"], "Filter": "(mi_idx2.info < '3.0'::text)"}, {"Node Type": "Hash", "Parent Relationship": "Inner", "Parallel Aware": false, "Startup Cost": 26236.28, "Total Cost": 26236.28, "Plan Rows": 45, "Plan Width": 17, "Output": ["mi_idx1.info", "mi_idx1.movie_id", "ml.movie_id", "ml.linked_movie_id"], "Plans": [{"Node Type": "Hash Join", "Parent Relationship": "Outer", "Parallel Aware": false, "Join Type": "Inner", "Startup Cost": 25650.14, "Total Cost": 26236.28, "Plan Rows": 45, "Plan Width": 17, "Output": ["mi_idx1.info", "mi_idx1.movie_id", "ml.movie_id", "ml.linked_movie_id"], "Inner Unique": true, "Hash Cond": "(ml.link_type_id = lt.id)", "Plans": [{"Node Type": "Hash Join", "Parent Relationship": "Outer", "Parallel Aware": false, "Join Type": "Inner", "Startup Cost": 25648.9, "Total Cost": 26232.43, "Plan Rows": 807, "Plan Width": 21, "Output": ["mi_idx1.info", "mi_idx1.movie_id", "ml.link_type_id", "ml.movie_id", "ml.linked_movie_id"], "Inner Unique": false, "Hash Cond": "(ml.movie_id = mi_idx1.movie_id)", "Plans": [{"Node Type": "Seq Scan", "Parent Relationship": "Outer", "Parallel Aware": false, "Relation Name": "movie_link", "Schema": "public", "Alias": "ml", "Startup Cost": 0.0, "Total Cost": 462.97, "Plan Rows": 29997, "Plan Width": 12, "Output": ["ml.id", "ml.movie_id", "ml.linked_movie_id", "ml.link_type_id"]}, {"Node Type": "Hash", "Parent Relationship": "Inner", "Parallel Aware": false, "Startup Cost": 25496.24, "Total Cost": 25496.24, "Plan Rows": 12213, "Plan Width": 9, "Output": ["mi_idx1.info", "mi_idx1.movie_id"], "Plans": [{"Node Type": "Hash Join", "Parent Relationship": "Outer", "Parallel Aware": false, "Join Type": "Inner", "Startup Cost": 2.43, "Total Cost": 25496.24, "Plan Rows": 12213, "Plan Width": 9, "Output": ["mi_idx1.info", "mi_idx1.movie_id"], "Inner Unique": true, "Hash Cond": "(mi_idx1.info_type_id = it1.id)", "Plans": [{"Node Type": "Seq Scan", "Parent Relationship": "Outer", "Parallel Aware": false, "Relation Name": "movie_info_idx", "Schema": "public", "Alias": "mi_idx1", "Startup Cost": 0.0, "Total Cost": 21735.35, "Plan Rows": 1380035, "Plan Width": 13, "Output": ["mi_idx1.id", "mi_idx1.movie_id", "mi_idx1.info_type_id", "mi_idx1.info", "mi_idx1.note"]}, {"Node Type": "Hash", "Parent Relationship": "Inner", "Parallel Aware": false, "Startup Cost": 2.41, "Total Cost": 2.41, "Plan Rows": 1, "Plan Width": 4, "Output": ["it1.id"], "Plans": [{"Node Type": "Seq Scan", "Parent Relationship": "Outer", "Parallel Aware": false, "Relation Name": "info_type", "Schema": "public", "Alias": "it1", "Startup Cost": 0.0, "Total Cost": 2.41, "Plan Rows": 1, "Plan Width": 4, "Output": ["it1.id"], "Filter": "((it1.info)::text = 'rating'::text)"}]}]}]}]}, {"Node Type": "Hash", "Parent Relationship": "Inner", "Parallel Aware": false, "Startup Cost": 1.23, "Total Cost": 1.23, "Plan Rows": 1, "Plan Width": 4, "Output": ["lt.id"], "Plans": [{"Node Type": "Seq Scan", "Parent Relationship": "Outer", "Parallel Aware": false, "Relation Name": "link_type", "Schema": "public", "Alias": "lt", "Startup Cost": 0.0, "Total Cost": 1.23, "Plan Rows": 1, "Plan Width": 4, "Output": ["lt.id"], "Filter": "((lt.link)::text ~~ '%follow%'::text)"}]}]}]}]}, {"Node Type": "Index Scan", "Parent Relationship": "Inner", "Parallel Aware": false, "Scan Direction": "Forward", "Index Name": "title_pkey", "Relation Name": "title", "Schema": "public", "Alias": "t1", "Startup Cost": 0.43, "Total Cost": 0.57, "Plan Rows": 1, "Plan Width": 25, "Output": ["t1.id", "t1.title", "t1.imdb_index", "t1.kind_id", "t1.production_year", "t1.imdb_id", "t1.phonetic_code", "t1.episode_of_id", "t1.season_nr", "t1.episode_nr", "t1.series_years", "t1.md5sum"], "Index Cond": "(t1.id = mi_idx1.movie_id)"}]}]}]}]}, {"Node Type": "Index Scan", "Parent Relationship": "Inner", "Parallel Aware": false, "Scan Direction": "Forward", "Index Name": "company_name_pkey", "Relation Name": "company_name", "Schema": "public", "Alias": "cn2", "Startup Cost": 0.42, "Total Cost": 0.44, "Plan Rows": 1, "Plan Width": 23, "Output": ["cn2.id", "cn2.name", "cn2.country_code", "cn2.imdb_id", "cn2.name_pcode_nf", "cn2.name_pcode_sf", "cn2.md5sum"], "Index Cond": "(cn2.id = mc2.company_id)"}]}, {"Node Type": "Hash", "Parent Relationship": "Inner", "Parallel Aware": false, "Startup Cost": 2.41, "Total Cost": 2.41, "Plan Rows": 1, "Plan Width": 4, "Output": ["it2.id"], "Plans": [{"Node Type": "Seq Scan", "Parent Relationship": "Outer", "Parallel Aware": false, "Relation Name": "info_type", "Schema": "public", "Alias": "it2", "Startup Cost": 0.0, "Total Cost": 2.41, "Plan Rows": 1, "Plan Width": 4, "Output": ["it2.id"], "Filter": "((it2.info)::text = 'rating'::text)"}]}]}]}]}, {"Node Type": "Index Scan", "Parent Relationship": "Inner", "Parallel Aware": false, "Scan Direction": "Forward", "Index Name": "company_name_pkey", "Relation Name": "company_name", "Schema": "public", "Alias": "cn1", "Startup Cost": 0.42, "Total Cost": 0.45, "Plan Rows": 1, "Plan Width": 23, "Output": ["cn1.id", "cn1.name", "cn1.country_code", "cn1.imdb_id", "cn1.name_pcode_nf", "cn1.name_pcode_sf", "cn1.md5sum"], "Index Cond": "(cn1.id = mc1.company_id)", "Filter": "((cn1.country_code)::text = '[nl]'::text)"}]}, {"Node Type": "Index Scan", "Parent Relationship": "Inner", "Parallel Aware": false, "Scan Direction": "Forward", "Index Name": "title_pkey", "Relation Name": "title", "Schema": "public", "Alias": "t2", "Startup Cost": 0.43, "Total Cost": 0.52, "Plan Rows": 1, "Plan Width": 25, "Output": ["t2.id", "t2.title", "t2.imdb_index", "t2.kind_id", "t2.production_year", "t2.imdb_id", "t2.phonetic_code", "t2.episode_of_id", "t2.season_nr", "t2.episode_nr", "t2.series_years", "t2.md5sum"], "Index Cond": "(t2.id = mc2.movie_id)", "Filter": "(t2.production_year = 2007)"}]}]}}]