[{"Plan": {"Node Type": "Aggregate", "Strategy": "Plain", "Partial Mode": "Simple", "Parallel Aware": false, "Startup Cost": 878174.21, "Total Cost": 878174.22, "Plan Rows": 1, "Plan Width": 64, "Output": ["min(n.name)", "min(t.title)"], "Plans": [{"Node Type": "Nested Loop", "Parent Relationship": "Outer", "Parallel Aware": false, "Join Type": "Inner", "Startup Cost": 7563.47, "Total Cost": 878174.21, "Plan Rows": 1, "Plan Width": 32, "Output": ["n.name", "t.title"], "Inner Unique": false, "Join Filter": "(n.id = an.person_id)", "Plans": [{"Node Type": "Nested Loop", "Parent Relationship": "Outer", "Parallel Aware": false, "Join Type": "Inner", "Startup Cost": 7563.47, "Total Cost": 846878.76, "Plan Rows": 1, "Plan Width": 44, "Output": ["ci.person_id", "n.name", "n.id", "pi.person_id", "t.title"], "Inner Unique": true, "Join Filter": "(pi.person_id = n.id)", "Plans": [{"Node Type": "Nested Loop", "Parent Relationship": "Outer", "Parallel Aware": false, "Join Type": "Inner", "Startup Cost": 7563.04, "Total Cost": 846878.28, "Plan Rows": 1, "Plan Width": 25, "Output": ["ci.person_id", "pi.person_id", "t.title"], "Inner Unique": false, "Join Filter": "(pi.person_id = ci.person_id)", "Plans": [{"Node Type": "Nested Loop", "Parent Relationship": "Outer", "Parallel Aware": false, "Join Type": "Inner", "Startup Cost": 0.0, "Total Cost": 88060.14, "Plan Rows": 1, "Plan Width": 4, "Output": ["pi.person_id"], "Inner Unique": false, "Join Filter": "(it.id = pi.info_type_id)", "Plans": [{"Node Type": "Seq Scan", "Parent Relationship": "Outer", "Parallel Aware": false, "Relation Name": "info_type", "Schema": "public", "Alias": "it", "Startup Cost": 0.0, "Total Cost": 2.41, "Plan Rows": 1, "Plan Width": 4, "Output": ["it.id", "it.info"], "Filter": "((it.info)::text = 'mini biography'::text)"}, {"Node Type": "Seq Scan", "Parent Relationship": "Inner", "Parallel Aware": false, "Relation Name": "person_info", "Schema": "public", "Alias": "pi", "Startup Cost": 0.0, "Total Cost": 88057.38, "Plan Rows": 28, "Plan Width": 8, "Output": ["pi.id", "pi.person_id", "pi.info_type_id", "pi.info", "pi.note"], "Filter": "(pi.note = 'Volker Boehm'::text)"}]}, {"Node Type": "Hash Join", "Parent Relationship": "Inner", "Parallel Aware": false, "Join Type": "Inner", "Startup Cost": 7563.04, "Total Cost": 758711.73, "Plan Rows": 8513, "Plan Width": 21, "Output": ["ci.person_id", "t.title"], "Inner Unique": false, "Hash Cond": "(ci.movie_id = t.id)", "Plans": [{"Node Type": "Seq Scan", "Parent Relationship": "Outer", "Parallel Aware": false, "Relation Name": "cast_info", "Schema": "public", "Alias": "ci", "Startup Cost": 0.0, "Total Cost": 615180.4, "Plan Rows": 36249340, "Plan Width": 8, "Output": ["ci.id", "ci.person_id", "ci.movie_id", "ci.person_role_id", "ci.note", "ci.nr_order", "ci.role_id"]}, {"Node Type": "Hash", "Parent Relationship": "Inner", "Parallel Aware": false, "Startup Cost": 7560.14, "Total Cost": 7560.14, "Plan Rows": 232, "Plan Width": 25, "Output": ["ml.linked_movie_id", "t.title", "t.id"], "Plans": [{"Node Type": "Nested Loop", "Parent Relationship": "Outer", "Parallel Aware": false, "Join Type": "Inner", "Startup Cost": 1.67, "Total Cost": 7560.14, "Plan Rows": 232, "Plan Width": 25, "Output": ["ml.linked_movie_id", "t.title", "t.id"], "Inner Unique": true, "Plans": [{"Node Type": "Hash Join", "Parent Relationship": "Outer", "Parallel Aware": false, "Join Type": "Inner", "Startup Cost": 1.24, "Total Cost": 561.48, "Plan Rows": 1666, "Plan Width": 4, "Output": ["ml.linked_movie_id"], "Inner Unique": true, "Hash Cond": "(ml.link_type_id = lt.id)", "Plans": [{"Node Type": "Seq Scan", "Parent Relationship": "Outer", "Parallel Aware": false, "Relation Name": "movie_link", "Schema": "public", "Alias": "ml", "Startup Cost": 0.0, "Total Cost": 462.97, "Plan Rows": 29997, "Plan Width": 8, "Output": ["ml.id", "ml.movie_id", "ml.linked_movie_id", "ml.link_type_id"]}, {"Node Type": "Hash", "Parent Relationship": "Inner", "Parallel Aware": false, "Startup Cost": 1.23, "Total Cost": 1.23, "Plan Rows": 1, "Plan Width": 4, "Output": ["lt.id"], "Plans": [{"Node Type": "Seq Scan", "Parent Relationship": "Outer", "Parallel Aware": false, "Relation Name": "link_type", "Schema": "public", "Alias": "lt", "Startup Cost": 0.0, "Total Cost": 1.23, "Plan Rows": 1, "Plan Width": 4, "Output": ["lt.id"], "Filter": "((lt.link)::text = 'features'::text)"}]}]}, {"Node Type": "Index Scan", "Parent Relationship": "Inner", "Parallel Aware": false, "Scan Direction": "Forward", "Index Name": "title_pkey", "Relation Name": "title", "Schema": "public", "Alias": "t", "Startup Cost": 0.43, "Total Cost": 4.2, "Plan Rows": 1, "Plan Width": 21, "Output": ["t.id", "t.title", "t.imdb_index", "t.kind_id", "t.production_year", "t.imdb_id", "t.phonetic_code", "t.episode_of_id", "t.season_nr", "t.episode_nr", "t.series_years", "t.md5sum"], "Index Cond": "(t.id = ml.linked_movie_id)", "Filter": "((t.production_year >= 1980) AND (t.production_year <= 1995))"}]}]}]}]}, {"Node Type": "Index Scan", "Parent Relationship": "Inner", "Parallel Aware": false, "Scan Direction": "Forward", "Index Name": "name_pkey", "Relation Name": "name", "Schema": "public", "Alias": "n", "Startup Cost": 0.43, "Total Cost": 0.47, "Plan Rows": 1, "Plan Width": 19, "Output": ["n.id", "n.name", "n.imdb_index", "n.imdb_id", "n.gender", "n.name_pcode_cf", "n.name_pcode_nf", "n.surname_pcode", "n.md5sum"], "Index Cond": "(n.id = ci.person_id)", "Filter": "(((n.name_pcode_cf)::text >= 'A'::text) AND ((n.name_pcode_cf)::text <= 'F'::text) AND (((n.gender)::text = 'm'::text) OR (((n.gender)::text = 'f'::text) AND (n.name ~~ 'B%'::text))))"}]}, {"Node Type": "Seq Scan", "Parent Relationship": "Inner", "Parallel Aware": false, "Relation Name": "aka_name", "Schema": "public", "Alias": "an", "Startup Cost": 0.0, "Total Cost": 22662.79, "Plan Rows": 690613, "Plan Width": 4, "Output": ["an.id", "an.person_id", "an.name", "an.imdb_index", "an.name_pcode_cf", "an.name_pcode_nf", "an.surname_pcode", "an.md5sum"], "Filter": "(an.name ~~ '%a%'::text)"}]}]}}]