[{"Plan": {"Node Type": "Aggregate", "Strategy": "Plain", "Partial Mode": "Simple", "Parallel Aware": false, "Startup Cost": 1397840.57, "Total Cost": 1397840.58, "Plan Rows": 1, "Plan Width": 64, "Output": ["min(an1.name)", "min(t.title)"], "Plans": [{"Node Type": "Hash Join", "Parent Relationship": "Outer", "Parallel Aware": false, "Join Type": "Inner", "Startup Cost": 1301313.27, "Total Cost": 1363756.44, "Plan Rows": 6816825, "Plan Width": 33, "Output": ["an1.name", "t.title"], "Inner Unique": false, "Hash Cond": "(an1.person_id = n1.id)", "Plans": [{"Node Type": "Seq Scan", "Parent Relationship": "Outer", "Parallel Aware": false, "Relation Name": "aka_name", "Schema": "public", "Alias": "an1", "Startup Cost": 0.0, "Total Cost": 20409.43, "Plan Rows": 901343, "Plan Width": 20, "Output": ["an1.name", "an1.person_id"]}, {"Node Type": "Hash", "Parent Relationship": "Inner", "Parallel Aware": false, "Startup Cost": 1245797.07, "Total Cost": 1245797.07, "Plan Rows": 2871136, "Plan Width": 25, "Output": ["ci.person_id", "n1.id", "t.title"], "Plans": [{"Node Type": "Hash Join", "Parent Relationship": "Outer", "Parallel Aware": false, "Join Type": "Inner", "Startup Cost": 395589.48, "Total Cost": 1245797.07, "Plan Rows": 2871136, "Plan Width": 25, "Output": ["ci.person_id", "n1.id", "t.title"], "Inner Unique": false, "Hash Cond": "(ci.movie_id = t.id)", "Plans": [{"Node Type": "Hash Join", "Parent Relationship": "Outer", "Parallel Aware": false, "Join Type": "Inner", "Startup Cost": 165668.68, "Total Cost": 957420.31, "Plan Rows": 3020778, "Plan Width": 12, "Output": ["ci.person_id", "ci.movie_id", "n1.id"], "Inner Unique": true, "Hash Cond": "(ci.person_id = n1.id)", "Plans": [{"Node Type": "Hash Join", "Parent Relationship": "Outer", "Parallel Aware": false, "Join Type": "Inner", "Startup Cost": 1.16, "Total Cost": 743942.24, "Plan Rows": 3020778, "Plan Width": 8, "Output": ["ci.person_id", "ci.movie_id"], "Inner Unique": true, "Hash Cond": "(ci.role_id = rt.id)", "Plans": [{"Node Type": "Seq Scan", "Parent Relationship": "Outer", "Parallel Aware": false, "Relation Name": "cast_info", "Schema": "public", "Alias": "ci", "Startup Cost": 0.0, "Total Cost": 615180.4, "Plan Rows": 36249340, "Plan Width": 12, "Output": ["ci.id", "ci.person_id", "ci.movie_id", "ci.person_role_id", "ci.note", "ci.nr_order", "ci.role_id"]}, {"Node Type": "Hash", "Parent Relationship": "Inner", "Parallel Aware": false, "Startup Cost": 1.15, "Total Cost": 1.15, "Plan Rows": 1, "Plan Width": 4, "Output": ["rt.id"], "Plans": [{"Node Type": "Seq Scan", "Parent Relationship": "Outer", "Parallel Aware": false, "Relation Name": "role_type", "Schema": "public", "Alias": "rt", "Startup Cost": 0.0, "Total Cost": 1.15, "Plan Rows": 1, "Plan Width": 4, "Output": ["rt.id"], "Filter": "((rt.role)::text = 'costume designer'::text)"}]}]}, {"Node Type": "Hash", "Parent Relationship": "Inner", "Parallel Aware": false, "Startup Cost": 97290.12, "Total Cost": 97290.12, "Plan Rows": 4167712, "Plan Width": 4, "Output": ["n1.id"], "Plans": [{"Node Type": "Seq Scan", "Parent Relationship": "Outer", "Parallel Aware": false, "Relation Name": "name", "Schema": "public", "Alias": "n1", "Startup Cost": 0.0, "Total Cost": 97290.12, "Plan Rows": 4167712, "Plan Width": 4, "Output": ["n1.id"]}]}]}, {"Node Type": "Hash", "Parent Relationship": "Inner", "Parallel Aware": false, "Startup Cost": 211773.56, "Total Cost": 211773.56, "Plan Rows": 938499, "Plan Width": 25, "Output": ["mc.movie_id", "t.title", "t.id"], "Plans": [{"Node Type": "Hash Join", "Parent Relationship": "Outer", "Parallel Aware": false, "Join Type": "Inner", "Startup Cost": 95163.68, "Total Cost": 211773.56, "Plan Rows": 938499, "Plan Width": 25, "Output": ["mc.movie_id", "t.title", "t.id"], "Inner Unique": false, "Hash Cond": "(t.id = mc.movie_id)", "Plans": [{"Node Type": "Seq Scan", "Parent Relationship": "Outer", "Parallel Aware": false, "Relation Name": "title", "Schema": "public", "Alias": "t", "Startup Cost": 0.0, "Total Cost": 61283.26, "Plan Rows": 2528526, "Plan Width": 21, "Output": ["t.title", "t.id"]}, {"Node Type": "Hash", "Parent Relationship": "Inner", "Parallel Aware": false, "Startup Cost": 79765.44, "Total Cost": 79765.44, "Plan Rows": 938499, "Plan Width": 4, "Output": ["mc.movie_id"], "Plans": [{"Node Type": "Hash Join", "Parent Relationship": "Outer", "Parallel Aware": false, "Join Type": "Inner", "Startup Cost": 7320.06, "Total Cost": 79765.44, "Plan Rows": 938499, "Plan Width": 4, "Output": ["mc.movie_id"], "Inner Unique": true, "Hash Cond": "(mc.company_id = cn.id)", "Plans": [{"Node Type": "Seq Scan", "Parent Relationship": "Outer", "Parallel Aware": false, "Relation Name": "movie_companies", "Schema": "public", "Alias": "mc", "Startup Cost": 0.0, "Total Cost": 44881.29, "Plan Rows": 2609129, "Plan Width": 8, "Output": ["mc.movie_id", "mc.company_id"]}, {"Node Type": "Hash", "Parent Relationship": "Inner", "Parallel Aware": false, "Startup Cost": 5932.46, "Total Cost": 5932.46, "Plan Rows": 84528, "Plan Width": 4, "Output": ["cn.id"], "Plans": [{"Node Type": "Seq Scan", "Parent Relationship": "Outer", "Parallel Aware": false, "Relation Name": "company_name", "Schema": "public", "Alias": "cn", "Startup Cost": 0.0, "Total Cost": 5932.46, "Plan Rows": 84528, "Plan Width": 4, "Output": ["cn.id"], "Filter": "((cn.country_code)::text = '[us]'::text)"}]}]}]}]}]}]}]}]}]}}]